[1] "simData_i001"
[1] "break 1"
[1] "break 2"
[1] "break 3"
[1] "break 1"
[1] "break 2"
[1] "break 3"
[1] "break 1"
[1] "break 2"
[1] "break 3"
[1] "break 1"
[1] "break 2"
[1] "break 3"
[1] "break 1"
[1] "break 2"
[1] "break 3"
[1] "break 1"
[1] "break 2"
[1] "break 3"
[1] "break 1"
[1] "break 2"
[1] "break 3"
[1] "break 1"
[1] "break 2"
[1] "break 3"
[1] "break 1"
[1] "break 2"
[1] "break 3"
[1] "break 1"
[1] "break 2"
[1] "break 3"
[1] "break 1"
[1] 2023-10-18 13:07:02.183240 | > call 2 (0.009s wait)
2023-10-18 13:07:55.085343 | > call 3 (0.006s wait)
`summarise()` has grouped output by 'variable'. You can override using the
`.groups` argument.
2023-10-18 13:07:57.153932 | > call 4 (0.053s wait)
2023-10-18 13:07:57.632935 | > call 5 (0.051s wait)
2023-10-18 13:07:58.113504 | > call 6 (0.051s wait)
2023-10-18 13:07:58.562910 | > call 7 (0.051s wait)
2023-10-18 13:07:59.043723 | > call 8 (0.061s wait)
2023-10-18 13:07:59.522315 | > call 9 (0.057s wait)
2023-10-18 13:08:00.048792 | > call 10 (0.063s wait)
2023-10-18 13:08:00.500666 | > call 11 (0.051s wait)
2023-10-18 13:08:00.971027 | > call 12 (0.078s wait)
2023-10-18 13:08:01.437150 | > call 13 (0.051s wait)
2023-10-18 13:08:01.975258 | > call 14 (0.075s wait)
2023-10-18 13:08:02.459816 | > call 15 (0.063s wait)
2023-10-18 13:08:02.953083 | > call 16 (0.051s wait)
2023-10-18 13:08:03.449565 | > call 17 (0.052s wait)
2023-10-18 13:08:03.929342 | > call 18 (0.052s wait)
2023-10-18 13:08:04.415942 | > call 19 (0.051s wait)
2023-10-18 13:08:04.927263 | > call 20 (0.052s wait)
2023-10-18 13:08:05.448246 | > call 21 (0.052s wait)
2023-10-18 13:08:05.934466 | > call 22 (0.052s wait)
2023-10-18 13:08:06.379081 | > call 23 (0.051s wait)
2023-10-18 13:08:06.847779 | > call 24 (0.051s wait)
2023-10-18 13:08:07.365354 | > call 25 (0.061s wait)
2023-10-18 13:08:07.863715 | > call 26 (0.057s wait)
2023-10-18 13:08:08.313144 | > call 27 (0.051s wait)
2023-10-18 13:08:08.810935 | > call 28 (0.051s wait)
2023-10-18 13:08:09.287304 | > call 29 (0.052s wait)
2023-10-18 13:08:09.743704 | > call 30 (0.051s wait)
2023-10-18 13:08:10.203413 | > call 31 (0.051s wait)
2023-10-18 13:08:10.712630 | > call 32 (0.099s wait)
2023-10-18 13:08:11.228990 | > call 33 (0.051s wait)
2023-10-18 13:08:11.760962 | > call 34 (0.051s wait)
2023-10-18 13:08:12.228384 | > call 35 (0.052s wait)
2023-10-18 13:08:12.748508 | > call 36 (0.106s wait)
2023-10-18 13:08:13.205036 | > call 37 (0.051s wait)
2023-10-18 13:08:13.695422 | > call 38 (0.052s wait)
2023-10-18 13:08:14.156780 | > call 39 (0.051s wait)
2023-10-18 13:08:14.652861 | > call 40 (0.051s wait)
2023-10-18 13:08:15.161466 | > call 41 (0.052s wait)
2023-10-18 13:08:15.663049 | > call 42 (0.090s wait)
2023-10-18 13:08:16.135001 | > call 43 (0.051s wait)
2023-10-18 13:08:16.651141 | > call 44 (0.051s wait)
2023-10-18 13:08:17.138278 | > call 45 (0.052s wait)
2023-10-18 13:08:17.628997 | > call 46 (0.051s wait)
2023-10-18 13:08:18.159318 | > call 47 (0.052s wait)
2023-10-18 13:08:18.697256 | > call 48 (0.051s wait)
2023-10-18 13:08:19.227525 | > call 49 (0.068s wait)
2023-10-18 13:08:19.772248 | > call 50 (0.054s wait)
2023-10-18 13:08:20.293760 | > call 51 (0.100s wait)
2023-10-18 13:08:20.826037 | > call 52 (0.051s wait)
2023-10-18 13:08:21.394821 | > call 53 (0.105s wait)
2023-10-18 13:08:21.962989 | > call 54 (0.051s wait)
2023-10-18 13:08:22.537271 | > call 55 (0.052s wait)
2023-10-18 13:08:23.090581 | > call 56 (0.052s wait)
2023-10-18 13:08:23.666796 | > call 57 (0.051s wait)
2023-10-18 13:08:24.178869 | > call 58 (0.062s wait)
2023-10-18 13:08:24.712248 | > call 59 (0.052s wait)
2023-10-18 13:08:25.217034 | > call 60 (0.051s wait)
2023-10-18 13:08:25.754884 | > call 61 (0.089s wait)
2023-10-18 13:08:26.267157 | > call 62 (0.051s wait)
2023-10-18 13:08:26.857057 | > call 63 (0.051s wait)
2023-10-18 13:08:27.369007 | > call 64 (0.051s wait)
2023-10-18 13:08:27.923909 | > call 65 (0.051s wait)
2023-10-18 13:08:28.504138 | > call 66 (0.074s wait)
2023-10-18 13:08:29.010909 | > call 67 (0.051s wait)
2023-10-18 13:08:29.517433 | > call 68 (0.084s wait)
2023-10-18 13:08:30.081685 | > call 69 (0.051s wait)
2023-10-18 13:08:30.647177 | > call 70 (0.051s wait)
2023-10-18 13:08:31.150275 | > call 71 (0.051s wait)
2023-10-18 13:08:31.695198 | > call 72 (0.050s wait)
2023-10-18 13:08:32.206389 | > call 73 (0.051s wait)
2023-10-18 13:08:32.720686 | > call 74 (0.054s wait)
2023-10-18 13:08:33.227385 | > call 75 (0.065s wait)
2023-10-18 13:08:33.714905 | > call 76 (0.051s wait)
2023-10-18 13:08:34.229824 | > call 77 (0.051s wait)
2023-10-18 13:08:34.755819 | > call 78 (0.079s wait)
2023-10-18 13:08:35.319225 | > call 79 (0.051s wait)
2023-10-18 13:08:35.882272 | > call 80 (0.093s wait)
2023-10-18 13:08:36.426390 | > call 81 (0.079s wait)
2023-10-18 13:08:36.894079 | > call 82 (0.051s wait)
2023-10-18 13:08:37.402704 | > call 83 (0.079s wait)
2023-10-18 13:08:37.925535 | > call 84 (0.051s wait)
2023-10-18 13:08:38.460553 | > call 85 (0.051s wait)
2023-10-18 13:08:38.952370 | > call 86 (0.052s wait)
2023-10-18 13:08:39.465963 | > call 87 (0.051s wait)
2023-10-18 13:08:39.940918 | > call 88 (0.069s wait)
2023-10-18 13:08:40.417064 | > call 89 (0.051s wait)
2023-10-18 13:08:40.900388 | > call 90 (0.052s wait)
2023-10-18 13:08:41.366136 | > call 91 (0.052s wait)
2023-10-18 13:08:41.826053 | > call 92 (0.051s wait)
2023-10-18 13:08:42.299272 | > call 93 (0.052s wait)
2023-10-18 13:08:42.799801 | > call 94 (0.068s wait)
2023-10-18 13:08:43.325829 | > call 95 (0.051s wait)
2023-10-18 13:08:43.807944 | > call 96 (0.051s wait)
2023-10-18 13:08:44.272176 | > call 97 (0.051s wait)
2023-10-18 13:08:44.746369 | > call 98 (0.068s wait)
2023-10-18 13:08:45.213734 | > call 99 (0.051s wait)
2023-10-18 13:08:45.743683 | > call 100 (0.098s wait)
2023-10-18 13:08:46.288188 | > call 101 (0.051s wait)
2023-10-18 13:08:46.783303 | > call 102 (0.052s wait)
2023-10-18 13:08:47.268545 | > call 103 (0.051s wait)
2023-10-18 13:08:47.712327 | > call 104 (0.052s wait)
2023-10-18 13:08:48.164195 | > call 105 (0.051s wait)
2023-10-18 13:08:48.649268 | > call 106 (0.071s wait)
2023-10-18 13:08:49.111468 | > call 107 (0.051s wait)
2023-10-18 13:08:49.582813 | > call 108 (0.051s wait)
2023-10-18 13:08:50.095191 | > call 109 (0.101s wait)
2023-10-18 13:08:50.642091 | > call 110 (0.051s wait)
2023-10-18 13:08:51.114348 | > call 111 (0.052s wait)
2023-10-18 13:08:51.564686 | > call 112 (0.051s wait)
2023-10-18 13:08:52.003412 | > call 113 (0.053s wait)
2023-10-18 13:08:52.489207 | > call 114 (0.051s wait)
2023-10-18 13:08:52.962914 | > call 115 (0.051s wait)
2023-10-18 13:08:53.515340 | > call 116 (0.105s wait)
2023-10-18 13:08:54.053854 | > call 117 (0.096s wait)
2023-10-18 13:08:54.508842 | > call 118 (0.051s wait)
2023-10-18 13:08:54.956168 | > call 119 (0.051s wait)
2023-10-18 13:08:55.408735 | > call 120 (0.051s wait)
2023-10-18 13:08:55.841711 | > call 121 (0.052s wait)
2023-10-18 13:08:56.317620 | > call 122 (0.078s wait)
2023-10-18 13:08:56.787931 | > call 123 (0.051s wait)
2023-10-18 13:08:57.356657 | > call 124 (0.097s wait)
2023-10-18 13:08:57.895085 | > call 125 (0.051s wait)
2023-10-18 13:08:58.390331 | > call 126 (0.073s wait)
2023-10-18 13:08:58.849617 | > call 127 (0.055s wait)
2023-10-18 13:08:59.327161 | > call 128 (0.051s wait)
2023-10-18 13:08:59.792830 | > call 129 (0.051s wait)
2023-10-18 13:09:00.333195 | > call 130 (0.059s wait)
2023-10-18 13:09:00.833461 | > call 131 (0.082s wait)
2023-10-18 13:09:01.276410 | > call 132 (0.051s wait)
2023-10-18 13:09:01.753732 | > call 133 (0.051s wait)
2023-10-18 13:09:02.236191 | > call 134 (0.051s wait)
2023-10-18 13:09:02.706169 | > call 135 (0.062s wait)
2023-10-18 13:09:03.162057 | > call 136 (0.051s wait)
2023-10-18 13:09:03.632498 | > call 137 (0.052s wait)
2023-10-18 13:09:04.099239 | > call 138 (0.052s wait)
2023-10-18 13:09:04.598431 | > call 139 (0.051s wait)
2023-10-18 13:09:05.085416 | > call 140 (0.051s wait)
2023-10-18 13:09:05.552242 | > call 141 (0.052s wait)
2023-10-18 13:09:06.004052 | > call 142 (0.051s wait)
2023-10-18 13:09:06.485887 | > call 143 (0.051s wait)
2023-10-18 13:09:06.969748 | > call 144 (0.051s wait)
2023-10-18 13:09:07.493839 | > call 145 (0.051s wait)
2023-10-18 13:09:07.978519 | > call 146 (0.051s wait)
2023-10-18 13:09:08.468102 | > call 147 (0.091s wait)
2023-10-18 13:09:08.923559 | > call 148 (0.051s wait)
2023-10-18 13:09:09.427984 | > call 149 (0.074s wait)
2023-10-18 13:09:09.894444 | > call 150 (0.051s wait)
2023-10-18 13:09:10.343336 | > call 151 (0.052s wait)
2023-10-18 13:09:10.806391 | > call 152 (0.052s wait)
2023-10-18 13:09:11.264715 | > call 153 (0.051s wait)
2023-10-18 13:09:11.738370 | > call 154 (0.055s wait)
2023-10-18 13:09:12.262779 | > call 155 (0.066s wait)
2023-10-18 13:09:12.858100 | > call 156 (0.109s wait)
2023-10-18 13:09:13.369420 | > call 157 (0.052s wait)
2023-10-18 13:09:13.848721 | > call 158 (0.051s wait)
2023-10-18 13:09:14.382599 | > call 159 (0.075s wait)
2023-10-18 13:09:14.895022 | > call 160 (0.051s wait)
2023-10-18 13:09:15.415398 | > call 161 (0.052s wait)
2023-10-18 13:09:15.942234 | > call 162 (0.051s wait)
2023-10-18 13:09:16.493707 | > call 163 (0.051s wait)
2023-10-18 13:09:17.031298 | > call 164 (0.052s wait)
2023-10-18 13:09:17.662814 | > call 165 (0.168s wait)
2023-10-18 13:09:18.184130 | > call 166 (0.050s wait)
2023-10-18 13:09:18.685016 | > call 167 (0.067s wait)
2023-10-18 13:09:19.180223 | > call 168 (0.051s wait)
2023-10-18 13:09:19.660784 | > call 169 (0.052s wait)
2023-10-18 13:09:20.154651 | > call 170 (0.076s wait)
2023-10-18 13:09:20.709209 | > call 171 (0.127s wait)
2023-10-18 13:09:21.218821 | > call 172 (0.075s wait)
2023-10-18 13:09:21.749351 | > call 173 (0.052s wait)
2023-10-18 13:09:22.258131 | > call 174 (0.051s wait)
2023-10-18 13:09:22.812605 | > call 175 (0.052s wait)
2023-10-18 13:09:23.354028 | > call 176 (0.071s wait)
2023-10-18 13:09:23.920410 | > call 177 (0.052s wait)
2023-10-18 13:09:24.440381 | > call 178 (0.069s wait)
2023-10-18 13:09:24.949160 | > call 179 (0.070s wait)
2023-10-18 13:09:25.432439 | > call 180 (0.057s wait)
2023-10-18 13:09:25.930380 | > call 181 (0.054s wait)
2023-10-18 13:09:26.437464 | > call 182 (0.051s wait)
2023-10-18 13:09:26.977971 | > call 183 (0.051s wait)
2023-10-18 13:09:27.547861 | > call 184 (0.101s wait)
2023-10-18 13:09:28.141543 | > call 185 (0.052s wait)
2023-10-18 13:09:28.717267 | > call 186 (0.052s wait)
2023-10-18 13:09:29.285240 | > call 187 (0.105s wait)
2023-10-18 13:09:29.776417 | > call 188 (0.052s wait)
2023-10-18 13:09:30.267875 | > call 189 (0.051s wait)
2023-10-18 13:09:30.735421 | > call 190 (0.052s wait)
2023-10-18 13:09:31.224867 | > call 191 (0.081s wait)
2023-10-18 13:09:31.777737 | > call 192 (0.136s wait)
2023-10-18 13:09:32.275218 | > call 193 (0.051s wait)
2023-10-18 13:09:32.756416 | > call 194 (0.086s wait)
2023-10-18 13:09:33.332032 | > call 195 (0.072s wait)
2023-10-18 13:09:33.832588 | > call 196 (0.058s wait)
2023-10-18 13:09:34.387950 | > call 197 (0.062s wait)
2023-10-18 13:09:34.845054 | > call 198 (0.051s wait)
2023-10-18 13:09:35.322175 | > call 199 (0.064s wait)
2023-10-18 13:09:35.771779 | > call 200 (0.051s wait)
2023-10-18 13:09:36.235929 | > call 201 (0.051s wait)
2023-10-18 13:09:36.713851 | > call 202 (0.051s wait)
2023-10-18 13:09:37.230333 | > call 203 (0.052s wait)
2023-10-18 13:09:37.720549 | > call 204 (0.055s wait)
2023-10-18 13:09:38.303023 | > call 205 (0.127s wait)
2023-10-18 13:09:38.758994 | > call 206 (0.054s wait)
2023-10-18 13:09:39.227811 | > call 207 (0.060s wait)
2023-10-18 13:09:39.677683 | > call 208 (0.051s wait)
2023-10-18 13:09:40.129790 | > call 209 (0.051s wait)
2023-10-18 13:09:40.648408 | > call 210 (0.119s wait)
2023-10-18 13:09:41.131319 | > call 211 (0.069s wait)
2023-10-18 13:09:41.581000 | > call 212 (0.051s wait)
2023-10-18 13:09:42.046113 | > call 213 (0.051s wait)
2023-10-18 13:09:42.511116 | > call 214 (0.059s wait)
2023-10-18 13:09:42.993318 | > call 215 (0.071s wait)
2023-10-18 13:09:43.612823 | > call 216 (0.105s wait)
2023-10-18 13:09:44.101732 | > call 217 (0.051s wait)
2023-10-18 13:09:44.609663 | > call 218 (0.051s wait)
2023-10-18 13:09:45.102533 | > call 219 (0.067s wait)
2023-10-18 13:09:45.536332 | > call 220 (0.052s wait)
2023-10-18 13:09:45.984591 | > call 221 (0.051s wait)
2023-10-18 13:09:46.500205 | > call 222 (0.051s wait)
2023-10-18 13:09:46.988702 | > call 223 (0.051s wait)
2023-10-18 13:09:47.550009 | > call 224 (0.051s wait)
2023-10-18 13:09:48.033860 | > call 225 (0.051s wait)
2023-10-18 13:09:48.578596 | > call 226 (0.051s wait)
2023-10-18 13:09:49.041111 | > call 227 (0.073s wait)
2023-10-18 13:09:49.491758 | > call 228 (0.052s wait)
2023-10-18 13:09:49.973758 | > call 229 (0.051s wait)
2023-10-18 13:09:50.485468 | > call 230 (0.051s wait)
2023-10-18 13:09:50.961548 | > call 231 (0.051s wait)
2023-10-18 13:09:51.441463 | > call 232 (0.051s wait)
2023-10-18 13:09:51.877259 | > call 233 (0.052s wait)
2023-10-18 13:09:52.311463 | > call 234 (0.052s wait)
2023-10-18 13:09:52.805681 | > call 235 (0.101s wait)
2023-10-18 13:09:53.341004 | > call 236 (0.094s wait)
2023-10-18 13:09:53.844876 | > call 237 (0.071s wait)
2023-10-18 13:09:54.355305 | > call 238 (0.086s wait)
2023-10-18 13:09:54.853703 | > call 239 (0.079s wait)
2023-10-18 13:09:55.354167 | > call 240 (0.104s wait)
2023-10-18 13:09:55.837006 | > call 241 (0.063s wait)
2023-10-18 13:09:56.284691 | > call 242 (0.052s wait)
2023-10-18 13:09:56.781970 | > call 243 (0.086s wait)
2023-10-18 13:09:57.304390 | > call 244 (0.115s wait)
2023-10-18 13:09:57.772530 | > call 245 (0.068s wait)
2023-10-18 13:09:58.304755 | > call 246 (0.132s wait)
2023-10-18 13:09:58.849767 | > call 247 (0.148s wait)
2023-10-18 13:09:59.388668 | > call 248 (0.155s wait)
2023-10-18 13:10:00.068313 | > call 249 (0.278s wait)
2023-10-18 13:10:00.524050 | > call 250 (0.051s wait)
2023-10-18 13:10:00.992989 | > call 251 (0.051s wait)
2023-10-18 13:10:01.527638 | > call 252 (0.104s wait)
2023-10-18 13:10:02.050381 | > call 253 (0.101s wait)
2023-10-18 13:10:02.582215 | > call 254 (0.094s wait)
2023-10-18 13:10:03.115974 | > call 255 (0.118s wait)
2023-10-18 13:10:03.577686 | > call 256 (0.063s wait)
2023-10-18 13:10:04.048959 | > call 257 (0.051s wait)
2023-10-18 13:10:04.512231 | > call 258 (0.051s wait)
2023-10-18 13:10:04.993910 | > call 259 (0.065s wait)
2023-10-18 13:10:05.468948 | > call 260 (0.062s wait)
2023-10-18 13:10:05.967583 | > call 261 (0.088s wait)
2023-10-18 13:10:06.507452 | > call 262 (0.130s wait)
2023-10-18 13:10:07.044413 | > call 263 (0.127s wait)
2023-10-18 13:10:07.553817 | > call 264 (0.111s wait)
2023-10-18 13:10:08.144295 | > call 265 (0.176s wait)
2023-10-18 13:10:08.628687 | > call 266 (0.051s wait)
2023-10-18 13:10:09.189346 | > call 267 (0.134s wait)
2023-10-18 13:10:09.855479 | > call 268 (0.252s wait)
2023-10-18 13:10:10.384897 | > call 269 (0.100s wait)
2023-10-18 13:10:11.006155 | > call 270 (0.200s wait)
2023-10-18 13:10:11.609252 | > call 271 (0.051s wait)
2023-10-18 13:10:12.176812 | > call 272 (0.086s wait)
2023-10-18 13:10:12.709066 | > call 273 (0.051s wait)
2023-10-18 13:10:13.273236 | > call 274 (0.076s wait)
2023-10-18 13:10:13.874819 | > call 275 (0.094s wait)
2023-10-18 13:10:14.490858 | > call 276 (0.118s wait)
2023-10-18 13:10:15.038648 | > call 277 (0.055s wait)
2023-10-18 13:10:15.590787 | > call 278 (0.051s wait)
2023-10-18 13:10:16.172899 | > call 279 (0.080s wait)
2023-10-18 13:10:16.785789 | > call 280 (0.147s wait)
2023-10-18 13:10:17.316924 | > call 281 (0.051s wait)
2023-10-18 13:10:17.879137 | > call 282 (0.070s wait)
2023-10-18 13:10:18.536227 | > call 283 (0.173s wait)
2023-10-18 13:10:19.060403 | > call 284 (0.052s wait)
2023-10-18 13:10:19.612567 | > call 285 (0.051s wait)
2023-10-18 13:10:20.198307 | > call 286 (0.087s wait)
2023-10-18 13:10:20.746132 | > call 287 (0.069s wait)
2023-10-18 13:10:21.228686 | > call 288 (0.051s wait)
2023-10-18 13:10:21.830981 | > call 289 (0.146s wait)
2023-10-18 13:10:22.354415 | > call 290 (0.074s wait)
2023-10-18 13:10:22.886837 | > call 291 (0.051s wait)
2023-10-18 13:10:23.410344 | > call 292 (0.052s wait)
2023-10-18 13:10:23.947736 | > call 293 (0.051s wait)
2023-10-18 13:10:24.493504 | > call 294 (0.059s wait)
2023-10-18 13:10:25.028375 | > call 295 (0.052s wait)
2023-10-18 13:10:25.637321 | > call 296 (0.119s wait)
2023-10-18 13:10:26.233147 | > call 297 (0.125s wait)
2023-10-18 13:10:26.790562 | > call 298 (0.056s wait)
2023-10-18 13:10:27.369780 | > call 299 (0.108s wait)
2023-10-18 13:10:27.917734 | > call 300 (0.052s wait)
2023-10-18 13:10:28.418401 | > call 301 (0.052s wait)
2023-10-18 13:10:28.922680 | > call 302 (0.052s wait)
2023-10-18 13:10:29.503670 | > call 303 (0.132s wait)
2023-10-18 13:10:30.019060 | > call 304 (0.052s wait)
2023-10-18 13:10:30.529498 | > call 305 (0.052s wait)
2023-10-18 13:10:31.097357 | > call 306 (0.117s wait)
2023-10-18 13:10:31.673808 | > call 307 (0.116s wait)
2023-10-18 13:10:32.194227 | > call 308 (0.070s wait)
2023-10-18 13:10:32.741433 | > call 309 (0.075s wait)
2023-10-18 13:10:33.275052 | > call 310 (0.092s wait)
2023-10-18 13:10:33.841066 | > call 311 (0.126s wait)
2023-10-18 13:10:34.369752 | > call 312 (0.083s wait)
2023-10-18 13:10:34.927592 | > call 313 (0.114s wait)
2023-10-18 13:10:35.487671 | > call 314 (0.127s wait)
2023-10-18 13:10:36.001239 | > call 315 (0.075s wait)
2023-10-18 13:10:36.488424 | > call 316 (0.052s wait)
2023-10-18 13:10:36.966415 | > call 317 (0.052s wait)
2023-10-18 13:10:37.461028 | > call 318 (0.060s wait)
2023-10-18 13:10:38.008512 | > call 319 (0.096s wait)
2023-10-18 13:10:38.517329 | > call 320 (0.055s wait)
2023-10-18 13:10:39.157177 | > call 321 (0.165s wait)
2023-10-18 13:10:39.695661 | > call 322 (0.051s wait)
2023-10-18 13:10:40.211438 | > call 323 (0.065s wait)
2023-10-18 13:10:40.798431 | > call 324 (0.119s wait)
2023-10-18 13:10:41.310952 | > call 325 (0.051s wait)
2023-10-18 13:10:41.834507 | > call 326 (0.052s wait)
2023-10-18 13:10:42.339070 | > call 327 (0.051s wait)
2023-10-18 13:10:42.852630 | > call 328 (0.059s wait)
2023-10-18 13:10:43.334337 | > call 329 (0.069s wait)
2023-10-18 13:10:43.829743 | > call 330 (0.065s wait)
2023-10-18 13:10:44.361458 | > call 331 (0.051s wait)
2023-10-18 13:10:44.891795 | > call 332 (0.056s wait)
2023-10-18 13:10:45.511908 | > call 333 (0.137s wait)
2023-10-18 13:10:46.164601 | > call 334 (0.175s wait)
2023-10-18 13:10:46.721980 | > call 335 (0.082s wait)
2023-10-18 13:10:47.269246 | > call 336 (0.065s wait)
2023-10-18 13:10:47.783799 | > call 337 (0.051s wait)
2023-10-18 13:10:48.352406 | > call 338 (0.102s wait)
2023-10-18 13:10:48.905781 | > call 339 (0.100s wait)
2023-10-18 13:10:49.460029 | > call 340 (0.106s wait)
2023-10-18 13:10:50.043368 | > call 341 (0.109s wait)
2023-10-18 13:10:50.640995 | > call 342 (0.125s wait)
2023-10-18 13:10:51.179764 | > call 343 (0.083s wait)
2023-10-18 13:10:51.794034 | > call 344 (0.138s wait)
2023-10-18 13:10:52.406711 | > call 345 (0.132s wait)
2023-10-18 13:10:52.992340 | > call 346 (0.111s wait)
2023-10-18 13:10:53.597037 | > call 347 (0.144s wait)
2023-10-18 13:10:54.189484 | > call 348 (0.116s wait)
2023-10-18 13:10:54.763206 | > call 349 (0.106s wait)
2023-10-18 13:10:55.361269 | > call 350 (0.114s wait)
2023-10-18 13:10:55.862890 | > call 351 (0.052s wait)
2023-10-18 13:10:56.385940 | > call 352 (0.082s wait)
2023-10-18 13:10:56.932756 | > call 353 (0.106s wait)
2023-10-18 13:10:57.447386 | > call 354 (0.051s wait)
2023-10-18 13:10:57.963308 | > call 355 (0.051s wait)
2023-10-18 13:10:58.462473 | > call 356 (0.080s wait)
2023-10-18 13:10:59.045890 | > call 357 (0.165s wait)
2023-10-18 13:10:59.573236 | > call 358 (0.051s wait)
2023-10-18 13:11:00.118490 | > call 359 (0.077s wait)
2023-10-18 13:11:00.682806 | > call 360 (0.105s wait)
2023-10-18 13:11:01.230121 | > call 361 (0.091s wait)
2023-10-18 13:11:01.748281 | > call 362 (0.068s wait)
2023-10-18 13:11:02.297984 | > call 363 (0.119s wait)
2023-10-18 13:11:02.777295 | > call 364 (0.051s wait)
2023-10-18 13:11:03.407622 | > call 365 (0.180s wait)
2023-10-18 13:11:03.930518 | > call 366 (0.065s wait)
2023-10-18 13:11:04.619265 | > call 367 (0.253s wait)
2023-10-18 13:11:05.144398 | > call 368 (0.087s wait)
2023-10-18 13:11:05.674723 | > call 369 (0.082s wait)
2023-10-18 13:11:06.172424 | > call 370 (0.059s wait)
2023-10-18 13:11:06.677345 | > call 371 (0.070s wait)
2023-10-18 13:11:07.169015 | > call 372 (0.056s wait)
2023-10-18 13:11:07.685542 | > call 373 (0.072s wait)
2023-10-18 13:11:08.227663 | > call 374 (0.121s wait)
2023-10-18 13:11:08.865912 | > call 375 (0.189s wait)
2023-10-18 13:11:09.362163 | > call 376 (0.074s wait)
2023-10-18 13:11:10.093849 | > call 377 (0.291s wait)
2023-10-18 13:11:10.635936 | > call 378 (0.122s wait)
2023-10-18 13:11:11.145668 | > call 379 (0.054s wait)
2023-10-18 13:11:11.644178 | > call 380 (0.064s wait)
2023-10-18 13:11:12.245131 | > call 381 (0.157s wait)
2023-10-18 13:11:12.736111 | > call 382 (0.071s wait)
2023-10-18 13:11:13.231790 | > call 383 (0.055s wait)
2023-10-18 13:11:13.751377 | > call 384 (0.064s wait)
2023-10-18 13:11:14.342042 | > call 385 (0.129s wait)
2023-10-18 13:11:14.850277 | > call 386 (0.051s wait)
2023-10-18 13:11:15.477819 | > call 387 (0.168s wait)
2023-10-18 13:11:16.016922 | > call 388 (0.084s wait)
2023-10-18 13:11:16.565957 | > call 389 (0.082s wait)
2023-10-18 13:11:17.147926 | > call 390 (0.106s wait)
2023-10-18 13:11:17.738169 | > call 391 (0.143s wait)
2023-10-18 13:11:18.365959 | > call 392 (0.174s wait)
2023-10-18 13:11:18.856210 | > call 393 (0.050s wait)
2023-10-18 13:11:19.411914 | > call 394 (0.097s wait)
2023-10-18 13:11:19.948337 | > call 395 (0.080s wait)
2023-10-18 13:11:20.794196 | > call 396 (0.372s wait)
2023-10-18 13:11:21.359542 | > call 397 (0.136s wait)
2023-10-18 13:11:21.873220 | > call 398 (0.050s wait)
2023-10-18 13:11:22.511898 | > call 399 (0.179s wait)
2023-10-18 13:11:23.030405 | > call 400 (0.079s wait)
2023-10-18 13:11:23.555546 | > call 401 (0.053s wait)
2023-10-18 13:11:24.103764 | > call 402 (0.088s wait)
2023-10-18 13:11:24.805353 | > call 403 (0.238s wait)
2023-10-18 13:11:25.337318 | > call 404 (0.089s wait)
2023-10-18 13:11:25.962457 | > call 405 (0.154s wait)
2023-10-18 13:11:26.505705 | > call 406 (0.062s wait)
2023-10-18 13:11:27.071105 | > call 407 (0.109s wait)
2023-10-18 13:11:27.643866 | > call 408 (0.116s wait)
2023-10-18 13:11:28.231436 | > call 409 (0.144s wait)
2023-10-18 13:11:28.787657 | > call 410 (0.104s wait)
2023-10-18 13:11:29.318631 | > call 411 (0.075s wait)
2023-10-18 13:11:30.022156 | > call 412 (0.243s wait)
2023-10-18 13:11:30.579252 | > call 413 (0.098s wait)
2023-10-18 13:11:31.111873 | > call 414 (0.065s wait)
2023-10-18 13:11:31.647268 | > call 415 (0.086s wait)
2023-10-18 13:11:32.250982 | > call 416 (0.145s wait)
2023-10-18 13:11:32.753758 | > call 417 (0.051s wait)
2023-10-18 13:11:33.524226 | > call 418 (0.313s wait)
2023-10-18 13:11:34.024028 | > call 419 (0.051s wait)
2023-10-18 13:11:34.671278 | > call 420 (0.207s wait)
2023-10-18 13:11:35.229631 | > call 421 (0.125s wait)
2023-10-18 13:11:35.775578 | > call 422 (0.098s wait)
2023-10-18 13:11:36.370389 | > call 423 (0.117s wait)
2023-10-18 13:11:36.857974 | > call 424 (0.051s wait)
2023-10-18 13:11:37.374850 | > call 425 (0.051s wait)
2023-10-18 13:11:37.857136 | > call 426 (0.051s wait)
2023-10-18 13:11:38.334697 | > call 427 (0.051s wait)
2023-10-18 13:11:38.811821 | > call 428 (0.051s wait)
2023-10-18 13:11:39.292838 | > call 429 (0.051s wait)
2023-10-18 13:11:39.803515 | > call 430 (0.081s wait)
2023-10-18 13:11:40.350734 | > call 431 (0.129s wait)
2023-10-18 13:11:40.880029 | > call 432 (0.075s wait)
2023-10-18 13:11:41.380873 | > call 433 (0.057s wait)
2023-10-18 13:11:41.900789 | > call 434 (0.092s wait)
2023-10-18 13:11:42.400182 | > call 435 (0.059s wait)
2023-10-18 13:11:42.912969 | > call 436 (0.051s wait)
2023-10-18 13:11:43.456095 | > call 437 (0.121s wait)
2023-10-18 13:11:43.955017 | > call 438 (0.051s wait)
2023-10-18 13:11:44.449618 | > call 439 (0.075s wait)
2023-10-18 13:11:44.931672 | > call 440 (0.051s wait)
2023-10-18 13:11:45.418086 | > call 441 (0.070s wait)
2023-10-18 13:11:45.925663 | > call 442 (0.061s wait)
2023-10-18 13:11:46.521129 | > call 443 (0.133s wait)
2023-10-18 13:11:47.032902 | > call 444 (0.051s wait)
2023-10-18 13:11:47.543144 | > call 445 (0.051s wait)
2023-10-18 13:11:47.997267 | > call 446 (0.052s wait)
2023-10-18 13:11:48.470846 | > call 447 (0.051s wait)
2023-10-18 13:11:48.965259 | > call 448 (0.052s wait)
2023-10-18 13:11:49.509492 | > call 449 (0.103s wait)
2023-10-18 13:11:49.989305 | > call 450 (0.054s wait)
2023-10-18 13:11:50.506587 | > call 451 (0.074s wait)
2023-10-18 13:11:51.003728 | > call 452 (0.060s wait)
2023-10-18 13:11:51.514892 | > call 453 (0.070s wait)
2023-10-18 13:11:52.039564 | > call 454 (0.099s wait)
2023-10-18 13:11:52.552493 | > call 455 (0.051s wait)
2023-10-18 13:11:53.045675 | > call 456 (0.057s wait)
2023-10-18 13:11:53.548700 | > call 457 (0.066s wait)
2023-10-18 13:11:54.054866 | > call 458 (0.070s wait)
2023-10-18 13:11:54.588185 | > call 459 (0.109s wait)
2023-10-18 13:11:55.306715 | > call 460 (0.262s wait)
2023-10-18 13:11:55.788600 | > call 461 (0.051s wait)
2023-10-18 13:11:56.305675 | > call 462 (0.077s wait)
2023-10-18 13:11:56.865426 | > call 463 (0.109s wait)
2023-10-18 13:11:57.397435 | > call 464 (0.063s wait)
2023-10-18 13:11:57.960841 | > call 465 (0.070s wait)
2023-10-18 13:11:58.488860 | > call 466 (0.071s wait)
2023-10-18 13:11:58.993053 | > call 467 (0.050s wait)
2023-10-18 13:11:59.500999 | > call 468 (0.051s wait)
2023-10-18 13:12:00.230610 | > call 469 (0.254s wait)
2023-10-18 13:12:00.818521 | > call 470 (0.117s wait)
2023-10-18 13:12:01.477712 | > call 471 (0.204s wait)
2023-10-18 13:12:02.089003 | > call 472 (0.157s wait)
2023-10-18 13:12:02.633527 | > call 473 (0.090s wait)
2023-10-18 13:12:03.296220 | > call 474 (0.190s wait)
2023-10-18 13:12:03.845530 | > call 475 (0.102s wait)
2023-10-18 13:12:04.441960 | > call 476 (0.143s wait)
2023-10-18 13:12:04.960359 | > call 477 (0.051s wait)
2023-10-18 13:12:05.561485 | > call 478 (0.118s wait)
2023-10-18 13:12:06.112147 | > call 479 (0.086s wait)
2023-10-18 13:12:06.682914 | > call 480 (0.101s wait)
2023-10-18 13:12:07.263123 | > call 481 (0.137s wait)
2023-10-18 13:12:07.772073 | > call 482 (0.060s wait)
2023-10-18 13:12:08.361651 | > call 483 (0.127s wait)
2023-10-18 13:12:08.936776 | > call 484 (0.152s wait)
2023-10-18 13:12:09.503706 | > call 485 (0.115s wait)
2023-10-18 13:12:10.074371 | > call 486 (0.106s wait)
2023-10-18 13:12:10.584242 | > call 487 (0.051s wait)
2023-10-18 13:12:11.075453 | > call 488 (0.051s wait)
2023-10-18 13:12:11.723979 | > call 489 (0.180s wait)
2023-10-18 13:12:12.300640 | > call 490 (0.118s wait)
2023-10-18 13:12:12.869010 | > call 491 (0.110s wait)
2023-10-18 13:12:13.380085 | > call 492 (0.074s wait)
2023-10-18 13:12:13.877742 | > call 493 (0.067s wait)
2023-10-18 13:12:14.426178 | > call 494 (0.106s wait)
2023-10-18 13:12:15.044025 | > call 495 (0.164s wait)
2023-10-18 13:12:15.587137 | > call 496 (0.099s wait)
2023-10-18 13:12:16.192818 | > call 497 (0.142s wait)
2023-10-18 13:12:16.773463 | > call 498 (0.137s wait)
2023-10-18 13:12:17.322946 | > call 499 (0.098s wait)
2023-10-18 13:12:17.794379 | > call 500 (0.001s wait)
2023-10-18 13:12:17.794676 | shutting down worker
2023-10-18 13:12:17.794765 | 
Total: 500 in 279.56s [user], 5.55s [system], 359.37s [elapsed]
Warning messages:
1: NA/Inf replaced by maximum positive value 
2: NA/Inf replaced by maximum positive value 
