[1] "samp1"
[1] TRUE
[1] "1 - 30 - mf.is - gamma - vonmises - 5"
[1] TRUE
[1] "1 - 30 - mf.is - gamma - vonmises - 15"
[1] TRUE
[1] "1 - 30 - mf.is - gamma - vonmises - 50"
[1] TRUE
[1] "1 - 30 - mf.is - gamma - vonmises - 158"
[1] TRUE
[1] "1 - 30 - mf.is - gamma - vonmises - 500"
[1] TRUE
[1] "1 - 30 - mf.is - gamma - unif - 5"
[1] TRUE
[1] "1 - 30 - mf.is - gamma - unif - 15"
[1] TRUE
[1] "1 - 30 - mf.is - gamma - unif - 50"
[1] TRUE
[1] "1 - 30 - mf.is - gamma - unif - 158"
[1] TRUE
[1] "1 - 30 - mf.is - gamma - unif - 500"
[1] TRUE
[1] "1 - 30 - mf.is - exp - vonmises - 5"
[1] TRUE
[1] "1 - 30 - mf.is - exp - vonmises - 15"
[1] TRUE
[1] "1 - 30 - mf.is - exp - vonmises - 50"
