[1] "samp1"
[1] TRUE
[1] "2 - 30 - mf.is - gamma - vonmises - 5"
[1] TRUE
[1] "2 - 30 - mf.is - gamma - vonmises - 15"
[1] TRUE
[1] "2 - 30 - mf.is - gamma - vonmises - 50"
[1] TRUE
[1] "2 - 30 - mf.is - gamma - vonmises - 158"
[1] TRUE
[1] "2 - 30 - mf.is - gamma - vonmises - 500"
[1] TRUE
[1] "2 - 30 - mf.is - gamma - unif - 5"
[1] TRUE
[1] "2 - 30 - mf.is - gamma - unif - 15"
[1] TRUE
[1] "2 - 30 - mf.is - gamma - unif - 50"
[1] TRUE
[1] "2 - 30 - mfError in t(sapply(parm, function(i) par.avg(cf[, i], se[, i], wts, dfs[,  : 
  subscript out of bounds
Error in t(sapply(parm, function(i) par.avg(cf[, i], se[, i], wts, dfs[,  : 
  subscript out of bounds
Error in t(sapply(parm, function(i) par.avg(cf[, i], se[, i], wts, dfs[,  : 
  subscript out of bounds
f.is - exp - vonmises - 500"
[1] TRUE
[1] "2 - 30 - mf.is - exp - unif - 5"
[1] TRUE
[1] "2 - 30 - mf.is - exp - unif - 15"
[1] TRUE
[1] "2 - 30 - mf.is - exp - unif - 50"
[1] TRUE
[1] "2 - 30 - mf.is - exp - unif - 158"
[1] TRUE
[1] "2 - 30 - mf.is - exp - unif - 500"
[1] TRUE
[1] "2 - 30 - mf.ss - gamma - vonmises - 5"
[1] TRUE
[1] "2 - 30 - mf.ss - gamma - vonmises - 15"
[1] TRUE
[1] "2 - 30 - mf.ss - gamma - vonmises - 50"
