[1] "samp1"
[1] "--- movementData subsampled"
[1] "break 1"
[1] 0
[1] "break 2"
[1] "BADGER_i005"
[1] "BADGER_i009"
[1] "--- poisModelData generated"
             mean       sd      q025       q50     q975      mode          kld
layerc2 -1.549675 18.40278 -37.63566 -1.549694 34.53642 -1.549694 5.500312e-11
           term  mmarginal emarginal
layerc2 layerc2 0.02354749   0.20954
  sampleID sampleSize trackFreq trackDura analysis modelFormula
1    samp1          2         1        60  Poisson        mf.is
  availablePerStep stepDist turnDist
1                2    gamma vonmises
[1] "INLA Results"
             mean       sd      q025       q50     q975      mode          kld
layerc2 -1.580289 18.40292 -37.66655 -1.580306 34.50607 -1.580306 5.499337e-11
           term  mmarginal emarginal
layerc2 layerc2 0.02553737 0.2149356
  sampleID sampleSize trackFreq trackDura analysis modelFormula
1    samp1          2         1        60  Poisson        mf.ss
  availablePerStep stepDist turnDist
1                2    gamma vonmises
[1] "INLA Results"
[1] "BADGER_i005"
[1] "BADGER_i009"
[1] "--- poisModelData generated"
             mean       sd      q025       q50     q975      mode         kld
layerc2 -1.636841 18.40131 -37.71995 -1.636859 34.44636 -1.636859 5.50421e-11
           term  mmarginal emarginal
layerc2 layerc2 0.01397749 0.1766813
  sampleID sampleSize trackFreq trackDura analysis modelFormula
1    samp1          2         1        60  Poisson        mf.is
  availablePerStep stepDist turnDist
1                2    gamma     unif
[1] "INLA Results"
             mean       sd     q025       q50     q975      mode          kld
layerc2 -1.589519 18.40114 -37.6723 -1.589536 34.49336 -1.589536 5.504439e-11
           term  mmarginal emarginal
layerc2 layerc2 0.01397428 0.1748566
  sampleID sampleSize trackFreq trackDura analysis modelFormula
1    samp1          2         1        60  Poisson        mf.ss
  availablePerStep stepDist turnDist
1                2    gamma     unif
[1] "INLA Results"
[1] "BADGER_i005"
[1] "BADGER_i009"
[1] "--- poisModelData generated"
             mean       sd      q025       q50     q975      mode         kld
layerc2 -1.544707 18.40128 -37.62775 -1.544725 34.53844 -1.544725 5.50433e-11
           term mmarginal emarginal
layerc2 layerc2 0.0136497 0.1756259
  sampleID sampleSize trackFreq trackDura analysis modelFormula
1    samp1          2         1        60  Poisson        mf.is
  availablePerStep stepDist turnDist
1                2      exp vonmises
[1] "INLA Results"
             mean       sd      q025       q50     q975      mode          kld
layerc2 -1.621141 18.40201 -37.70562 -1.621158 34.46343 -1.621158 5.501993e-11
           term  mmarginal emarginal
layerc2 layerc2 0.01966219 0.1948877
  sampleID sampleSize trackFreq trackDura analysis modelFormula
1    samp1          2         1        60  Poisson        mf.ss
  availablePerStep stepDist turnDist
1                2      exp vonmises
[1] "INLA Results"
[1] "BADGER_i005"
[1] "BADGER_i009"
[1] "--- poisModelData generated"
             mean       sd      q025       q50     q975      mode          kld
layerc2 -1.570167 18.39913 -37.64901 -1.570181 34.50875 -1.570181 5.510424e-11
           term    mmarginal emarginal
layerc2 layerc2 7.018155e-05 0.1242946
  sampleID sampleSize trackFreq trackDura analysis modelFormula
1    samp1          2         1        60  Poisson        mf.is
  availablePerStep stepDist turnDist
1                2      exp     unif
[1] "INLA Results"
             mean       sd      q025       q50     q975      mode          kld
layerc2 -1.599633 18.39992 -37.68003 -1.599645 34.48083 -1.599645 5.508302e-11
           term    mmarginal emarginal
layerc2 layerc2 0.0001499129 0.1423802
  sampleID sampleSize trackFreq trackDura analysis modelFormula
1    samp1          2         1        60  Poisson        mf.ss
  availablePerStep stepDist turnDist
1                2      exp     unif
[1] "INLA Results"
[1] "BADGER_i005"
[1] "BADGER_i009"
[1] "--- poisModelData generated"
             mean      sd      q025       q50     q975      mode          kld
layerc2 -2.735546 18.4018 -38.81961 -2.735564 33.34862 -2.735564 5.502794e-11
           term  mmarginal emarginal
layerc2 layerc2 0.01901601 0.1905195
  sampleID sampleSize trackFreq trackDura analysis modelFormula
1    samp1          2         1        60  Poisson        mf.is
  availablePerStep stepDist turnDist
1               10    gamma vonmises
[1] "INLA Results"
             mean       sd      q025       q50   q975      mode          kld
layerc2 -2.806715 18.40106 -38.88934 -2.806732 33.276 -2.806732 5.504523e-11
           term  mmarginal emarginal
layerc2 layerc2 0.01541778 0.1760832
  sampleID sampleSize trackFreq trackDura analysis modelFormula
1    samp1          2         1        60  Poisson        mf.ss
  availablePerStep stepDist turnDist
1               10    gamma vonmises
[1] "INLA Results"
[1] "BADGER_i005"
[1] "BADGER_i009"
[1] "--- poisModelData generated"
             mean       sd      q025       q50     q975      mode          kld
layerc2 -2.783061 18.40176 -38.86705 -2.783079 33.30103 -2.783079 5.502883e-11
           term  mmarginal emarginal
layerc2 layerc2 0.01884372 0.1897594
  sampleID sampleSize trackFreq trackDura analysis modelFormula
1    samp1          2         1        60  Poisson        mf.is
  availablePerStep stepDist turnDist
1               10    gamma     unif
[1] "INLA Results"
             mean       sd      q025    q50     q975   mode          kld
layerc2 -2.816984 18.40083 -38.89914 -2.817 33.26527 -2.817 5.505185e-11
           term  mmarginal emarginal
layerc2 layerc2 0.01390567 0.1702759
  sampleID sampleSize trackFreq trackDura analysis modelFormula
1    samp1          2         1        60  Poisson        mf.ss
  availablePerStep stepDist turnDist
1               10    gamma     unif
[1] "INLA Results"
[1] "BADGER_i005"
[1] "BADGER_i009"
[1] "--- poisModelData generated"
             mean       sd      q025       q50     q975      mode          kld
layerc2 -2.744729 18.40006 -38.82538 -2.744745 33.33601 -2.744745 5.507591e-11
           term   mmarginal emarginal
layerc2 layerc2 0.008401549 0.1498845
  sampleID sampleSize trackFreq trackDura analysis modelFormula
1    samp1          2         1        60  Poisson        mf.is
  availablePerStep stepDist turnDist
1               10      exp vonmises
[1] "INLA Results"
            mean       sd      q025       q50     q975      mode          kld
layerc2 -2.82025 18.40089 -38.90253 -2.820266 33.26212 -2.820266 5.505031e-11
           term  mmarginal emarginal
layerc2 layerc2 0.01442077 0.1721615
  sampleID sampleSize trackFreq trackDura analysis modelFormula
1    samp1          2         1        60  Poisson        mf.ss
  availablePerStep stepDist turnDist
1               10      exp vonmises
[1] "INLA Results"
[1] "BADGER_i005"
[1] "BADGER_i009"
[1] "--- poisModelData generated"
            mean       sd      q025       q50     q975      mode          kld
layerc2 -2.73692 18.39948 -38.81643 -2.736935 33.34268 -2.736935 5.509196e-11
           term    mmarginal emarginal
layerc2 layerc2 0.0001414914 0.1365114
  sampleID sampleSize trackFreq trackDura analysis modelFormula
1    samp1          2         1        60  Poisson        mf.is
  availablePerStep stepDist turnDist
1               10      exp     unif
[1] "INLA Results"
             mean       sd      q025       q50     q975      mode          kld
layerc2 -2.804802 18.40036 -38.88605 -2.804819 33.27654 -2.804819 5.506402e-11
           term  mmarginal emarginal
layerc2 layerc2 0.01135924  0.159927
  sampleID sampleSize trackFreq trackDura analysis modelFormula
1    samp1          2         1        60  Poisson        mf.ss
  availablePerStep stepDist turnDist
1               10      exp     unif
[1] "INLA Results"
[1] "samp2"
[1] "--- movementData subsampled"
[1] "break 1"
[1] 0
[1] "break 2"
[1] "BADGER_i003"
[1] "BADGER_i008"
[1] "--- poisModelData generated"
             mean       sd      q025       q50     q975      mode         kld
layerc2 -1.138701 18.39611 -37.21167 -1.138699 34.93425 -1.138699 5.51692e-11
           term    mmarginal  emarginal
layerc2 layerc2 5.353547e-05 0.03566107
  sampleID sampleSize trackFreq trackDura analysis modelFormula
1    samp2          2         1        60  Poisson        mf.is
  availablePerStep stepDist turnDist
1                2    gamma vonmises
[1] "INLA Results"
             mean       sd      q025       q50     q975      mode          kld
layerc2 -1.400535 18.39903 -37.47922 -1.400535 34.67815 -1.400535 5.513658e-11
           term    mmarginal emarginal
layerc2 layerc2 7.967613e-05  0.103281
  sampleID sampleSize trackFreq trackDura analysis modelFormula
1    samp2          2         1        60  Poisson        mf.ss
  availablePerStep stepDist turnDist
1                2    gamma vonmises
[1] "INLA Results"
[1] "BADGER_i003"
[1] "BADGER_i008"
[1] "--- poisModelData generated"
             mean       sd     q025       q50     q975      mode         kld
layerc2 -1.184968 18.39625 -37.2582 -1.184968 34.88826 -1.184968 5.51657e-11
           term    mmarginal emarginal
layerc2 layerc2 1.892692e-05 0.0436976
  sampleID sampleSize trackFreq trackDura analysis modelFormula
1    samp2          2         1        60  Poisson        mf.is
  availablePerStep stepDist turnDist
1                2    gamma     unif
[1] "INLA Results"
             mean       sd      q025       q50     q975      mode          kld
layerc2 -1.329909 18.39823 -37.40705 -1.329898 34.74717 -1.329898 5.517457e-11
           term    mmarginal  emarginal
layerc2 layerc2 2.649679e-05 0.05503457
  sampleID sampleSize trackFreq trackDura analysis modelFormula
1    samp2          2         1        60  Poisson        mf.ss
  availablePerStep stepDist turnDist
1                2    gamma     unif
[1] "INLA Results"
[1] "BADGER_i003"
[1] "BADGER_i008"
[1] "--- poisModelData generated"
              mean      sd      q025        q50     q975       mode
layerc2 -0.9866687 18.3965 -37.06039 -0.9866663 35.08704 -0.9866663
                 kld    term    mmarginal  emarginal
layerc2 5.516053e-11 layerc2 4.247777e-05 0.05325601
  sampleID sampleSize trackFreq trackDura analysis modelFormula
1    samp2          2         1        60  Poisson        mf.is
  availablePerStep stepDist turnDist
1                2      exp vonmises
[1] "INLA Results"
             mean      sd      q025       q50     q975      mode          kld
layerc2 -1.438693 18.3995 -37.51827 -1.438704 34.64094 -1.438704 5.510079e-11
           term    mmarginal emarginal
layerc2 layerc2 0.0001158363 0.1293715
  sampleID sampleSize trackFreq trackDura analysis modelFormula
1    samp2          2         1        60  Poisson        mf.ss
  availablePerStep stepDist turnDist
1                2      exp vonmises
[1] "INLA Results"
[1] "BADGER_i003"
[1] "BADGER_i008"
[1] "--- poisModelData generated"
             mean      sd      q025        q50     q975       mode          kld
layerc2 -0.939067 18.3963 -37.01241 -0.9390646 35.13426 -0.9390646 5.516488e-11
           term    mmarginal  emarginal
layerc2 layerc2 4.220972e-05 0.04409991
  sampleID sampleSize trackFreq trackDura analysis modelFormula
1    samp2          2         1        60  Poisson        mf.is
  availablePerStep stepDist turnDist
1                2      exp     unif
[1] "INLA Results"
             mean       sd      q025       q50     q975      mode          kld
layerc2 -1.427013 18.39927 -37.50614 -1.427024 34.65217 -1.427024 5.510653e-11
           term    mmarginal emarginal
layerc2 layerc2 0.0001116171 0.1237423
  sampleID sampleSize trackFreq trackDura analysis modelFormula
1    samp2          2         1        60  Poisson        mf.ss
  availablePerStep stepDist turnDist
1                2      exp     unif
[1] "INLA Results"
[1] "BADGER_i003"
[1] "BADGER_i008"
[1] "--- poisModelData generated"
             mean      sd      q025      q50   q975     mode          kld
layerc2 -2.391937 18.3961 -38.46485 -2.39194 33.681 -2.39194 5.516915e-11
           term    mmarginal  emarginal
layerc2 layerc2 1.146679e-05 0.04081522
  sampleID sampleSize trackFreq trackDura analysis modelFormula
1    samp2          2         1        60  Poisson        mf.is
  availablePerStep stepDist turnDist
1               10    gamma vonmises
[1] "INLA Results"
             mean       sd      q025       q50     q975      mode          kld
layerc2 -2.599601 18.39785 -38.67595 -2.599604 33.47677 -2.599604 5.515964e-11
           term    mmarginal  emarginal
layerc2 layerc2 4.985743e-05 0.07013993
  sampleID sampleSize trackFreq trackDura analysis modelFormula
1    samp2          2         1        60  Poisson        mf.ss
  availablePerStep stepDist turnDist
1               10    gamma vonmises
[1] "INLA Results"
[1] "BADGER_i003"
[1] "BADGER_i008"
[1] "--- poisModelData generated"
             mean      sd      q025      q50     q975     mode          kld
layerc2 -2.395727 18.3958 -38.46806 -2.39573 33.67662 -2.39573 5.517681e-11
           term    mmarginal  emarginal
layerc2 layerc2 3.550916e-05 0.03427997
  sampleID sampleSize trackFreq trackDura analysis modelFormula
1    samp2          2         1        60  Poisson        mf.is
  availablePerStep stepDist turnDist
1               10    gamma     unif
[1] "INLA Results"
             mean      sd      q025       q50     q975      mode          kld
layerc2 -2.600261 18.3988 -38.67848 -2.600263 33.47797 -2.600263 5.513582e-11
           term    mmarginal emarginal
layerc2 layerc2 7.700299e-05 0.1019537
  sampleID sampleSize trackFreq trackDura analysis modelFormula
1    samp2          2         1        60  Poisson        mf.ss
  availablePerStep stepDist turnDist
1               10    gamma     unif
[1] "INLA Results"
[1] "BADGER_i003"
[1] "BADGER_i008"
[1] "--- poisModelData generated"
             mean       sd     q025       q50     q975      mode          kld
layerc2 -2.086696 18.39583 -38.1591 -2.086697 33.98572 -2.086697 5.517608e-11
           term     mmarginal  emarginal
layerc2 layerc2 -6.495484e-07 0.03602677
  sampleID sampleSize trackFreq trackDura analysis modelFormula
1    samp2          2         1        60  Poisson        mf.is
  availablePerStep stepDist turnDist
1               10      exp vonmises
[1] "INLA Results"
             mean       sd     q025       q50     q975      mode         kld
layerc2 -2.638787 18.39855 -38.7165 -2.638797 33.43899 -2.638797 5.51241e-11
           term    mmarginal emarginal
layerc2 layerc2 6.154397e-05 0.1103422
  sampleID sampleSize trackFreq trackDura analysis modelFormula
1    samp2          2         1        60  Poisson        mf.ss
  availablePerStep stepDist turnDist
1               10      exp vonmises
[1] "INLA Results"
[1] "BADGER_i003"
[1] "BADGER_i008"
[1] "--- poisModelData generated"
             mean       sd      q025       q50    q975      mode          kld
layerc2 -2.085833 18.39584 -38.15826 -2.085834 33.9866 -2.085834 5.517604e-11
           term    mmarginal  emarginal
layerc2 layerc2 2.077418e-05 0.03921801
  sampleID sampleSize trackFreq trackDura analysis modelFormula
1    samp2          2         1        60  Poisson        mf.is
  availablePerStep stepDist turnDist
1               10      exp     unif
[1] "INLA Results"
             mean       sd      q025       q50     q975      mode          kld
layerc2 -2.635588 18.39863 -38.71344 -2.635599 33.44233 -2.635599 5.512115e-11
           term  mmarginal emarginal
layerc2 layerc2 6.6909e-05 0.1123181
  sampleID sampleSize trackFreq trackDura analysis modelFormula
1    samp2          2         1        60  Poisson        mf.ss
  availablePerStep stepDist turnDist
1               10      exp     unif
[1] "INLA Results"
[1] "samp3"
[1] "--- movementData subsampled"
[1] "break 1"
[1] 0
[1] "break 2"
[1] "BADGER_i002"
[1] "BADGER_i010"
[1] "--- poisModelData generated"
            mean       sd      q025       q50     q975      mode          kld
layerc2 -1.51351 18.40729 -37.60835 -1.513525 34.58142 -1.513525 5.487275e-11
           term  mmarginal emarginal
layerc2 layerc2 0.05920557 0.3112727
  sampleID sampleSize trackFreq trackDura analysis modelFormula
1    samp3          2         1        60  Poisson        mf.is
  availablePerStep stepDist turnDist
1                2    gamma vonmises
[1] "INLA Results"
             mean       sd      q025       q50     q975      mode          kld
layerc2 -1.572213 18.40656 -37.66563 -1.572229 34.52129 -1.572229 5.489168e-11
           term  mmarginal emarginal
layerc2 layerc2 0.05343401 0.2961349
  sampleID sampleSize trackFreq trackDura analysis modelFormula
1    samp3          2         1        60  Poisson        mf.ss
  availablePerStep stepDist turnDist
1                2    gamma vonmises
[1] "INLA Results"
[1] "BADGER_i002"
[1] "BADGER_i010"
[1] "--- poisModelData generated"
             mean      sd     q025       q50     q975      mode         kld
layerc2 -1.509808 18.4094 -37.6088 -1.509822 34.58927 -1.509822 5.48093e-11
           term  mmarginal emarginal
layerc2 layerc2 0.07801081 0.3570056
  sampleID sampleSize trackFreq trackDura analysis modelFormula
1    samp3          2         1        60  Poisson        mf.is
  availablePerStep stepDist turnDist
1                2    gamma     unif
[1] "INLA Results"
             mean       sd      q025       q50     q975      mode          kld
layerc2 -1.573297 18.40844 -37.67039 -1.573312 34.52388 -1.573312 5.483319e-11
           term mmarginal emarginal
layerc2 layerc2 0.0692151 0.3359416
  sampleID sampleSize trackFreq trackDura analysis modelFormula
1    samp3          2         1        60  Poisson        mf.ss
  availablePerStep stepDist turnDist
1                2    gamma     unif
[1] "INLA Results"
[1] "BADGER_i002"
[1] "BADGER_i010"
[1] "--- poisModelData generated"
             mean       sd      q025       q50     q975      mode          kld
layerc2 -1.256098 18.40655 -37.34949 -1.256114 34.83738 -1.256114 5.489494e-11
           term  mmarginal emarginal
layerc2 layerc2 0.05266707 0.2945167
  sampleID sampleSize trackFreq trackDura analysis modelFormula
1    samp3          2         1        60  Poisson        mf.is
  availablePerStep stepDist turnDist
1                2      exp vonmises
[1] "INLA Results"
             mean       sd      q025       q50     q975      mode          kld
layerc2 -1.587676 18.40853 -37.68496 -1.587691 34.50969 -1.587691 5.483246e-11
           term mmarginal emarginal
layerc2 layerc2 0.0704217 0.3388926
  sampleID sampleSize trackFreq trackDura analysis modelFormula
1    samp3          2         1        60  Poisson        mf.ss
  availablePerStep stepDist turnDist
1                2      exp vonmises
[1] "INLA Results"
[1] "BADGER_i002"
[1] "BADGER_i010"
[1] "--- poisModelData generated"
            mean       sd      q025       q50     q975      mode          kld
layerc2 -1.24878 18.40774 -37.34451 -1.248795 34.84703 -1.248795 5.485932e-11
           term  mmarginal emarginal
layerc2 layerc2 0.06295539 0.3207263
  sampleID sampleSize trackFreq trackDura analysis modelFormula
1    samp3          2         1        60  Poisson        mf.is
  availablePerStep stepDist turnDist
1                2      exp     unif
[1] "INLA Results"
             mean       sd      q025       q50     q975      mode          kld
layerc2 -1.590951 18.40956 -37.69025 -1.590966 34.50843 -1.590966 5.480235e-11
           term  mmarginal emarginal
layerc2 layerc2 0.07990948 0.3611381
  sampleID sampleSize trackFreq trackDura analysis modelFormula
1    samp3          2         1        60  Poisson        mf.ss
  availablePerStep stepDist turnDist
1                2      exp     unif
[1] "INLA Results"
[1] "BADGER_i002"
[1] "BADGER_i010"
[1] "--- poisModelData generated"
             mean       sd      q025       q50     q975      mode          kld
layerc2 -2.710881 18.40842 -38.80795 -2.710896 33.38628 -2.710896 5.483813e-11
           term  mmarginal emarginal
layerc2 layerc2 0.07096395 0.3381934
  sampleID sampleSize trackFreq trackDura analysis modelFormula
1    samp3          2         1        60  Poisson        mf.is
  availablePerStep stepDist turnDist
1               10    gamma vonmises
[1] "INLA Results"
             mean       sd      q025       q50     q975      mode         kld
layerc2 -2.784668 18.40811 -38.88112 -2.784683 33.31188 -2.784683 5.48462e-11
           term  mmarginal emarginal
layerc2 layerc2 0.06844516 0.3320122
  sampleID sampleSize trackFreq trackDura analysis modelFormula
1    samp3          2         1        60  Poisson        mf.ss
  availablePerStep stepDist turnDist
1               10    gamma vonmises
[1] "INLA Results"
[1] "BADGER_i002"
[1] "BADGER_i010"
[1] "--- poisModelData generated"
             mean       sd      q025       q50     q975      mode          kld
layerc2 -2.740053 18.40905 -38.83835 -2.740068 33.35833 -2.740068 5.481982e-11
           term  mmarginal emarginal
layerc2 layerc2 0.07657193 0.3515649
  sampleID sampleSize trackFreq trackDura analysis modelFormula
1    samp3          2         1        60  Poisson        mf.is
  availablePerStep stepDist turnDist
1               10    gamma     unif
[1] "INLA Results"
             mean       sd     q025       q50     q975      mode          kld
layerc2 -2.792066 18.40851 -38.8893 -2.792081 33.30525 -2.792081 5.483529e-11
           term  mmarginal emarginal
layerc2 layerc2 0.07154435 0.3395443
  sampleID sampleSize trackFreq trackDura analysis modelFormula
1    samp3          2         1        60  Poisson        mf.ss
  availablePerStep stepDist turnDist
1               10    gamma     unif
[1] "INLA Results"
[1] "BADGER_i002"
[1] "BADGER_i010"
[1] "--- poisModelData generated"
             mean       sd      q025       q50     q975      mode          kld
layerc2 -2.396442 18.41037 -38.49734 -2.396456 33.70454 -2.396456 5.477921e-11
           term  mmarginal emarginal
layerc2 layerc2 0.08851953 0.3795094
  sampleID sampleSize trackFreq trackDura analysis modelFormula
1    samp3          2         1        60  Poisson        mf.is
  availablePerStep stepDist turnDist
1               10      exp vonmises
[1] "INLA Results"
