2024-02-28 11:18:47.621516 | Master: tcp://nd85ed30123f4:9234
2024-02-28 11:18:47.625483 | connecting to: tcp://nd85ed30123f4:9234
2024-02-28 11:18:48.017414 | > call 1 (0.334s wait)
2024-02-28 11:18:49.036560 | > call 2 (0.510s wait)
2024-02-28 11:18:50.401440 | > call 3 (1.303s wait)
2024-02-28 11:18:51.644189 | > call 4 (1.180s wait)
2024-02-28 11:18:52.897964 | > call 5 (1.189s wait)
2024-02-28 11:18:54.210357 | > call 6 (1.252s wait)
2024-02-28 11:18:55.325311 | > call 7 (1.057s wait)
2024-02-28 11:18:56.519457 | > call 8 (1.135s wait)
2024-02-28 11:18:57.646252 | > call 9 (1.068s wait)
2024-02-28 11:18:58.924609 | > call 10 (1.221s wait)
2024-02-28 11:19:00.065654 | > call 11 (1.089s wait)
2024-02-28 11:19:01.484119 | > call 12 (1.366s wait)
2024-02-28 11:19:02.755598 | > call 13 (1.216s wait)
2024-02-28 11:19:04.023836 | > call 14 (1.214s wait)
2024-02-28 11:19:05.219697 | > call 15 (1.142s wait)
2024-02-28 11:19:06.416618 | > call 16 (1.141s wait)
2024-02-28 11:19:07.621772 | > call 17 (1.151s wait)
2024-02-28 11:19:08.826100 | > call 18 (1.144s wait)
2024-02-28 11:19:10.161561 | > call 19 (1.281s wait)
2024-02-28 11:19:11.436226 | > call 20 (1.219s wait)
2024-02-28 11:19:12.696254 | > call 21 (1.200s wait)
2024-02-28 11:19:13.906354 | > call 22 (1.157s wait)
2024-02-28 11:19:15.451165 | > call 23 (1.493s wait)
2024-02-28 11:19:16.610856 | > call 24 (1.107s wait)
2024-02-28 11:19:17.892002 | > call 25 (1.230s wait)
2024-02-28 11:19:19.170371 | > call 26 (1.225s wait)
2024-02-28 11:19:20.355851 | > call 27 (1.134s wait)
2024-02-28 11:19:21.504113 | > call 28 (1.095s wait)
2024-02-28 11:19:22.673051 | > call 29 (1.113s wait)
2024-02-28 11:19:23.808066 | > call 30 (1.074s wait)
2024-02-28 11:19:24.950159 | > call 31 (1.089s wait)
2024-02-28 11:19:26.104620 | > call 32 (1.101s wait)
2024-02-28 11:19:27.250361 | > call 33 (1.079s wait)
2024-02-28 11:19:28.423312 | > call 34 (1.094s wait)
2024-02-28 11:19:29.431035 | > call 35 (0.955s wait)
2024-02-28 11:19:30.761303 | > call 36 (1.278s wait)
2024-02-28 11:19:32.044950 | > call 37 (1.206s wait)
2024-02-28 11:19:33.360273 | > call 38 (1.244s wait)
2024-02-28 11:19:34.589880 | > call 39 (1.161s wait)
2024-02-28 11:19:35.951232 | > call 40 (1.290s wait)
2024-02-28 11:19:37.064508 | > call 41 (1.037s wait)
2024-02-28 11:19:38.346035 | > call 42 (1.212s wait)
2024-02-28 11:19:39.687971 | > call 43 (1.266s wait)
2024-02-28 11:19:40.918156 | > call 44 (1.154s wait)
2024-02-28 11:19:42.231509 | > call 45 (1.240s wait)
2024-02-28 11:19:43.507974 | > call 46 (1.200s wait)
2024-02-28 11:19:44.809763 | > call 47 (1.231s wait)
2024-02-28 11:19:45.959149 | > call 48 (1.077s wait)
2024-02-28 11:19:47.189394 | > call 49 (1.154s wait)
2024-02-28 11:19:48.426302 | > call 50 (1.161s wait)
2024-02-28 11:19:49.591325 | > call 51 (1.093s wait)
2024-02-28 11:19:50.833684 | > call 52 (1.168s wait)
2024-02-28 11:19:52.061899 | > call 53 (1.157s wait)
2024-02-28 11:19:53.263413 | > call 54 (1.124s wait)
2024-02-28 11:19:54.466848 | > call 55 (1.132s wait)
2024-02-28 11:19:55.686793 | > call 56 (1.141s wait)
2024-02-28 11:19:56.981904 | > call 57 (1.225s wait)
2024-02-28 11:19:58.318372 | > call 58 (1.264s wait)
2024-02-28 11:19:59.316833 | > call 59 (0.927s wait)
2024-02-28 11:20:00.508784 | > call 60 (1.117s wait)
2024-02-28 11:20:01.635130 | > call 61 (1.053s wait)
2024-02-28 11:20:02.854638 | > call 62 (1.149s wait)
2024-02-28 11:20:04.135780 | > call 63 (1.208s wait)
2024-02-28 11:20:05.349450 | > call 64 (1.143s wait)
2024-02-28 11:20:06.517082 | > call 65 (1.093s wait)
2024-02-28 11:20:07.753433 | > call 66 (1.166s wait)
2024-02-28 11:20:08.888872 | > call 67 (1.055s wait)
2024-02-28 11:20:09.960758 | > call 68 (0.998s wait)
2024-02-28 11:20:10.955759 | > call 69 (0.917s wait)
2024-02-28 11:20:12.084901 | > call 70 (1.056s wait)
2024-02-28 11:20:13.418563 | > call 71 (1.266s wait)
2024-02-28 11:20:14.561672 | > call 72 (1.073s wait)
2024-02-28 11:20:15.828096 | > call 73 (1.195s wait)
2024-02-28 11:20:16.962749 | > call 74 (1.067s wait)
2024-02-28 11:20:18.115051 | > call 75 (1.084s wait)
2024-02-28 11:20:19.418204 | > call 76 (1.233s wait)
2024-02-28 11:20:20.634817 | > call 77 (1.144s wait)
2024-02-28 11:20:21.970148 | > call 78 (1.265s wait)
2024-02-28 11:20:23.119173 | > call 79 (1.080s wait)
2024-02-28 11:20:24.493783 | > call 80 (1.297s wait)
2024-02-28 11:20:25.682039 | > call 81 (1.115s wait)
2024-02-28 11:20:26.819466 | > call 82 (1.056s wait)
2024-02-28 11:20:28.257419 | > call 83 (1.361s wait)
2024-02-28 11:20:29.435956 | > call 84 (1.103s wait)
2024-02-28 11:20:30.421429 | > call 85 (0.909s wait)
2024-02-28 11:20:31.771969 | > call 86 (1.274s wait)
2024-02-28 11:20:32.926152 | > call 87 (1.083s wait)
2024-02-28 11:20:34.198118 | > call 88 (1.196s wait)
2024-02-28 11:20:35.459326 | > call 89 (1.180s wait)
2024-02-28 11:20:36.746790 | > call 90 (1.208s wait)
2024-02-28 11:20:37.842954 | > call 91 (1.021s wait)
2024-02-28 11:20:39.212845 | > call 92 (1.289s wait)
2024-02-28 11:20:40.390814 | > call 93 (1.099s wait)
2024-02-28 11:20:41.645478 | > call 94 (1.170s wait)
2024-02-28 11:20:43.004115 | > call 95 (1.284s wait)
2024-02-28 11:20:44.002642 | > call 96 (0.912s wait)
2024-02-28 11:20:45.208915 | > call 97 (1.126s wait)
2024-02-28 11:20:46.445692 | > call 98 (1.151s wait)
2024-02-28 11:20:47.670067 | > call 99 (1.147s wait)
2024-02-28 11:20:48.859501 | > call 100 (1.101s wait)
2024-02-28 11:20:50.164809 | > call 101 (1.226s wait)
2024-02-28 11:20:51.341367 | > call 102 (1.073s wait)
2024-02-28 11:20:52.482136 | > call 103 (1.052s wait)
2024-02-28 11:20:53.695825 | > call 104 (1.106s wait)
2024-02-28 11:20:54.860039 | > call 105 (1.070s wait)
2024-02-28 11:20:56.133052 | > call 106 (1.178s wait)
2024-02-28 11:20:57.256266 | > call 107 (1.021s wait)
2024-02-28 11:20:58.598665 | > call 108 (1.255s wait)
2024-02-28 11:20:59.902484 | > call 109 (1.208s wait)
2024-02-28 11:21:01.065527 | > call 110 (1.071s wait)
2024-02-28 11:21:02.377758 | > call 111 (1.219s wait)
2024-02-28 11:21:03.880944 | > call 112 (1.412s wait)
2024-02-28 11:21:05.128536 | > call 113 (1.156s wait)
2024-02-28 11:21:06.346340 | > call 114 (1.124s wait)
2024-02-28 11:21:07.741608 | > call 115 (1.305s wait)
2024-02-28 11:21:08.998803 | > call 116 (1.169s wait)
2024-02-28 11:21:10.117204 | > call 117 (1.024s wait)
2024-02-28 11:21:11.535964 | > call 118 (1.323s wait)
2024-02-28 11:21:12.742633 | > call 119 (1.118s wait)
2024-02-28 11:21:14.010187 | > call 120 (1.187s wait)
2024-02-28 11:21:15.091128 | > call 121 (1.003s wait)
2024-02-28 11:21:16.174684 | > call 122 (1.003s wait)
2024-02-28 11:21:17.340274 | > call 123 (1.087s wait)
2024-02-28 11:21:18.570569 | > call 124 (1.151s wait)
2024-02-28 11:21:19.705520 | > call 125 (1.059s wait)
2024-02-28 11:21:20.935366 | > call 126 (1.154s wait)
2024-02-28 11:21:22.201761 | > call 127 (1.188s wait)
2024-02-28 11:21:23.565245 | > call 128 (1.275s wait)
2024-02-28 11:21:24.861168 | > call 129 (1.216s wait)
2024-02-28 11:21:25.984951 | > call 130 (1.042s wait)
2024-02-28 11:21:27.205595 | > call 131 (1.142s wait)
2024-02-28 11:21:28.439247 | > call 132 (1.157s wait)
2024-02-28 11:21:29.725684 | > call 133 (1.211s wait)
2024-02-28 11:21:30.983509 | > call 134 (1.178s wait)
2024-02-28 11:21:32.075353 | > call 135 (1.014s wait)
2024-02-28 11:21:33.431740 | > call 136 (1.283s wait)
2024-02-28 11:21:34.688053 | > call 137 (1.179s wait)
2024-02-28 11:21:36.110593 | > call 138 (1.349s wait)
2024-02-28 11:21:37.268833 | > call 139 (1.080s wait)
2024-02-28 11:21:38.551023 | > call 140 (1.206s wait)
2024-02-28 11:21:39.815921 | > call 141 (1.195s wait)
2024-02-28 11:21:41.096729 | > call 142 (1.210s wait)
2024-02-28 11:21:42.226142 | > call 143 (1.060s wait)
2024-02-28 11:21:43.517423 | > call 144 (1.216s wait)
2024-02-28 11:21:44.646809 | > call 145 (1.061s wait)
2024-02-28 11:21:45.843782 | > call 146 (1.121s wait)
2024-02-28 11:21:47.016965 | > call 147 (1.076s wait)
2024-02-28 11:21:48.211865 | > call 148 (1.111s wait)
2024-02-28 11:21:49.354274 | > call 149 (1.065s wait)
2024-02-28 11:21:50.668067 | > call 150 (1.233s wait)
2024-02-28 11:21:51.848319 | > call 151 (1.106s wait)
2024-02-28 11:21:53.125308 | > call 152 (1.205s wait)
2024-02-28 11:21:54.346467 | > call 153 (1.145s wait)
2024-02-28 11:21:55.453245 | > call 154 (1.037s wait)
2024-02-28 11:21:56.841131 | > call 155 (1.318s wait)
2024-02-28 11:21:58.099586 | > call 156 (1.185s wait)
2024-02-28 11:21:59.364697 | > call 157 (1.196s wait)
2024-02-28 11:22:00.628998 | > call 158 (1.195s wait)
2024-02-28 11:22:02.104515 | > call 159 (1.403s wait)
2024-02-28 11:22:03.290273 | > call 160 (1.113s wait)
2024-02-28 11:22:04.504816 | > call 161 (1.143s wait)
2024-02-28 11:22:05.769259 | > call 162 (1.195s wait)
2024-02-28 11:22:06.949147 | > call 163 (1.106s wait)
2024-02-28 11:22:08.051459 | > call 164 (1.034s wait)
2024-02-28 11:22:09.354343 | > call 165 (1.233s wait)
2024-02-28 11:22:10.434378 | > call 166 (1.014s wait)
2024-02-28 11:22:11.788840 | > call 167 (1.281s wait)
2024-02-28 11:22:12.952756 | > call 168 (1.096s wait)
2024-02-28 11:22:14.199227 | > call 169 (1.173s wait)
2024-02-28 11:22:15.464612 | > call 170 (1.190s wait)
2024-02-28 11:22:16.698998 | > call 171 (1.160s wait)
2024-02-28 11:22:17.871228 | > call 172 (1.102s wait)
2024-02-28 11:22:19.023471 | > call 173 (1.081s wait)
2024-02-28 11:22:20.283729 | > call 174 (1.183s wait)
2024-02-28 11:22:21.371257 | > call 175 (1.010s wait)
2024-02-28 11:22:22.574998 | > call 176 (1.121s wait)
2024-02-28 11:22:23.957442 | > call 177 (1.298s wait)
2024-02-28 11:22:25.245835 | > call 178 (1.207s wait)
2024-02-28 11:22:26.518445 | > call 179 (1.190s wait)
2024-02-28 11:22:27.679148 | > call 180 (1.069s wait)
2024-02-28 11:22:28.894771 | > call 181 (1.135s wait)
2024-02-28 11:22:30.165101 | > call 182 (1.186s wait)
2024-02-28 11:22:31.390458 | > call 183 (1.144s wait)
2024-02-28 11:22:32.574970 | > call 184 (1.101s wait)
2024-02-28 11:22:33.731228 | > call 185 (1.073s wait)
2024-02-28 11:22:35.209051 | > call 186 (1.395s wait)
2024-02-28 11:22:36.479169 | > call 187 (1.188s wait)
2024-02-28 11:22:37.789997 | > call 188 (1.226s wait)
2024-02-28 11:22:39.154804 | > call 189 (1.279s wait)
2024-02-28 11:22:40.292029 | > call 190 (1.055s wait)
2024-02-28 11:22:41.517653 | > call 191 (1.141s wait)
2024-02-28 11:22:42.734167 | > call 192 (1.137s wait)
2024-02-28 11:22:44.043376 | > call 193 (1.233s wait)
2024-02-28 11:22:45.385139 | > call 194 (1.277s wait)
2024-02-28 11:22:46.447336 | > call 195 (0.994s wait)
2024-02-28 11:22:47.566725 | > call 196 (1.054s wait)
2024-02-28 11:22:48.738394 | > call 197 (1.101s wait)
2024-02-28 11:22:49.904384 | > call 198 (1.086s wait)
2024-02-28 11:22:51.056961 | > call 199 (1.081s wait)
2024-02-28 11:22:52.185846 | > call 200 (1.060s wait)
2024-02-28 11:22:53.493818 | > call 201 (1.235s wait)
2024-02-28 11:22:54.695820 | > call 202 (1.130s wait)
2024-02-28 11:22:55.900339 | > call 203 (1.131s wait)
2024-02-28 11:22:56.982599 | > call 204 (1.013s wait)
2024-02-28 11:22:58.146107 | > call 205 (1.097s wait)
2024-02-28 11:22:59.330757 | > call 206 (1.119s wait)
2024-02-28 11:23:00.561095 | > call 207 (1.157s wait)
2024-02-28 11:23:01.695426 | > call 208 (1.068s wait)
2024-02-28 11:23:02.656452 | > call 209 (0.891s wait)
2024-02-28 11:23:03.926671 | > call 210 (1.198s wait)
2024-02-28 11:23:05.207919 | > call 211 (1.210s wait)
2024-02-28 11:23:06.448341 | > call 212 (1.173s wait)
2024-02-28 11:23:07.757530 | > call 213 (1.221s wait)
2024-02-28 11:23:09.018380 | > call 214 (1.187s wait)
2024-02-28 11:23:10.142340 | > call 215 (1.054s wait)
2024-02-28 11:23:11.353214 | > call 216 (1.141s wait)
2024-02-28 11:23:12.725395 | > call 217 (1.305s wait)
2024-02-28 11:23:14.072837 | > call 218 (1.280s wait)
2024-02-28 11:23:15.327661 | > call 219 (1.188s wait)
2024-02-28 11:23:16.407242 | > call 220 (1.008s wait)
2024-02-28 11:23:17.668783 | > call 221 (1.171s wait)
2024-02-28 11:23:18.794662 | > call 222 (1.058s wait)
2024-02-28 11:23:20.202676 | > call 223 (1.336s wait)
2024-02-28 11:23:21.433160 | > call 224 (1.158s wait)
2024-02-28 11:23:22.721027 | > call 225 (1.217s wait)
2024-02-28 11:23:23.839468 | > call 226 (1.051s wait)
2024-02-28 11:23:25.075363 | > call 227 (1.168s wait)
2024-02-28 11:23:26.288492 | > call 228 (1.143s wait)
2024-02-28 11:23:27.586899 | > call 229 (1.230s wait)
2024-02-28 11:23:28.754189 | > call 230 (1.099s wait)
2024-02-28 11:23:30.045618 | > call 231 (1.220s wait)
2024-02-28 11:23:31.219914 | > call 232 (1.108s wait)
2024-02-28 11:23:32.463021 | > call 233 (1.161s wait)
2024-02-28 11:23:33.791481 | > call 234 (1.259s wait)
2024-02-28 11:23:35.117333 | > call 235 (1.256s wait)
2024-02-28 11:23:36.367110 | > call 236 (1.181s wait)
2024-02-28 11:23:37.615103 | > call 237 (1.171s wait)
2024-02-28 11:23:38.707261 | > call 238 (1.012s wait)
2024-02-28 11:23:39.858631 | > call 239 (1.070s wait)
2024-02-28 11:23:41.146903 | > call 240 (1.214s wait)
2024-02-28 11:23:42.438637 | > call 241 (1.217s wait)
2024-02-28 11:23:43.711138 | > call 242 (1.200s wait)
2024-02-28 11:23:44.809608 | > call 243 (1.028s wait)
2024-02-28 11:23:46.059327 | > call 244 (1.180s wait)
2024-02-28 11:23:47.210175 | > call 245 (1.071s wait)
2024-02-28 11:23:48.376143 | > call 246 (1.099s wait)
2024-02-28 11:23:49.541478 | > call 247 (1.099s wait)
2024-02-28 11:23:50.704358 | > call 248 (1.092s wait)
2024-02-28 11:23:52.000971 | > call 249 (1.227s wait)
2024-02-28 11:23:53.149264 | > call 250 (1.075s wait)
2024-02-28 11:23:54.378739 | > call 251 (1.158s wait)
2024-02-28 11:23:55.645174 | > call 252 (1.195s wait)
2024-02-28 11:23:56.877546 | > call 253 (1.162s wait)
2024-02-28 11:23:58.170940 | > call 254 (1.213s wait)
2024-02-28 11:23:59.485974 | > call 255 (1.229s wait)
2024-02-28 11:24:00.673394 | > call 256 (1.108s wait)
2024-02-28 11:24:02.045022 | > call 257 (1.286s wait)
2024-02-28 11:24:03.065993 | > call 258 (0.942s wait)
2024-02-28 11:24:04.428162 | > call 259 (1.279s wait)
2024-02-28 11:24:05.668590 | > call 260 (1.155s wait)
2024-02-28 11:24:06.826172 | > call 261 (1.077s wait)
2024-02-28 11:24:07.967966 | > call 262 (1.061s wait)
2024-02-28 11:24:09.252233 | > call 263 (1.194s wait)
2024-02-28 11:24:10.517885 | > call 264 (1.187s wait)
2024-02-28 11:24:11.957817 | > call 265 (1.363s wait)
2024-02-28 11:24:13.294826 | > call 266 (1.257s wait)
2024-02-28 11:24:14.467379 | > call 267 (1.093s wait)
2024-02-28 11:24:15.824904 | > call 268 (1.270s wait)
2024-02-28 11:24:16.912025 | > call 269 (1.018s wait)
2024-02-28 11:24:18.063822 | > call 270 (1.082s wait)
2024-02-28 11:24:19.128200 | > call 271 (0.995s wait)
2024-02-28 11:24:20.314476 | > call 272 (1.118s wait)
2024-02-28 11:24:21.545947 | > call 273 (1.161s wait)
2024-02-28 11:24:22.829820 | > call 274 (1.214s wait)
2024-02-28 11:24:24.080796 | > call 275 (1.174s wait)
2024-02-28 11:24:25.262352 | > call 276 (1.112s wait)
2024-02-28 11:24:26.439255 | > call 277 (1.101s wait)
2024-02-28 11:24:27.573615 | > call 278 (1.057s wait)
2024-02-28 11:24:28.819484 | > call 279 (1.172s wait)
2024-02-28 11:24:29.850957 | > call 280 (0.959s wait)
2024-02-28 11:24:31.166921 | > call 281 (1.247s wait)
2024-02-28 11:24:32.329622 | > call 282 (1.091s wait)
2024-02-28 11:24:33.526823 | > call 283 (1.128s wait)
2024-02-28 11:24:34.615610 | > call 284 (1.019s wait)
2024-02-28 11:24:35.789834 | > call 285 (1.095s wait)
2024-02-28 11:24:36.974165 | > call 286 (1.116s wait)
2024-02-28 11:24:38.236899 | > call 287 (1.189s wait)
2024-02-28 11:24:39.522749 | > call 288 (1.218s wait)
2024-02-28 11:24:40.666623 | > call 289 (1.076s wait)
2024-02-28 11:24:41.945740 | > call 290 (1.211s wait)
2024-02-28 11:24:43.191373 | > call 291 (1.171s wait)
2024-02-28 11:24:44.312431 | > call 292 (1.048s wait)
2024-02-28 11:24:45.387624 | > call 293 (1.002s wait)
2024-02-28 11:24:46.508316 | > call 294 (1.043s wait)
2024-02-28 11:24:47.856753 | > call 295 (1.270s wait)
2024-02-28 11:24:49.096667 | > call 296 (1.163s wait)
2024-02-28 11:24:50.335716 | > call 297 (1.155s wait)
2024-02-28 11:24:51.365019 | > call 298 (0.952s wait)
2024-02-28 11:24:52.587867 | > call 299 (1.136s wait)
2024-02-28 11:24:53.832320 | > call 300 (1.154s wait)
2024-02-28 11:24:55.141484 | > call 301 (1.237s wait)
2024-02-28 11:24:56.533966 | > call 302 (1.319s wait)
2024-02-28 11:24:57.793005 | > call 303 (1.182s wait)
2024-02-28 11:24:58.996171 | > call 304 (1.130s wait)
2024-02-28 11:25:00.297987 | > call 305 (1.224s wait)
2024-02-28 11:25:01.509257 | > call 306 (1.137s wait)
2024-02-28 11:25:02.676441 | > call 307 (1.099s wait)
2024-02-28 11:25:03.888370 | > call 308 (1.141s wait)
2024-02-28 11:25:05.105788 | > call 309 (1.148s wait)
2024-02-28 11:25:06.155293 | > call 310 (0.979s wait)
2024-02-28 11:25:07.356737 | > call 311 (1.128s wait)
2024-02-28 11:25:08.659021 | > call 312 (1.230s wait)
2024-02-28 11:25:09.744263 | > call 313 (1.008s wait)
2024-02-28 11:25:11.098648 | > call 314 (1.279s wait)
2024-02-28 11:25:12.265897 | > call 315 (1.098s wait)
2024-02-28 11:25:13.360511 | > call 316 (1.025s wait)
2024-02-28 11:25:14.576528 | > call 317 (1.148s wait)
2024-02-28 11:25:15.806165 | > call 318 (1.147s wait)
2024-02-28 11:25:16.982729 | > call 319 (1.104s wait)
2024-02-28 11:25:18.207057 | > call 320 (1.155s wait)
2024-02-28 11:25:19.603511 | > call 321 (1.329s wait)
2024-02-28 11:25:20.905293 | > call 322 (1.227s wait)
2024-02-28 11:25:22.158942 | > call 323 (1.179s wait)
2024-02-28 11:25:23.550633 | > call 324 (1.322s wait)
2024-02-28 11:25:24.817708 | > call 325 (1.197s wait)
2024-02-28 11:25:25.991033 | > call 326 (1.104s wait)
2024-02-28 11:25:27.251869 | > call 327 (1.186s wait)
2024-02-28 11:25:28.378206 | > call 328 (1.052s wait)
2024-02-28 11:25:29.604059 | > call 329 (1.153s wait)
2024-02-28 11:25:30.862749 | > call 330 (1.190s wait)
2024-02-28 11:25:32.094590 | > call 331 (1.162s wait)
2024-02-28 11:25:33.153192 | > call 332 (0.984s wait)
2024-02-28 11:25:34.449658 | > call 333 (1.219s wait)
2024-02-28 11:25:35.630968 | > call 334 (1.107s wait)
2024-02-28 11:25:36.700675 | > call 335 (0.998s wait)
2024-02-28 11:25:37.800107 | > call 336 (1.024s wait)
2024-02-28 11:25:39.069406 | > call 337 (1.197s wait)
2024-02-28 11:25:40.215508 | > call 338 (1.082s wait)
2024-02-28 11:25:41.421671 | > call 339 (1.134s wait)
2024-02-28 11:25:42.816402 | > call 340 (1.335s wait)
2024-02-28 11:25:44.178200 | > call 341 (1.297s wait)
2024-02-28 11:25:45.354541 | > call 342 (1.116s wait)
2024-02-28 11:25:46.487343 | > call 343 (1.073s wait)
2024-02-28 11:25:47.731434 | > call 344 (1.186s wait)
2024-02-28 11:25:48.919970 | > call 345 (1.115s wait)
2024-02-28 11:25:50.239821 | > call 346 (1.251s wait)
2024-02-28 11:25:51.307428 | > call 347 (1.001s wait)
2024-02-28 11:25:52.558238 | > call 348 (1.181s wait)
2024-02-28 11:25:53.829332 | > call 349 (1.196s wait)
2024-02-28 11:25:54.968432 | > call 350 (1.068s wait)
2024-02-28 11:25:56.233609 | > call 351 (1.198s wait)
2024-02-28 11:25:57.438208 | > call 352 (1.130s wait)
2024-02-28 11:25:58.634341 | > call 353 (1.129s wait)
2024-02-28 11:25:59.834075 | > call 354 (1.126s wait)
2024-02-28 11:26:01.142261 | > call 355 (1.237s wait)
2024-02-28 11:26:02.447258 | > call 356 (1.234s wait)
2024-02-28 11:26:03.772765 | > call 357 (1.256s wait)
2024-02-28 11:26:04.921574 | > call 358 (1.084s wait)
2024-02-28 11:26:06.032012 | > call 359 (1.043s wait)
2024-02-28 11:26:07.466501 | > call 360 (1.370s wait)
2024-02-28 11:26:08.529640 | > call 361 (0.992s wait)
2024-02-28 11:26:09.677059 | > call 362 (1.073s wait)
2024-02-28 11:26:10.813363 | > call 363 (1.071s wait)
2024-02-28 11:26:11.976027 | > call 364 (1.097s wait)
2024-02-28 11:26:13.238951 | > call 365 (1.202s wait)
2024-02-28 11:26:14.496614 | > call 366 (1.195s wait)
2024-02-28 11:26:15.679377 | > call 367 (1.118s wait)
2024-02-28 11:26:16.953860 | > call 368 (1.214s wait)
2024-02-28 11:26:18.099281 | > call 369 (1.083s wait)
2024-02-28 11:26:19.351721 | > call 370 (1.191s wait)
2024-02-28 11:26:20.403598 | > call 371 (0.986s wait)
2024-02-28 11:26:21.688626 | > call 372 (1.220s wait)
2024-02-28 11:26:22.872054 | > call 373 (1.117s wait)
2024-02-28 11:26:24.162161 | > call 374 (1.226s wait)
2024-02-28 11:26:25.242521 | > call 375 (1.021s wait)
2024-02-28 11:26:26.517203 | > call 376 (1.213s wait)
2024-02-28 11:26:27.450587 | > call 377 (0.869s wait)
2024-02-28 11:26:28.538002 | > call 378 (1.024s wait)
2024-02-28 11:26:29.827507 | > call 379 (1.229s wait)
2024-02-28 11:26:31.078738 | > call 380 (1.188s wait)
2024-02-28 11:26:32.168120 | > call 381 (1.027s wait)
2024-02-28 11:26:33.103666 | > call 382 (0.877s wait)
2024-02-28 11:26:34.355461 | > call 383 (1.176s wait)
2024-02-28 11:26:35.532997 | > call 384 (1.118s wait)
2024-02-28 11:26:36.911788 | > call 385 (1.319s wait)
2024-02-28 11:26:38.131834 | > call 386 (1.158s wait)
2024-02-28 11:26:39.254125 | > call 387 (1.061s wait)
2024-02-28 11:26:40.586079 | > call 388 (1.270s wait)
2024-02-28 11:26:42.086175 | > call 389 (1.439s wait)
2024-02-28 11:26:43.531654 | > call 390 (1.386s wait)
2024-02-28 11:26:44.915153 | > call 391 (1.317s wait)
2024-02-28 11:26:46.275221 | > call 392 (1.292s wait)
2024-02-28 11:26:47.658219 | > call 393 (1.317s wait)
2024-02-28 11:26:48.820377 | > call 394 (1.094s wait)
2024-02-28 11:26:50.177923 | > call 395 (1.289s wait)
2024-02-28 11:26:51.616416 | > call 396 (1.376s wait)
2024-02-28 11:26:52.905872 | > call 397 (1.224s wait)
2024-02-28 11:26:54.134027 | > call 398 (1.162s wait)
2024-02-28 11:26:55.419763 | > call 399 (1.222s wait)
2024-02-28 11:26:56.963534 | > call 400 (1.479s wait)
2024-02-28 11:26:58.163521 | > call 401 (1.133s wait)
2024-02-28 11:26:59.360804 | > call 402 (1.135s wait)
2024-02-28 11:27:00.486075 | > call 403 (1.061s wait)
2024-02-28 11:27:01.810067 | > call 404 (1.260s wait)
2024-02-28 11:27:03.230429 | > call 405 (1.363s wait)
2024-02-28 11:27:04.527978 | > call 406 (1.241s wait)
2024-02-28 11:27:05.856228 | > call 407 (1.271s wait)
2024-02-28 11:27:07.092426 | > call 408 (1.178s wait)
2024-02-28 11:27:08.355435 | > call 409 (1.203s wait)
2024-02-28 11:27:09.634210 | > call 410 (1.221s wait)
2024-02-28 11:27:10.892086 | > call 411 (1.201s wait)
2024-02-28 11:27:12.250865 | > call 412 (1.302s wait)
2024-02-28 11:27:13.448513 | > call 413 (1.131s wait)
2024-02-28 11:27:14.867853 | > call 414 (1.360s wait)
2024-02-28 11:27:16.153786 | > call 415 (1.225s wait)
2024-02-28 11:27:17.416788 | > call 416 (1.205s wait)
2024-02-28 11:27:18.844561 | > call 417 (1.373s wait)
2024-02-28 11:27:20.183574 | > call 418 (1.281s wait)
2024-02-28 11:27:21.647423 | > call 419 (1.410s wait)
2024-02-28 11:27:23.065612 | > call 420 (1.359s wait)
2024-02-28 11:27:24.317330 | > call 421 (1.197s wait)
2024-02-28 11:27:25.596480 | > call 422 (1.221s wait)
2024-02-28 11:27:26.754976 | > call 423 (1.097s wait)
2024-02-28 11:27:27.999519 | > call 424 (1.177s wait)
2024-02-28 11:27:29.440323 | > call 425 (1.373s wait)
2024-02-28 11:27:30.841106 | > call 426 (1.344s wait)
2024-02-28 11:27:32.108508 | > call 427 (1.204s wait)
2024-02-28 11:27:33.347785 | > call 428 (1.184s wait)
2024-02-28 11:27:34.738677 | > call 429 (1.334s wait)
2024-02-28 11:27:36.057567 | > call 430 (1.263s wait)
2024-02-28 11:27:37.396447 | > call 431 (1.283s wait)
2024-02-28 11:27:38.681170 | > call 432 (1.225s wait)
2024-02-28 11:27:40.111058 | > call 433 (1.365s wait)
2024-02-28 11:27:41.201679 | > call 434 (1.027s wait)
2024-02-28 11:27:42.417674 | > call 435 (1.142s wait)
2024-02-28 11:27:43.700887 | > call 436 (1.225s wait)
2024-02-28 11:27:45.245668 | > call 437 (1.487s wait)
2024-02-28 11:27:46.810217 | > call 438 (1.508s wait)
2024-02-28 11:27:48.238522 | > call 439 (1.371s wait)
2024-02-28 11:27:49.494508 | > call 440 (1.198s wait)
2024-02-28 11:27:50.908496 | > call 441 (1.356s wait)
2024-02-28 11:27:52.446837 | > call 442 (1.479s wait)
2024-02-28 11:27:53.905398 | > call 443 (1.401s wait)
2024-02-28 11:27:55.217462 | > call 444 (1.255s wait)
2024-02-28 11:27:56.735416 | > call 445 (1.461s wait)
2024-02-28 11:27:58.396844 | > call 446 (1.604s wait)
2024-02-28 11:27:59.850377 | > call 447 (1.396s wait)
2024-02-28 11:28:01.419427 | > call 448 (1.509s wait)
2024-02-28 11:28:02.920359 | > call 449 (1.443s wait)
2024-02-28 11:28:04.393753 | > call 450 (1.417s wait)
2024-02-28 11:28:05.847848 | > call 451 (1.398s wait)
2024-02-28 11:28:07.296445 | > call 452 (1.392s wait)
2024-02-28 11:28:08.696261 | > call 453 (1.343s wait)
2024-02-28 11:28:10.221108 | > call 454 (1.469s wait)
2024-02-28 11:28:11.678912 | > call 455 (1.401s wait)
2024-02-28 11:28:13.073712 | > call 456 (1.335s wait)
2024-02-28 11:28:14.295480 | > call 457 (1.166s wait)
2024-02-28 11:28:15.651228 | > call 458 (1.297s wait)
2024-02-28 11:28:17.083966 | > call 459 (1.373s wait)
2024-02-28 11:28:18.472543 | > call 460 (1.334s wait)
2024-02-28 11:28:19.805623 | > call 461 (1.275s wait)
2024-02-28 11:28:21.152103 | > call 462 (1.289s wait)
2024-02-28 11:28:22.660514 | > call 463 (1.450s wait)
2024-02-28 11:28:24.205019 | > call 464 (1.487s wait)
2024-02-28 11:28:25.686684 | > call 465 (1.420s wait)
2024-02-28 11:28:27.102446 | > call 466 (1.348s wait)
2024-02-28 11:28:28.324596 | > call 467 (1.164s wait)
2024-02-28 11:28:29.943242 | > call 468 (1.564s wait)
2024-02-28 11:28:31.335371 | > call 469 (1.336s wait)
2024-02-28 11:28:32.770797 | > call 470 (1.369s wait)
2024-02-28 11:28:34.241925 | > call 471 (1.417s wait)
2024-02-28 11:28:35.730735 | > call 472 (1.422s wait)
2024-02-28 11:28:37.026476 | > call 473 (1.244s wait)
2024-02-28 11:28:38.349010 | > call 474 (1.263s wait)
2024-02-28 11:28:39.825279 | > call 475 (1.420s wait)
2024-02-28 11:28:41.145242 | > call 476 (1.264s wait)
2024-02-28 11:28:42.700582 | > call 477 (1.502s wait)
2024-02-28 11:28:43.926876 | > call 478 (1.172s wait)
2024-02-28 11:28:45.306965 | > call 479 (1.326s wait)
2024-02-28 11:28:46.550317 | > call 480 (1.186s wait)
2024-02-28 11:28:47.983643 | > call 481 (1.379s wait)
2024-02-28 11:28:49.305619 | > call 482 (1.268s wait)
2024-02-28 11:28:50.686272 | > call 483 (1.324s wait)
2024-02-28 11:28:52.128307 | > call 484 (1.385s wait)
2024-02-28 11:28:53.518440 | > call 485 (1.337s wait)
2024-02-28 11:28:55.023338 | > call 486 (1.447s wait)
2024-02-28 11:28:56.379588 | > call 487 (1.301s wait)
2024-02-28 11:28:57.841201 | > call 488 (1.407s wait)
2024-02-28 11:28:59.273308 | > call 489 (1.378s wait)
2024-02-28 11:29:00.679378 | > call 490 (1.350s wait)
2024-02-28 11:29:02.059133 | > call 491 (1.323s wait)
2024-02-28 11:29:03.155914 | > call 492 (1.040s wait)
2024-02-28 11:29:04.530042 | > call 493 (1.311s wait)
2024-02-28 11:29:06.036153 | > call 494 (1.452s wait)
2024-02-28 11:29:07.350969 | > call 495 (1.260s wait)
2024-02-28 11:29:08.937994 | > call 496 (1.533s wait)
2024-02-28 11:29:10.486723 | > call 497 (1.495s wait)
2024-02-28 11:29:11.813963 | > call 498 (1.274s wait)
2024-02-28 11:29:13.279373 | > call 499 (1.411s wait)
2024-02-28 11:29:14.744037 | > call 500 (1.411s wait)
2024-02-28 11:29:16.260734 | > call 501 (1.464s wait)
2024-02-28 11:29:17.819542 | > call 502 (1.503s wait)
2024-02-28 11:29:19.529681 | > call 503 (1.658s wait)
2024-02-28 11:29:21.162687 | > call 504 (1.578s wait)
2024-02-28 11:29:22.463904 | > call 505 (1.248s wait)
2024-02-28 11:29:24.162429 | > call 506 (1.646s wait)
2024-02-28 11:29:25.609727 | > call 507 (1.391s wait)
2024-02-28 11:29:27.271776 | > call 508 (1.608s wait)
2024-02-28 11:29:28.782209 | > call 509 (1.451s wait)
2024-02-28 11:29:30.391449 | > call 510 (1.551s wait)
2024-02-28 11:29:31.908328 | > call 511 (1.463s wait)
2024-02-28 11:29:33.528877 | > call 512 (1.566s wait)
2024-02-28 11:29:35.009149 | > call 513 (1.427s wait)
2024-02-28 11:29:36.528709 | > call 514 (1.463s wait)
2024-02-28 11:29:37.917407 | > call 515 (1.332s wait)
2024-02-28 11:29:39.525596 | > call 516 (1.555s wait)
2024-02-28 11:29:41.072403 | > call 517 (1.495s wait)
2024-02-28 11:29:42.649889 | > call 518 (1.524s wait)
2024-02-28 11:29:44.324665 | > call 519 (1.622s wait)
2024-02-28 11:29:45.954733 | > call 520 (1.574s wait)
2024-02-28 11:29:47.303661 | > call 521 (1.297s wait)
2024-02-28 11:29:48.898036 | > call 522 (1.542s wait)
2024-02-28 11:29:50.368235 | > call 523 (1.417s wait)
2024-02-28 11:29:52.017938 | > call 524 (1.593s wait)
2024-02-28 11:29:53.559014 | > call 525 (1.487s wait)
2024-02-28 11:29:55.115447 | > call 526 (1.503s wait)
2024-02-28 11:29:56.697856 | > call 527 (1.528s wait)
2024-02-28 11:29:58.030393 | > call 528 (1.280s wait)
2024-02-28 11:29:59.527570 | > call 529 (1.445s wait)
2024-02-28 11:30:01.077423 | > call 530 (1.494s wait)
2024-02-28 11:30:02.513233 | > call 531 (1.377s wait)
2024-02-28 11:30:04.024451 | > call 532 (1.458s wait)
2024-02-28 11:30:05.555741 | > call 533 (1.477s wait)
2024-02-28 11:30:06.927313 | > call 534 (1.317s wait)
2024-02-28 11:30:08.524437 | > call 535 (1.544s wait)
2024-02-28 11:30:10.097455 | > call 536 (1.517s wait)
2024-02-28 11:30:11.523685 | > call 537 (1.373s wait)
2024-02-28 11:30:12.943636 | > call 538 (1.367s wait)
2024-02-28 11:30:14.396835 | > call 539 (1.401s wait)
2024-02-28 11:30:16.036071 | > call 540 (1.585s wait)
2024-02-28 11:30:17.460667 | > call 541 (1.372s wait)
2024-02-28 11:30:19.155190 | > call 542 (1.639s wait)
2024-02-28 11:30:20.597318 | > call 543 (1.388s wait)
2024-02-28 11:30:22.183590 | > call 544 (1.532s wait)
2024-02-28 11:30:23.835704 | > call 545 (1.598s wait)
2024-02-28 11:30:25.391820 | > call 546 (1.503s wait)
2024-02-28 11:30:26.816728 | > call 547 (1.362s wait)
2024-02-28 11:30:28.466230 | > call 548 (1.595s wait)
2024-02-28 11:30:30.030746 | > call 549 (1.512s wait)
2024-02-28 11:30:31.629530 | > call 550 (1.545s wait)
2024-02-28 11:30:33.165261 | > call 551 (1.477s wait)
2024-02-28 11:30:34.743978 | > call 552 (1.519s wait)
2024-02-28 11:30:36.143566 | > call 553 (1.341s wait)
2024-02-28 11:30:37.637310 | > call 554 (1.435s wait)
2024-02-28 11:30:39.113694 | > call 555 (1.421s wait)
2024-02-28 11:30:40.719085 | > call 556 (1.546s wait)
2024-02-28 11:30:42.200352 | > call 557 (1.422s wait)
2024-02-28 11:30:43.757941 | > call 558 (1.502s wait)
2024-02-28 11:30:45.293182 | > call 559 (1.476s wait)
2024-02-28 11:30:46.765514 | > call 560 (1.415s wait)
2024-02-28 11:30:48.113746 | > call 561 (1.295s wait)
2024-02-28 11:30:49.485916 | > call 562 (1.310s wait)
2024-02-28 11:30:51.192659 | > call 563 (1.652s wait)
2024-02-28 11:30:52.597277 | > call 564 (1.349s wait)
2024-02-28 11:30:53.978219 | > call 565 (1.324s wait)
2024-02-28 11:30:55.365597 | > call 566 (1.329s wait)
2024-02-28 11:30:56.621675 | > call 567 (1.199s wait)
2024-02-28 11:30:58.237198 | > call 568 (1.561s wait)
2024-02-28 11:30:59.616439 | > call 569 (1.325s wait)
2024-02-28 11:31:00.958478 | > call 570 (1.286s wait)
2024-02-28 11:31:02.495615 | > call 571 (1.484s wait)
2024-02-28 11:31:03.920096 | > call 572 (1.369s wait)
2024-02-28 11:31:05.502140 | > call 573 (1.528s wait)
2024-02-28 11:31:07.062321 | > call 574 (1.506s wait)
2024-02-28 11:31:08.620106 | > call 575 (1.503s wait)
2024-02-28 11:31:09.988787 | > call 576 (1.315s wait)
2024-02-28 11:31:11.589213 | > call 577 (1.546s wait)
2024-02-28 11:31:12.943510 | > call 578 (1.299s wait)
2024-02-28 11:31:14.489773 | > call 579 (1.491s wait)
2024-02-28 11:31:16.075159 | > call 580 (1.527s wait)
2024-02-28 11:31:17.498400 | > call 581 (1.370s wait)
2024-02-28 11:31:19.144787 | > call 582 (1.592s wait)
2024-02-28 11:31:20.842919 | > call 583 (1.635s wait)
2024-02-28 11:31:22.315719 | > call 584 (1.419s wait)
2024-02-28 11:31:23.904425 | > call 585 (1.535s wait)
2024-02-28 11:31:25.474549 | > call 586 (1.517s wait)
2024-02-28 11:31:27.044860 | > call 587 (1.513s wait)
2024-02-28 11:31:28.409042 | > call 588 (1.309s wait)
2024-02-28 11:31:29.992373 | > call 589 (1.518s wait)
2024-02-28 11:31:31.355828 | > call 590 (1.307s wait)
2024-02-28 11:31:32.777032 | > call 591 (1.367s wait)
2024-02-28 11:31:34.350872 | > call 592 (1.520s wait)
2024-02-28 11:31:35.588816 | > call 593 (1.186s wait)
2024-02-28 11:31:36.897007 | > call 594 (1.244s wait)
2024-02-28 11:31:38.356115 | > call 595 (1.402s wait)
2024-02-28 11:31:39.986324 | > call 596 (1.574s wait)
2024-02-28 11:31:41.372658 | > call 597 (1.328s wait)
2024-02-28 11:31:42.915730 | > call 598 (1.485s wait)
2024-02-28 11:31:44.401562 | > call 599 (1.431s wait)
2024-02-28 11:31:45.724373 | > call 600 (1.266s wait)
2024-02-28 11:31:47.244757 | > call 601 (1.459s wait)
2024-02-28 11:31:48.779680 | > call 602 (1.478s wait)
2024-02-28 11:31:50.315332 | > call 603 (1.476s wait)
2024-02-28 11:31:51.826467 | > call 604 (1.457s wait)
2024-02-28 11:31:53.420509 | > call 605 (1.532s wait)
2024-02-28 11:31:54.908255 | > call 606 (1.430s wait)
2024-02-28 11:31:56.316813 | > call 607 (1.348s wait)
2024-02-28 11:31:57.894476 | > call 608 (1.518s wait)
2024-02-28 11:31:59.433038 | > call 609 (1.481s wait)
2024-02-28 11:32:00.870424 | > call 610 (1.381s wait)
2024-02-28 11:32:02.602191 | > call 611 (1.672s wait)
2024-02-28 11:32:03.867623 | > call 612 (1.212s wait)
2024-02-28 11:32:05.146985 | > call 613 (1.206s wait)
2024-02-28 11:32:06.372780 | > call 614 (1.168s wait)
2024-02-28 11:32:07.886844 | > call 615 (1.451s wait)
2024-02-28 11:32:09.252574 | > call 616 (1.304s wait)
2024-02-28 11:32:10.677626 | > call 617 (1.363s wait)
2024-02-28 11:32:11.830324 | > call 618 (1.083s wait)
2024-02-28 11:32:12.979066 | > call 619 (1.079s wait)
2024-02-28 11:32:14.103925 | > call 620 (1.065s wait)
2024-02-28 11:32:15.543872 | > call 621 (1.378s wait)
2024-02-28 11:32:16.964120 | > call 622 (1.363s wait)
2024-02-28 11:32:18.322827 | > call 623 (1.286s wait)
2024-02-28 11:32:19.453768 | > call 624 (1.067s wait)
2024-02-28 11:32:20.891807 | > call 625 (1.343s wait)
2024-02-28 11:32:22.374350 | > call 626 (1.410s wait)
2024-02-28 11:32:23.561969 | > call 627 (1.120s wait)
2024-02-28 11:32:24.874645 | > call 628 (1.251s wait)
2024-02-28 11:32:26.252400 | > call 629 (1.322s wait)
2024-02-28 11:32:27.586989 | > call 630 (1.263s wait)
2024-02-28 11:32:28.909893 | > call 631 (1.262s wait)
2024-02-28 11:32:30.078271 | > call 632 (1.107s wait)
2024-02-28 11:32:31.440427 | > call 633 (1.305s wait)
2024-02-28 11:32:32.830447 | > call 634 (1.328s wait)
2024-02-28 11:32:34.260270 | > call 635 (1.372s wait)
2024-02-28 11:32:35.616146 | > call 636 (1.292s wait)
2024-02-28 11:32:36.748426 | > call 637 (1.073s wait)
2024-02-28 11:32:38.131260 | > call 638 (1.321s wait)
2024-02-28 11:32:39.575602 | > call 639 (1.384s wait)
2024-02-28 11:32:41.119073 | > call 640 (1.486s wait)
2024-02-28 11:32:42.735309 | > call 641 (1.542s wait)
2024-02-28 11:32:44.035545 | > call 642 (1.244s wait)
2024-02-28 11:32:45.713123 | > call 643 (1.615s wait)
2024-02-28 11:32:46.903342 | > call 644 (1.133s wait)
2024-02-28 11:32:48.551644 | > call 645 (1.585s wait)
2024-02-28 11:32:49.969239 | > call 646 (1.360s wait)
2024-02-28 11:32:51.484128 | > call 647 (1.458s wait)
2024-02-28 11:32:52.925444 | > call 648 (1.381s wait)
2024-02-28 11:32:54.455984 | > call 649 (1.464s wait)
2024-02-28 11:32:55.866969 | > call 650 (1.350s wait)
2024-02-28 11:32:57.240552 | > call 651 (1.307s wait)
2024-02-28 11:32:58.473243 | > call 652 (1.172s wait)
2024-02-28 11:32:59.243984 | > call 653 (0.707s wait)
2024-02-28 11:32:59.244369 | shutting down worker
2024-02-28 11:32:59.244519 | 
Total: 653 in 44.44s [user], 0.15s [system], 852.00s [elapsed]
