
SAMPLING FOR MODEL '175fb8677c4171d2ebc4b107cb469e03' NOW (CHAIN 1).
Chain 1: 
Chain 1: Gradient evaluation took 0.003016 seconds
Chain 1: 1000 transitions using 10 leapfrog steps per transition would take 30.16 seconds.
Chain 1: Adjust your expectations accordingly!
Chain 1: 
Chain 1: 
Chain 1: WARNING: There aren't enough warmup iterations to fit the
Chain 1:          three stages of adaptation as currently configured.
Chain 1:          Reducing each adaptation stage to 15%/75%/10% of
Chain 1:          the given number of warmup iterations:
Chain 1:            init_buffer = 15
Chain 1:            adapt_window = 75
Chain 1:            term_buffer = 10
Chain 1: 

SAMPLING FOR MODEL '175fb8677c4171d2ebc4b107cb469e03' NOW (CHAIN 2).
Chain 2: 
Chain 2: Gradient evaluation took 0.00296 seconds
Chain 2: 1000 transitions using 10 leapfrog steps per transition would take 29.6 seconds.
Chain 2: Adjust your expectations accordingly!
Chain 2: 
Chain 2: 
Chain 2: WARNING: There aren't enough warmup iterations to fit the
Chain 2:          three stages of adaptation as currently configured.
Chain 2:          Reducing each adaptation stage to 15%/75%/10% of
Chain 2:          the given number of warmup iterations:
Chain 2:            init_buffer = 15
Chain 2:            adapt_window = 75
Chain 2:            term_buffer = 10
Chain 2: 

SAMPLING FOR MODEL '175fb8677c4171d2ebc4b107cb469e03' NOW (CHAIN 3).
Chain 3: 
Chain 3: Gradient evaluation took 0.002994 seconds
Chain 3: 1000 transitions using 10 leapfrog steps per transition would take 29.94 seconds.
Chain 3: Adjust your expectations accordingly!
Chain 3: 
Chain 3: 
Chain 3: WARNING: There aren't enough warmup iterations to fit the
Chain 3:          three stages of adaptation as currently configured.
Chain 3:          Reducing each adaptation stage to 15%/75%/10% of
Chain 3:          the given number of warmup iterations:
Chain 3:            init_buffer = 15
Chain 3:            adapt_window = 75
Chain 3:            term_buffer = 10
Chain 3: 

SAMPLING FOR MODEL '175fb8677c4171d2ebc4b107cb469e03' NOW (CHAIN 4).
Chain 4: 
Chain 4: Gradient evaluation took 0.003062 seconds
Chain 4: 1000 transitions using 10 leapfrog steps per transition would take 30.62 seconds.
Chain 4: Adjust your expectations accordingly!
Chain 4: 
Chain 4: 
Chain 4: WARNING: There aren't enough warmup iterations to fit the
Chain 4:          three stages of adaptation as currently configured.
Chain 4:          Reducing each adaptation stage to 15%/75%/10% of
Chain 4:          the given number of warmup iterations:
Chain 4:            init_buffer = 15
Chain 4:            adapt_window = 75
Chain 4:            term_buffer = 10
Chain 4: 
Chain 1: Iteration:   1 / 500 [  0%]  (Warmup)
Chain 2: Iteration:   1 / 500 [  0%]  (Warmup)
Chain 3: Iteration:   1 / 500 [  0%]  (Warmup)
Chain 4: Iteration:   1 / 500 [  0%]  (Warmup)
Chain 2: Iteration:  50 / 500 [ 10%]  (Warmup)
Chain 4: Iteration:  50 / 500 [ 10%]  (Warmup)
Chain 1: Iteration:  50 / 500 [ 10%]  (Warmup)
Chain 4: Iteration: 100 / 500 [ 20%]  (Warmup)
Chain 4: Iteration: 101 / 500 [ 20%]  (Sampling)
Chain 3: Iteration:  50 / 500 [ 10%]  (Warmup)
Chain 2: Iteration: 100 / 500 [ 20%]  (Warmup)
Chain 2: Iteration: 101 / 500 [ 20%]  (Sampling)
Chain 1: Iteration: 100 / 500 [ 20%]  (Warmup)
Chain 1: Iteration: 101 / 500 [ 20%]  (Sampling)
Chain 4: Iteration: 150 / 500 [ 30%]  (Sampling)
Chain 3: Iteration: 100 / 500 [ 20%]  (Warmup)
Chain 3: Iteration: 101 / 500 [ 20%]  (Sampling)
Chain 2: Iteration: 150 / 500 [ 30%]  (Sampling)
Chain 1: Iteration: 150 / 500 [ 30%]  (Sampling)
Chain 4: Iteration: 200 / 500 [ 40%]  (Sampling)
Chain 3: Iteration: 150 / 500 [ 30%]  (Sampling)
Chain 2: Iteration: 200 / 500 [ 40%]  (Sampling)
Chain 1: Iteration: 200 / 500 [ 40%]  (Sampling)
Chain 4: Iteration: 250 / 500 [ 50%]  (Sampling)
Chain 3: Iteration: 200 / 500 [ 40%]  (Sampling)
Chain 2: Iteration: 250 / 500 [ 50%]  (Sampling)
Chain 1: Iteration: 250 / 500 [ 50%]  (Sampling)
Chain 4: Iteration: 300 / 500 [ 60%]  (Sampling)
Chain 2: Iteration: 300 / 500 [ 60%]  (Sampling)
Chain 3: Iteration: 250 / 500 [ 50%]  (Sampling)
Chain 1: Iteration: 300 / 500 [ 60%]  (Sampling)
Chain 4: Iteration: 350 / 500 [ 70%]  (Sampling)
Chain 2: Iteration: 350 / 500 [ 70%]  (Sampling)
Chain 3: Iteration: 300 / 500 [ 60%]  (Sampling)
Chain 1: Iteration: 350 / 500 [ 70%]  (Sampling)
Chain 4: Iteration: 400 / 500 [ 80%]  (Sampling)
Chain 2: Iteration: 400 / 500 [ 80%]  (Sampling)
Chain 3: Iteration: 350 / 500 [ 70%]  (Sampling)
Chain 1: Iteration: 400 / 500 [ 80%]  (Sampling)
Chain 4: Iteration: 450 / 500 [ 90%]  (Sampling)
Chain 3: Iteration: 400 / 500 [ 80%]  (Sampling)
Chain 2: Iteration: 450 / 500 [ 90%]  (Sampling)
Chain 1: Iteration: 450 / 500 [ 90%]  (Sampling)
Chain 4: Iteration: 500 / 500 [100%]  (Sampling)
Chain 4: 
Chain 4:  Elapsed Time: 34.0637 seconds (Warm-up)
Chain 4:                578.198 seconds (Sampling)
Chain 4:                612.262 seconds (Total)
Chain 4: 
Chain 2: Iteration: 500 / 500 [100%]  (Sampling)
Chain 2: 
Chain 2:  Elapsed Time: 52.3977 seconds (Warm-up)
Chain 2:                584.899 seconds (Sampling)
Chain 2:                637.297 seconds (Total)
Chain 2: 
Chain 3: Iteration: 450 / 500 [ 90%]  (Sampling)
Chain 1: Iteration: 500 / 500 [100%]  (Sampling)
Chain 1: 
Chain 1:  Elapsed Time: 75.6865 seconds (Warm-up)
Chain 1:                603.06 seconds (Sampling)
Chain 1:                678.747 seconds (Total)
Chain 1: 
Chain 3: Iteration: 500 / 500 [100%]  (Sampling)
Chain 3: 
Chain 3:  Elapsed Time: 105.837 seconds (Warm-up)
Chain 3:                607.779 seconds (Sampling)
Chain 3:                713.616 seconds (Total)
Chain 3: 
[1] "ssfBrms"
[1] "ssfBrms --- Done"
[1] "areaBrms"
[1] "areaBrms --- Done"
[1] "poisBrms"
[1] "poisBrms --- Done"
[1] "twoStepBrms"
[1] "twoStepBrms --- Done"
2024-02-28 11:32:36.314175 | > call 4 (1.428s wait)
2024-02-28 11:32:38.974555 | > call 5 (0.340s wait)
2024-02-28 11:32:42.118432 | > call 6 (0.955s wait)
2024-02-28 11:32:44.947606 | > call 7 (0.650s wait)
2024-02-28 11:32:47.779216 | > call 8 (0.640s wait)
2024-02-28 11:32:50.725881 | > call 9 (0.781s wait)
2024-02-28 11:32:53.824023 | > call 10 (0.871s wait)
2024-02-28 11:32:56.859147 | > call 11 (0.883s wait)
2024-02-28 11:32:59.241430 | > call 12 (0.214s wait)
2024-02-28 11:32:59.241943 | shutting down worker
2024-02-28 11:32:59.242113 | 
Total: 12 in 96.60s [user], 2.82s [system], 852.10s [elapsed]
There were 15 warnings (use warnings() to see them)
