2024-02-28 11:18:47.692464 | Master: tcp://nd85ed30123f4:9234
2024-02-28 11:18:47.695202 | connecting to: tcp://nd85ed30123f4:9234
2024-02-28 11:18:48.180541 | > call 1 (0.446s wait)
2024-02-28 11:18:49.390321 | > call 2 (0.729s wait)
2024-02-28 11:18:50.732088 | > call 3 (1.285s wait)
2024-02-28 11:18:52.011618 | > call 4 (1.199s wait)
2024-02-28 11:18:53.203274 | > call 5 (1.110s wait)
2024-02-28 11:18:54.486982 | > call 6 (1.221s wait)
2024-02-28 11:18:55.618785 | > call 7 (1.071s wait)
2024-02-28 11:18:56.787166 | > call 8 (1.111s wait)
2024-02-28 11:18:58.036918 | > call 9 (1.186s wait)
2024-02-28 11:18:59.205481 | > call 10 (1.111s wait)
2024-02-28 11:19:00.440082 | > call 11 (1.179s wait)
2024-02-28 11:19:01.879774 | > call 12 (1.383s wait)
2024-02-28 11:19:03.013121 | > call 13 (1.075s wait)
2024-02-28 11:19:04.313187 | > call 14 (1.239s wait)
2024-02-28 11:19:05.490088 | > call 15 (1.116s wait)
2024-02-28 11:19:06.747773 | > call 16 (1.200s wait)
2024-02-28 11:19:07.901417 | > call 17 (1.093s wait)
2024-02-28 11:19:09.247073 | > call 18 (1.282s wait)
2024-02-28 11:19:10.461929 | > call 19 (1.161s wait)
2024-02-28 11:19:11.780960 | > call 20 (1.261s wait)
2024-02-28 11:19:12.969173 | > call 21 (1.133s wait)
2024-02-28 11:19:14.284618 | > call 22 (1.262s wait)
2024-02-28 11:19:15.737149 | > call 23 (1.401s wait)
2024-02-28 11:19:16.878494 | > call 24 (1.088s wait)
2024-02-28 11:19:18.201108 | > call 25 (1.269s wait)
2024-02-28 11:19:19.504504 | > call 26 (1.249s wait)
2024-02-28 11:19:20.639649 | > call 27 (1.081s wait)
2024-02-28 11:19:21.858513 | > call 28 (1.165s wait)
2024-02-28 11:19:23.030874 | > call 29 (1.117s wait)
2024-02-28 11:19:24.007209 | > call 30 (0.921s wait)
2024-02-28 11:19:25.223999 | > call 31 (1.151s wait)
2024-02-28 11:19:26.433970 | > call 32 (1.148s wait)
2024-02-28 11:19:27.472549 | > call 33 (0.973s wait)
2024-02-28 11:19:28.683441 | > call 34 (1.155s wait)
2024-02-28 11:19:29.751088 | > call 35 (1.015s wait)
2024-02-28 11:19:31.119535 | > call 36 (1.314s wait)
2024-02-28 11:19:32.411351 | > call 37 (1.220s wait)
2024-02-28 11:19:33.702014 | > call 38 (1.220s wait)
2024-02-28 11:19:35.018075 | > call 39 (1.237s wait)
2024-02-28 11:19:36.200424 | > call 40 (1.109s wait)
2024-02-28 11:19:37.342430 | > call 41 (1.073s wait)
2024-02-28 11:19:38.683743 | > call 42 (1.268s wait)
2024-02-28 11:19:40.041455 | > call 43 (1.280s wait)
2024-02-28 11:19:41.288433 | > call 44 (1.171s wait)
2024-02-28 11:19:42.512388 | > call 45 (1.150s wait)
2024-02-28 11:19:43.929809 | > call 46 (1.340s wait)
2024-02-28 11:19:45.170471 | > call 47 (1.170s wait)
2024-02-28 11:19:46.229612 | > call 48 (0.985s wait)
2024-02-28 11:19:47.494289 | > call 49 (1.190s wait)
2024-02-28 11:19:48.638200 | > call 50 (1.074s wait)
2024-02-28 11:19:49.903224 | > call 51 (1.190s wait)
2024-02-28 11:19:51.118233 | > call 52 (1.139s wait)
2024-02-28 11:19:52.382911 | > call 53 (1.184s wait)
2024-02-28 11:19:53.556250 | > call 54 (1.102s wait)
2024-02-28 11:19:54.811036 | > call 55 (1.181s wait)
2024-02-28 11:19:55.997693 | > call 56 (1.114s wait)
2024-02-28 11:19:57.288940 | > call 57 (1.218s wait)
2024-02-28 11:19:58.537613 | > call 58 (1.179s wait)
2024-02-28 11:19:59.565424 | > call 59 (0.953s wait)
2024-02-28 11:20:00.843715 | > call 60 (1.204s wait)
2024-02-28 11:20:01.946597 | > call 61 (1.031s wait)
2024-02-28 11:20:03.212054 | > call 62 (1.195s wait)
2024-02-28 11:20:04.402202 | > call 63 (1.116s wait)
2024-02-28 11:20:05.581777 | > call 64 (1.106s wait)
2024-02-28 11:20:06.865904 | > call 65 (1.205s wait)
2024-02-28 11:20:08.009181 | > call 66 (1.066s wait)
2024-02-28 11:20:09.151199 | > call 67 (1.065s wait)
2024-02-28 11:20:10.179822 | > call 68 (0.958s wait)
2024-02-28 11:20:11.156327 | > call 69 (0.886s wait)
2024-02-28 11:20:12.470394 | > call 70 (1.239s wait)
2024-02-28 11:20:13.705070 | > call 71 (1.164s wait)
2024-02-28 11:20:14.904028 | > call 72 (1.125s wait)
2024-02-28 11:20:16.081493 | > call 73 (1.106s wait)
2024-02-28 11:20:17.279073 | > call 74 (1.127s wait)
2024-02-28 11:20:18.414510 | > call 75 (1.059s wait)
2024-02-28 11:20:19.705358 | > call 76 (1.196s wait)
2024-02-28 11:20:20.929504 | > call 77 (1.145s wait)
2024-02-28 11:20:22.283071 | > call 78 (1.282s wait)
2024-02-28 11:20:23.379688 | > call 79 (1.020s wait)
2024-02-28 11:20:24.752137 | > call 80 (1.300s wait)
2024-02-28 11:20:25.944272 | > call 81 (1.116s wait)
2024-02-28 11:20:27.184475 | > call 82 (1.160s wait)
2024-02-28 11:20:28.586792 | > call 83 (1.326s wait)
2024-02-28 11:20:29.692335 | > call 84 (1.028s wait)
2024-02-28 11:20:30.688253 | > call 85 (0.910s wait)
2024-02-28 11:20:32.082394 | > call 86 (1.321s wait)
2024-02-28 11:20:33.258170 | > call 87 (1.098s wait)
2024-02-28 11:20:34.515550 | > call 88 (1.181s wait)
2024-02-28 11:20:35.758116 | > call 89 (1.171s wait)
2024-02-28 11:20:37.003916 | > call 90 (1.150s wait)
2024-02-28 11:20:38.156385 | > call 91 (1.046s wait)
2024-02-28 11:20:39.522878 | > call 92 (1.279s wait)
2024-02-28 11:20:40.749612 | > call 93 (1.144s wait)
2024-02-28 11:20:42.000754 | > call 94 (1.173s wait)
2024-02-28 11:20:43.239113 | > call 95 (1.158s wait)
2024-02-28 11:20:44.237457 | > call 96 (0.915s wait)
2024-02-28 11:20:45.506837 | > call 97 (1.181s wait)
2024-02-28 11:20:46.701116 | > call 98 (1.111s wait)
2024-02-28 11:20:48.021623 | > call 99 (1.241s wait)
2024-02-28 11:20:49.294939 | > call 100 (1.203s wait)
2024-02-28 11:20:50.458148 | > call 101 (1.084s wait)
2024-02-28 11:20:51.635664 | > call 102 (1.096s wait)
2024-02-28 11:20:52.788242 | > call 103 (1.067s wait)
2024-02-28 11:20:54.073417 | > call 104 (1.186s wait)
2024-02-28 11:20:55.103270 | > call 105 (0.932s wait)
2024-02-28 11:20:56.374715 | > call 106 (1.167s wait)
2024-02-28 11:20:57.592689 | > call 107 (1.131s wait)
2024-02-28 11:20:58.943325 | > call 108 (1.266s wait)
2024-02-28 11:21:00.114096 | > call 109 (1.089s wait)
2024-02-28 11:21:01.381049 | > call 110 (1.171s wait)
2024-02-28 11:21:02.735780 | > call 111 (1.271s wait)
2024-02-28 11:21:04.180877 | > call 112 (1.361s wait)
2024-02-28 11:21:05.468313 | > call 113 (1.203s wait)
2024-02-28 11:21:06.741772 | > call 114 (1.192s wait)
2024-02-28 11:21:08.023685 | > call 115 (1.197s wait)
2024-02-28 11:21:09.211366 | > call 116 (1.101s wait)
2024-02-28 11:21:10.473282 | > call 117 (1.171s wait)
2024-02-28 11:21:11.818311 | > call 118 (1.263s wait)
2024-02-28 11:21:13.086993 | > call 119 (1.188s wait)
2024-02-28 11:21:14.291978 | > call 120 (1.135s wait)
2024-02-28 11:21:15.321016 | > call 121 (0.957s wait)
2024-02-28 11:21:16.500013 | > call 122 (1.106s wait)
2024-02-28 11:21:17.650999 | > call 123 (1.075s wait)
2024-02-28 11:21:18.857546 | > call 124 (1.134s wait)
2024-02-28 11:21:20.020151 | > call 125 (1.090s wait)
2024-02-28 11:21:21.235008 | > call 126 (1.138s wait)
2024-02-28 11:21:22.512166 | > call 127 (1.198s wait)
2024-02-28 11:21:23.908478 | > call 128 (1.326s wait)
2024-02-28 11:21:25.138522 | > call 129 (1.158s wait)
2024-02-28 11:21:26.303211 | > call 130 (1.092s wait)
2024-02-28 11:21:27.513899 | > call 131 (1.140s wait)
2024-02-28 11:21:28.704650 | > call 132 (1.116s wait)
2024-02-28 11:21:30.034714 | > call 133 (1.254s wait)
2024-02-28 11:21:31.215346 | > call 134 (1.109s wait)
2024-02-28 11:21:32.419260 | > call 135 (1.129s wait)
2024-02-28 11:21:33.760559 | > call 136 (1.269s wait)
2024-02-28 11:21:34.999911 | > call 137 (1.168s wait)
2024-02-28 11:21:36.389858 | > call 138 (1.311s wait)
2024-02-28 11:21:37.537436 | > call 139 (1.067s wait)
2024-02-28 11:21:38.859778 | > call 140 (1.250s wait)
2024-02-28 11:21:40.183197 | > call 141 (1.254s wait)
2024-02-28 11:21:41.451059 | > call 142 (1.194s wait)
2024-02-28 11:21:42.486760 | > call 143 (0.964s wait)
2024-02-28 11:21:43.832584 | > call 144 (1.274s wait)
2024-02-28 11:21:44.942414 | > call 145 (1.026s wait)
2024-02-28 11:21:46.125294 | > call 146 (1.097s wait)
2024-02-28 11:21:47.304182 | > call 147 (1.086s wait)
2024-02-28 11:21:48.586997 | > call 148 (1.206s wait)
2024-02-28 11:21:49.726870 | > call 149 (1.072s wait)
2024-02-28 11:21:50.900079 | > call 150 (1.101s wait)
2024-02-28 11:21:52.177867 | > call 151 (1.198s wait)
2024-02-28 11:21:53.357636 | > call 152 (1.107s wait)
2024-02-28 11:21:54.654162 | > call 153 (1.222s wait)
2024-02-28 11:21:55.878335 | > call 154 (1.150s wait)
2024-02-28 11:21:57.218888 | > call 155 (1.273s wait)
2024-02-28 11:21:58.384946 | > call 156 (1.097s wait)
2024-02-28 11:21:59.638449 | > call 157 (1.179s wait)
2024-02-28 11:22:00.922929 | > call 158 (1.213s wait)
2024-02-28 11:22:02.334613 | > call 159 (1.342s wait)
2024-02-28 11:22:03.543411 | > call 160 (1.136s wait)
2024-02-28 11:22:04.816322 | > call 161 (1.203s wait)
2024-02-28 11:22:06.085227 | > call 162 (1.197s wait)
2024-02-28 11:22:07.183045 | > call 163 (1.027s wait)
2024-02-28 11:22:08.341632 | > call 164 (1.090s wait)
2024-02-28 11:22:09.632359 | > call 165 (1.218s wait)
2024-02-28 11:22:10.838702 | > call 166 (1.138s wait)
2024-02-28 11:22:12.134909 | > call 167 (1.225s wait)
2024-02-28 11:22:13.231004 | > call 168 (1.019s wait)
2024-02-28 11:22:14.580888 | > call 169 (1.274s wait)
2024-02-28 11:22:15.655550 | > call 170 (1.005s wait)
2024-02-28 11:22:16.959056 | > call 171 (1.229s wait)
2024-02-28 11:22:18.241460 | > call 172 (1.204s wait)
2024-02-28 11:22:19.371401 | > call 173 (1.057s wait)
2024-02-28 11:22:20.516719 | > call 174 (1.072s wait)
2024-02-28 11:22:21.748595 | > call 175 (1.152s wait)
2024-02-28 11:22:22.934695 | > call 176 (1.113s wait)
2024-02-28 11:22:24.284702 | > call 177 (1.267s wait)
2024-02-28 11:22:25.606060 | > call 178 (1.221s wait)
2024-02-28 11:22:26.815451 | > call 179 (1.129s wait)
2024-02-28 11:22:27.944085 | > call 180 (1.051s wait)
2024-02-28 11:22:29.176247 | > call 181 (1.148s wait)
2024-02-28 11:22:30.443769 | > call 182 (1.180s wait)
2024-02-28 11:22:31.659687 | > call 183 (1.132s wait)
2024-02-28 11:22:32.865015 | > call 184 (1.125s wait)
2024-02-28 11:22:34.097859 | > call 185 (1.148s wait)
2024-02-28 11:22:35.526057 | > call 186 (1.346s wait)
2024-02-28 11:22:36.779432 | > call 187 (1.171s wait)
2024-02-28 11:22:38.106917 | > call 188 (1.245s wait)
2024-02-28 11:22:39.417991 | > call 189 (1.230s wait)
2024-02-28 11:22:40.583219 | > call 190 (1.084s wait)
2024-02-28 11:22:41.900815 | > call 191 (1.240s wait)
2024-02-28 11:22:43.083824 | > call 192 (1.106s wait)
2024-02-28 11:22:44.421656 | > call 193 (1.260s wait)
2024-02-28 11:22:45.657420 | > call 194 (1.169s wait)
2024-02-28 11:22:46.779062 | > call 195 (1.049s wait)
2024-02-28 11:22:47.889304 | > call 196 (1.036s wait)
2024-02-28 11:22:49.022675 | > call 197 (1.061s wait)
2024-02-28 11:22:50.166436 | > call 198 (1.061s wait)
2024-02-28 11:22:51.341547 | > call 199 (1.097s wait)
2024-02-28 11:22:52.530404 | > call 200 (1.123s wait)
2024-02-28 11:22:53.878042 | > call 201 (1.277s wait)
2024-02-28 11:22:54.990624 | > call 202 (1.047s wait)
2024-02-28 11:22:56.180171 | > call 203 (1.121s wait)
2024-02-28 11:22:57.240835 | > call 204 (0.987s wait)
2024-02-28 11:22:58.438941 | > call 205 (1.131s wait)
2024-02-28 11:22:59.663928 | > call 206 (1.152s wait)
2024-02-28 11:23:00.855944 | > call 207 (1.126s wait)
2024-02-28 11:23:01.951767 | > call 208 (1.022s wait)
2024-02-28 11:23:02.969889 | > call 209 (0.946s wait)
2024-02-28 11:23:04.233247 | > call 210 (1.195s wait)
2024-02-28 11:23:05.478220 | > call 211 (1.179s wait)
2024-02-28 11:23:06.750084 | > call 212 (1.202s wait)
2024-02-28 11:23:08.091122 | > call 213 (1.275s wait)
2024-02-28 11:23:09.286643 | > call 214 (1.129s wait)
2024-02-28 11:23:10.478067 | > call 215 (1.112s wait)
2024-02-28 11:23:11.768261 | > call 216 (1.212s wait)
2024-02-28 11:23:13.099247 | > call 217 (1.253s wait)
2024-02-28 11:23:14.398384 | > call 218 (1.227s wait)
2024-02-28 11:23:15.642689 | > call 219 (1.169s wait)
2024-02-28 11:23:16.729548 | > call 220 (1.018s wait)
2024-02-28 11:23:17.905329 | > call 221 (1.108s wait)
2024-02-28 11:23:19.112898 | > call 222 (1.139s wait)
2024-02-28 11:23:20.486968 | > call 223 (1.304s wait)
2024-02-28 11:23:21.862768 | > call 224 (1.308s wait)
2024-02-28 11:23:23.007278 | > call 225 (1.076s wait)
2024-02-28 11:23:24.207146 | > call 226 (1.131s wait)
2024-02-28 11:23:25.375230 | > call 227 (1.099s wait)
2024-02-28 11:23:26.621589 | > call 228 (1.177s wait)
2024-02-28 11:23:27.899071 | > call 229 (1.207s wait)
2024-02-28 11:23:28.997917 | > call 230 (1.024s wait)
2024-02-28 11:23:30.290894 | > call 231 (1.223s wait)
2024-02-28 11:23:31.588046 | > call 232 (1.217s wait)
2024-02-28 11:23:32.806037 | > call 233 (1.141s wait)
2024-02-28 11:23:34.179465 | > call 234 (1.301s wait)
2024-02-28 11:23:35.466991 | > call 235 (1.218s wait)
2024-02-28 11:23:36.731886 | > call 236 (1.195s wait)
2024-02-28 11:23:37.865201 | > call 237 (1.057s wait)
2024-02-28 11:23:38.975100 | > call 238 (1.030s wait)
2024-02-28 11:23:40.173731 | > call 239 (1.124s wait)
2024-02-28 11:23:41.518477 | > call 240 (1.274s wait)
2024-02-28 11:23:42.789504 | > call 241 (1.202s wait)
2024-02-28 11:23:44.101933 | > call 242 (1.247s wait)
2024-02-28 11:23:45.100886 | > call 243 (0.934s wait)
2024-02-28 11:23:46.302120 | > call 244 (1.132s wait)
2024-02-28 11:23:47.505545 | > call 245 (1.122s wait)
2024-02-28 11:23:48.715331 | > call 246 (1.141s wait)
2024-02-28 11:23:49.793412 | > call 247 (1.007s wait)
2024-02-28 11:23:51.071693 | > call 248 (1.200s wait)
2024-02-28 11:23:52.313655 | > call 249 (1.168s wait)
2024-02-28 11:23:53.423197 | > call 250 (1.033s wait)
2024-02-28 11:23:54.650682 | > call 251 (1.157s wait)
2024-02-28 11:23:55.846623 | > call 252 (1.122s wait)
2024-02-28 11:23:57.155623 | > call 253 (1.234s wait)
2024-02-28 11:23:58.482846 | > call 254 (1.237s wait)
2024-02-28 11:23:59.815399 | > call 255 (1.245s wait)
2024-02-28 11:24:00.977676 | > call 256 (1.080s wait)
2024-02-28 11:24:02.313624 | > call 257 (1.261s wait)
2024-02-28 11:24:03.438746 | > call 258 (1.048s wait)
2024-02-28 11:24:04.789463 | > call 259 (1.276s wait)
2024-02-28 11:24:05.936919 | > call 260 (1.073s wait)
2024-02-28 11:24:07.116487 | > call 261 (1.096s wait)
2024-02-28 11:24:08.224074 | > call 262 (1.027s wait)
2024-02-28 11:24:09.653714 | > call 263 (1.349s wait)
2024-02-28 11:24:10.870476 | > call 264 (1.138s wait)
2024-02-28 11:24:12.283850 | > call 265 (1.328s wait)
2024-02-28 11:24:13.582215 | > call 266 (1.221s wait)
2024-02-28 11:24:14.793678 | > call 267 (1.129s wait)
2024-02-28 11:24:16.078408 | > call 268 (1.206s wait)
2024-02-28 11:24:17.166108 | > call 269 (1.018s wait)
2024-02-28 11:24:18.353719 | > call 270 (1.120s wait)
2024-02-28 11:24:19.436702 | > call 271 (1.012s wait)
2024-02-28 11:24:20.628657 | > call 272 (1.123s wait)
2024-02-28 11:24:21.925650 | > call 273 (1.223s wait)
2024-02-28 11:24:23.098255 | > call 274 (1.099s wait)
2024-02-28 11:24:24.436404 | > call 275 (1.268s wait)
2024-02-28 11:24:25.537173 | > call 276 (1.022s wait)
2024-02-28 11:24:26.754405 | > call 277 (1.146s wait)
2024-02-28 11:24:27.926622 | > call 278 (1.104s wait)
2024-02-28 11:24:29.007445 | > call 279 (1.008s wait)
2024-02-28 11:24:30.197115 | > call 280 (1.117s wait)
2024-02-28 11:24:31.423586 | > call 281 (1.153s wait)
2024-02-28 11:24:32.575332 | > call 282 (1.082s wait)
2024-02-28 11:24:33.821332 | > call 283 (1.166s wait)
2024-02-28 11:24:34.867252 | > call 284 (0.976s wait)
2024-02-28 11:24:36.091625 | > call 285 (1.154s wait)
2024-02-28 11:24:37.207629 | > call 286 (1.043s wait)
2024-02-28 11:24:38.515017 | > call 287 (1.229s wait)
2024-02-28 11:24:39.812480 | > call 288 (1.223s wait)
2024-02-28 11:24:40.998032 | > call 289 (1.114s wait)
2024-02-28 11:24:42.250715 | > call 290 (1.183s wait)
2024-02-28 11:24:43.491451 | > call 291 (1.169s wait)
2024-02-28 11:24:44.580826 | > call 292 (1.021s wait)
2024-02-28 11:24:45.748065 | > call 293 (1.088s wait)
2024-02-28 11:24:46.864440 | > call 294 (1.044s wait)
2024-02-28 11:24:48.200428 | > call 295 (1.266s wait)
2024-02-28 11:24:49.415824 | > call 296 (1.144s wait)
2024-02-28 11:24:50.541161 | > call 297 (1.049s wait)
2024-02-28 11:24:51.596627 | > call 298 (0.971s wait)
2024-02-28 11:24:52.855779 | > call 299 (1.177s wait)
2024-02-28 11:24:54.155092 | > call 300 (1.212s wait)
2024-02-28 11:24:55.470935 | > call 301 (1.239s wait)
2024-02-28 11:24:56.867975 | > call 302 (1.323s wait)
2024-02-28 11:24:58.135217 | > call 303 (1.192s wait)
2024-02-28 11:24:59.357036 | > call 304 (1.147s wait)
2024-02-28 11:25:00.561023 | > call 305 (1.130s wait)
2024-02-28 11:25:01.780155 | > call 306 (1.146s wait)
2024-02-28 11:25:02.951623 | > call 307 (1.102s wait)
2024-02-28 11:25:04.269001 | > call 308 (1.243s wait)
2024-02-28 11:25:05.330188 | > call 309 (0.986s wait)
2024-02-28 11:25:06.453980 | > call 310 (1.050s wait)
2024-02-28 11:25:07.634044 | > call 311 (1.102s wait)
2024-02-28 11:25:08.897526 | > call 312 (1.194s wait)
2024-02-28 11:25:10.098811 | > call 313 (1.133s wait)
2024-02-28 11:25:11.468916 | > call 314 (1.297s wait)
2024-02-28 11:25:12.495558 | > call 315 (0.952s wait)
2024-02-28 11:25:13.660888 | > call 316 (1.095s wait)
2024-02-28 11:25:14.840906 | > call 317 (1.108s wait)
2024-02-28 11:25:16.101158 | > call 318 (1.192s wait)
2024-02-28 11:25:17.345529 | > call 319 (1.175s wait)
2024-02-28 11:25:18.526718 | > call 320 (1.114s wait)
2024-02-28 11:25:19.966506 | > call 321 (1.365s wait)
2024-02-28 11:25:21.193166 | > call 322 (1.159s wait)
2024-02-28 11:25:22.498832 | > call 323 (1.234s wait)
2024-02-28 11:25:23.829636 | > call 324 (1.262s wait)
2024-02-28 11:25:25.114248 | > call 325 (1.218s wait)
2024-02-28 11:25:26.334829 | > call 326 (1.154s wait)
2024-02-28 11:25:27.563208 | > call 327 (1.167s wait)
2024-02-28 11:25:28.689347 | > call 328 (1.062s wait)
2024-02-28 11:25:29.944897 | > call 329 (1.192s wait)
2024-02-28 11:25:31.142401 | > call 330 (1.131s wait)
2024-02-28 11:25:32.368681 | > call 331 (1.160s wait)
2024-02-28 11:25:33.511778 | > call 332 (1.077s wait)
2024-02-28 11:25:34.761496 | > call 333 (1.184s wait)
2024-02-28 11:25:35.812580 | > call 334 (0.985s wait)
2024-02-28 11:25:37.026144 | > call 335 (1.140s wait)
2024-02-28 11:25:38.156387 | > call 336 (1.065s wait)
2024-02-28 11:25:39.458301 | > call 337 (1.237s wait)
2024-02-28 11:25:40.491950 | > call 338 (0.970s wait)
2024-02-28 11:25:41.818185 | > call 339 (1.263s wait)
2024-02-28 11:25:43.176399 | > call 340 (1.298s wait)
2024-02-28 11:25:44.438273 | > call 341 (1.203s wait)
2024-02-28 11:25:45.607299 | > call 342 (1.107s wait)
2024-02-28 11:25:46.862498 | > call 343 (1.195s wait)
2024-02-28 11:25:48.012631 | > call 344 (1.091s wait)
2024-02-28 11:25:49.288787 | > call 345 (1.208s wait)
2024-02-28 11:25:50.477860 | > call 346 (1.122s wait)
2024-02-28 11:25:51.642293 | > call 347 (1.094s wait)
2024-02-28 11:25:52.875355 | > call 348 (1.164s wait)
2024-02-28 11:25:54.161737 | > call 349 (1.219s wait)
2024-02-28 11:25:55.282402 | > call 350 (1.054s wait)
2024-02-28 11:25:56.567759 | > call 351 (1.219s wait)
2024-02-28 11:25:57.725077 | > call 352 (1.092s wait)
2024-02-28 11:25:58.900254 | > call 353 (1.109s wait)
2024-02-28 11:26:00.159680 | > call 354 (1.190s wait)
2024-02-28 11:26:01.441379 | > call 355 (1.211s wait)
2024-02-28 11:26:02.674748 | > call 356 (1.165s wait)
2024-02-28 11:26:04.067437 | > call 357 (1.315s wait)
2024-02-28 11:26:05.182553 | > call 358 (1.051s wait)
2024-02-28 11:26:06.338833 | > call 359 (1.091s wait)
2024-02-28 11:26:07.719484 | > call 360 (1.311s wait)
2024-02-28 11:26:08.859189 | > call 361 (1.069s wait)
2024-02-28 11:26:09.936242 | > call 362 (1.007s wait)
2024-02-28 11:26:11.024150 | > call 363 (1.026s wait)
2024-02-28 11:26:12.318193 | > call 364 (1.230s wait)
2024-02-28 11:26:13.555150 | > call 365 (1.168s wait)
2024-02-28 11:26:14.776884 | > call 366 (1.161s wait)
2024-02-28 11:26:16.053529 | > call 367 (1.212s wait)
2024-02-28 11:26:17.230308 | > call 368 (1.113s wait)
2024-02-28 11:26:18.459755 | > call 369 (1.169s wait)
2024-02-28 11:26:19.604075 | > call 370 (1.080s wait)
2024-02-28 11:26:20.716829 | > call 371 (1.050s wait)
2024-02-28 11:26:22.001404 | > call 372 (1.211s wait)
2024-02-28 11:26:23.155287 | > call 373 (1.078s wait)
2024-02-28 11:26:24.421631 | > call 374 (1.205s wait)
2024-02-28 11:26:25.532614 | > call 375 (1.052s wait)
2024-02-28 11:26:26.694202 | > call 376 (1.101s wait)
2024-02-28 11:26:27.728382 | > call 377 (0.969s wait)
2024-02-28 11:26:28.785677 | > call 378 (0.993s wait)
2024-02-28 11:26:30.128608 | > call 379 (1.281s wait)
2024-02-28 11:26:31.374052 | > call 380 (1.182s wait)
2024-02-28 11:26:32.445034 | > call 381 (1.000s wait)
2024-02-28 11:26:33.287126 | > call 382 (0.784s wait)
2024-02-28 11:26:34.657400 | > call 383 (1.310s wait)
2024-02-28 11:26:35.849421 | > call 384 (1.132s wait)
2024-02-28 11:26:37.201528 | > call 385 (1.292s wait)
2024-02-28 11:26:38.384798 | > call 386 (1.126s wait)
2024-02-28 11:26:39.590501 | > call 387 (1.146s wait)
2024-02-28 11:26:40.893215 | > call 388 (1.244s wait)
2024-02-28 11:26:42.341369 | > call 389 (1.388s wait)
2024-02-28 11:26:43.877116 | > call 390 (1.478s wait)
2024-02-28 11:26:45.209358 | > call 391 (1.274s wait)
2024-02-28 11:26:46.597200 | > call 392 (1.330s wait)
2024-02-28 11:26:47.943795 | > call 393 (1.287s wait)
2024-02-28 11:26:49.109284 | > call 394 (1.107s wait)
2024-02-28 11:26:50.502714 | > call 395 (1.334s wait)
2024-02-28 11:26:51.922927 | > call 396 (1.362s wait)
2024-02-28 11:26:53.175328 | > call 397 (1.195s wait)
2024-02-28 11:26:54.430021 | > call 398 (1.197s wait)
2024-02-28 11:26:55.754217 | > call 399 (1.267s wait)
2024-02-28 11:26:57.238449 | > call 400 (1.427s wait)
2024-02-28 11:26:58.457274 | > call 401 (1.162s wait)
2024-02-28 11:26:59.605328 | > call 402 (1.090s wait)
2024-02-28 11:27:00.826062 | > call 403 (1.157s wait)
2024-02-28 11:27:02.175945 | > call 404 (1.293s wait)
2024-02-28 11:27:03.560939 | > call 405 (1.329s wait)
2024-02-28 11:27:04.848658 | > call 406 (1.230s wait)
2024-02-28 11:27:06.161267 | > call 407 (1.255s wait)
2024-02-28 11:27:07.317864 | > call 408 (1.099s wait)
2024-02-28 11:27:08.563919 | > call 409 (1.187s wait)
2024-02-28 11:27:10.000977 | > call 410 (1.380s wait)
2024-02-28 11:27:11.203163 | > call 411 (1.142s wait)
2024-02-28 11:27:12.599175 | > call 412 (1.333s wait)
2024-02-28 11:27:13.811744 | > call 413 (1.149s wait)
2024-02-28 11:27:15.123506 | > call 414 (1.251s wait)
2024-02-28 11:27:16.402790 | > call 415 (1.223s wait)
2024-02-28 11:27:17.738575 | > call 416 (1.277s wait)
2024-02-28 11:27:19.172096 | > call 417 (1.375s wait)
2024-02-28 11:27:20.510940 | > call 418 (1.281s wait)
2024-02-28 11:27:22.018381 | > call 419 (1.449s wait)
2024-02-28 11:27:23.313575 | > call 420 (1.239s wait)
2024-02-28 11:27:24.661419 | > call 421 (1.289s wait)
2024-02-28 11:27:25.894581 | > call 422 (1.176s wait)
2024-02-28 11:27:27.105055 | > call 423 (1.145s wait)
2024-02-28 11:27:28.265190 | > call 424 (1.102s wait)
2024-02-28 11:27:29.691272 | > call 425 (1.368s wait)
2024-02-28 11:27:31.157543 | > call 426 (1.410s wait)
2024-02-28 11:27:32.335657 | > call 427 (1.119s wait)
2024-02-28 11:27:33.694768 | > call 428 (1.298s wait)
2024-02-28 11:27:35.024071 | > call 429 (1.273s wait)
2024-02-28 11:27:36.368120 | > call 430 (1.287s wait)
2024-02-28 11:27:37.778064 | > call 431 (1.343s wait)
2024-02-28 11:27:38.976338 | > call 432 (1.137s wait)
2024-02-28 11:27:40.454849 | > call 433 (1.422s wait)
2024-02-28 11:27:41.409264 | > call 434 (0.898s wait)
2024-02-28 11:27:42.694183 | > call 435 (1.226s wait)
2024-02-28 11:27:44.009426 | > call 436 (1.258s wait)
2024-02-28 11:27:45.631181 | > call 437 (1.565s wait)
2024-02-28 11:27:47.160792 | > call 438 (1.470s wait)
2024-02-28 11:27:48.547107 | > call 439 (1.329s wait)
2024-02-28 11:27:49.756334 | > call 440 (1.153s wait)
2024-02-28 11:27:51.317995 | > call 441 (1.503s wait)
2024-02-28 11:27:52.742179 | > call 442 (1.365s wait)
2024-02-28 11:27:54.105652 | > call 443 (1.305s wait)
2024-02-28 11:27:55.589233 | > call 444 (1.425s wait)
2024-02-28 11:27:57.132624 | > call 445 (1.486s wait)
2024-02-28 11:27:58.664127 | > call 446 (1.475s wait)
2024-02-28 11:28:00.156499 | > call 447 (1.434s wait)
2024-02-28 11:28:01.714233 | > call 448 (1.501s wait)
2024-02-28 11:28:03.232036 | > call 449 (1.459s wait)
2024-02-28 11:28:04.753261 | > call 450 (1.461s wait)
2024-02-28 11:28:06.165942 | > call 451 (1.353s wait)
2024-02-28 11:28:07.564591 | > call 452 (1.341s wait)
2024-02-28 11:28:08.963325 | > call 453 (1.340s wait)
2024-02-28 11:28:10.553960 | > call 454 (1.531s wait)
2024-02-28 11:28:12.029115 | > call 455 (1.415s wait)
2024-02-28 11:28:13.339502 | > call 456 (1.253s wait)
2024-02-28 11:28:14.573622 | > call 457 (1.179s wait)
2024-02-28 11:28:15.940069 | > call 458 (1.303s wait)
2024-02-28 11:28:17.480201 | > call 459 (1.483s wait)
2024-02-28 11:28:18.693290 | > call 460 (1.157s wait)
2024-02-28 11:28:20.134150 | > call 461 (1.384s wait)
2024-02-28 11:28:21.507272 | > call 462 (1.316s wait)
2024-02-28 11:28:23.002589 | > call 463 (1.439s wait)
2024-02-28 11:28:24.505897 | > call 464 (1.443s wait)
2024-02-28 11:28:25.940579 | > call 465 (1.371s wait)
2024-02-28 11:28:27.275376 | > call 466 (1.278s wait)
2024-02-28 11:28:28.667984 | > call 467 (1.336s wait)
2024-02-28 11:28:30.296073 | > call 468 (1.572s wait)
2024-02-28 11:28:31.665525 | > call 469 (1.303s wait)
2024-02-28 11:28:33.082380 | > call 470 (1.356s wait)
2024-02-28 11:28:34.542680 | > call 471 (1.404s wait)
2024-02-28 11:28:36.015886 | > call 472 (1.417s wait)
2024-02-28 11:28:37.422946 | > call 473 (1.351s wait)
2024-02-28 11:28:38.677988 | > call 474 (1.202s wait)
2024-02-28 11:28:40.097030 | > call 475 (1.366s wait)
2024-02-28 11:28:41.478611 | > call 476 (1.325s wait)
2024-02-28 11:28:42.988958 | > call 477 (1.458s wait)
2024-02-28 11:28:44.200443 | > call 478 (1.156s wait)
2024-02-28 11:28:45.518939 | > call 479 (1.266s wait)
2024-02-28 11:28:46.910240 | > call 480 (1.338s wait)
2024-02-28 11:28:48.274208 | > call 481 (1.308s wait)
2024-02-28 11:28:49.544096 | > call 482 (1.218s wait)
2024-02-28 11:28:51.031550 | > call 483 (1.432s wait)
2024-02-28 11:28:52.403059 | > call 484 (1.318s wait)
2024-02-28 11:28:53.827999 | > call 485 (1.372s wait)
2024-02-28 11:28:55.311971 | > call 486 (1.428s wait)
2024-02-28 11:28:56.765229 | > call 487 (1.401s wait)
2024-02-28 11:28:58.073034 | > call 488 (1.255s wait)
2024-02-28 11:28:59.555100 | > call 489 (1.430s wait)
2024-02-28 11:29:01.026184 | > call 490 (1.418s wait)
2024-02-28 11:29:02.300115 | > call 491 (1.218s wait)
2024-02-28 11:29:03.352578 | > call 492 (0.996s wait)
2024-02-28 11:29:04.768554 | > call 493 (1.364s wait)
2024-02-28 11:29:06.295123 | > call 494 (1.474s wait)
2024-02-28 11:29:07.665642 | > call 495 (1.316s wait)
2024-02-28 11:29:09.347767 | > call 496 (1.630s wait)
2024-02-28 11:29:10.761030 | > call 497 (1.360s wait)
2024-02-28 11:29:12.100711 | > call 498 (1.286s wait)
2024-02-28 11:29:13.627803 | > call 499 (1.473s wait)
2024-02-28 11:29:15.047611 | > call 500 (1.368s wait)
2024-02-28 11:29:16.615730 | > call 501 (1.515s wait)
2024-02-28 11:29:18.180057 | > call 502 (1.511s wait)
2024-02-28 11:29:19.766756 | > call 503 (1.530s wait)
2024-02-28 11:29:21.478082 | > call 504 (1.655s wait)
2024-02-28 11:29:22.723495 | > call 505 (1.191s wait)
2024-02-28 11:29:24.455780 | > call 506 (1.681s wait)
2024-02-28 11:29:26.003708 | > call 507 (1.495s wait)
2024-02-28 11:29:27.599832 | > call 508 (1.544s wait)
2024-02-28 11:29:29.167419 | > call 509 (1.514s wait)
2024-02-28 11:29:30.624861 | > call 510 (1.405s wait)
2024-02-28 11:29:32.250676 | > call 511 (1.574s wait)
2024-02-28 11:29:33.859908 | > call 512 (1.557s wait)
2024-02-28 11:29:35.255481 | > call 513 (1.341s wait)
2024-02-28 11:29:36.755237 | > call 514 (1.445s wait)
2024-02-28 11:29:38.229385 | > call 515 (1.421s wait)
2024-02-28 11:29:39.824413 | > call 516 (1.542s wait)
2024-02-28 11:29:41.477604 | > call 517 (1.601s wait)
2024-02-28 11:29:43.054257 | > call 518 (1.524s wait)
2024-02-28 11:29:44.705533 | > call 519 (1.598s wait)
2024-02-28 11:29:46.210417 | > call 520 (1.449s wait)
2024-02-28 11:29:47.588079 | > call 521 (1.325s wait)
2024-02-28 11:29:49.188129 | > call 522 (1.547s wait)
2024-02-28 11:29:50.632748 | > call 523 (1.392s wait)
2024-02-28 11:29:52.389467 | > call 524 (1.704s wait)
2024-02-28 11:29:53.829863 | > call 525 (1.384s wait)
2024-02-28 11:29:55.370628 | > call 526 (1.487s wait)
2024-02-28 11:29:56.968589 | > call 527 (1.545s wait)
2024-02-28 11:29:58.298718 | > call 528 (1.278s wait)
2024-02-28 11:29:59.804228 | > call 529 (1.452s wait)
2024-02-28 11:30:01.318270 | > call 530 (1.459s wait)
2024-02-28 11:30:02.707911 | > call 531 (1.332s wait)
2024-02-28 11:30:04.358809 | > call 532 (1.599s wait)
2024-02-28 11:30:05.822764 | > call 533 (1.410s wait)
2024-02-28 11:30:07.168701 | > call 534 (1.293s wait)
2024-02-28 11:30:08.796401 | > call 535 (1.558s wait)
2024-02-28 11:30:10.364402 | > call 536 (1.511s wait)
2024-02-28 11:30:11.835409 | > call 537 (1.416s wait)
2024-02-28 11:30:13.155643 | > call 538 (1.267s wait)
2024-02-28 11:30:14.759516 | > call 539 (1.551s wait)
2024-02-28 11:30:16.390104 | > call 540 (1.577s wait)
2024-02-28 11:30:17.794044 | > call 541 (1.349s wait)
2024-02-28 11:30:19.385041 | > call 542 (1.537s wait)
2024-02-28 11:30:20.984699 | > call 543 (1.547s wait)
2024-02-28 11:30:22.388929 | > call 544 (1.351s wait)
2024-02-28 11:30:24.116675 | > call 545 (1.674s wait)
2024-02-28 11:30:25.620419 | > call 546 (1.450s wait)
2024-02-28 11:30:27.191255 | > call 547 (1.517s wait)
2024-02-28 11:30:28.750530 | > call 548 (1.504s wait)
2024-02-28 11:30:30.272682 | > call 549 (1.470s wait)
2024-02-28 11:30:31.894916 | > call 550 (1.568s wait)
2024-02-28 11:30:33.452782 | > call 551 (1.504s wait)
2024-02-28 11:30:35.030200 | > call 552 (1.524s wait)
2024-02-28 11:30:36.393038 | > call 553 (1.310s wait)
2024-02-28 11:30:37.968479 | > call 554 (1.522s wait)
2024-02-28 11:30:39.402056 | > call 555 (1.381s wait)
2024-02-28 11:30:40.937334 | > call 556 (1.481s wait)
2024-02-28 11:30:42.465617 | > call 557 (1.476s wait)
2024-02-28 11:30:44.057569 | > call 558 (1.541s wait)
2024-02-28 11:30:45.612486 | > call 559 (1.501s wait)
2024-02-28 11:30:46.978513 | > call 560 (1.313s wait)
2024-02-28 11:30:48.498857 | > call 561 (1.467s wait)
2024-02-28 11:30:49.808151 | > call 562 (1.256s wait)
2024-02-28 11:30:51.474405 | > call 563 (1.611s wait)
2024-02-28 11:30:52.888648 | > call 564 (1.354s wait)
2024-02-28 11:30:54.203703 | > call 565 (1.261s wait)
2024-02-28 11:30:55.613441 | > call 566 (1.346s wait)
2024-02-28 11:30:56.920393 | > call 567 (1.253s wait)
2024-02-28 11:30:58.493401 | > call 568 (1.520s wait)
2024-02-28 11:30:59.895662 | > call 569 (1.350s wait)
2024-02-28 11:31:01.318223 | > call 570 (1.366s wait)
2024-02-28 11:31:02.806583 | > call 571 (1.434s wait)
2024-02-28 11:31:04.162787 | > call 572 (1.303s wait)
2024-02-28 11:31:05.856933 | > call 573 (1.641s wait)
2024-02-28 11:31:07.370478 | > call 574 (1.460s wait)
2024-02-28 11:31:09.034908 | > call 575 (1.610s wait)
2024-02-28 11:31:10.291338 | > call 576 (1.203s wait)
2024-02-28 11:31:11.815016 | > call 577 (1.471s wait)
2024-02-28 11:31:13.284640 | > call 578 (1.415s wait)
2024-02-28 11:31:14.702972 | > call 579 (1.363s wait)
2024-02-28 11:31:16.426006 | > call 580 (1.668s wait)
2024-02-28 11:31:17.862499 | > call 581 (1.382s wait)
2024-02-28 11:31:19.491421 | > call 582 (1.575s wait)
2024-02-28 11:31:21.132662 | > call 583 (1.588s wait)
2024-02-28 11:31:22.594656 | > call 584 (1.407s wait)
2024-02-28 11:31:24.226125 | > call 585 (1.577s wait)
2024-02-28 11:31:25.773739 | > call 586 (1.493s wait)
2024-02-28 11:31:27.388101 | > call 587 (1.559s wait)
2024-02-28 11:31:28.691364 | > call 588 (1.250s wait)
2024-02-28 11:31:30.199130 | > call 589 (1.454s wait)
2024-02-28 11:31:31.683387 | > call 590 (1.429s wait)
2024-02-28 11:31:33.072786 | > call 591 (1.335s wait)
2024-02-28 11:31:34.625629 | > call 592 (1.495s wait)
2024-02-28 11:31:35.768096 | > call 593 (1.089s wait)
2024-02-28 11:31:37.257602 | > call 594 (1.436s wait)
2024-02-28 11:31:38.704150 | > call 595 (1.391s wait)
2024-02-28 11:31:40.287738 | > call 596 (1.528s wait)
2024-02-28 11:31:41.659044 | > call 597 (1.315s wait)
2024-02-28 11:31:43.142092 | > call 598 (1.425s wait)
2024-02-28 11:31:44.707884 | > call 599 (1.509s wait)
2024-02-28 11:31:45.944842 | > call 600 (1.182s wait)
2024-02-28 11:31:47.597296 | > call 601 (1.594s wait)
2024-02-28 11:31:49.154695 | > call 602 (1.500s wait)
2024-02-28 11:31:50.560310 | > call 603 (1.347s wait)
2024-02-28 11:31:52.146774 | > call 604 (1.528s wait)
2024-02-28 11:31:53.696887 | > call 605 (1.493s wait)
2024-02-28 11:31:55.140530 | > call 606 (1.388s wait)
2024-02-28 11:31:56.713519 | > call 607 (1.516s wait)
2024-02-28 11:31:58.217510 | > call 608 (1.445s wait)
2024-02-28 11:31:59.698786 | > call 609 (1.425s wait)
2024-02-28 11:32:01.229024 | > call 610 (1.475s wait)
2024-02-28 11:32:02.916160 | > call 611 (1.631s wait)
2024-02-28 11:32:04.039151 | > call 612 (1.069s wait)
2024-02-28 11:32:05.415119 | > call 613 (1.311s wait)
2024-02-28 11:32:06.698138 | > call 614 (1.227s wait)
2024-02-28 11:32:08.088151 | > call 615 (1.331s wait)
2024-02-28 11:32:09.558597 | > call 616 (1.417s wait)
2024-02-28 11:32:11.010698 | > call 617 (1.391s wait)
2024-02-28 11:32:12.020547 | > call 618 (0.946s wait)
2024-02-28 11:32:13.243859 | > call 619 (1.157s wait)
2024-02-28 11:32:14.493756 | > call 620 (1.186s wait)
2024-02-28 11:32:15.898110 | > call 621 (1.340s wait)
2024-02-28 11:32:17.264064 | > call 622 (1.309s wait)
2024-02-28 11:32:18.668390 | > call 623 (1.337s wait)
2024-02-28 11:32:19.813698 | > call 624 (1.080s wait)
2024-02-28 11:32:21.143051 | > call 625 (1.258s wait)
2024-02-28 11:32:22.636621 | > call 626 (1.428s wait)
2024-02-28 11:32:23.857326 | > call 627 (1.156s wait)
2024-02-28 11:32:25.251591 | > call 628 (1.332s wait)
2024-02-28 11:32:26.689321 | > call 629 (1.371s wait)
2024-02-28 11:32:27.933289 | > call 630 (1.182s wait)
2024-02-28 11:32:29.220991 | > call 631 (1.228s wait)
2024-02-28 11:32:30.353467 | > call 632 (1.068s wait)
2024-02-28 11:32:31.780046 | > call 633 (1.365s wait)
2024-02-28 11:32:33.127684 | > call 634 (1.279s wait)
2024-02-28 11:32:34.526955 | > call 635 (1.339s wait)
2024-02-28 11:32:35.853724 | > call 636 (1.256s wait)
2024-02-28 11:32:36.947881 | > call 637 (1.037s wait)
2024-02-28 11:32:38.410501 | > call 638 (1.391s wait)
2024-02-28 11:32:39.939987 | > call 639 (1.464s wait)
2024-02-28 11:32:41.464157 | > call 640 (1.465s wait)
2024-02-28 11:32:42.993391 | > call 641 (1.475s wait)
2024-02-28 11:32:44.372426 | > call 642 (1.321s wait)
2024-02-28 11:32:46.000922 | > call 643 (1.567s wait)
2024-02-28 11:32:47.270023 | > call 644 (1.198s wait)
2024-02-28 11:32:48.908286 | > call 645 (1.572s wait)
2024-02-28 11:32:50.193615 | > call 646 (1.220s wait)
2024-02-28 11:32:51.834481 | > call 647 (1.584s wait)
2024-02-28 11:32:53.218123 | > call 648 (1.320s wait)
2024-02-28 11:32:54.729649 | > call 649 (1.458s wait)
2024-02-28 11:32:56.227446 | > call 650 (1.438s wait)
2024-02-28 11:32:57.409932 | > call 651 (1.130s wait)
2024-02-28 11:32:58.744149 | > call 652 (1.264s wait)
2024-02-28 11:32:59.245167 | > call 653 (0.441s wait)
2024-02-28 11:32:59.245665 | shutting down worker
2024-02-28 11:32:59.245862 | 
Total: 653 in 43.92s [user], 0.14s [system], 851.96s [elapsed]
