2024-02-28 11:18:47.607487 | Master: tcp://nd85ed30123f4:9234
2024-02-28 11:18:47.611166 | connecting to: tcp://nd85ed30123f4:9234
2024-02-28 11:18:47.846578 | > call 1 (0.172s wait)
2024-02-28 11:18:48.728298 | > call 2 (0.404s wait)
2024-02-28 11:18:50.032569 | > call 3 (1.246s wait)
2024-02-28 11:18:51.246970 | > call 4 (1.155s wait)
2024-02-28 11:18:52.623011 | > call 5 (1.313s wait)
2024-02-28 11:18:53.810973 | > call 6 (1.112s wait)
2024-02-28 11:18:55.098148 | > call 7 (1.227s wait)
2024-02-28 11:18:56.232203 | > call 8 (1.075s wait)
2024-02-28 11:18:57.356750 | > call 9 (1.069s wait)
2024-02-28 11:18:58.621891 | > call 10 (1.212s wait)
2024-02-28 11:18:59.826056 | > call 11 (1.146s wait)
2024-02-28 11:19:01.119396 | > call 12 (1.239s wait)
2024-02-28 11:19:02.468762 | > call 13 (1.294s wait)
2024-02-28 11:19:03.662922 | > call 14 (1.139s wait)
2024-02-28 11:19:04.974505 | > call 15 (1.257s wait)
2024-02-28 11:19:06.104431 | > call 16 (1.075s wait)
2024-02-28 11:19:07.305082 | > call 17 (1.146s wait)
2024-02-28 11:19:08.520439 | > call 18 (1.156s wait)
2024-02-28 11:19:09.814600 | > call 19 (1.238s wait)
2024-02-28 11:19:11.160998 | > call 20 (1.291s wait)
2024-02-28 11:19:12.417742 | > call 21 (1.198s wait)
2024-02-28 11:19:13.596737 | > call 22 (1.127s wait)
2024-02-28 11:19:15.042020 | > call 23 (1.393s wait)
2024-02-28 11:19:16.305873 | > call 24 (1.210s wait)
2024-02-28 11:19:17.609893 | > call 25 (1.251s wait)
2024-02-28 11:19:18.850517 | > call 26 (1.188s wait)
2024-02-28 11:19:20.093179 | > call 27 (1.189s wait)
2024-02-28 11:19:21.173214 | > call 28 (1.027s wait)
2024-02-28 11:19:22.432493 | > call 29 (1.206s wait)
2024-02-28 11:19:23.565253 | > call 30 (1.073s wait)
2024-02-28 11:19:24.656662 | > call 31 (1.038s wait)
2024-02-28 11:19:25.874889 | > call 32 (1.164s wait)
2024-02-28 11:19:26.886404 | > call 33 (0.938s wait)
2024-02-28 11:19:28.140178 | > call 34 (1.194s wait)
2024-02-28 11:19:29.162627 | > call 35 (0.970s wait)
2024-02-28 11:19:30.442535 | > call 36 (1.228s wait)
2024-02-28 11:19:31.750120 | > call 37 (1.227s wait)
2024-02-28 11:19:33.088093 | > call 38 (1.264s wait)
2024-02-28 11:19:34.224596 | > call 39 (1.063s wait)
2024-02-28 11:19:35.606545 | > call 40 (1.308s wait)
2024-02-28 11:19:36.782521 | > call 41 (1.101s wait)
2024-02-28 11:19:38.038515 | > call 42 (1.179s wait)
2024-02-28 11:19:39.402676 | > call 43 (1.289s wait)
2024-02-28 11:19:40.687917 | > call 44 (1.210s wait)
2024-02-28 11:19:41.900598 | > call 45 (1.141s wait)
2024-02-28 11:19:43.137706 | > call 46 (1.166s wait)
2024-02-28 11:19:44.508641 | > call 47 (1.299s wait)
2024-02-28 11:19:45.697215 | > call 48 (1.115s wait)
2024-02-28 11:19:46.931867 | > call 49 (1.156s wait)
2024-02-28 11:19:48.207432 | > call 50 (1.201s wait)
2024-02-28 11:19:49.288229 | > call 51 (1.011s wait)
2024-02-28 11:19:50.487416 | > call 52 (1.130s wait)
2024-02-28 11:19:51.689188 | > call 53 (1.123s wait)
2024-02-28 11:19:52.966883 | > call 54 (1.208s wait)
2024-02-28 11:19:54.117881 | > call 55 (1.080s wait)
2024-02-28 11:19:55.379996 | > call 56 (1.187s wait)
2024-02-28 11:19:56.630431 | > call 57 (1.177s wait)
2024-02-28 11:19:58.014995 | > call 58 (1.312s wait)
2024-02-28 11:19:59.077229 | > call 59 (0.984s wait)
2024-02-28 11:20:00.203244 | > call 60 (1.052s wait)
2024-02-28 11:20:01.388544 | > call 61 (1.110s wait)
2024-02-28 11:20:02.522521 | > call 62 (1.060s wait)
2024-02-28 11:20:03.796292 | > call 63 (1.203s wait)
2024-02-28 11:20:05.079652 | > call 64 (1.209s wait)
2024-02-28 11:20:06.202337 | > call 65 (1.046s wait)
2024-02-28 11:20:07.483830 | > call 66 (1.201s wait)
2024-02-28 11:20:08.611916 | > call 67 (1.053s wait)
2024-02-28 11:20:09.707529 | > call 68 (1.021s wait)
2024-02-28 11:20:10.758546 | > call 69 (0.977s wait)
2024-02-28 11:20:11.784687 | > call 70 (0.950s wait)
2024-02-28 11:20:13.125606 | > call 71 (1.262s wait)
2024-02-28 11:20:14.244518 | > call 72 (1.048s wait)
2024-02-28 11:20:15.512978 | > call 73 (1.193s wait)
2024-02-28 11:20:16.640096 | > call 74 (1.051s wait)
2024-02-28 11:20:17.843605 | > call 75 (1.130s wait)
2024-02-28 11:20:19.066166 | > call 76 (1.139s wait)
2024-02-28 11:20:20.312512 | > call 77 (1.170s wait)
2024-02-28 11:20:21.572906 | > call 78 (1.179s wait)
2024-02-28 11:20:22.906052 | > call 79 (1.262s wait)
2024-02-28 11:20:24.087797 | > call 80 (1.109s wait)
2024-02-28 11:20:25.313915 | > call 81 (1.146s wait)
2024-02-28 11:20:26.556162 | > call 82 (1.170s wait)
2024-02-28 11:20:27.896568 | > call 83 (1.262s wait)
2024-02-28 11:20:29.170261 | > call 84 (1.194s wait)
2024-02-28 11:20:30.138734 | > call 85 (0.895s wait)
2024-02-28 11:20:31.364337 | > call 86 (1.144s wait)
2024-02-28 11:20:32.675698 | > call 87 (1.235s wait)
2024-02-28 11:20:33.823253 | > call 88 (1.075s wait)
2024-02-28 11:20:35.143300 | > call 89 (1.244s wait)
2024-02-28 11:20:36.415708 | > call 90 (1.200s wait)
2024-02-28 11:20:37.558249 | > call 91 (1.070s wait)
2024-02-28 11:20:38.820361 | > call 92 (1.170s wait)
2024-02-28 11:20:40.146492 | > call 93 (1.243s wait)
2024-02-28 11:20:41.353594 | > call 94 (1.117s wait)
2024-02-28 11:20:42.697445 | > call 95 (1.261s wait)
2024-02-28 11:20:43.745114 | > call 96 (0.961s wait)
2024-02-28 11:20:44.886859 | > call 97 (1.061s wait)
2024-02-28 11:20:46.123717 | > call 98 (1.159s wait)
2024-02-28 11:20:47.318506 | > call 99 (1.097s wait)
2024-02-28 11:20:48.527040 | > call 100 (1.135s wait)
2024-02-28 11:20:49.957839 | > call 101 (1.355s wait)
2024-02-28 11:20:51.041321 | > call 102 (1.003s wait)
2024-02-28 11:20:52.253434 | > call 103 (1.128s wait)
2024-02-28 11:20:53.356808 | > call 104 (1.003s wait)
2024-02-28 11:20:54.580492 | > call 105 (1.123s wait)
2024-02-28 11:20:55.846482 | > call 106 (1.164s wait)
2024-02-28 11:20:56.878115 | > call 107 (0.934s wait)
2024-02-28 11:20:58.275795 | > call 108 (1.313s wait)
2024-02-28 11:20:59.611804 | > call 109 (1.252s wait)
2024-02-28 11:21:00.804331 | > call 110 (1.107s wait)
2024-02-28 11:21:02.060003 | > call 111 (1.169s wait)
2024-02-28 11:21:03.495028 | > call 112 (1.348s wait)
2024-02-28 11:21:04.779072 | > call 113 (1.205s wait)
2024-02-28 11:21:06.010638 | > call 114 (1.148s wait)
2024-02-28 11:21:07.397557 | > call 115 (1.299s wait)
2024-02-28 11:21:08.685986 | > call 116 (1.202s wait)
2024-02-28 11:21:09.843422 | > call 117 (1.079s wait)
2024-02-28 11:21:11.172029 | > call 118 (1.244s wait)
2024-02-28 11:21:12.385688 | > call 119 (1.124s wait)
2024-02-28 11:21:13.615754 | > call 120 (1.158s wait)
2024-02-28 11:21:14.892888 | > call 121 (1.202s wait)
2024-02-28 11:21:15.866283 | > call 122 (0.900s wait)
2024-02-28 11:21:17.111142 | > call 123 (1.167s wait)
2024-02-28 11:21:18.280767 | > call 124 (1.096s wait)
2024-02-28 11:21:19.390815 | > call 125 (1.029s wait)
2024-02-28 11:21:20.631764 | > call 126 (1.163s wait)
2024-02-28 11:21:21.841169 | > call 127 (1.135s wait)
2024-02-28 11:21:23.133532 | > call 128 (1.221s wait)
2024-02-28 11:21:24.490120 | > call 129 (1.279s wait)
2024-02-28 11:21:25.688323 | > call 130 (1.127s wait)
2024-02-28 11:21:26.927082 | > call 131 (1.164s wait)
2024-02-28 11:21:28.120568 | > call 132 (1.124s wait)
2024-02-28 11:21:29.431322 | > call 133 (1.236s wait)
2024-02-28 11:21:30.705961 | > call 134 (1.202s wait)
2024-02-28 11:21:31.750272 | > call 135 (0.975s wait)
2024-02-28 11:21:33.099311 | > call 136 (1.269s wait)
2024-02-28 11:21:34.334562 | > call 137 (1.165s wait)
2024-02-28 11:21:35.731907 | > call 138 (1.319s wait)
2024-02-28 11:21:37.002863 | > call 139 (1.198s wait)
2024-02-28 11:21:38.150485 | > call 140 (1.073s wait)
2024-02-28 11:21:39.542912 | > call 141 (1.314s wait)
2024-02-28 11:21:40.809728 | > call 142 (1.196s wait)
2024-02-28 11:21:41.925002 | > call 143 (1.041s wait)
2024-02-28 11:21:43.162282 | > call 144 (1.167s wait)
2024-02-28 11:21:44.331224 | > call 145 (1.097s wait)
2024-02-28 11:21:45.590203 | > call 146 (1.177s wait)
2024-02-28 11:21:46.724326 | > call 147 (1.055s wait)
2024-02-28 11:21:47.953367 | > call 148 (1.151s wait)
2024-02-28 11:21:49.167887 | > call 149 (1.144s wait)
2024-02-28 11:21:50.289615 | > call 150 (1.049s wait)
2024-02-28 11:21:51.569032 | > call 151 (1.202s wait)
2024-02-28 11:21:52.816791 | > call 152 (1.178s wait)
2024-02-28 11:21:53.977680 | > call 153 (1.095s wait)
2024-02-28 11:21:55.154322 | > call 154 (1.106s wait)
2024-02-28 11:21:56.558094 | > call 155 (1.336s wait)
2024-02-28 11:21:57.810503 | > call 156 (1.188s wait)
2024-02-28 11:21:59.097218 | > call 157 (1.222s wait)
2024-02-28 11:22:00.246274 | > call 158 (1.084s wait)
2024-02-28 11:22:01.722328 | > call 159 (1.401s wait)
2024-02-28 11:22:02.995615 | > call 160 (1.205s wait)
2024-02-28 11:22:04.096653 | > call 161 (1.034s wait)
2024-02-28 11:22:05.530333 | > call 162 (1.368s wait)
2024-02-28 11:22:06.607344 | > call 163 (1.008s wait)
2024-02-28 11:22:07.757420 | > call 164 (1.083s wait)
2024-02-28 11:22:09.061867 | > call 165 (1.230s wait)
2024-02-28 11:22:10.189337 | > call 166 (1.060s wait)
2024-02-28 11:22:11.559909 | > call 167 (1.293s wait)
2024-02-28 11:22:12.697369 | > call 168 (1.073s wait)
2024-02-28 11:22:13.902775 | > call 169 (1.138s wait)
2024-02-28 11:22:15.214801 | > call 170 (1.239s wait)
2024-02-28 11:22:16.337437 | > call 171 (1.055s wait)
2024-02-28 11:22:17.525630 | > call 172 (1.122s wait)
2024-02-28 11:22:18.726352 | > call 173 (1.136s wait)
2024-02-28 11:22:19.997685 | > call 174 (1.197s wait)
2024-02-28 11:22:21.051112 | > call 175 (0.984s wait)
2024-02-28 11:22:22.285369 | > call 176 (1.161s wait)
2024-02-28 11:22:23.559933 | > call 177 (1.199s wait)
2024-02-28 11:22:24.892498 | > call 178 (1.263s wait)
2024-02-28 11:22:26.193593 | > call 179 (1.233s wait)
2024-02-28 11:22:27.293980 | > call 180 (1.024s wait)
2024-02-28 11:22:28.561177 | > call 181 (1.193s wait)
2024-02-28 11:22:29.944818 | > call 182 (1.310s wait)
2024-02-28 11:22:31.069135 | > call 183 (1.057s wait)
2024-02-28 11:22:32.199597 | > call 184 (1.062s wait)
2024-02-28 11:22:33.440562 | > call 185 (1.164s wait)
2024-02-28 11:22:34.806979 | > call 186 (1.299s wait)
2024-02-28 11:22:36.212321 | > call 187 (1.336s wait)
2024-02-28 11:22:37.450588 | > call 188 (1.158s wait)
2024-02-28 11:22:38.776786 | > call 189 (1.249s wait)
2024-02-28 11:22:39.991773 | > call 190 (1.145s wait)
2024-02-28 11:22:41.184624 | > call 191 (1.117s wait)
2024-02-28 11:22:42.497612 | > call 192 (1.242s wait)
2024-02-28 11:22:43.768904 | > call 193 (1.202s wait)
2024-02-28 11:22:45.017534 | > call 194 (1.171s wait)
2024-02-28 11:22:46.172829 | > call 195 (1.072s wait)
2024-02-28 11:22:47.300083 | > call 196 (1.045s wait)
2024-02-28 11:22:48.471653 | > call 197 (1.097s wait)
2024-02-28 11:22:49.462723 | > call 198 (0.915s wait)
2024-02-28 11:22:50.823784 | > call 199 (1.275s wait)
2024-02-28 11:22:51.901901 | > call 200 (1.003s wait)
2024-02-28 11:22:53.197805 | > call 201 (1.220s wait)
2024-02-28 11:22:54.423615 | > call 202 (1.154s wait)
2024-02-28 11:22:55.633937 | > call 203 (1.134s wait)
2024-02-28 11:22:56.711632 | > call 204 (1.010s wait)
2024-02-28 11:22:57.892889 | > call 205 (1.110s wait)
2024-02-28 11:22:59.011096 | > call 206 (1.051s wait)
2024-02-28 11:23:00.296119 | > call 207 (1.217s wait)
2024-02-28 11:23:01.423954 | > call 208 (1.056s wait)
2024-02-28 11:23:02.409899 | > call 209 (0.917s wait)
2024-02-28 11:23:03.533095 | > call 210 (1.050s wait)
2024-02-28 11:23:04.874197 | > call 211 (1.268s wait)
2024-02-28 11:23:06.143054 | > call 212 (1.196s wait)
2024-02-28 11:23:07.425278 | > call 213 (1.211s wait)
2024-02-28 11:23:08.758512 | > call 214 (1.265s wait)
2024-02-28 11:23:09.860060 | > call 215 (1.034s wait)
2024-02-28 11:23:11.031052 | > call 216 (1.105s wait)
2024-02-28 11:23:12.373970 | > call 217 (1.273s wait)
2024-02-28 11:23:13.771579 | > call 218 (1.326s wait)
2024-02-28 11:23:15.031276 | > call 219 (1.190s wait)
2024-02-28 11:23:16.106981 | > call 220 (1.004s wait)
2024-02-28 11:23:17.348928 | > call 221 (1.173s wait)
2024-02-28 11:23:18.543250 | > call 222 (1.126s wait)
2024-02-28 11:23:19.851208 | > call 223 (1.235s wait)
2024-02-28 11:23:21.167673 | > call 224 (1.249s wait)
2024-02-28 11:23:22.459494 | > call 225 (1.220s wait)
2024-02-28 11:23:23.542336 | > call 226 (1.006s wait)
2024-02-28 11:23:24.759926 | > call 227 (1.145s wait)
2024-02-28 11:23:25.953559 | > call 228 (1.124s wait)
2024-02-28 11:23:27.251904 | > call 229 (1.226s wait)
2024-02-28 11:23:28.547932 | > call 230 (1.219s wait)
2024-02-28 11:23:29.695676 | > call 231 (1.073s wait)
2024-02-28 11:23:30.899508 | > call 232 (1.127s wait)
2024-02-28 11:23:32.216351 | > call 233 (1.244s wait)
2024-02-28 11:23:33.490045 | > call 234 (1.207s wait)
2024-02-28 11:23:34.733730 | > call 235 (1.177s wait)
2024-02-28 11:23:35.991990 | > call 236 (1.182s wait)
2024-02-28 11:23:37.334294 | > call 237 (1.277s wait)
2024-02-28 11:23:38.500504 | > call 238 (1.099s wait)
2024-02-28 11:23:39.571115 | > call 239 (1.002s wait)
2024-02-28 11:23:40.808339 | > call 240 (1.166s wait)
2024-02-28 11:23:42.116109 | > call 241 (1.241s wait)
2024-02-28 11:23:43.407470 | > call 242 (1.225s wait)
2024-02-28 11:23:44.611767 | > call 243 (1.135s wait)
2024-02-28 11:23:45.691352 | > call 244 (1.008s wait)
2024-02-28 11:23:46.912111 | > call 245 (1.150s wait)
2024-02-28 11:23:48.148031 | > call 246 (1.158s wait)
2024-02-28 11:23:49.225495 | > call 247 (1.005s wait)
2024-02-28 11:23:50.388030 | > call 248 (1.092s wait)
2024-02-28 11:23:51.655787 | > call 249 (1.194s wait)
2024-02-28 11:23:52.864437 | > call 250 (1.131s wait)
2024-02-28 11:23:54.009486 | > call 251 (1.061s wait)
2024-02-28 11:23:55.312236 | > call 252 (1.224s wait)
2024-02-28 11:23:56.564642 | > call 253 (1.171s wait)
2024-02-28 11:23:57.832119 | > call 254 (1.191s wait)
2024-02-28 11:23:59.147634 | > call 255 (1.240s wait)
2024-02-28 11:24:00.401323 | > call 256 (1.177s wait)
2024-02-28 11:24:01.670169 | > call 257 (1.181s wait)
2024-02-28 11:24:02.832170 | > call 258 (1.087s wait)
2024-02-28 11:24:04.090707 | > call 259 (1.181s wait)
2024-02-28 11:24:05.379474 | > call 260 (1.215s wait)
2024-02-28 11:24:06.487438 | > call 261 (1.028s wait)
2024-02-28 11:24:07.701577 | > call 262 (1.133s wait)
2024-02-28 11:24:08.905085 | > call 263 (1.126s wait)
2024-02-28 11:24:10.236755 | > call 264 (1.256s wait)
2024-02-28 11:24:11.660393 | > call 265 (1.348s wait)
2024-02-28 11:24:12.899463 | > call 266 (1.165s wait)
2024-02-28 11:24:14.155971 | > call 267 (1.180s wait)
2024-02-28 11:24:15.472850 | > call 268 (1.239s wait)
2024-02-28 11:24:16.575229 | > call 269 (1.031s wait)
2024-02-28 11:24:17.686334 | > call 270 (1.035s wait)
2024-02-28 11:24:18.882898 | > call 271 (1.121s wait)
2024-02-28 11:24:20.066148 | > call 272 (1.108s wait)
2024-02-28 11:24:21.196299 | > call 273 (1.059s wait)
2024-02-28 11:24:22.620893 | > call 274 (1.352s wait)
2024-02-28 11:24:23.717405 | > call 275 (1.023s wait)
2024-02-28 11:24:24.977319 | > call 276 (1.187s wait)
2024-02-28 11:24:26.121668 | > call 277 (1.077s wait)
2024-02-28 11:24:27.290068 | > call 278 (1.098s wait)
2024-02-28 11:24:28.538668 | > call 279 (1.170s wait)
2024-02-28 11:24:29.505567 | > call 280 (0.895s wait)
2024-02-28 11:24:30.900713 | > call 281 (1.316s wait)
2024-02-28 11:24:32.027064 | > call 282 (1.059s wait)
2024-02-28 11:24:33.193022 | > call 283 (1.096s wait)
2024-02-28 11:24:34.398373 | > call 284 (1.130s wait)
2024-02-28 11:24:35.458688 | > call 285 (0.978s wait)
2024-02-28 11:24:36.689470 | > call 286 (1.155s wait)
2024-02-28 11:24:37.963167 | > call 287 (1.206s wait)
2024-02-28 11:24:39.202065 | > call 288 (1.170s wait)
2024-02-28 11:24:40.377924 | > call 289 (1.103s wait)
2024-02-28 11:24:41.694566 | > call 290 (1.247s wait)
2024-02-28 11:24:42.845730 | > call 291 (1.077s wait)
2024-02-28 11:24:44.012207 | > call 292 (1.099s wait)
2024-02-28 11:24:45.146204 | > call 293 (1.057s wait)
2024-02-28 11:24:46.312698 | > call 294 (1.094s wait)
2024-02-28 11:24:47.581435 | > call 295 (1.195s wait)
2024-02-28 11:24:48.802146 | > call 296 (1.150s wait)
2024-02-28 11:24:50.005363 | > call 297 (1.124s wait)
2024-02-28 11:24:51.036679 | > call 298 (0.949s wait)
2024-02-28 11:24:52.234918 | > call 299 (1.113s wait)
2024-02-28 11:24:53.522074 | > call 300 (1.203s wait)
2024-02-28 11:24:54.804379 | > call 301 (1.194s wait)
2024-02-28 11:24:56.209429 | > call 302 (1.329s wait)
2024-02-28 11:24:57.471536 | > call 303 (1.184s wait)
2024-02-28 11:24:58.726747 | > call 304 (1.176s wait)
2024-02-28 11:25:00.050200 | > call 305 (1.249s wait)
2024-02-28 11:25:01.131971 | > call 306 (1.009s wait)
2024-02-28 11:25:02.379678 | > call 307 (1.178s wait)
2024-02-28 11:25:03.576766 | > call 308 (1.130s wait)
2024-02-28 11:25:04.861085 | > call 309 (1.208s wait)
2024-02-28 11:25:05.872105 | > call 310 (0.944s wait)
2024-02-28 11:25:07.038068 | > call 311 (1.099s wait)
2024-02-28 11:25:08.351615 | > call 312 (1.245s wait)
2024-02-28 11:25:09.515882 | > call 313 (1.096s wait)
2024-02-28 11:25:10.756607 | > call 314 (1.170s wait)
2024-02-28 11:25:12.063997 | > call 315 (1.238s wait)
2024-02-28 11:25:13.061069 | > call 316 (0.929s wait)
2024-02-28 11:25:14.299947 | > call 317 (1.162s wait)
2024-02-28 11:25:15.432482 | > call 318 (1.056s wait)
2024-02-28 11:25:16.709310 | > call 319 (1.205s wait)
2024-02-28 11:25:17.908493 | > call 320 (1.124s wait)
2024-02-28 11:25:19.222538 | > call 321 (1.244s wait)
2024-02-28 11:25:20.661026 | > call 322 (1.369s wait)
2024-02-28 11:25:21.793456 | > call 323 (1.060s wait)
2024-02-28 11:25:23.154871 | > call 324 (1.286s wait)
2024-02-28 11:25:24.484453 | > call 325 (1.256s wait)
2024-02-28 11:25:25.660841 | > call 326 (1.098s wait)
2024-02-28 11:25:26.997625 | > call 327 (1.267s wait)
2024-02-28 11:25:28.120082 | > call 328 (1.052s wait)
2024-02-28 11:25:29.268066 | > call 329 (1.074s wait)
2024-02-28 11:25:30.546021 | > call 330 (1.205s wait)
2024-02-28 11:25:31.767808 | > call 331 (1.145s wait)
2024-02-28 11:25:32.886708 | > call 332 (1.048s wait)
2024-02-28 11:25:34.095032 | > call 333 (1.138s wait)
2024-02-28 11:25:35.256664 | > call 334 (1.085s wait)
2024-02-28 11:25:36.419060 | > call 335 (1.092s wait)
2024-02-28 11:25:37.590368 | > call 336 (1.101s wait)
2024-02-28 11:25:38.737675 | > call 337 (1.069s wait)
2024-02-28 11:25:39.985784 | > call 338 (1.180s wait)
2024-02-28 11:25:41.143372 | > call 339 (1.085s wait)
2024-02-28 11:25:42.403790 | > call 340 (1.189s wait)
2024-02-28 11:25:43.844155 | > call 341 (1.371s wait)
2024-02-28 11:25:45.019662 | > call 342 (1.109s wait)
2024-02-28 11:25:46.302994 | > call 343 (1.212s wait)
2024-02-28 11:25:47.520513 | > call 344 (1.148s wait)
2024-02-28 11:25:48.623553 | > call 345 (1.036s wait)
2024-02-28 11:25:49.969732 | > call 346 (1.274s wait)
2024-02-28 11:25:51.060685 | > call 347 (1.024s wait)
2024-02-28 11:25:52.227604 | > call 348 (1.098s wait)
2024-02-28 11:25:53.397590 | > call 349 (1.103s wait)
2024-02-28 11:25:54.670641 | > call 350 (1.202s wait)
2024-02-28 11:25:55.956577 | > call 351 (1.219s wait)
2024-02-28 11:25:57.173129 | > call 352 (1.151s wait)
2024-02-28 11:25:58.401467 | > call 353 (1.160s wait)
2024-02-28 11:25:59.479637 | > call 354 (1.012s wait)
2024-02-28 11:26:00.739202 | > call 355 (1.193s wait)
2024-02-28 11:26:02.100746 | > call 356 (1.281s wait)
2024-02-28 11:26:03.385630 | > call 357 (1.211s wait)
2024-02-28 11:26:04.706421 | > call 358 (1.256s wait)
2024-02-28 11:26:05.764715 | > call 359 (0.993s wait)
2024-02-28 11:26:07.052849 | > call 360 (1.222s wait)
2024-02-28 11:26:08.187063 | > call 361 (1.062s wait)
2024-02-28 11:26:09.409398 | > call 362 (1.150s wait)
2024-02-28 11:26:10.465836 | > call 363 (0.973s wait)
2024-02-28 11:26:11.692673 | > call 364 (1.162s wait)
2024-02-28 11:26:12.924071 | > call 365 (1.167s wait)
2024-02-28 11:26:14.151189 | > call 366 (1.159s wait)
2024-02-28 11:26:15.422018 | > call 367 (1.207s wait)
2024-02-28 11:26:16.736730 | > call 368 (1.248s wait)
2024-02-28 11:26:17.862896 | > call 369 (1.051s wait)
2024-02-28 11:26:19.000025 | > call 370 (1.073s wait)
2024-02-28 11:26:20.064311 | > call 371 (0.999s wait)
2024-02-28 11:26:21.393703 | > call 372 (1.264s wait)
2024-02-28 11:26:22.658810 | > call 373 (1.179s wait)
2024-02-28 11:26:23.773683 | > call 374 (1.048s wait)
2024-02-28 11:26:24.971694 | > call 375 (1.139s wait)
2024-02-28 11:26:26.251258 | > call 376 (1.223s wait)
2024-02-28 11:26:27.203135 | > call 377 (0.891s wait)
2024-02-28 11:26:28.234104 | > call 378 (0.976s wait)
2024-02-28 11:26:29.408628 | > call 379 (1.116s wait)
2024-02-28 11:26:30.801234 | > call 380 (1.328s wait)
2024-02-28 11:26:31.866690 | > call 381 (1.003s wait)
2024-02-28 11:26:32.930212 | > call 382 (1.001s wait)
2024-02-28 11:26:34.041918 | > call 383 (1.044s wait)
2024-02-28 11:26:35.254955 | > call 384 (1.152s wait)
2024-02-28 11:26:36.584980 | > call 385 (1.267s wait)
2024-02-28 11:26:37.808430 | > call 386 (1.166s wait)
2024-02-28 11:26:38.974956 | > call 387 (1.106s wait)
2024-02-28 11:26:40.277533 | > call 388 (1.241s wait)
2024-02-28 11:26:41.716114 | > call 389 (1.381s wait)
2024-02-28 11:26:43.162198 | > call 390 (1.387s wait)
2024-02-28 11:26:44.553081 | > call 391 (1.333s wait)
2024-02-28 11:26:46.015017 | > call 392 (1.392s wait)
2024-02-28 11:26:47.301602 | > call 393 (1.229s wait)
2024-02-28 11:26:48.526630 | > call 394 (1.167s wait)
2024-02-28 11:26:49.802344 | > call 395 (1.209s wait)
2024-02-28 11:26:51.331966 | > call 396 (1.472s wait)
2024-02-28 11:26:52.688122 | > call 397 (1.299s wait)
2024-02-28 11:26:53.943310 | > call 398 (1.196s wait)
2024-02-28 11:26:55.157016 | > call 399 (1.151s wait)
2024-02-28 11:26:56.593478 | > call 400 (1.375s wait)
2024-02-28 11:26:57.938160 | > call 401 (1.287s wait)
2024-02-28 11:26:59.137387 | > call 402 (1.140s wait)
2024-02-28 11:27:00.249557 | > call 403 (1.052s wait)
2024-02-28 11:27:01.482876 | > call 404 (1.172s wait)
2024-02-28 11:27:02.892990 | > call 405 (1.344s wait)
2024-02-28 11:27:04.243009 | > call 406 (1.292s wait)
2024-02-28 11:27:05.517647 | > call 407 (1.209s wait)
2024-02-28 11:27:06.736633 | > call 408 (1.160s wait)
2024-02-28 11:27:07.966944 | > call 409 (1.153s wait)
2024-02-28 11:27:09.340296 | > call 410 (1.307s wait)
2024-02-28 11:27:10.625300 | > call 411 (1.222s wait)
2024-02-28 11:27:11.994565 | > call 412 (1.301s wait)
2024-02-28 11:27:13.133758 | > call 413 (1.077s wait)
2024-02-28 11:27:14.499626 | > call 414 (1.293s wait)
2024-02-28 11:27:15.868111 | > call 415 (1.304s wait)
2024-02-28 11:27:17.102265 | > call 416 (1.177s wait)
2024-02-28 11:27:18.450374 | > call 417 (1.282s wait)
2024-02-28 11:27:19.884780 | > call 418 (1.366s wait)
2024-02-28 11:27:21.290944 | > call 419 (1.345s wait)
2024-02-28 11:27:22.764669 | > call 420 (1.417s wait)
2024-02-28 11:27:24.027061 | > call 421 (1.198s wait)
2024-02-28 11:27:25.305492 | > call 422 (1.215s wait)
2024-02-28 11:27:26.449867 | > call 423 (1.070s wait)
2024-02-28 11:27:27.729437 | > call 424 (1.207s wait)
2024-02-28 11:27:29.076981 | > call 425 (1.290s wait)
2024-02-28 11:27:30.445853 | > call 426 (1.312s wait)
2024-02-28 11:27:31.817688 | > call 427 (1.310s wait)
2024-02-28 11:27:33.129164 | > call 428 (1.251s wait)
2024-02-28 11:27:34.303374 | > call 429 (1.116s wait)
2024-02-28 11:27:35.731922 | > call 430 (1.364s wait)
2024-02-28 11:27:37.106826 | > call 431 (1.314s wait)
2024-02-28 11:27:38.362191 | > call 432 (1.197s wait)
2024-02-28 11:27:39.809984 | > call 433 (1.374s wait)
2024-02-28 11:27:41.034132 | > call 434 (1.166s wait)
2024-02-28 11:27:42.143940 | > call 435 (1.015s wait)
2024-02-28 11:27:43.399662 | > call 436 (1.191s wait)
2024-02-28 11:27:44.931185 | > call 437 (1.460s wait)
2024-02-28 11:27:46.550621 | > call 438 (1.548s wait)
2024-02-28 11:27:47.972912 | > call 439 (1.365s wait)
2024-02-28 11:27:49.237330 | > call 440 (1.207s wait)
2024-02-28 11:27:50.580986 | > call 441 (1.264s wait)
2024-02-28 11:27:52.113154 | > call 442 (1.467s wait)
2024-02-28 11:27:53.570280 | > call 443 (1.393s wait)
2024-02-28 11:27:54.852003 | > call 444 (1.227s wait)
2024-02-28 11:27:56.414260 | > call 445 (1.492s wait)
2024-02-28 11:27:58.072474 | > call 446 (1.602s wait)
2024-02-28 11:27:59.494802 | > call 447 (1.366s wait)
2024-02-28 11:28:01.048324 | > call 448 (1.488s wait)
2024-02-28 11:28:02.560565 | > call 449 (1.455s wait)
2024-02-28 11:28:04.035964 | > call 450 (1.419s wait)
2024-02-28 11:28:05.480334 | > call 451 (1.389s wait)
2024-02-28 11:28:06.979358 | > call 452 (1.439s wait)
2024-02-28 11:28:08.371091 | > call 453 (1.333s wait)
2024-02-28 11:28:09.839084 | > call 454 (1.390s wait)
2024-02-28 11:28:11.340129 | > call 455 (1.439s wait)
2024-02-28 11:28:12.783017 | > call 456 (1.378s wait)
2024-02-28 11:28:13.972259 | > call 457 (1.125s wait)
2024-02-28 11:28:15.397683 | > call 458 (1.360s wait)
2024-02-28 11:28:16.835193 | > call 459 (1.381s wait)
2024-02-28 11:28:18.120749 | > call 460 (1.229s wait)
2024-02-28 11:28:19.470236 | > call 461 (1.281s wait)
2024-02-28 11:28:20.899325 | > call 462 (1.364s wait)
2024-02-28 11:28:22.356796 | > call 463 (1.390s wait)
2024-02-28 11:28:23.887870 | > call 464 (1.474s wait)
2024-02-28 11:28:25.400411 | > call 465 (1.447s wait)
2024-02-28 11:28:26.836852 | > call 466 (1.369s wait)
2024-02-28 11:28:28.071574 | > call 467 (1.176s wait)
2024-02-28 11:28:29.524189 | > call 468 (1.387s wait)
2024-02-28 11:28:30.984983 | > call 469 (1.391s wait)
2024-02-28 11:28:32.524996 | > call 470 (1.471s wait)
2024-02-28 11:28:33.963119 | > call 471 (1.373s wait)
2024-02-28 11:28:35.343237 | > call 472 (1.323s wait)
2024-02-28 11:28:36.792445 | > call 473 (1.395s wait)
2024-02-28 11:28:38.113779 | > call 474 (1.265s wait)
2024-02-28 11:28:39.499490 | > call 475 (1.308s wait)
2024-02-28 11:28:40.801716 | > call 476 (1.246s wait)
2024-02-28 11:28:42.389294 | > call 477 (1.535s wait)
2024-02-28 11:28:43.671663 | > call 478 (1.230s wait)
2024-02-28 11:28:44.961682 | > call 479 (1.227s wait)
2024-02-28 11:28:46.262650 | > call 480 (1.236s wait)
2024-02-28 11:28:47.673654 | > call 481 (1.355s wait)
2024-02-28 11:28:49.017270 | > call 482 (1.270s wait)
2024-02-28 11:28:50.369235 | > call 483 (1.293s wait)
2024-02-28 11:28:51.803149 | > call 484 (1.381s wait)
2024-02-28 11:28:53.264024 | > call 485 (1.404s wait)
2024-02-28 11:28:54.745290 | > call 486 (1.419s wait)
2024-02-28 11:28:56.142428 | > call 487 (1.340s wait)
2024-02-28 11:28:57.625354 | > call 488 (1.424s wait)
2024-02-28 11:28:59.015860 | > call 489 (1.337s wait)
2024-02-28 11:29:00.387712 | > call 490 (1.315s wait)
2024-02-28 11:29:01.708402 | > call 491 (1.265s wait)
2024-02-28 11:29:02.990082 | > call 492 (1.218s wait)
2024-02-28 11:29:04.141127 | > call 493 (1.074s wait)
2024-02-28 11:29:05.786241 | > call 494 (1.578s wait)
2024-02-28 11:29:07.002748 | > call 495 (1.162s wait)
2024-02-28 11:29:08.646021 | > call 496 (1.571s wait)
2024-02-28 11:29:10.199003 | > call 497 (1.490s wait)
2024-02-28 11:29:11.567178 | > call 498 (1.313s wait)
2024-02-28 11:29:13.026098 | > call 499 (1.382s wait)
2024-02-28 11:29:14.489604 | > call 500 (1.401s wait)
2024-02-28 11:29:15.945782 | > call 501 (1.384s wait)
2024-02-28 11:29:17.483671 | > call 502 (1.480s wait)
2024-02-28 11:29:19.120494 | > call 503 (1.560s wait)
2024-02-28 11:29:20.800507 | > call 504 (1.622s wait)
2024-02-28 11:29:22.206308 | > call 505 (1.349s wait)
2024-02-28 11:29:23.819333 | > call 506 (1.540s wait)
2024-02-28 11:29:25.362356 | > call 507 (1.486s wait)
2024-02-28 11:29:26.970183 | > call 508 (1.543s wait)
2024-02-28 11:29:28.522218 | > call 509 (1.496s wait)
2024-02-28 11:29:30.054517 | > call 510 (1.465s wait)
2024-02-28 11:29:31.618610 | > call 511 (1.498s wait)
2024-02-28 11:29:33.154616 | > call 512 (1.480s wait)
2024-02-28 11:29:34.752919 | > call 513 (1.536s wait)
2024-02-28 11:29:36.141731 | > call 514 (1.322s wait)
2024-02-28 11:29:37.628718 | > call 515 (1.424s wait)
2024-02-28 11:29:39.151939 | > call 516 (1.460s wait)
2024-02-28 11:29:40.762204 | > call 517 (1.554s wait)
2024-02-28 11:29:42.347370 | > call 518 (1.515s wait)
2024-02-28 11:29:44.077059 | > call 519 (1.662s wait)
2024-02-28 11:29:45.569964 | > call 520 (1.414s wait)
2024-02-28 11:29:47.074169 | > call 521 (1.437s wait)
2024-02-28 11:29:48.577628 | > call 522 (1.441s wait)
2024-02-28 11:29:50.109212 | > call 523 (1.480s wait)
2024-02-28 11:29:51.696087 | > call 524 (1.522s wait)
2024-02-28 11:29:53.229298 | > call 525 (1.481s wait)
2024-02-28 11:29:54.854385 | > call 526 (1.565s wait)
2024-02-28 11:29:56.381840 | > call 527 (1.473s wait)
2024-02-28 11:29:57.798329 | > call 528 (1.363s wait)
2024-02-28 11:29:59.211862 | > call 529 (1.330s wait)
2024-02-28 11:30:00.696928 | > call 530 (1.423s wait)
2024-02-28 11:30:02.181497 | > call 531 (1.401s wait)
2024-02-28 11:30:03.671057 | > call 532 (1.433s wait)
2024-02-28 11:30:05.288867 | > call 533 (1.565s wait)
2024-02-28 11:30:06.608781 | > call 534 (1.264s wait)
2024-02-28 11:30:08.162333 | > call 535 (1.479s wait)
2024-02-28 11:30:09.756767 | > call 536 (1.529s wait)
2024-02-28 11:30:11.219419 | > call 537 (1.390s wait)
2024-02-28 11:30:12.716115 | > call 538 (1.421s wait)
2024-02-28 11:30:14.082943 | > call 539 (1.305s wait)
2024-02-28 11:30:15.694105 | > call 540 (1.550s wait)
2024-02-28 11:30:17.151656 | > call 541 (1.403s wait)
2024-02-28 11:30:18.869920 | > call 542 (1.644s wait)
2024-02-28 11:30:20.260513 | > call 543 (1.337s wait)
2024-02-28 11:30:21.915926 | > call 544 (1.598s wait)
2024-02-28 11:30:23.480913 | > call 545 (1.510s wait)
2024-02-28 11:30:25.169281 | > call 546 (1.635s wait)
2024-02-28 11:30:26.511634 | > call 547 (1.288s wait)
2024-02-28 11:30:28.136224 | > call 548 (1.562s wait)
2024-02-28 11:30:29.694110 | > call 549 (1.495s wait)
2024-02-28 11:30:31.315488 | > call 550 (1.566s wait)
2024-02-28 11:30:32.877410 | > call 551 (1.509s wait)
2024-02-28 11:30:34.417229 | > call 552 (1.487s wait)
2024-02-28 11:30:35.850139 | > call 553 (1.373s wait)
2024-02-28 11:30:37.406419 | > call 554 (1.498s wait)
2024-02-28 11:30:38.797761 | > call 555 (1.337s wait)
2024-02-28 11:30:40.312570 | > call 556 (1.456s wait)
2024-02-28 11:30:41.903876 | > call 557 (1.538s wait)
2024-02-28 11:30:43.407195 | > call 558 (1.450s wait)
2024-02-28 11:30:45.003289 | > call 559 (1.543s wait)
2024-02-28 11:30:46.375286 | > call 560 (1.318s wait)
2024-02-28 11:30:47.802305 | > call 561 (1.372s wait)
2024-02-28 11:30:49.271674 | > call 562 (1.409s wait)
2024-02-28 11:30:50.809512 | > call 563 (1.473s wait)
2024-02-28 11:30:52.263508 | > call 564 (1.389s wait)
2024-02-28 11:30:53.748672 | > call 565 (1.427s wait)
2024-02-28 11:30:55.076036 | > call 566 (1.274s wait)
2024-02-28 11:30:56.367108 | > call 567 (1.236s wait)
2024-02-28 11:30:57.918407 | > call 568 (1.487s wait)
2024-02-28 11:30:59.335247 | > call 569 (1.358s wait)
2024-02-28 11:31:00.655496 | > call 570 (1.259s wait)
2024-02-28 11:31:02.273735 | > call 571 (1.553s wait)
2024-02-28 11:31:03.644671 | > call 572 (1.317s wait)
2024-02-28 11:31:05.172449 | > call 573 (1.466s wait)
2024-02-28 11:31:06.709865 | > call 574 (1.483s wait)
2024-02-28 11:31:08.276773 | > call 575 (1.499s wait)
2024-02-28 11:31:09.718796 | > call 576 (1.388s wait)
2024-02-28 11:31:11.256583 | > call 577 (1.476s wait)
2024-02-28 11:31:12.635130 | > call 578 (1.324s wait)
2024-02-28 11:31:14.194066 | > call 579 (1.498s wait)
2024-02-28 11:31:15.678799 | > call 580 (1.422s wait)
2024-02-28 11:31:17.217741 | > call 581 (1.486s wait)
2024-02-28 11:31:18.820187 | > call 582 (1.537s wait)
2024-02-28 11:31:20.448575 | > call 583 (1.575s wait)
2024-02-28 11:31:22.002917 | > call 584 (1.496s wait)
2024-02-28 11:31:23.574804 | > call 585 (1.514s wait)
2024-02-28 11:31:25.150752 | > call 586 (1.522s wait)
2024-02-28 11:31:26.697377 | > call 587 (1.487s wait)
2024-02-28 11:31:28.136387 | > call 588 (1.386s wait)
2024-02-28 11:31:29.606908 | > call 589 (1.406s wait)
2024-02-28 11:31:31.076795 | > call 590 (1.413s wait)
2024-02-28 11:31:32.487528 | > call 591 (1.350s wait)
2024-02-28 11:31:34.104483 | > call 592 (1.558s wait)
2024-02-28 11:31:35.424662 | > call 593 (1.261s wait)
2024-02-28 11:31:36.536365 | > call 594 (1.047s wait)
2024-02-28 11:31:38.086853 | > call 595 (1.486s wait)
2024-02-28 11:31:39.710115 | > call 596 (1.557s wait)
2024-02-28 11:31:41.078948 | > call 597 (1.303s wait)
2024-02-28 11:31:42.617811 | > call 598 (1.460s wait)
2024-02-28 11:31:44.038449 | > call 599 (1.354s wait)
2024-02-28 11:31:45.462105 | > call 600 (1.354s wait)
2024-02-28 11:31:46.924368 | > call 601 (1.394s wait)
2024-02-28 11:31:48.538895 | > call 602 (1.553s wait)
2024-02-28 11:31:50.017481 | > call 603 (1.419s wait)
2024-02-28 11:31:51.421580 | > call 604 (1.338s wait)
2024-02-28 11:31:53.047075 | > call 605 (1.560s wait)
2024-02-28 11:31:54.554042 | > call 606 (1.451s wait)
2024-02-28 11:31:56.047371 | > call 607 (1.424s wait)
2024-02-28 11:31:57.517724 | > call 608 (1.404s wait)
2024-02-28 11:31:59.224246 | > call 609 (1.636s wait)
2024-02-28 11:32:00.613814 | > call 610 (1.325s wait)
2024-02-28 11:32:02.283957 | > call 611 (1.615s wait)
2024-02-28 11:32:03.709613 | > call 612 (1.367s wait)
2024-02-28 11:32:04.841029 | > call 613 (1.046s wait)
2024-02-28 11:32:06.147202 | > call 614 (1.220s wait)
2024-02-28 11:32:07.513406 | > call 615 (1.295s wait)
2024-02-28 11:32:08.912482 | > call 616 (1.335s wait)
2024-02-28 11:32:10.305015 | > call 617 (1.329s wait)
2024-02-28 11:32:11.596003 | > call 618 (1.207s wait)
2024-02-28 11:32:12.609679 | > call 619 (0.924s wait)
2024-02-28 11:32:13.788780 | > call 620 (1.091s wait)
2024-02-28 11:32:15.155616 | > call 621 (1.267s wait)
2024-02-28 11:32:16.625979 | > call 622 (1.380s wait)
2024-02-28 11:32:17.983866 | > call 623 (1.294s wait)
2024-02-28 11:32:19.200011 | > call 624 (1.141s wait)
2024-02-28 11:32:20.589943 | > call 625 (1.292s wait)
2024-02-28 11:32:21.980373 | > call 626 (1.305s wait)
2024-02-28 11:32:23.262646 | > call 627 (1.211s wait)
2024-02-28 11:32:24.539544 | > call 628 (1.186s wait)
2024-02-28 11:32:25.939749 | > call 629 (1.321s wait)
2024-02-28 11:32:27.323786 | > call 630 (1.292s wait)
2024-02-28 11:32:28.682459 | > call 631 (1.274s wait)
2024-02-28 11:32:29.740489 | > call 632 (0.985s wait)
2024-02-28 11:32:31.102258 | > call 633 (1.262s wait)
2024-02-28 11:32:32.536100 | > call 634 (1.361s wait)
2024-02-28 11:32:33.932936 | > call 635 (1.328s wait)
2024-02-28 11:32:35.315222 | > call 636 (1.297s wait)
2024-02-28 11:32:36.579159 | > call 637 (1.199s wait)
2024-02-28 11:32:37.826927 | > call 638 (1.177s wait)
2024-02-28 11:32:39.303329 | > call 639 (1.407s wait)
2024-02-28 11:32:40.809399 | > call 640 (1.446s wait)
2024-02-28 11:32:42.496686 | > call 641 (1.607s wait)
2024-02-28 11:32:43.817764 | > call 642 (1.256s wait)
2024-02-28 11:32:45.419776 | > call 643 (1.537s wait)
2024-02-28 11:32:46.611710 | > call 644 (1.128s wait)
2024-02-28 11:32:48.278716 | > call 645 (1.569s wait)
2024-02-28 11:32:49.701696 | > call 646 (1.367s wait)
2024-02-28 11:32:51.196553 | > call 647 (1.388s wait)
2024-02-28 11:32:52.646525 | > call 648 (1.384s wait)
2024-02-28 11:32:54.186741 | > call 649 (1.473s wait)
2024-02-28 11:32:55.557436 | > call 650 (1.317s wait)
2024-02-28 11:32:57.070003 | > call 651 (1.450s wait)
2024-02-28 11:32:58.207676 | > call 652 (1.078s wait)
2024-02-28 11:32:59.242937 | > call 653 (0.979s wait)
2024-02-28 11:32:59.243363 | shutting down worker
2024-02-28 11:32:59.243494 | 
Total: 653 in 45.73s [user], 0.16s [system], 852.04s [elapsed]
