2024-02-28 11:18:47.611955 | Master: tcp://nd85ed30123f4:9234
2024-02-28 11:18:47.614691 | connecting to: tcp://nd85ed30123f4:9234
2024-02-28 11:18:47.901102 | > call 1 (0.233s wait)
2024-02-28 11:18:48.849684 | > call 2 (0.469s wait)
2024-02-28 11:18:50.140384 | > call 3 (1.225s wait)
2024-02-28 11:18:51.375510 | > call 4 (1.176s wait)
2024-02-28 11:18:52.685825 | > call 5 (1.252s wait)
2024-02-28 11:18:53.927318 | > call 6 (1.171s wait)
2024-02-28 11:18:55.191712 | > call 7 (1.200s wait)
2024-02-28 11:18:56.341918 | > call 8 (1.090s wait)
2024-02-28 11:18:57.432409 | > call 9 (1.035s wait)
2024-02-28 11:18:58.715288 | > call 10 (1.218s wait)
2024-02-28 11:18:59.894026 | > call 11 (1.122s wait)
2024-02-28 11:19:01.261392 | > call 12 (1.307s wait)
2024-02-28 11:19:02.520834 | > call 13 (1.204s wait)
2024-02-28 11:19:03.805659 | > call 14 (1.229s wait)
2024-02-28 11:19:05.029139 | > call 15 (1.171s wait)
2024-02-28 11:19:06.207585 | > call 16 (1.122s wait)
2024-02-28 11:19:07.377378 | > call 17 (1.115s wait)
2024-02-28 11:19:08.604798 | > call 18 (1.166s wait)
2024-02-28 11:19:09.952179 | > call 19 (1.287s wait)
2024-02-28 11:19:11.242315 | > call 20 (1.234s wait)
2024-02-28 11:19:12.486042 | > call 21 (1.187s wait)
2024-02-28 11:19:13.732548 | > call 22 (1.192s wait)
2024-02-28 11:19:15.182006 | > call 23 (1.397s wait)
2024-02-28 11:19:16.455527 | > call 24 (1.221s wait)
2024-02-28 11:19:17.670804 | > call 25 (1.162s wait)
2024-02-28 11:19:18.923938 | > call 26 (1.202s wait)
2024-02-28 11:19:20.201082 | > call 27 (1.224s wait)
2024-02-28 11:19:21.275543 | > call 28 (1.021s wait)
2024-02-28 11:19:22.509124 | > call 29 (1.182s wait)
2024-02-28 11:19:23.623875 | > call 30 (1.053s wait)
2024-02-28 11:19:24.740634 | > call 31 (1.064s wait)
2024-02-28 11:19:25.948855 | > call 32 (1.155s wait)
2024-02-28 11:19:27.008811 | > call 33 (0.986s wait)
2024-02-28 11:19:28.192322 | > call 34 (1.123s wait)
2024-02-28 11:19:29.239843 | > call 35 (0.994s wait)
2024-02-28 11:19:30.565336 | > call 36 (1.272s wait)
2024-02-28 11:19:31.816526 | > call 37 (1.174s wait)
2024-02-28 11:19:33.185734 | > call 38 (1.292s wait)
2024-02-28 11:19:34.349813 | > call 39 (1.087s wait)
2024-02-28 11:19:35.727828 | > call 40 (1.298s wait)
2024-02-28 11:19:36.919728 | > call 41 (1.118s wait)
2024-02-28 11:19:38.179308 | > call 42 (1.185s wait)
2024-02-28 11:19:39.490598 | > call 43 (1.239s wait)
2024-02-28 11:19:40.749034 | > call 44 (1.190s wait)
2024-02-28 11:19:42.044604 | > call 45 (1.216s wait)
2024-02-28 11:19:43.233488 | > call 46 (1.114s wait)
2024-02-28 11:19:44.627350 | > call 47 (1.320s wait)
2024-02-28 11:19:45.818129 | > call 48 (1.120s wait)
2024-02-28 11:19:46.998116 | > call 49 (1.107s wait)
2024-02-28 11:19:48.271853 | > call 50 (1.195s wait)
2024-02-28 11:19:49.399532 | > call 51 (1.048s wait)
2024-02-28 11:19:50.606909 | > call 52 (1.131s wait)
2024-02-28 11:19:51.837765 | > call 53 (1.160s wait)
2024-02-28 11:19:53.057623 | > call 54 (1.143s wait)
2024-02-28 11:19:54.261171 | > call 55 (1.134s wait)
2024-02-28 11:19:55.440629 | > call 56 (1.102s wait)
2024-02-28 11:19:56.765406 | > call 57 (1.251s wait)
2024-02-28 11:19:58.123711 | > call 58 (1.286s wait)
2024-02-28 11:19:59.133220 | > call 59 (0.936s wait)
2024-02-28 11:20:00.286263 | > call 60 (1.076s wait)
2024-02-28 11:20:01.487354 | > call 61 (1.126s wait)
2024-02-28 11:20:02.619460 | > call 62 (1.063s wait)
2024-02-28 11:20:03.903515 | > call 63 (1.213s wait)
2024-02-28 11:20:05.134926 | > call 64 (1.161s wait)
2024-02-28 11:20:06.338503 | > call 65 (1.124s wait)
2024-02-28 11:20:07.540540 | > call 66 (1.133s wait)
2024-02-28 11:20:08.665534 | > call 67 (1.044s wait)
2024-02-28 11:20:09.762886 | > call 68 (1.021s wait)
2024-02-28 11:20:10.814277 | > call 69 (0.974s wait)
2024-02-28 11:20:11.899912 | > call 70 (1.004s wait)
2024-02-28 11:20:13.198738 | > call 71 (1.226s wait)
2024-02-28 11:20:14.351826 | > call 72 (1.082s wait)
2024-02-28 11:20:15.649675 | > call 73 (1.226s wait)
2024-02-28 11:20:16.735755 | > call 74 (1.015s wait)
2024-02-28 11:20:17.912265 | > call 75 (1.107s wait)
2024-02-28 11:20:19.168547 | > call 76 (1.166s wait)
2024-02-28 11:20:20.411617 | > call 77 (1.170s wait)
2024-02-28 11:20:21.710032 | > call 78 (1.226s wait)
2024-02-28 11:20:22.988265 | > call 79 (1.203s wait)
2024-02-28 11:20:24.224034 | > call 80 (1.162s wait)
2024-02-28 11:20:25.395273 | > call 81 (1.097s wait)
2024-02-28 11:20:26.656879 | > call 82 (1.189s wait)
2024-02-28 11:20:28.039033 | > call 83 (1.310s wait)
2024-02-28 11:20:29.271651 | > call 84 (1.163s wait)
2024-02-28 11:20:30.283573 | > call 85 (0.935s wait)
2024-02-28 11:20:31.494447 | > call 86 (1.140s wait)
2024-02-28 11:20:32.769894 | > call 87 (1.198s wait)
2024-02-28 11:20:33.947051 | > call 88 (1.101s wait)
2024-02-28 11:20:35.234116 | > call 89 (1.213s wait)
2024-02-28 11:20:36.496227 | > call 90 (1.185s wait)
2024-02-28 11:20:37.656170 | > call 91 (1.087s wait)
2024-02-28 11:20:38.958527 | > call 92 (1.220s wait)
2024-02-28 11:20:40.207338 | > call 93 (1.172s wait)
2024-02-28 11:20:41.424978 | > call 94 (1.125s wait)
2024-02-28 11:20:42.798691 | > call 95 (1.289s wait)
2024-02-28 11:20:43.799181 | > call 96 (0.899s wait)
2024-02-28 11:20:45.018124 | > call 97 (1.135s wait)
2024-02-28 11:20:46.198713 | > call 98 (1.087s wait)
2024-02-28 11:20:47.465854 | > call 99 (1.168s wait)
2024-02-28 11:20:48.614929 | > call 100 (1.076s wait)
2024-02-28 11:20:50.023324 | > call 101 (1.335s wait)
2024-02-28 11:20:51.120196 | > call 102 (1.011s wait)
2024-02-28 11:20:52.368800 | > call 103 (1.165s wait)
2024-02-28 11:20:53.459604 | > call 104 (0.985s wait)
2024-02-28 11:20:54.675992 | > call 105 (1.116s wait)
2024-02-28 11:20:55.923662 | > call 106 (1.147s wait)
2024-02-28 11:20:57.014230 | > call 107 (0.986s wait)
2024-02-28 11:20:58.408916 | > call 108 (1.311s wait)
2024-02-28 11:20:59.674376 | > call 109 (1.184s wait)
2024-02-28 11:21:00.919386 | > call 110 (1.155s wait)
2024-02-28 11:21:02.198564 | > call 111 (1.197s wait)
2024-02-28 11:21:03.646021 | > call 112 (1.366s wait)
2024-02-28 11:21:04.911773 | > call 113 (1.181s wait)
2024-02-28 11:21:06.114360 | > call 114 (1.121s wait)
2024-02-28 11:21:07.514291 | > call 115 (1.312s wait)
2024-02-28 11:21:08.812982 | > call 116 (1.216s wait)
2024-02-28 11:21:09.918070 | > call 117 (1.027s wait)
2024-02-28 11:21:11.284741 | > call 118 (1.278s wait)
2024-02-28 11:21:12.467279 | > call 119 (1.104s wait)
2024-02-28 11:21:13.759652 | > call 120 (1.220s wait)
2024-02-28 11:21:14.962804 | > call 121 (1.132s wait)
2024-02-28 11:21:16.011356 | > call 122 (0.973s wait)
2024-02-28 11:21:17.184742 | > call 123 (1.099s wait)
2024-02-28 11:21:18.351335 | > call 124 (1.093s wait)
2024-02-28 11:21:19.470541 | > call 125 (1.046s wait)
2024-02-28 11:21:20.737267 | > call 126 (1.197s wait)
2024-02-28 11:21:21.957823 | > call 127 (1.146s wait)
2024-02-28 11:21:23.276968 | > call 128 (1.247s wait)
2024-02-28 11:21:24.564540 | > call 129 (1.212s wait)
2024-02-28 11:21:25.821122 | > call 130 (1.186s wait)
2024-02-28 11:21:27.054664 | > call 131 (1.163s wait)
2024-02-28 11:21:28.204531 | > call 132 (1.071s wait)
2024-02-28 11:21:29.565947 | > call 133 (1.280s wait)
2024-02-28 11:21:30.775452 | > call 134 (1.139s wait)
2024-02-28 11:21:31.812122 | > call 135 (0.963s wait)
2024-02-28 11:21:33.229826 | > call 136 (1.342s wait)
2024-02-28 11:21:34.438110 | > call 137 (1.124s wait)
2024-02-28 11:21:35.851941 | > call 138 (1.341s wait)
2024-02-28 11:21:37.078036 | > call 139 (1.150s wait)
2024-02-28 11:21:38.276993 | > call 140 (1.125s wait)
2024-02-28 11:21:39.615361 | > call 141 (1.267s wait)
2024-02-28 11:21:40.874102 | > call 142 (1.187s wait)
2024-02-28 11:21:42.017706 | > call 143 (1.071s wait)
2024-02-28 11:21:43.264108 | > call 144 (1.177s wait)
2024-02-28 11:21:44.401591 | > call 145 (1.067s wait)
2024-02-28 11:21:45.691309 | > call 146 (1.206s wait)
2024-02-28 11:21:46.849311 | > call 147 (1.077s wait)
2024-02-28 11:21:48.081047 | > call 148 (1.146s wait)
2024-02-28 11:21:49.229356 | > call 149 (1.079s wait)
2024-02-28 11:21:50.400557 | > call 150 (1.098s wait)
2024-02-28 11:21:51.684415 | > call 151 (1.211s wait)
2024-02-28 11:21:52.950337 | > call 152 (1.199s wait)
2024-02-28 11:21:54.128787 | > call 153 (1.109s wait)
2024-02-28 11:21:55.234914 | > call 154 (1.038s wait)
2024-02-28 11:21:56.666476 | > call 155 (1.364s wait)
2024-02-28 11:21:57.904060 | > call 156 (1.168s wait)
2024-02-28 11:21:59.213260 | > call 157 (1.240s wait)
2024-02-28 11:22:00.360363 | > call 158 (1.080s wait)
2024-02-28 11:22:01.857197 | > call 159 (1.424s wait)
2024-02-28 11:22:03.066452 | > call 160 (1.142s wait)
2024-02-28 11:22:04.214656 | > call 161 (1.072s wait)
2024-02-28 11:22:05.630556 | > call 162 (1.335s wait)
2024-02-28 11:22:06.737760 | > call 163 (1.034s wait)
2024-02-28 11:22:07.900973 | > call 164 (1.089s wait)
2024-02-28 11:22:09.151567 | > call 165 (1.168s wait)
2024-02-28 11:22:10.255496 | > call 166 (1.033s wait)
2024-02-28 11:22:11.646720 | > call 167 (1.316s wait)
2024-02-28 11:22:12.755291 | > call 168 (1.029s wait)
2024-02-28 11:22:13.961920 | > call 169 (1.128s wait)
2024-02-28 11:22:15.285693 | > call 170 (1.246s wait)
2024-02-28 11:22:16.477163 | > call 171 (1.118s wait)
2024-02-28 11:22:17.668625 | > call 172 (1.120s wait)
2024-02-28 11:22:18.843670 | > call 173 (1.097s wait)
2024-02-28 11:22:20.063318 | > call 174 (1.140s wait)
2024-02-28 11:22:21.185669 | > call 175 (1.040s wait)
2024-02-28 11:22:22.393570 | > call 176 (1.121s wait)
2024-02-28 11:22:23.699562 | > call 177 (1.220s wait)
2024-02-28 11:22:25.037005 | > call 178 (1.256s wait)
2024-02-28 11:22:26.324129 | > call 179 (1.206s wait)
2024-02-28 11:22:27.437671 | > call 180 (1.025s wait)
2024-02-28 11:22:28.661388 | > call 181 (1.138s wait)
2024-02-28 11:22:29.999063 | > call 182 (1.256s wait)
2024-02-28 11:22:31.148652 | > call 183 (1.064s wait)
2024-02-28 11:22:32.330050 | > call 184 (1.090s wait)
2024-02-28 11:22:33.550692 | > call 185 (1.133s wait)
2024-02-28 11:22:34.931676 | > call 186 (1.296s wait)
2024-02-28 11:22:36.325901 | > call 187 (1.310s wait)
2024-02-28 11:22:37.566629 | > call 188 (1.158s wait)
2024-02-28 11:22:38.924455 | > call 189 (1.275s wait)
2024-02-28 11:22:40.055265 | > call 190 (1.050s wait)
2024-02-28 11:22:41.306828 | > call 191 (1.169s wait)
2024-02-28 11:22:42.592377 | > call 192 (1.204s wait)
2024-02-28 11:22:43.832897 | > call 193 (1.156s wait)
2024-02-28 11:22:45.097582 | > call 194 (1.182s wait)
2024-02-28 11:22:46.231669 | > call 195 (1.055s wait)
2024-02-28 11:22:47.394771 | > call 196 (1.079s wait)
2024-02-28 11:22:48.551270 | > call 197 (1.076s wait)
2024-02-28 11:22:49.607031 | > call 198 (0.969s wait)
2024-02-28 11:22:50.884003 | > call 199 (1.196s wait)
2024-02-28 11:22:51.976282 | > call 200 (1.011s wait)
2024-02-28 11:22:53.287290 | > call 201 (1.238s wait)
2024-02-28 11:22:54.522742 | > call 202 (1.162s wait)
2024-02-28 11:22:55.738252 | > call 203 (1.142s wait)
2024-02-28 11:22:56.808251 | > call 204 (1.000s wait)
2024-02-28 11:22:57.979115 | > call 205 (1.103s wait)
2024-02-28 11:22:59.109058 | > call 206 (1.055s wait)
2024-02-28 11:23:00.380052 | > call 207 (1.198s wait)
2024-02-28 11:23:01.546427 | > call 208 (1.097s wait)
2024-02-28 11:23:02.469313 | > call 209 (0.848s wait)
2024-02-28 11:23:03.679548 | > call 210 (1.139s wait)
2024-02-28 11:23:05.012116 | > call 211 (1.265s wait)
2024-02-28 11:23:06.195420 | > call 212 (1.117s wait)
2024-02-28 11:23:07.534460 | > call 213 (1.258s wait)
2024-02-28 11:23:08.829977 | > call 214 (1.225s wait)
2024-02-28 11:23:09.936487 | > call 215 (1.033s wait)
2024-02-28 11:23:11.110804 | > call 216 (1.102s wait)
2024-02-28 11:23:12.491344 | > call 217 (1.312s wait)
2024-02-28 11:23:13.845303 | > call 218 (1.284s wait)
2024-02-28 11:23:15.148172 | > call 219 (1.237s wait)
2024-02-28 11:23:16.233788 | > call 220 (1.019s wait)
2024-02-28 11:23:17.467838 | > call 221 (1.167s wait)
2024-02-28 11:23:18.604843 | > call 222 (1.065s wait)
2024-02-28 11:23:19.970746 | > call 223 (1.287s wait)
2024-02-28 11:23:21.237200 | > call 224 (1.197s wait)
2024-02-28 11:23:22.519959 | > call 225 (1.212s wait)
2024-02-28 11:23:23.650444 | > call 226 (1.057s wait)
2024-02-28 11:23:24.890153 | > call 227 (1.173s wait)
2024-02-28 11:23:26.084009 | > call 228 (1.127s wait)
2024-02-28 11:23:27.366017 | > call 229 (1.214s wait)
2024-02-28 11:23:28.610756 | > call 230 (1.178s wait)
2024-02-28 11:23:29.749291 | > call 231 (1.065s wait)
2024-02-28 11:23:31.033509 | > call 232 (1.208s wait)
2024-02-28 11:23:32.268821 | > call 233 (1.155s wait)
2024-02-28 11:23:33.546457 | > call 234 (1.208s wait)
2024-02-28 11:23:34.836794 | > call 235 (1.221s wait)
2024-02-28 11:23:36.103263 | > call 236 (1.202s wait)
2024-02-28 11:23:37.456115 | > call 237 (1.285s wait)
2024-02-28 11:23:38.586553 | > call 238 (1.063s wait)
2024-02-28 11:23:39.644912 | > call 239 (0.994s wait)
2024-02-28 11:23:40.955207 | > call 240 (1.244s wait)
2024-02-28 11:23:42.222869 | > call 241 (1.198s wait)
2024-02-28 11:23:43.533556 | > call 242 (1.241s wait)
2024-02-28 11:23:44.682272 | > call 243 (1.080s wait)
2024-02-28 11:23:45.812241 | > call 244 (1.058s wait)
2024-02-28 11:23:47.013381 | > call 245 (1.129s wait)
2024-02-28 11:23:48.208164 | > call 246 (1.123s wait)
2024-02-28 11:23:49.312805 | > call 247 (1.022s wait)
2024-02-28 11:23:50.459252 | > call 248 (1.075s wait)
2024-02-28 11:23:51.801958 | > call 249 (1.263s wait)
2024-02-28 11:23:52.955780 | > call 250 (1.077s wait)
2024-02-28 11:23:54.159312 | > call 251 (1.131s wait)
2024-02-28 11:23:55.367685 | > call 252 (1.135s wait)
2024-02-28 11:23:56.672855 | > call 253 (1.225s wait)
2024-02-28 11:23:57.956615 | > call 254 (1.208s wait)
2024-02-28 11:23:59.222696 | > call 255 (1.183s wait)
2024-02-28 11:24:00.458310 | > call 256 (1.161s wait)
2024-02-28 11:24:01.790957 | > call 257 (1.242s wait)
2024-02-28 11:24:02.914582 | > call 258 (1.047s wait)
2024-02-28 11:24:04.194682 | > call 259 (1.203s wait)
2024-02-28 11:24:05.452545 | > call 260 (1.178s wait)
2024-02-28 11:24:06.563239 | > call 261 (1.030s wait)
2024-02-28 11:24:07.757703 | > call 262 (1.117s wait)
2024-02-28 11:24:09.041981 | > call 263 (1.204s wait)
2024-02-28 11:24:10.302259 | > call 264 (1.183s wait)
2024-02-28 11:24:11.756878 | > call 265 (1.377s wait)
2024-02-28 11:24:13.026917 | > call 266 (1.192s wait)
2024-02-28 11:24:14.293695 | > call 267 (1.192s wait)
2024-02-28 11:24:15.604538 | > call 268 (1.235s wait)
2024-02-28 11:24:16.716133 | > call 269 (1.043s wait)
2024-02-28 11:24:17.836729 | > call 270 (1.047s wait)
2024-02-28 11:24:18.989601 | > call 271 (1.084s wait)
2024-02-28 11:24:20.144256 | > call 272 (1.086s wait)
2024-02-28 11:24:21.261535 | > call 273 (1.040s wait)
2024-02-28 11:24:22.681894 | > call 274 (1.340s wait)
2024-02-28 11:24:23.847239 | > call 275 (1.091s wait)
2024-02-28 11:24:25.097566 | > call 276 (1.179s wait)
2024-02-28 11:24:26.248624 | > call 277 (1.081s wait)
2024-02-28 11:24:27.389676 | > call 278 (1.071s wait)
2024-02-28 11:24:28.590807 | > call 279 (1.131s wait)
2024-02-28 11:24:29.651146 | > call 280 (0.981s wait)
2024-02-28 11:24:30.966194 | > call 281 (1.246s wait)
2024-02-28 11:24:32.083648 | > call 282 (1.047s wait)
2024-02-28 11:24:33.312944 | > call 283 (1.156s wait)
2024-02-28 11:24:34.498833 | > call 284 (1.114s wait)
2024-02-28 11:24:35.572395 | > call 285 (1.002s wait)
2024-02-28 11:24:36.821553 | > call 286 (1.178s wait)
2024-02-28 11:24:38.040961 | > call 287 (1.146s wait)
2024-02-28 11:24:39.345477 | > call 288 (1.234s wait)
2024-02-28 11:24:40.505340 | > call 289 (1.088s wait)
2024-02-28 11:24:41.836121 | > call 290 (1.254s wait)
2024-02-28 11:24:42.963896 | > call 291 (1.051s wait)
2024-02-28 11:24:44.120050 | > call 292 (1.077s wait)
2024-02-28 11:24:45.256318 | > call 293 (1.056s wait)
2024-02-28 11:24:46.374294 | > call 294 (1.041s wait)
2024-02-28 11:24:47.727778 | > call 295 (1.275s wait)
2024-02-28 11:24:48.951203 | > call 296 (1.149s wait)
2024-02-28 11:24:50.151284 | > call 297 (1.126s wait)
2024-02-28 11:24:51.139227 | > call 298 (0.914s wait)
2024-02-28 11:24:52.355885 | > call 299 (1.140s wait)
2024-02-28 11:24:53.646206 | > call 300 (1.209s wait)
2024-02-28 11:24:54.870775 | > call 301 (1.152s wait)
2024-02-28 11:24:56.330556 | > call 302 (1.382s wait)
2024-02-28 11:24:57.579858 | > call 303 (1.176s wait)
2024-02-28 11:24:58.810923 | > call 304 (1.159s wait)
2024-02-28 11:25:00.121338 | > call 305 (1.236s wait)
2024-02-28 11:25:01.271929 | > call 306 (1.080s wait)
2024-02-28 11:25:02.484593 | > call 307 (1.144s wait)
2024-02-28 11:25:03.710540 | > call 308 (1.155s wait)
2024-02-28 11:25:04.937550 | > call 309 (1.157s wait)
2024-02-28 11:25:05.951589 | > call 310 (0.949s wait)
2024-02-28 11:25:07.129553 | > call 311 (1.117s wait)
2024-02-28 11:25:08.463062 | > call 312 (1.270s wait)
2024-02-28 11:25:09.630310 | > call 313 (1.107s wait)
2024-02-28 11:25:10.868109 | > call 314 (1.177s wait)
2024-02-28 11:25:12.130218 | > call 315 (1.194s wait)
2024-02-28 11:25:13.113590 | > call 316 (0.908s wait)
2024-02-28 11:25:14.443484 | > call 317 (1.255s wait)
2024-02-28 11:25:15.565661 | > call 318 (1.054s wait)
2024-02-28 11:25:16.773982 | > call 319 (1.138s wait)
2024-02-28 11:25:17.986875 | > call 320 (1.136s wait)
2024-02-28 11:25:19.344057 | > call 321 (1.289s wait)
2024-02-28 11:25:20.738281 | > call 322 (1.328s wait)
2024-02-28 11:25:21.931313 | > call 323 (1.129s wait)
2024-02-28 11:25:23.299830 | > call 324 (1.305s wait)
2024-02-28 11:25:24.581105 | > call 325 (1.218s wait)
2024-02-28 11:25:25.750585 | > call 326 (1.108s wait)
2024-02-28 11:25:27.088466 | > call 327 (1.269s wait)
2024-02-28 11:25:28.174135 | > call 328 (1.021s wait)
2024-02-28 11:25:29.360216 | > call 329 (1.116s wait)
2024-02-28 11:25:30.685948 | > call 330 (1.265s wait)
2024-02-28 11:25:31.844063 | > call 331 (1.089s wait)
2024-02-28 11:25:32.993677 | > call 332 (1.077s wait)
2024-02-28 11:25:34.223309 | > call 333 (1.159s wait)
2024-02-28 11:25:35.357042 | > call 334 (1.066s wait)
2024-02-28 11:25:36.484517 | > call 335 (1.055s wait)
2024-02-28 11:25:37.678439 | > call 336 (1.116s wait)
2024-02-28 11:25:38.839126 | > call 337 (1.093s wait)
2024-02-28 11:25:40.039261 | > call 338 (1.133s wait)
2024-02-28 11:25:41.288128 | > call 339 (1.174s wait)
2024-02-28 11:25:42.514300 | > call 340 (1.155s wait)
2024-02-28 11:25:43.939631 | > call 341 (1.358s wait)
2024-02-28 11:25:45.164363 | > call 342 (1.155s wait)
2024-02-28 11:25:46.355514 | > call 343 (1.124s wait)
2024-02-28 11:25:47.582070 | > call 344 (1.149s wait)
2024-02-28 11:25:48.700906 | > call 345 (1.049s wait)
2024-02-28 11:25:50.078763 | > call 346 (1.309s wait)
2024-02-28 11:25:51.157588 | > call 347 (1.007s wait)
2024-02-28 11:25:52.335994 | > call 348 (1.109s wait)
2024-02-28 11:25:53.547794 | > call 349 (1.142s wait)
2024-02-28 11:25:54.778959 | > call 350 (1.165s wait)
2024-02-28 11:25:56.033222 | > call 351 (1.189s wait)
2024-02-28 11:25:57.302542 | > call 352 (1.200s wait)
2024-02-28 11:25:58.516883 | > call 353 (1.147s wait)
2024-02-28 11:25:59.601365 | > call 354 (1.018s wait)
2024-02-28 11:26:00.873572 | > call 355 (1.208s wait)
2024-02-28 11:26:02.213149 | > call 356 (1.267s wait)
2024-02-28 11:26:03.524377 | > call 357 (1.237s wait)
2024-02-28 11:26:04.802501 | > call 358 (1.217s wait)
2024-02-28 11:26:05.821547 | > call 359 (0.956s wait)
2024-02-28 11:26:07.192677 | > call 360 (1.309s wait)
2024-02-28 11:26:08.315596 | > call 361 (1.059s wait)
2024-02-28 11:26:09.520206 | > call 362 (1.136s wait)
2024-02-28 11:26:10.614077 | > call 363 (1.034s wait)
2024-02-28 11:26:11.786719 | > call 364 (1.110s wait)
2024-02-28 11:26:13.060404 | > call 365 (1.213s wait)
2024-02-28 11:26:14.276851 | > call 366 (1.156s wait)
2024-02-28 11:26:15.556975 | > call 367 (1.217s wait)
2024-02-28 11:26:16.795318 | > call 368 (1.176s wait)
2024-02-28 11:26:17.929691 | > call 369 (1.068s wait)
2024-02-28 11:26:19.120157 | > call 370 (1.131s wait)
2024-02-28 11:26:20.137309 | > call 371 (0.955s wait)
2024-02-28 11:26:21.487056 | > call 372 (1.292s wait)
2024-02-28 11:26:22.715621 | > call 373 (1.168s wait)
2024-02-28 11:26:23.890749 | > call 374 (1.106s wait)
2024-02-28 11:26:25.054699 | > call 375 (1.105s wait)
2024-02-28 11:26:26.326112 | > call 376 (1.214s wait)
2024-02-28 11:26:27.282291 | > call 377 (0.899s wait)
2024-02-28 11:26:28.319682 | > call 378 (0.980s wait)
2024-02-28 11:26:29.551493 | > call 379 (1.173s wait)
2024-02-28 11:26:30.884598 | > call 380 (1.269s wait)
2024-02-28 11:26:31.965307 | > call 381 (1.020s wait)
2024-02-28 11:26:32.985783 | > call 382 (0.963s wait)
2024-02-28 11:26:34.151569 | > call 383 (1.100s wait)
2024-02-28 11:26:35.314935 | > call 384 (1.107s wait)
2024-02-28 11:26:36.713534 | > call 385 (1.326s wait)
2024-02-28 11:26:37.943209 | > call 386 (1.165s wait)
2024-02-28 11:26:39.045903 | > call 387 (1.043s wait)
2024-02-28 11:26:40.378572 | > call 388 (1.264s wait)
2024-02-28 11:26:41.841845 | > call 389 (1.404s wait)
2024-02-28 11:26:43.311058 | > call 390 (1.412s wait)
2024-02-28 11:26:44.671714 | > call 391 (1.299s wait)
2024-02-28 11:26:46.089287 | > call 392 (1.358s wait)
2024-02-28 11:26:47.412993 | > call 393 (1.267s wait)
2024-02-28 11:26:48.596662 | > call 394 (1.127s wait)
2024-02-28 11:26:49.940251 | > call 395 (1.286s wait)
2024-02-28 11:26:51.396202 | > call 396 (1.400s wait)
2024-02-28 11:26:52.783252 | > call 397 (1.325s wait)
2024-02-28 11:26:54.008072 | > call 398 (1.163s wait)
2024-02-28 11:26:55.215667 | > call 399 (1.149s wait)
2024-02-28 11:26:56.677436 | > call 400 (1.402s wait)
2024-02-28 11:26:57.998567 | > call 401 (1.263s wait)
2024-02-28 11:26:59.220359 | > call 402 (1.164s wait)
2024-02-28 11:27:00.335752 | > call 403 (1.057s wait)
2024-02-28 11:27:01.575430 | > call 404 (1.182s wait)
2024-02-28 11:27:02.964406 | > call 405 (1.334s wait)
2024-02-28 11:27:04.376127 | > call 406 (1.356s wait)
2024-02-28 11:27:05.645190 | > call 407 (1.212s wait)
2024-02-28 11:27:06.862951 | > call 408 (1.163s wait)
2024-02-28 11:27:08.110178 | > call 409 (1.191s wait)
2024-02-28 11:27:09.482812 | > call 410 (1.316s wait)
2024-02-28 11:27:10.694413 | > call 411 (1.156s wait)
2024-02-28 11:27:12.096961 | > call 412 (1.324s wait)
2024-02-28 11:27:13.228133 | > call 413 (1.072s wait)
2024-02-28 11:27:14.628290 | > call 414 (1.330s wait)
2024-02-28 11:27:15.978220 | > call 415 (1.294s wait)
2024-02-28 11:27:17.227472 | > call 416 (1.193s wait)
2024-02-28 11:27:18.595613 | > call 417 (1.309s wait)
2024-02-28 11:27:19.972212 | > call 418 (1.319s wait)
2024-02-28 11:27:21.418381 | > call 419 (1.391s wait)
2024-02-28 11:27:22.903125 | > call 420 (1.426s wait)
2024-02-28 11:27:24.130590 | > call 421 (1.172s wait)
2024-02-28 11:27:25.368438 | > call 422 (1.181s wait)
2024-02-28 11:27:26.509925 | > call 423 (1.057s wait)
2024-02-28 11:27:27.801858 | > call 424 (1.200s wait)
2024-02-28 11:27:29.219117 | > call 425 (1.360s wait)
2024-02-28 11:27:30.559622 | > call 426 (1.285s wait)
2024-02-28 11:27:31.927175 | > call 427 (1.311s wait)
2024-02-28 11:27:33.216147 | > call 428 (1.230s wait)
2024-02-28 11:27:34.447685 | > call 429 (1.176s wait)
2024-02-28 11:27:35.876519 | > call 430 (1.369s wait)
2024-02-28 11:27:37.198068 | > call 431 (1.268s wait)
2024-02-28 11:27:38.510020 | > call 432 (1.252s wait)
2024-02-28 11:27:39.914023 | > call 433 (1.333s wait)
2024-02-28 11:27:41.088741 | > call 434 (1.115s wait)
2024-02-28 11:27:42.213414 | > call 435 (1.045s wait)
2024-02-28 11:27:43.508191 | > call 436 (1.239s wait)
2024-02-28 11:27:45.041064 | > call 437 (1.474s wait)
2024-02-28 11:27:46.681719 | > call 438 (1.583s wait)
2024-02-28 11:27:48.071818 | > call 439 (1.331s wait)
2024-02-28 11:27:49.354137 | > call 440 (1.226s wait)
2024-02-28 11:27:50.697407 | > call 441 (1.283s wait)
2024-02-28 11:27:52.227271 | > call 442 (1.473s wait)
2024-02-28 11:27:53.683605 | > call 443 (1.400s wait)
2024-02-28 11:27:54.958887 | > call 444 (1.218s wait)
2024-02-28 11:27:56.501197 | > call 445 (1.485s wait)
2024-02-28 11:27:58.180810 | > call 446 (1.624s wait)
2024-02-28 11:27:59.641634 | > call 447 (1.403s wait)
2024-02-28 11:28:01.195941 | > call 448 (1.494s wait)
2024-02-28 11:28:02.664390 | > call 449 (1.407s wait)
2024-02-28 11:28:04.155993 | > call 450 (1.435s wait)
2024-02-28 11:28:05.570291 | > call 451 (1.357s wait)
2024-02-28 11:28:07.058272 | > call 452 (1.425s wait)
2024-02-28 11:28:08.444911 | > call 453 (1.330s wait)
2024-02-28 11:28:09.985984 | > call 454 (1.484s wait)
2024-02-28 11:28:11.478779 | > call 455 (1.431s wait)
2024-02-28 11:28:12.875249 | > call 456 (1.340s wait)
2024-02-28 11:28:14.057145 | > call 457 (1.125s wait)
2024-02-28 11:28:15.472174 | > call 458 (1.352s wait)
2024-02-28 11:28:16.952960 | > call 459 (1.422s wait)
2024-02-28 11:28:18.264916 | > call 460 (1.256s wait)
2024-02-28 11:28:19.607155 | > call 461 (1.286s wait)
2024-02-28 11:28:20.985306 | > call 462 (1.318s wait)
2024-02-28 11:28:22.491456 | > call 463 (1.443s wait)
2024-02-28 11:28:24.019355 | > call 464 (1.471s wait)
2024-02-28 11:28:25.500345 | > call 465 (1.420s wait)
2024-02-28 11:28:26.907344 | > call 466 (1.342s wait)
2024-02-28 11:28:28.135019 | > call 467 (1.173s wait)
2024-02-28 11:28:29.675159 | > call 468 (1.479s wait)
2024-02-28 11:28:31.119669 | > call 469 (1.384s wait)
2024-02-28 11:28:32.608048 | > call 470 (1.414s wait)
2024-02-28 11:28:34.051677 | > call 471 (1.382s wait)
2024-02-28 11:28:35.445351 | > call 472 (1.337s wait)
2024-02-28 11:28:36.915000 | > call 473 (1.413s wait)
2024-02-28 11:28:38.192273 | > call 474 (1.225s wait)
2024-02-28 11:28:39.625876 | > call 475 (1.375s wait)
2024-02-28 11:28:40.919655 | > call 476 (1.236s wait)
2024-02-28 11:28:42.515353 | > call 477 (1.538s wait)
2024-02-28 11:28:43.784757 | > call 478 (1.212s wait)
2024-02-28 11:28:45.101575 | > call 479 (1.260s wait)
2024-02-28 11:28:46.393423 | > call 480 (1.234s wait)
2024-02-28 11:28:47.772228 | > call 481 (1.322s wait)
2024-02-28 11:28:49.077822 | > call 482 (1.249s wait)
2024-02-28 11:28:50.519257 | > call 483 (1.384s wait)
2024-02-28 11:28:51.897638 | > call 484 (1.321s wait)
2024-02-28 11:28:53.366842 | > call 485 (1.413s wait)
2024-02-28 11:28:54.824573 | > call 486 (1.393s wait)
2024-02-28 11:28:56.199883 | > call 487 (1.314s wait)
2024-02-28 11:28:57.687890 | > call 488 (1.431s wait)
2024-02-28 11:28:59.109431 | > call 489 (1.363s wait)
2024-02-28 11:29:00.467123 | > call 490 (1.301s wait)
2024-02-28 11:29:01.778677 | > call 491 (1.252s wait)
2024-02-28 11:29:03.046216 | > call 492 (1.199s wait)
2024-02-28 11:29:04.276294 | > call 493 (1.144s wait)
2024-02-28 11:29:05.894944 | > call 494 (1.562s wait)
2024-02-28 11:29:07.140844 | > call 495 (1.189s wait)
2024-02-28 11:29:08.755224 | > call 496 (1.558s wait)
2024-02-28 11:29:10.277467 | > call 497 (1.465s wait)
2024-02-28 11:29:11.649005 | > call 498 (1.307s wait)
2024-02-28 11:29:13.107856 | > call 499 (1.401s wait)
2024-02-28 11:29:14.576960 | > call 500 (1.413s wait)
2024-02-28 11:29:16.025831 | > call 501 (1.396s wait)
2024-02-28 11:29:17.623374 | > call 502 (1.542s wait)
2024-02-28 11:29:19.256631 | > call 503 (1.580s wait)
2024-02-28 11:29:20.931514 | > call 504 (1.621s wait)
2024-02-28 11:29:22.289616 | > call 505 (1.295s wait)
2024-02-28 11:29:23.885577 | > call 506 (1.535s wait)
2024-02-28 11:29:25.443907 | > call 507 (1.507s wait)
2024-02-28 11:29:27.061899 | > call 508 (1.563s wait)
2024-02-28 11:29:28.580987 | > call 509 (1.464s wait)
2024-02-28 11:29:30.185999 | > call 510 (1.551s wait)
2024-02-28 11:29:31.732127 | > call 511 (1.492s wait)
2024-02-28 11:29:33.292464 | > call 512 (1.508s wait)
2024-02-28 11:29:34.822599 | > call 513 (1.478s wait)
2024-02-28 11:29:36.268418 | > call 514 (1.393s wait)
2024-02-28 11:29:37.747896 | > call 515 (1.426s wait)
2024-02-28 11:29:39.288151 | > call 516 (1.488s wait)
2024-02-28 11:29:40.878162 | > call 517 (1.537s wait)
2024-02-28 11:29:42.450950 | > call 518 (1.521s wait)
2024-02-28 11:29:44.129681 | > call 519 (1.626s wait)
2024-02-28 11:29:45.679735 | > call 520 (1.487s wait)
2024-02-28 11:29:47.126313 | > call 521 (1.392s wait)
2024-02-28 11:29:48.670666 | > call 522 (1.475s wait)
2024-02-28 11:29:50.169528 | > call 523 (1.442s wait)
2024-02-28 11:29:51.818020 | > call 524 (1.595s wait)
2024-02-28 11:29:53.320855 | > call 525 (1.443s wait)
2024-02-28 11:29:54.952665 | > call 526 (1.575s wait)
2024-02-28 11:29:56.439635 | > call 527 (1.428s wait)
2024-02-28 11:29:57.896323 | > call 528 (1.393s wait)
2024-02-28 11:29:59.316564 | > call 529 (1.358s wait)
2024-02-28 11:30:00.837054 | > call 530 (1.467s wait)
2024-02-28 11:30:02.312316 | > call 531 (1.416s wait)
2024-02-28 11:30:03.777884 | > call 532 (1.412s wait)
2024-02-28 11:30:05.430186 | > call 533 (1.594s wait)
2024-02-28 11:30:06.707198 | > call 534 (1.210s wait)
2024-02-28 11:30:08.242068 | > call 535 (1.482s wait)
2024-02-28 11:30:09.877040 | > call 536 (1.580s wait)
2024-02-28 11:30:11.278182 | > call 537 (1.348s wait)
2024-02-28 11:30:12.780356 | > call 538 (1.436s wait)
2024-02-28 11:30:14.186576 | > call 539 (1.352s wait)
2024-02-28 11:30:15.813176 | > call 540 (1.573s wait)
2024-02-28 11:30:17.295042 | > call 541 (1.429s wait)
2024-02-28 11:30:18.962969 | > call 542 (1.615s wait)
2024-02-28 11:30:20.327925 | > call 543 (1.312s wait)
2024-02-28 11:30:22.029567 | > call 544 (1.639s wait)
2024-02-28 11:30:23.626660 | > call 545 (1.542s wait)
2024-02-28 11:30:25.234780 | > call 546 (1.555s wait)
2024-02-28 11:30:26.628571 | > call 547 (1.340s wait)
2024-02-28 11:30:28.230013 | > call 548 (1.549s wait)
2024-02-28 11:30:29.790511 | > call 549 (1.507s wait)
2024-02-28 11:30:31.375655 | > call 550 (1.533s wait)
2024-02-28 11:30:32.959996 | > call 551 (1.531s wait)
2024-02-28 11:30:34.499433 | > call 552 (1.485s wait)
2024-02-28 11:30:35.928389 | > call 553 (1.375s wait)
2024-02-28 11:30:37.466935 | > call 554 (1.487s wait)
2024-02-28 11:30:38.875824 | > call 555 (1.356s wait)
2024-02-28 11:30:40.449701 | > call 556 (1.521s wait)
2024-02-28 11:30:41.971660 | > call 557 (1.470s wait)
2024-02-28 11:30:43.489819 | > call 558 (1.467s wait)
2024-02-28 11:30:45.119729 | > call 559 (1.577s wait)
2024-02-28 11:30:46.496298 | > call 560 (1.321s wait)
2024-02-28 11:30:47.857430 | > call 561 (1.310s wait)
2024-02-28 11:30:49.356523 | > call 562 (1.446s wait)
2024-02-28 11:30:50.931988 | > call 563 (1.520s wait)
2024-02-28 11:30:52.386511 | > call 564 (1.399s wait)
2024-02-28 11:30:53.866157 | > call 565 (1.427s wait)
2024-02-28 11:30:55.180483 | > call 566 (1.263s wait)
2024-02-28 11:30:56.435273 | > call 567 (1.203s wait)
2024-02-28 11:30:58.058069 | > call 568 (1.569s wait)
2024-02-28 11:30:59.469965 | > call 569 (1.360s wait)
2024-02-28 11:31:00.734876 | > call 570 (1.211s wait)
2024-02-28 11:31:02.344259 | > call 571 (1.553s wait)
2024-02-28 11:31:03.716073 | > call 572 (1.319s wait)
2024-02-28 11:31:05.256344 | > call 573 (1.489s wait)
2024-02-28 11:31:06.818904 | > call 574 (1.507s wait)
2024-02-28 11:31:08.415058 | > call 575 (1.544s wait)
2024-02-28 11:31:09.782358 | > call 576 (1.315s wait)
2024-02-28 11:31:11.400146 | > call 577 (1.549s wait)
2024-02-28 11:31:12.740642 | > call 578 (1.287s wait)
2024-02-28 11:31:14.270830 | > call 579 (1.476s wait)
2024-02-28 11:31:15.809897 | > call 580 (1.486s wait)
2024-02-28 11:31:17.278037 | > call 581 (1.414s wait)
2024-02-28 11:31:18.921223 | > call 582 (1.590s wait)
2024-02-28 11:31:20.587079 | > call 583 (1.613s wait)
2024-02-28 11:31:22.116461 | > call 584 (1.476s wait)
2024-02-28 11:31:23.662695 | > call 585 (1.493s wait)
2024-02-28 11:31:25.290147 | > call 586 (1.574s wait)
2024-02-28 11:31:26.760678 | > call 587 (1.410s wait)
2024-02-28 11:31:28.257817 | > call 588 (1.443s wait)
2024-02-28 11:31:29.710636 | > call 589 (1.400s wait)
2024-02-28 11:31:31.180153 | > call 590 (1.414s wait)
2024-02-28 11:31:32.618224 | > call 591 (1.382s wait)
2024-02-28 11:31:34.198123 | > call 592 (1.518s wait)
2024-02-28 11:31:35.476626 | > call 593 (1.220s wait)
2024-02-28 11:31:36.678447 | > call 594 (1.132s wait)
2024-02-28 11:31:38.168102 | > call 595 (1.431s wait)
2024-02-28 11:31:39.810292 | > call 596 (1.588s wait)
2024-02-28 11:31:41.172894 | > call 597 (1.309s wait)
2024-02-28 11:31:42.715651 | > call 598 (1.469s wait)
2024-02-28 11:31:44.137354 | > call 599 (1.367s wait)
2024-02-28 11:31:45.556940 | > call 600 (1.364s wait)
2024-02-28 11:31:47.066528 | > call 601 (1.455s wait)
2024-02-28 11:31:48.605399 | > call 602 (1.483s wait)
2024-02-28 11:31:50.149714 | > call 603 (1.488s wait)
2024-02-28 11:31:51.534512 | > call 604 (1.331s wait)
2024-02-28 11:31:53.138897 | > call 605 (1.550s wait)
2024-02-28 11:31:54.692895 | > call 606 (1.495s wait)
2024-02-28 11:31:56.184622 | > call 607 (1.436s wait)
2024-02-28 11:31:57.664052 | > call 608 (1.426s wait)
2024-02-28 11:31:59.286341 | > call 609 (1.569s wait)
2024-02-28 11:32:00.668133 | > call 610 (1.329s wait)
2024-02-28 11:32:02.400218 | > call 611 (1.677s wait)
2024-02-28 11:32:03.761598 | > call 612 (1.307s wait)
2024-02-28 11:32:04.936055 | > call 613 (1.110s wait)
2024-02-28 11:32:06.209549 | > call 614 (1.217s wait)
2024-02-28 11:32:07.650070 | > call 615 (1.363s wait)
2024-02-28 11:32:09.020521 | > call 616 (1.316s wait)
2024-02-28 11:32:10.427020 | > call 617 (1.350s wait)
2024-02-28 11:32:11.668363 | > call 618 (1.181s wait)
2024-02-28 11:32:12.726766 | > call 619 (0.981s wait)
2024-02-28 11:32:13.863134 | > call 620 (1.066s wait)
2024-02-28 11:32:15.284694 | > call 621 (1.333s wait)
2024-02-28 11:32:16.765942 | > call 622 (1.409s wait)
2024-02-28 11:32:18.081596 | > call 623 (1.252s wait)
2024-02-28 11:32:19.329992 | > call 624 (1.191s wait)
2024-02-28 11:32:20.709821 | > call 625 (1.307s wait)
2024-02-28 11:32:22.120844 | > call 626 (1.342s wait)
2024-02-28 11:32:23.404742 | > call 627 (1.218s wait)
2024-02-28 11:32:24.657218 | > call 628 (1.189s wait)
2024-02-28 11:32:26.057758 | > call 629 (1.326s wait)
2024-02-28 11:32:27.396347 | > call 630 (1.269s wait)
2024-02-28 11:32:28.760526 | > call 631 (1.289s wait)
2024-02-28 11:32:29.816546 | > call 632 (0.985s wait)
2024-02-28 11:32:31.233627 | > call 633 (1.341s wait)
2024-02-28 11:32:32.624435 | > call 634 (1.331s wait)
2024-02-28 11:32:34.004026 | > call 635 (1.322s wait)
2024-02-28 11:32:35.388851 | > call 636 (1.315s wait)
2024-02-28 11:32:36.634082 | > call 637 (1.179s wait)
2024-02-28 11:32:37.975793 | > call 638 (1.264s wait)
2024-02-28 11:32:39.405046 | > call 639 (1.370s wait)
2024-02-28 11:32:40.898309 | > call 640 (1.423s wait)
2024-02-28 11:32:42.587240 | > call 641 (1.620s wait)
2024-02-28 11:32:43.925791 | > call 642 (1.280s wait)
2024-02-28 11:32:45.495588 | > call 643 (1.507s wait)
2024-02-28 11:32:46.710557 | > call 644 (1.150s wait)
2024-02-28 11:32:48.427160 | > call 645 (1.650s wait)
2024-02-28 11:32:49.774516 | > call 646 (1.266s wait)
2024-02-28 11:32:51.291954 | > call 647 (1.445s wait)
2024-02-28 11:32:52.720921 | > call 648 (1.362s wait)
2024-02-28 11:32:54.267881 | > call 649 (1.490s wait)
2024-02-28 11:32:55.693681 | > call 650 (1.369s wait)
2024-02-28 11:32:57.124400 | > call 651 (1.374s wait)
2024-02-28 11:32:58.316946 | > call 652 (1.134s wait)
2024-02-28 11:32:59.243211 | > call 653 (0.869s wait)
2024-02-28 11:32:59.243600 | shutting down worker
2024-02-28 11:32:59.243750 | 
Total: 653 in 44.35s [user], 0.18s [system], 852.02s [elapsed]
