2024-02-28 11:18:47.605114 | Master: tcp://nd85ed30123f4:9234
2024-02-28 11:18:47.608162 | connecting to: tcp://nd85ed30123f4:9234
2024-02-28 11:18:47.792322 | > call 1 (0.128s wait)
2024-02-28 11:18:48.663634 | > call 2 (0.393s wait)
2024-02-28 11:18:49.952948 | > call 3 (1.213s wait)
2024-02-28 11:18:51.171122 | > call 4 (1.155s wait)
2024-02-28 11:18:52.509968 | > call 5 (1.281s wait)
2024-02-28 11:18:53.756414 | > call 6 (1.179s wait)
2024-02-28 11:18:55.041276 | > call 7 (1.223s wait)
2024-02-28 11:18:56.132620 | > call 8 (1.031s wait)
2024-02-28 11:18:57.240061 | > call 9 (1.046s wait)
2024-02-28 11:18:58.534143 | > call 10 (1.242s wait)
2024-02-28 11:18:59.757915 | > call 11 (1.170s wait)
2024-02-28 11:19:00.998888 | > call 12 (1.188s wait)
2024-02-28 11:19:02.345338 | > call 13 (1.289s wait)
2024-02-28 11:19:03.570612 | > call 14 (1.169s wait)
2024-02-28 11:19:04.829643 | > call 15 (1.205s wait)
2024-02-28 11:19:05.973558 | > call 16 (1.090s wait)
2024-02-28 11:19:07.202214 | > call 17 (1.175s wait)
2024-02-28 11:19:08.390663 | > call 18 (1.128s wait)
2024-02-28 11:19:09.727850 | > call 19 (1.282s wait)
2024-02-28 11:19:11.075568 | > call 20 (1.293s wait)
2024-02-28 11:19:12.334393 | > call 21 (1.204s wait)
2024-02-28 11:19:13.540749 | > call 22 (1.154s wait)
2024-02-28 11:19:14.923666 | > call 23 (1.328s wait)
2024-02-28 11:19:16.206402 | > call 24 (1.229s wait)
2024-02-28 11:19:17.520054 | > call 25 (1.260s wait)
2024-02-28 11:19:18.759680 | > call 26 (1.186s wait)
2024-02-28 11:19:19.946967 | > call 27 (1.134s wait)
2024-02-28 11:19:21.097713 | > call 28 (1.096s wait)
2024-02-28 11:19:22.370198 | > call 29 (1.216s wait)
2024-02-28 11:19:23.506811 | > call 30 (1.078s wait)
2024-02-28 11:19:24.535656 | > call 31 (0.971s wait)
2024-02-28 11:19:25.742502 | > call 32 (1.152s wait)
2024-02-28 11:19:26.767609 | > call 33 (0.956s wait)
2024-02-28 11:19:28.006569 | > call 34 (1.181s wait)
2024-02-28 11:19:29.093222 | > call 35 (1.028s wait)
2024-02-28 11:19:30.368590 | > call 36 (1.222s wait)
2024-02-28 11:19:31.662052 | > call 37 (1.211s wait)
2024-02-28 11:19:32.965347 | > call 38 (1.228s wait)
2024-02-28 11:19:34.142191 | > call 39 (1.105s wait)
2024-02-28 11:19:35.513479 | > call 40 (1.298s wait)
2024-02-28 11:19:36.651765 | > call 41 (1.067s wait)
2024-02-28 11:19:37.899876 | > call 42 (1.175s wait)
2024-02-28 11:19:39.277091 | > call 43 (1.302s wait)
2024-02-28 11:19:40.558264 | > call 44 (1.210s wait)
2024-02-28 11:19:41.833975 | > call 45 (1.202s wait)
2024-02-28 11:19:43.000975 | > call 46 (1.092s wait)
2024-02-28 11:19:44.380779 | > call 47 (1.300s wait)
2024-02-28 11:19:45.640597 | > call 48 (1.189s wait)
2024-02-28 11:19:46.800926 | > call 49 (1.081s wait)
2024-02-28 11:19:48.065711 | > call 50 (1.192s wait)
2024-02-28 11:19:49.207162 | > call 51 (1.063s wait)
2024-02-28 11:19:50.367860 | > call 52 (1.086s wait)
2024-02-28 11:19:51.602704 | > call 53 (1.160s wait)
2024-02-28 11:19:52.861365 | > call 54 (1.183s wait)
2024-02-28 11:19:54.010100 | > call 55 (1.077s wait)
2024-02-28 11:19:55.267259 | > call 56 (1.178s wait)
2024-02-28 11:19:56.547567 | > call 57 (1.209s wait)
2024-02-28 11:19:57.864409 | > call 58 (1.245s wait)
2024-02-28 11:19:58.980599 | > call 59 (1.044s wait)
2024-02-28 11:20:00.126399 | > call 60 (1.074s wait)
2024-02-28 11:20:01.257908 | > call 61 (1.059s wait)
2024-02-28 11:20:02.423322 | > call 62 (1.093s wait)
2024-02-28 11:20:03.696806 | > call 63 (1.197s wait)
2024-02-28 11:20:04.980763 | > call 64 (1.213s wait)
2024-02-28 11:20:06.055986 | > call 65 (1.004s wait)
2024-02-28 11:20:07.346592 | > call 66 (1.212s wait)
2024-02-28 11:20:08.466152 | > call 67 (1.041s wait)
2024-02-28 11:20:09.621705 | > call 68 (1.082s wait)
2024-02-28 11:20:10.698810 | > call 69 (1.006s wait)
2024-02-28 11:20:11.729195 | > call 70 (0.959s wait)
2024-02-28 11:20:12.993866 | > call 71 (1.186s wait)
2024-02-28 11:20:14.190876 | > call 72 (1.123s wait)
2024-02-28 11:20:15.396537 | > call 73 (1.127s wait)
2024-02-28 11:20:16.556317 | > call 74 (1.090s wait)
2024-02-28 11:20:17.748526 | > call 75 (1.121s wait)
2024-02-28 11:20:18.973468 | > call 76 (1.148s wait)
2024-02-28 11:20:20.256222 | > call 77 (1.196s wait)
2024-02-28 11:20:21.451658 | > call 78 (1.126s wait)
2024-02-28 11:20:22.789160 | > call 79 (1.264s wait)
2024-02-28 11:20:24.025859 | > call 80 (1.158s wait)
2024-02-28 11:20:25.219039 | > call 81 (1.122s wait)
2024-02-28 11:20:26.480020 | > call 82 (1.184s wait)
2024-02-28 11:20:27.749941 | > call 83 (1.198s wait)
2024-02-28 11:20:29.093072 | > call 84 (1.272s wait)
2024-02-28 11:20:30.049146 | > call 85 (0.885s wait)
2024-02-28 11:20:31.299778 | > call 86 (1.180s wait)
2024-02-28 11:20:32.599514 | > call 87 (1.221s wait)
2024-02-28 11:20:33.759150 | > call 88 (1.085s wait)
2024-02-28 11:20:35.043706 | > call 89 (1.213s wait)
2024-02-28 11:20:36.269379 | > call 90 (1.152s wait)
2024-02-28 11:20:37.445451 | > call 91 (1.100s wait)
2024-02-28 11:20:38.680951 | > call 92 (1.148s wait)
2024-02-28 11:20:39.997315 | > call 93 (1.237s wait)
2024-02-28 11:20:41.204124 | > call 94 (1.133s wait)
2024-02-28 11:20:42.598461 | > call 95 (1.309s wait)
2024-02-28 11:20:43.638686 | > call 96 (0.952s wait)
2024-02-28 11:20:44.772729 | > call 97 (1.057s wait)
2024-02-28 11:20:45.973820 | > call 98 (1.120s wait)
2024-02-28 11:20:47.261030 | > call 99 (1.206s wait)
2024-02-28 11:20:48.434130 | > call 100 (1.091s wait)
2024-02-28 11:20:49.811916 | > call 101 (1.307s wait)
2024-02-28 11:20:50.916292 | > call 102 (1.026s wait)
2024-02-28 11:20:52.139064 | > call 103 (1.144s wait)
2024-02-28 11:20:53.285187 | > call 104 (1.046s wait)
2024-02-28 11:20:54.525349 | > call 105 (1.155s wait)
2024-02-28 11:20:55.729539 | > call 106 (1.118s wait)
2024-02-28 11:20:56.820955 | > call 107 (1.010s wait)
2024-02-28 11:20:58.131391 | > call 108 (1.227s wait)
2024-02-28 11:20:59.490103 | > call 109 (1.268s wait)
2024-02-28 11:21:00.737856 | > call 110 (1.172s wait)
2024-02-28 11:21:01.911533 | > call 111 (1.083s wait)
2024-02-28 11:21:03.356025 | > call 112 (1.358s wait)
2024-02-28 11:21:04.678065 | > call 113 (1.242s wait)
2024-02-28 11:21:05.940225 | > call 114 (1.187s wait)
2024-02-28 11:21:07.301483 | > call 115 (1.286s wait)
2024-02-28 11:21:08.543050 | > call 116 (1.155s wait)
2024-02-28 11:21:09.732691 | > call 117 (1.098s wait)
2024-02-28 11:21:11.061985 | > call 118 (1.241s wait)
2024-02-28 11:21:12.313315 | > call 119 (1.167s wait)
2024-02-28 11:21:13.508661 | > call 120 (1.116s wait)
2024-02-28 11:21:14.790388 | > call 121 (1.206s wait)
2024-02-28 11:21:15.798389 | > call 122 (0.932s wait)
2024-02-28 11:21:16.975278 | > call 123 (1.096s wait)
2024-02-28 11:21:18.200968 | > call 124 (1.152s wait)
2024-02-28 11:21:19.331516 | > call 125 (1.061s wait)
2024-02-28 11:21:20.522263 | > call 126 (1.116s wait)
2024-02-28 11:21:21.706930 | > call 127 (1.113s wait)
2024-02-28 11:21:23.071487 | > call 128 (1.294s wait)
2024-02-28 11:21:24.358493 | > call 129 (1.212s wait)
2024-02-28 11:21:25.622508 | > call 130 (1.183s wait)
2024-02-28 11:21:26.847398 | > call 131 (1.153s wait)
2024-02-28 11:21:28.028452 | > call 132 (1.101s wait)
2024-02-28 11:21:29.297554 | > call 133 (1.199s wait)
2024-02-28 11:21:30.577427 | > call 134 (1.210s wait)
2024-02-28 11:21:31.689160 | > call 135 (1.038s wait)
2024-02-28 11:21:32.980424 | > call 136 (1.213s wait)
2024-02-28 11:21:34.229944 | > call 137 (1.175s wait)
2024-02-28 11:21:35.598657 | > call 138 (1.296s wait)
2024-02-28 11:21:36.878455 | > call 139 (1.209s wait)
2024-02-28 11:21:38.063721 | > call 140 (1.115s wait)
2024-02-28 11:21:39.394865 | > call 141 (1.250s wait)
2024-02-28 11:21:40.739411 | > call 142 (1.268s wait)
2024-02-28 11:21:41.845315 | > call 143 (1.028s wait)
2024-02-28 11:21:43.085268 | > call 144 (1.167s wait)
2024-02-28 11:21:44.263870 | > call 145 (1.109s wait)
2024-02-28 11:21:45.488218 | > call 146 (1.141s wait)
2024-02-28 11:21:46.611840 | > call 147 (1.047s wait)
2024-02-28 11:21:47.874643 | > call 148 (1.188s wait)
2024-02-28 11:21:49.065388 | > call 149 (1.123s wait)
2024-02-28 11:21:50.140001 | > call 150 (1.005s wait)
2024-02-28 11:21:51.447591 | > call 151 (1.240s wait)
2024-02-28 11:21:52.715796 | > call 152 (1.197s wait)
2024-02-28 11:21:53.828448 | > call 153 (1.043s wait)
2024-02-28 11:21:55.089969 | > call 154 (1.185s wait)
2024-02-28 11:21:56.417875 | > call 155 (1.253s wait)
2024-02-28 11:21:57.726153 | > call 156 (1.236s wait)
2024-02-28 11:21:58.970322 | > call 157 (1.160s wait)
2024-02-28 11:22:00.182088 | > call 158 (1.144s wait)
2024-02-28 11:22:01.575337 | > call 159 (1.305s wait)
2024-02-28 11:22:02.884401 | > call 160 (1.240s wait)
2024-02-28 11:22:04.028666 | > call 161 (1.075s wait)
2024-02-28 11:22:05.420229 | > call 162 (1.322s wait)
2024-02-28 11:22:06.527011 | > call 163 (1.039s wait)
2024-02-28 11:22:07.634704 | > call 164 (1.040s wait)
2024-02-28 11:22:08.951340 | > call 165 (1.249s wait)
2024-02-28 11:22:10.042553 | > call 166 (1.023s wait)
2024-02-28 11:22:11.446227 | > call 167 (1.331s wait)
2024-02-28 11:22:12.636617 | > call 168 (1.116s wait)
2024-02-28 11:22:13.820425 | > call 169 (1.113s wait)
2024-02-28 11:22:15.107248 | > call 170 (1.219s wait)
2024-02-28 11:22:16.221980 | > call 171 (1.047s wait)
2024-02-28 11:22:17.443961 | > call 172 (1.146s wait)
2024-02-28 11:22:18.648665 | > call 173 (1.126s wait)
2024-02-28 11:22:19.863685 | > call 174 (1.132s wait)
2024-02-28 11:22:20.945540 | > call 175 (0.994s wait)
2024-02-28 11:22:22.169430 | > call 176 (1.142s wait)
2024-02-28 11:22:23.445544 | > call 177 (1.197s wait)
2024-02-28 11:22:24.768061 | > call 178 (1.238s wait)
2024-02-28 11:22:26.126885 | > call 179 (1.274s wait)
2024-02-28 11:22:27.233999 | > call 180 (1.023s wait)
2024-02-28 11:22:28.488601 | > call 181 (1.163s wait)
2024-02-28 11:22:29.806623 | > call 182 (1.227s wait)
2024-02-28 11:22:30.923599 | > call 183 (1.030s wait)
2024-02-28 11:22:32.139873 | > call 184 (1.130s wait)
2024-02-28 11:22:33.334469 | > call 185 (1.111s wait)
2024-02-28 11:22:34.672182 | > call 186 (1.249s wait)
2024-02-28 11:22:36.117496 | > call 187 (1.358s wait)
2024-02-28 11:22:37.393375 | > call 188 (1.193s wait)
2024-02-28 11:22:38.626719 | > call 189 (1.149s wait)
2024-02-28 11:22:39.879546 | > call 190 (1.170s wait)
2024-02-28 11:22:41.035444 | > call 191 (1.070s wait)
2024-02-28 11:22:42.422034 | > call 192 (1.308s wait)
2024-02-28 11:22:43.686043 | > call 193 (1.184s wait)
2024-02-28 11:22:44.906217 | > call 194 (1.151s wait)
2024-02-28 11:22:46.107381 | > call 195 (1.128s wait)
2024-02-28 11:22:47.247359 | > call 196 (1.065s wait)
2024-02-28 11:22:48.381350 | > call 197 (1.066s wait)
2024-02-28 11:22:49.407144 | > call 198 (0.948s wait)
2024-02-28 11:22:50.718549 | > call 199 (1.235s wait)
2024-02-28 11:22:51.829224 | > call 200 (1.042s wait)
2024-02-28 11:22:53.052161 | > call 201 (1.152s wait)
2024-02-28 11:22:54.314200 | > call 202 (1.196s wait)
2024-02-28 11:22:55.565531 | > call 203 (1.176s wait)
2024-02-28 11:22:56.641409 | > call 204 (1.005s wait)
2024-02-28 11:22:57.814844 | > call 205 (1.105s wait)
2024-02-28 11:22:58.907811 | > call 206 (1.024s wait)
2024-02-28 11:23:00.218071 | > call 207 (1.241s wait)
2024-02-28 11:23:01.278045 | > call 208 (0.983s wait)
2024-02-28 11:23:02.349235 | > call 209 (0.999s wait)
2024-02-28 11:23:03.464934 | > call 210 (1.044s wait)
2024-02-28 11:23:04.815639 | > call 211 (1.282s wait)
2024-02-28 11:23:06.043801 | > call 212 (1.157s wait)
2024-02-28 11:23:07.334759 | > call 213 (1.223s wait)
2024-02-28 11:23:08.659259 | > call 214 (1.254s wait)
2024-02-28 11:23:09.778969 | > call 215 (1.050s wait)
2024-02-28 11:23:10.937676 | > call 216 (1.087s wait)
2024-02-28 11:23:12.275969 | > call 217 (1.271s wait)
2024-02-28 11:23:13.661030 | > call 218 (1.319s wait)
2024-02-28 11:23:14.945297 | > call 219 (1.218s wait)
2024-02-28 11:23:16.008452 | > call 220 (0.996s wait)
2024-02-28 11:23:17.242359 | > call 221 (1.168s wait)
2024-02-28 11:23:18.422229 | > call 222 (1.112s wait)
2024-02-28 11:23:19.701857 | > call 223 (1.204s wait)
2024-02-28 11:23:21.055598 | > call 224 (1.283s wait)
2024-02-28 11:23:22.318142 | > call 225 (1.189s wait)
2024-02-28 11:23:23.417826 | > call 226 (1.032s wait)
2024-02-28 11:23:24.696555 | > call 227 (1.212s wait)
2024-02-28 11:23:25.829925 | > call 228 (1.066s wait)
2024-02-28 11:23:27.136513 | > call 229 (1.241s wait)
2024-02-28 11:23:28.479619 | > call 230 (1.277s wait)
2024-02-28 11:23:29.620644 | > call 231 (1.074s wait)
2024-02-28 11:23:30.817100 | > call 232 (1.129s wait)
2024-02-28 11:23:32.139967 | > call 233 (1.242s wait)
2024-02-28 11:23:33.351364 | > call 234 (1.137s wait)
2024-02-28 11:23:34.679510 | > call 235 (1.259s wait)
2024-02-28 11:23:35.878255 | > call 236 (1.130s wait)
2024-02-28 11:23:37.202096 | > call 237 (1.246s wait)
2024-02-28 11:23:38.375095 | > call 238 (1.098s wait)
2024-02-28 11:23:39.465693 | > call 239 (1.011s wait)
2024-02-28 11:23:40.662166 | > call 240 (1.128s wait)
2024-02-28 11:23:42.033634 | > call 241 (1.300s wait)
2024-02-28 11:23:43.282370 | > call 242 (1.177s wait)
2024-02-28 11:23:44.554203 | > call 243 (1.206s wait)
2024-02-28 11:23:45.574631 | > call 244 (0.952s wait)
2024-02-28 11:23:46.857973 | > call 245 (1.206s wait)
2024-02-28 11:23:48.003224 | > call 246 (1.075s wait)
2024-02-28 11:23:49.151743 | > call 247 (1.079s wait)
2024-02-28 11:23:50.327631 | > call 248 (1.108s wait)
2024-02-28 11:23:51.540471 | > call 249 (1.148s wait)
2024-02-28 11:23:52.809826 | > call 250 (1.197s wait)
2024-02-28 11:23:53.924764 | > call 251 (1.046s wait)
2024-02-28 11:23:55.230910 | > call 252 (1.232s wait)
2024-02-28 11:23:56.444731 | > call 253 (1.140s wait)
2024-02-28 11:23:57.693759 | > call 254 (1.164s wait)
2024-02-28 11:23:59.027502 | > call 255 (1.252s wait)
2024-02-28 11:24:00.343931 | > call 256 (1.235s wait)
2024-02-28 11:24:01.519889 | > call 257 (1.095s wait)
2024-02-28 11:24:02.725774 | > call 258 (1.125s wait)
2024-02-28 11:24:03.945079 | > call 259 (1.141s wait)
2024-02-28 11:24:05.315475 | > call 260 (1.287s wait)
2024-02-28 11:24:06.407347 | > call 261 (1.012s wait)
2024-02-28 11:24:07.575489 | > call 262 (1.082s wait)
2024-02-28 11:24:08.791280 | > call 263 (1.133s wait)
2024-02-28 11:24:10.118504 | > call 264 (1.248s wait)
2024-02-28 11:24:11.516968 | > call 265 (1.320s wait)
2024-02-28 11:24:12.783707 | > call 266 (1.183s wait)
2024-02-28 11:24:14.032915 | > call 267 (1.169s wait)
2024-02-28 11:24:15.354862 | > call 268 (1.240s wait)
2024-02-28 11:24:16.496682 | > call 269 (1.068s wait)
2024-02-28 11:24:17.587298 | > call 270 (1.008s wait)
2024-02-28 11:24:18.817103 | > call 271 (1.149s wait)
2024-02-28 11:24:19.997127 | > call 272 (1.099s wait)
2024-02-28 11:24:21.105175 | > call 273 (1.030s wait)
2024-02-28 11:24:22.520782 | > call 274 (1.339s wait)
2024-02-28 11:24:23.638036 | > call 275 (1.046s wait)
2024-02-28 11:24:24.860073 | > call 276 (1.150s wait)
2024-02-28 11:24:25.999755 | > call 277 (1.063s wait)
2024-02-28 11:24:27.231897 | > call 278 (1.155s wait)
2024-02-28 11:24:28.408711 | > call 279 (1.105s wait)
2024-02-28 11:24:29.449246 | > call 280 (0.967s wait)
2024-02-28 11:24:30.798597 | > call 281 (1.279s wait)
2024-02-28 11:24:31.888226 | > call 282 (1.016s wait)
2024-02-28 11:24:33.139888 | > call 283 (1.173s wait)
2024-02-28 11:24:34.340630 | > call 284 (1.128s wait)
2024-02-28 11:24:35.373973 | > call 285 (0.953s wait)
2024-02-28 11:24:36.604083 | > call 286 (1.158s wait)
2024-02-28 11:24:37.834282 | > call 287 (1.146s wait)
2024-02-28 11:24:39.066959 | > call 288 (1.158s wait)
2024-02-28 11:24:40.279020 | > call 289 (1.140s wait)
2024-02-28 11:24:41.592218 | > call 290 (1.233s wait)
2024-02-28 11:24:42.773018 | > call 291 (1.106s wait)
2024-02-28 11:24:43.958916 | > call 292 (1.112s wait)
2024-02-28 11:24:45.067018 | > call 293 (1.037s wait)
2024-02-28 11:24:46.162297 | > call 294 (1.025s wait)
2024-02-28 11:24:47.463426 | > call 295 (1.226s wait)
2024-02-28 11:24:48.711109 | > call 296 (1.169s wait)
2024-02-28 11:24:49.898592 | > call 297 (1.107s wait)
2024-02-28 11:24:50.967787 | > call 298 (0.996s wait)
2024-02-28 11:24:52.138954 | > call 299 (1.096s wait)
2024-02-28 11:24:53.442271 | > call 300 (1.225s wait)
2024-02-28 11:24:54.691528 | > call 301 (1.163s wait)
2024-02-28 11:24:56.087354 | > call 302 (1.323s wait)
2024-02-28 11:24:57.410419 | > call 303 (1.249s wait)
2024-02-28 11:24:58.655828 | > call 304 (1.181s wait)
2024-02-28 11:24:59.932745 | > call 305 (1.207s wait)
2024-02-28 11:25:00.992585 | > call 306 (1.000s wait)
2024-02-28 11:25:02.298684 | > call 307 (1.240s wait)
2024-02-28 11:25:03.524535 | > call 308 (1.153s wait)
2024-02-28 11:25:04.768006 | > call 309 (1.174s wait)
2024-02-28 11:25:05.742706 | > call 310 (0.906s wait)
2024-02-28 11:25:06.974398 | > call 311 (1.163s wait)
2024-02-28 11:25:08.265197 | > call 312 (1.226s wait)
2024-02-28 11:25:09.432839 | > call 313 (1.098s wait)
2024-02-28 11:25:10.605618 | > call 314 (1.104s wait)
2024-02-28 11:25:11.959374 | > call 315 (1.282s wait)
2024-02-28 11:25:12.997376 | > call 316 (0.975s wait)
2024-02-28 11:25:14.206053 | > call 317 (1.134s wait)
2024-02-28 11:25:15.296528 | > call 318 (1.024s wait)
2024-02-28 11:25:16.583845 | > call 319 (1.220s wait)
2024-02-28 11:25:17.822507 | > call 320 (1.171s wait)
2024-02-28 11:25:19.141887 | > call 321 (1.250s wait)
2024-02-28 11:25:20.558192 | > call 322 (1.350s wait)
2024-02-28 11:25:21.687844 | > call 323 (1.059s wait)
2024-02-28 11:25:23.036071 | > call 324 (1.284s wait)
2024-02-28 11:25:24.406421 | > call 325 (1.305s wait)
2024-02-28 11:25:25.577356 | > call 326 (1.104s wait)
2024-02-28 11:25:26.920613 | > call 327 (1.275s wait)
2024-02-28 11:25:28.065907 | > call 328 (1.080s wait)
2024-02-28 11:25:29.131027 | > call 329 (1.001s wait)
2024-02-28 11:25:30.459313 | > call 330 (1.262s wait)
2024-02-28 11:25:31.663033 | > call 331 (1.139s wait)
2024-02-28 11:25:32.822404 | > call 332 (1.090s wait)
2024-02-28 11:25:34.040374 | > call 333 (1.152s wait)
2024-02-28 11:25:35.158440 | > call 334 (1.044s wait)
2024-02-28 11:25:36.287460 | > call 335 (1.061s wait)
2024-02-28 11:25:37.534038 | > call 336 (1.181s wait)
2024-02-28 11:25:38.616789 | > call 337 (1.016s wait)
2024-02-28 11:25:39.929185 | > call 338 (1.247s wait)
2024-02-28 11:25:41.013365 | > call 339 (1.018s wait)
2024-02-28 11:25:42.309177 | > call 340 (1.237s wait)
2024-02-28 11:25:43.717225 | > call 341 (1.349s wait)
2024-02-28 11:25:44.919355 | > call 342 (1.138s wait)
2024-02-28 11:25:46.167052 | > call 343 (1.189s wait)
2024-02-28 11:25:47.427242 | > call 344 (1.199s wait)
2024-02-28 11:25:48.501283 | > call 345 (1.010s wait)
2024-02-28 11:25:49.830583 | > call 346 (1.256s wait)
2024-02-28 11:25:51.002275 | > call 347 (1.100s wait)
2024-02-28 11:25:52.158633 | > call 348 (1.087s wait)
2024-02-28 11:25:53.269224 | > call 349 (1.044s wait)
2024-02-28 11:25:54.601933 | > call 350 (1.266s wait)
2024-02-28 11:25:55.840962 | > call 351 (1.172s wait)
2024-02-28 11:25:57.105519 | > call 352 (1.195s wait)
2024-02-28 11:25:58.261936 | > call 353 (1.086s wait)
2024-02-28 11:25:59.412464 | > call 354 (1.081s wait)
2024-02-28 11:26:00.624530 | > call 355 (1.146s wait)
2024-02-28 11:26:02.037223 | > call 356 (1.343s wait)
2024-02-28 11:26:03.246605 | > call 357 (1.138s wait)
2024-02-28 11:26:04.631538 | > call 358 (1.315s wait)
2024-02-28 11:26:05.654227 | > call 359 (0.952s wait)
2024-02-28 11:26:06.933936 | > call 360 (1.211s wait)
2024-02-28 11:26:08.090161 | > call 361 (1.083s wait)
2024-02-28 11:26:09.278856 | > call 362 (1.112s wait)
2024-02-28 11:26:10.394160 | > call 363 (1.051s wait)
2024-02-28 11:26:11.589330 | > call 364 (1.137s wait)
2024-02-28 11:26:12.867841 | > call 365 (1.219s wait)
2024-02-28 11:26:14.033478 | > call 366 (1.107s wait)
2024-02-28 11:26:15.296028 | > call 367 (1.201s wait)
2024-02-28 11:26:16.587711 | > call 368 (1.233s wait)
2024-02-28 11:26:17.758041 | > call 369 (1.112s wait)
2024-02-28 11:26:18.915085 | > call 370 (1.097s wait)
2024-02-28 11:26:19.964978 | > call 371 (0.986s wait)
2024-02-28 11:26:21.312642 | > call 372 (1.287s wait)
2024-02-28 11:26:22.589225 | > call 373 (1.203s wait)
2024-02-28 11:26:23.704678 | > call 374 (1.050s wait)
2024-02-28 11:26:24.908898 | > call 375 (1.142s wait)
2024-02-28 11:26:26.145522 | > call 376 (1.179s wait)
2024-02-28 11:26:27.145753 | > call 377 (0.940s wait)
2024-02-28 11:26:28.139291 | > call 378 (0.938s wait)
2024-02-28 11:26:29.318456 | > call 379 (1.117s wait)
2024-02-28 11:26:30.674317 | > call 380 (1.294s wait)
2024-02-28 11:26:31.774964 | > call 381 (1.039s wait)
2024-02-28 11:26:32.877918 | > call 382 (1.045s wait)
2024-02-28 11:26:33.981499 | > call 383 (1.039s wait)
2024-02-28 11:26:35.152649 | > call 384 (1.103s wait)
2024-02-28 11:26:36.434137 | > call 385 (1.218s wait)
2024-02-28 11:26:37.677342 | > call 386 (1.178s wait)
2024-02-28 11:26:38.871980 | > call 387 (1.132s wait)
2024-02-28 11:26:40.199432 | > call 388 (1.261s wait)
2024-02-28 11:26:41.626285 | > call 389 (1.358s wait)
2024-02-28 11:26:43.073373 | > call 390 (1.381s wait)
2024-02-28 11:26:44.499111 | > call 391 (1.352s wait)
2024-02-28 11:26:45.938811 | > call 392 (1.377s wait)
2024-02-28 11:26:47.157675 | > call 393 (1.150s wait)
2024-02-28 11:26:48.473088 | > call 394 (1.256s wait)
2024-02-28 11:26:49.667551 | > call 395 (1.128s wait)
2024-02-28 11:26:51.195018 | > call 396 (1.457s wait)
2024-02-28 11:26:52.593939 | > call 397 (1.332s wait)
2024-02-28 11:26:53.804374 | > call 398 (1.145s wait)
2024-02-28 11:26:55.042555 | > call 399 (1.171s wait)
2024-02-28 11:26:56.451139 | > call 400 (1.346s wait)
2024-02-28 11:26:57.822665 | > call 401 (1.305s wait)
2024-02-28 11:26:59.039456 | > call 402 (1.151s wait)
2024-02-28 11:27:00.124079 | > call 403 (1.022s wait)
2024-02-28 11:27:01.398288 | > call 404 (1.213s wait)
2024-02-28 11:27:02.789907 | > call 405 (1.327s wait)
2024-02-28 11:27:04.184644 | > call 406 (1.326s wait)
2024-02-28 11:27:05.410276 | > call 407 (1.160s wait)
2024-02-28 11:27:06.640008 | > call 408 (1.165s wait)
2024-02-28 11:27:07.898805 | > call 409 (1.194s wait)
2024-02-28 11:27:09.252030 | > call 410 (1.292s wait)
2024-02-28 11:27:10.571727 | > call 411 (1.257s wait)
2024-02-28 11:27:11.867004 | > call 412 (1.234s wait)
2024-02-28 11:27:13.081025 | > call 413 (1.144s wait)
2024-02-28 11:27:14.444463 | > call 414 (1.288s wait)
2024-02-28 11:27:15.764564 | > call 415 (1.247s wait)
2024-02-28 11:27:17.035011 | > call 416 (1.203s wait)
2024-02-28 11:27:18.389960 | > call 417 (1.289s wait)
2024-02-28 11:27:19.790021 | > call 418 (1.339s wait)
2024-02-28 11:27:21.147985 | > call 419 (1.295s wait)
2024-02-28 11:27:22.658776 | > call 420 (1.447s wait)
2024-02-28 11:27:23.910286 | > call 421 (1.191s wait)
2024-02-28 11:27:25.243011 | > call 422 (1.269s wait)
2024-02-28 11:27:26.392760 | > call 423 (1.079s wait)
2024-02-28 11:27:27.596019 | > call 424 (1.137s wait)
2024-02-28 11:27:29.004524 | > call 425 (1.344s wait)
2024-02-28 11:27:30.295391 | > call 426 (1.225s wait)
2024-02-28 11:27:31.674109 | > call 427 (1.313s wait)
2024-02-28 11:27:32.992064 | > call 428 (1.247s wait)
2024-02-28 11:27:34.249614 | > call 429 (1.185s wait)
2024-02-28 11:27:35.660134 | > call 430 (1.347s wait)
2024-02-28 11:27:37.017017 | > call 431 (1.278s wait)
2024-02-28 11:27:38.282003 | > call 432 (1.190s wait)
2024-02-28 11:27:39.663566 | > call 433 (1.308s wait)
2024-02-28 11:27:40.980937 | > call 434 (1.253s wait)
2024-02-28 11:27:42.029629 | > call 435 (0.979s wait)
2024-02-28 11:27:43.293667 | > call 436 (1.201s wait)
2024-02-28 11:27:44.857438 | > call 437 (1.489s wait)
2024-02-28 11:27:46.429353 | > call 438 (1.511s wait)
2024-02-28 11:27:47.834844 | > call 439 (1.335s wait)
2024-02-28 11:27:49.164411 | > call 440 (1.255s wait)
2024-02-28 11:27:50.432311 | > call 441 (1.196s wait)
2024-02-28 11:27:51.985014 | > call 442 (1.475s wait)
2024-02-28 11:27:53.468487 | > call 443 (1.409s wait)
2024-02-28 11:27:54.786985 | > call 444 (1.239s wait)
2024-02-28 11:27:56.277793 | > call 445 (1.413s wait)
2024-02-28 11:27:57.976386 | > call 446 (1.637s wait)
2024-02-28 11:27:59.383453 | > call 447 (1.338s wait)
2024-02-28 11:28:00.903492 | > call 448 (1.458s wait)
2024-02-28 11:28:02.442725 | > call 449 (1.476s wait)
2024-02-28 11:28:03.898987 | > call 450 (1.387s wait)
2024-02-28 11:28:05.417986 | > call 451 (1.454s wait)
2024-02-28 11:28:06.900162 | > call 452 (1.414s wait)
2024-02-28 11:28:08.304726 | > call 453 (1.336s wait)
2024-02-28 11:28:09.687823 | > call 454 (1.318s wait)
2024-02-28 11:28:11.224800 | > call 455 (1.465s wait)
2024-02-28 11:28:12.700035 | > call 456 (1.399s wait)
2024-02-28 11:28:13.861562 | > call 457 (1.099s wait)
2024-02-28 11:28:15.329644 | > call 458 (1.401s wait)
2024-02-28 11:28:16.684143 | > call 459 (1.288s wait)
2024-02-28 11:28:18.057398 | > call 460 (1.313s wait)
2024-02-28 11:28:19.384759 | > call 461 (1.251s wait)
2024-02-28 11:28:20.815601 | > call 462 (1.356s wait)
2024-02-28 11:28:22.222540 | > call 463 (1.336s wait)
2024-02-28 11:28:23.801516 | > call 464 (1.511s wait)
2024-02-28 11:28:25.268419 | > call 465 (1.389s wait)
2024-02-28 11:28:26.761814 | > call 466 (1.420s wait)
2024-02-28 11:28:27.991874 | > call 467 (1.166s wait)
2024-02-28 11:28:29.453586 | > call 468 (1.395s wait)
2024-02-28 11:28:30.890289 | > call 469 (1.371s wait)
2024-02-28 11:28:32.426593 | > call 470 (1.445s wait)
2024-02-28 11:28:33.891313 | > call 471 (1.396s wait)
2024-02-28 11:28:35.192612 | > call 472 (1.240s wait)
2024-02-28 11:28:36.723872 | > call 473 (1.459s wait)
2024-02-28 11:28:38.040387 | > call 474 (1.260s wait)
2024-02-28 11:28:39.384887 | > call 475 (1.267s wait)
2024-02-28 11:28:40.710726 | > call 476 (1.266s wait)
2024-02-28 11:28:42.278928 | > call 477 (1.493s wait)
2024-02-28 11:28:43.613836 | > call 478 (1.274s wait)
2024-02-28 11:28:44.885308 | > call 479 (1.193s wait)
2024-02-28 11:28:46.138490 | > call 480 (1.191s wait)
2024-02-28 11:28:47.620556 | > call 481 (1.401s wait)
2024-02-28 11:28:48.925861 | > call 482 (1.220s wait)
2024-02-28 11:28:50.248547 | > call 483 (1.246s wait)
2024-02-28 11:28:51.734174 | > call 484 (1.429s wait)
2024-02-28 11:28:53.136492 | > call 485 (1.343s wait)
2024-02-28 11:28:54.634138 | > call 486 (1.428s wait)
2024-02-28 11:28:56.061625 | > call 487 (1.366s wait)
2024-02-28 11:28:57.508746 | > call 488 (1.385s wait)
2024-02-28 11:28:58.880908 | > call 489 (1.303s wait)
2024-02-28 11:29:00.258333 | > call 490 (1.324s wait)
2024-02-28 11:29:01.635340 | > call 491 (1.313s wait)
2024-02-28 11:29:02.937098 | > call 492 (1.215s wait)
2024-02-28 11:29:04.059874 | > call 493 (1.043s wait)
2024-02-28 11:29:05.645637 | > call 494 (1.523s wait)
2024-02-28 11:29:06.940479 | > call 495 (1.233s wait)
2024-02-28 11:29:08.591040 | > call 496 (1.572s wait)
2024-02-28 11:29:10.125203 | > call 497 (1.464s wait)
2024-02-28 11:29:11.466937 | > call 498 (1.275s wait)
2024-02-28 11:29:12.973516 | > call 499 (1.444s wait)
2024-02-28 11:29:14.357133 | > call 500 (1.314s wait)
2024-02-28 11:29:15.850096 | > call 501 (1.435s wait)
2024-02-28 11:29:17.390403 | > call 502 (1.476s wait)
2024-02-28 11:29:19.022968 | > call 503 (1.563s wait)
2024-02-28 11:29:20.660953 | > call 504 (1.562s wait)
2024-02-28 11:29:22.153881 | > call 505 (1.424s wait)
2024-02-28 11:29:23.678133 | > call 506 (1.450s wait)
2024-02-28 11:29:25.257530 | > call 507 (1.526s wait)
2024-02-28 11:29:26.857985 | > call 508 (1.521s wait)
2024-02-28 11:29:28.457249 | > call 509 (1.535s wait)
2024-02-28 11:29:29.930563 | > call 510 (1.412s wait)
2024-02-28 11:29:31.512581 | > call 511 (1.516s wait)
2024-02-28 11:29:33.055972 | > call 512 (1.482s wait)
2024-02-28 11:29:34.669359 | > call 513 (1.545s wait)
2024-02-28 11:29:36.055893 | > call 514 (1.330s wait)
2024-02-28 11:29:37.497862 | > call 515 (1.386s wait)
2024-02-28 11:29:39.067064 | > call 516 (1.514s wait)
2024-02-28 11:29:40.669053 | > call 517 (1.542s wait)
2024-02-28 11:29:42.223387 | > call 518 (1.497s wait)
2024-02-28 11:29:43.975722 | > call 519 (1.687s wait)
2024-02-28 11:29:45.458107 | > call 520 (1.408s wait)
2024-02-28 11:29:46.952913 | > call 521 (1.423s wait)
2024-02-28 11:29:48.503706 | > call 522 (1.477s wait)
2024-02-28 11:29:49.988602 | > call 523 (1.419s wait)
2024-02-28 11:29:51.605791 | > call 524 (1.548s wait)
2024-02-28 11:29:53.142476 | > call 525 (1.474s wait)
2024-02-28 11:29:54.738003 | > call 526 (1.526s wait)
2024-02-28 11:29:56.300355 | > call 527 (1.501s wait)
2024-02-28 11:29:57.725294 | > call 528 (1.359s wait)
2024-02-28 11:29:59.138088 | > call 529 (1.343s wait)
2024-02-28 11:30:00.628920 | > call 530 (1.404s wait)
2024-02-28 11:30:02.055684 | > call 531 (1.358s wait)
2024-02-28 11:30:03.519915 | > call 532 (1.391s wait)
2024-02-28 11:30:05.227052 | > call 533 (1.640s wait)
2024-02-28 11:30:06.458059 | > call 534 (1.170s wait)
2024-02-28 11:30:08.086202 | > call 535 (1.552s wait)
2024-02-28 11:30:09.686929 | > call 536 (1.537s wait)
2024-02-28 11:30:11.090407 | > call 537 (1.344s wait)
2024-02-28 11:30:12.616726 | > call 538 (1.452s wait)
2024-02-28 11:30:13.993044 | > call 539 (1.320s wait)
2024-02-28 11:30:15.557135 | > call 540 (1.499s wait)
2024-02-28 11:30:17.092270 | > call 541 (1.479s wait)
2024-02-28 11:30:18.798852 | > call 542 (1.626s wait)
2024-02-28 11:30:20.199707 | > call 543 (1.339s wait)
2024-02-28 11:30:21.779522 | > call 544 (1.515s wait)
2024-02-28 11:30:23.424085 | > call 545 (1.589s wait)
2024-02-28 11:30:25.059074 | > call 546 (1.581s wait)
2024-02-28 11:30:26.413125 | > call 547 (1.294s wait)
2024-02-28 11:30:28.060690 | > call 548 (1.585s wait)
2024-02-28 11:30:29.601369 | > call 549 (1.477s wait)
2024-02-28 11:30:31.177708 | > call 550 (1.516s wait)
2024-02-28 11:30:32.756835 | > call 551 (1.524s wait)
2024-02-28 11:30:34.304174 | > call 552 (1.485s wait)
2024-02-28 11:30:35.771789 | > call 553 (1.405s wait)
2024-02-28 11:30:37.313384 | > call 554 (1.487s wait)
2024-02-28 11:30:38.689287 | > call 555 (1.319s wait)
2024-02-28 11:30:40.242069 | > call 556 (1.481s wait)
2024-02-28 11:30:41.758377 | > call 557 (1.455s wait)
2024-02-28 11:30:43.306007 | > call 558 (1.485s wait)
2024-02-28 11:30:44.893760 | > call 559 (1.530s wait)
2024-02-28 11:30:46.258614 | > call 560 (1.307s wait)
2024-02-28 11:30:47.718798 | > call 561 (1.378s wait)
2024-02-28 11:30:49.213870 | > call 562 (1.438s wait)
2024-02-28 11:30:50.733899 | > call 563 (1.441s wait)
2024-02-28 11:30:52.150001 | > call 564 (1.334s wait)
2024-02-28 11:30:53.687319 | > call 565 (1.475s wait)
2024-02-28 11:30:54.966159 | > call 566 (1.216s wait)
2024-02-28 11:30:56.298296 | > call 567 (1.276s wait)
2024-02-28 11:30:57.803792 | > call 568 (1.423s wait)
2024-02-28 11:30:59.233675 | > call 569 (1.351s wait)
2024-02-28 11:31:00.534633 | > call 570 (1.214s wait)
2024-02-28 11:31:02.167203 | > call 571 (1.562s wait)
2024-02-28 11:31:03.576523 | > call 572 (1.347s wait)
2024-02-28 11:31:05.077206 | > call 573 (1.439s wait)
2024-02-28 11:31:06.623514 | > call 574 (1.486s wait)
2024-02-28 11:31:08.157910 | > call 575 (1.470s wait)
2024-02-28 11:31:09.611040 | > call 576 (1.395s wait)
2024-02-28 11:31:11.129316 | > call 577 (1.436s wait)
2024-02-28 11:31:12.531093 | > call 578 (1.340s wait)
2024-02-28 11:31:14.135324 | > call 579 (1.537s wait)
2024-02-28 11:31:15.569766 | > call 580 (1.376s wait)
2024-02-28 11:31:17.149537 | > call 581 (1.512s wait)
2024-02-28 11:31:18.686714 | > call 582 (1.462s wait)
2024-02-28 11:31:20.381094 | > call 583 (1.622s wait)
2024-02-28 11:31:21.905254 | > call 584 (1.465s wait)
2024-02-28 11:31:23.518299 | > call 585 (1.544s wait)
2024-02-28 11:31:25.063842 | > call 586 (1.488s wait)
2024-02-28 11:31:26.618919 | > call 587 (1.487s wait)
2024-02-28 11:31:27.990303 | > call 588 (1.309s wait)
2024-02-28 11:31:29.501196 | > call 589 (1.425s wait)
2024-02-28 11:31:30.979614 | > call 590 (1.416s wait)
2024-02-28 11:31:32.409929 | > call 591 (1.374s wait)
2024-02-28 11:31:33.963872 | > call 592 (1.479s wait)
2024-02-28 11:31:35.371397 | > call 593 (1.338s wait)
2024-02-28 11:31:36.441768 | > call 594 (0.997s wait)
2024-02-28 11:31:37.991029 | > call 595 (1.484s wait)
2024-02-28 11:31:39.625609 | > call 596 (1.560s wait)
2024-02-28 11:31:41.006705 | > call 597 (1.315s wait)
2024-02-28 11:31:42.469622 | > call 598 (1.395s wait)
2024-02-28 11:31:43.942033 | > call 599 (1.412s wait)
2024-02-28 11:31:45.372987 | > call 600 (1.369s wait)
2024-02-28 11:31:46.794774 | > call 601 (1.354s wait)
2024-02-28 11:31:48.436879 | > call 602 (1.568s wait)
2024-02-28 11:31:49.900422 | > call 603 (1.405s wait)
2024-02-28 11:31:51.324958 | > call 604 (1.357s wait)
2024-02-28 11:31:52.953549 | > call 605 (1.558s wait)
2024-02-28 11:31:54.447905 | > call 606 (1.435s wait)
2024-02-28 11:31:55.990602 | > call 607 (1.470s wait)
2024-02-28 11:31:57.414537 | > call 608 (1.354s wait)
2024-02-28 11:31:59.137263 | > call 609 (1.653s wait)
2024-02-28 11:32:00.484164 | > call 610 (1.284s wait)
2024-02-28 11:32:02.135804 | > call 611 (1.578s wait)
2024-02-28 11:32:03.657368 | > call 612 (1.465s wait)
2024-02-28 11:32:04.757576 | > call 613 (1.017s wait)
2024-02-28 11:32:06.055803 | > call 614 (1.194s wait)
2024-02-28 11:32:07.374647 | > call 615 (1.232s wait)
2024-02-28 11:32:08.818971 | > call 616 (1.373s wait)
2024-02-28 11:32:10.166281 | > call 617 (1.285s wait)
2024-02-28 11:32:11.529641 | > call 618 (1.286s wait)
2024-02-28 11:32:12.513003 | > call 619 (0.902s wait)
2024-02-28 11:32:13.710260 | > call 620 (1.108s wait)
2024-02-28 11:32:15.080384 | > call 621 (1.287s wait)
2024-02-28 11:32:16.486406 | > call 622 (1.320s wait)
2024-02-28 11:32:17.848649 | > call 623 (1.285s wait)
2024-02-28 11:32:19.139096 | > call 624 (1.216s wait)
2024-02-28 11:32:20.535966 | > call 625 (1.291s wait)
2024-02-28 11:32:21.843314 | > call 626 (1.241s wait)
2024-02-28 11:32:23.135864 | > call 627 (1.224s wait)
2024-02-28 11:32:24.439995 | > call 628 (1.218s wait)
2024-02-28 11:32:25.836256 | > call 629 (1.320s wait)
2024-02-28 11:32:27.261633 | > call 630 (1.346s wait)
2024-02-28 11:32:28.623510 | > call 631 (1.280s wait)
2024-02-28 11:32:29.675050 | > call 632 (0.988s wait)
2024-02-28 11:32:30.957754 | > call 633 (1.199s wait)
2024-02-28 11:32:32.393634 | > call 634 (1.342s wait)
2024-02-28 11:32:33.832555 | > call 635 (1.358s wait)
2024-02-28 11:32:35.245495 | > call 636 (1.341s wait)
2024-02-28 11:32:36.525939 | > call 637 (1.202s wait)
2024-02-28 11:32:37.684764 | > call 638 (1.082s wait)
2024-02-28 11:32:39.250924 | > call 639 (1.484s wait)
2024-02-28 11:32:40.659496 | > call 640 (1.351s wait)
2024-02-28 11:32:42.346226 | > call 641 (1.602s wait)
2024-02-28 11:32:43.690145 | > call 642 (1.274s wait)
2024-02-28 11:32:45.282763 | > call 643 (1.505s wait)
2024-02-28 11:32:46.502966 | > call 644 (1.157s wait)
2024-02-28 11:32:48.156931 | > call 645 (1.580s wait)
2024-02-28 11:32:49.603240 | > call 646 (1.389s wait)
2024-02-28 11:32:51.088272 | > call 647 (1.410s wait)
2024-02-28 11:32:52.508769 | > call 648 (1.361s wait)
2024-02-28 11:32:54.080385 | > call 649 (1.491s wait)
2024-02-28 11:32:55.486992 | > call 650 (1.348s wait)
2024-02-28 11:32:57.015427 | > call 651 (1.442s wait)
2024-02-28 11:32:58.143185 | > call 652 (1.061s wait)
2024-02-28 11:32:59.242530 | > call 653 (1.032s wait)
2024-02-28 11:32:59.243064 | shutting down worker
2024-02-28 11:32:59.243261 | 
Total: 653 in 46.78s [user], 0.17s [system], 852.02s [elapsed]
