2024-02-28 11:18:47.660820 | Master: tcp://nd85ed30123f4:9234
2024-02-28 11:18:47.664323 | connecting to: tcp://nd85ed30123f4:9234
2024-02-28 11:18:48.123299 | > call 1 (0.416s wait)
2024-02-28 11:18:49.284379 | > call 2 (0.677s wait)
2024-02-28 11:18:50.597605 | > call 3 (1.255s wait)
2024-02-28 11:18:51.869443 | > call 4 (1.205s wait)
2024-02-28 11:18:53.067839 | > call 5 (1.121s wait)
2024-02-28 11:18:54.431816 | > call 6 (1.304s wait)
2024-02-28 11:18:55.502964 | > call 7 (1.010s wait)
2024-02-28 11:18:56.709997 | > call 8 (1.146s wait)
2024-02-28 11:18:57.887927 | > call 9 (1.122s wait)
2024-02-28 11:18:59.111028 | > call 10 (1.161s wait)
2024-02-28 11:19:00.328260 | > call 11 (1.164s wait)
2024-02-28 11:19:01.729357 | > call 12 (1.347s wait)
2024-02-28 11:19:02.935436 | > call 13 (1.153s wait)
2024-02-28 11:19:04.209791 | > call 14 (1.221s wait)
2024-02-28 11:19:05.405284 | > call 15 (1.142s wait)
2024-02-28 11:19:06.662687 | > call 16 (1.202s wait)
2024-02-28 11:19:07.835427 | > call 17 (1.119s wait)
2024-02-28 11:19:09.099392 | > call 18 (1.209s wait)
2024-02-28 11:19:10.376562 | > call 19 (1.223s wait)
2024-02-28 11:19:11.680505 | > call 20 (1.249s wait)
2024-02-28 11:19:12.904990 | > call 21 (1.170s wait)
2024-02-28 11:19:14.173341 | > call 22 (1.215s wait)
2024-02-28 11:19:15.618550 | > call 23 (1.387s wait)
2024-02-28 11:19:16.775611 | > call 24 (1.103s wait)
2024-02-28 11:19:18.147290 | > call 25 (1.318s wait)
2024-02-28 11:19:19.425141 | > call 26 (1.224s wait)
2024-02-28 11:19:20.516251 | > call 27 (1.037s wait)
2024-02-28 11:19:21.768722 | > call 28 (1.197s wait)
2024-02-28 11:19:22.962512 | > call 29 (1.128s wait)
2024-02-28 11:19:23.931361 | > call 30 (0.911s wait)
2024-02-28 11:19:25.082582 | > call 31 (1.094s wait)
2024-02-28 11:19:26.346705 | > call 32 (1.210s wait)
2024-02-28 11:19:27.415786 | > call 33 (1.009s wait)
2024-02-28 11:19:28.614827 | > call 34 (1.141s wait)
2024-02-28 11:19:29.657633 | > call 35 (0.991s wait)
2024-02-28 11:19:31.004894 | > call 36 (1.294s wait)
2024-02-28 11:19:32.285089 | > call 37 (1.193s wait)
2024-02-28 11:19:33.611417 | > call 38 (1.247s wait)
2024-02-28 11:19:34.876507 | > call 39 (1.190s wait)
2024-02-28 11:19:36.105751 | > call 40 (1.160s wait)
2024-02-28 11:19:37.284271 | > call 41 (1.099s wait)
2024-02-28 11:19:38.604797 | > call 42 (1.247s wait)
2024-02-28 11:19:39.939690 | > call 43 (1.265s wait)
2024-02-28 11:19:41.147749 | > call 44 (1.133s wait)
2024-02-28 11:19:42.440892 | > call 45 (1.218s wait)
2024-02-28 11:19:43.797592 | > call 46 (1.288s wait)
2024-02-28 11:19:45.075545 | > call 47 (1.208s wait)
2024-02-28 11:19:46.161224 | > call 48 (1.016s wait)
2024-02-28 11:19:47.407344 | > call 49 (1.173s wait)
2024-02-28 11:19:48.578799 | > call 50 (1.097s wait)
2024-02-28 11:19:49.850309 | > call 51 (1.196s wait)
2024-02-28 11:19:51.032124 | > call 52 (1.109s wait)
2024-02-28 11:19:52.278955 | > call 53 (1.171s wait)
2024-02-28 11:19:53.451006 | > call 54 (1.101s wait)
2024-02-28 11:19:54.686719 | > call 55 (1.167s wait)
2024-02-28 11:19:55.872742 | > call 56 (1.111s wait)
2024-02-28 11:19:57.217042 | > call 57 (1.274s wait)
2024-02-28 11:19:58.476106 | > call 58 (1.191s wait)
2024-02-28 11:19:59.488064 | > call 59 (0.936s wait)
2024-02-28 11:20:00.729970 | > call 60 (1.171s wait)
2024-02-28 11:20:01.800249 | > call 61 (0.996s wait)
2024-02-28 11:20:03.146658 | > call 62 (1.271s wait)
2024-02-28 11:20:04.300662 | > call 63 (1.082s wait)
2024-02-28 11:20:05.522367 | > call 64 (1.145s wait)
2024-02-28 11:20:06.732744 | > call 65 (1.130s wait)
2024-02-28 11:20:07.904280 | > call 66 (1.100s wait)
2024-02-28 11:20:09.059896 | > call 67 (1.084s wait)
2024-02-28 11:20:10.125613 | > call 68 (0.988s wait)
2024-02-28 11:20:11.072093 | > call 69 (0.856s wait)
2024-02-28 11:20:12.346050 | > call 70 (1.192s wait)
2024-02-28 11:20:13.628712 | > call 71 (1.211s wait)
2024-02-28 11:20:14.826923 | > call 72 (1.126s wait)
2024-02-28 11:20:15.994019 | > call 73 (1.091s wait)
2024-02-28 11:20:17.192506 | > call 74 (1.120s wait)
2024-02-28 11:20:18.344798 | > call 75 (1.081s wait)
2024-02-28 11:20:19.614036 | > call 76 (1.178s wait)
2024-02-28 11:20:20.852983 | > call 77 (1.167s wait)
2024-02-28 11:20:22.154042 | > call 78 (1.229s wait)
2024-02-28 11:20:23.261377 | > call 79 (1.024s wait)
2024-02-28 11:20:24.652602 | > call 80 (1.310s wait)
2024-02-28 11:20:25.884367 | > call 81 (1.158s wait)
2024-02-28 11:20:27.037541 | > call 82 (1.069s wait)
2024-02-28 11:20:28.442939 | > call 83 (1.329s wait)
2024-02-28 11:20:29.566003 | > call 84 (1.052s wait)
2024-02-28 11:20:30.566903 | > call 85 (0.926s wait)
2024-02-28 11:20:31.943126 | > call 86 (1.294s wait)
2024-02-28 11:20:33.127319 | > call 87 (1.109s wait)
2024-02-28 11:20:34.381056 | > call 88 (1.183s wait)
2024-02-28 11:20:35.672624 | > call 89 (1.219s wait)
2024-02-28 11:20:36.930174 | > call 90 (1.175s wait)
2024-02-28 11:20:38.008674 | > call 91 (0.998s wait)
2024-02-28 11:20:39.397141 | > call 92 (1.311s wait)
2024-02-28 11:20:40.666021 | > call 93 (1.187s wait)
2024-02-28 11:20:41.856641 | > call 94 (1.117s wait)
2024-02-28 11:20:43.163708 | > call 95 (1.227s wait)
2024-02-28 11:20:44.161165 | > call 96 (0.917s wait)
2024-02-28 11:20:45.356869 | > call 97 (1.102s wait)
2024-02-28 11:20:46.611564 | > call 98 (1.169s wait)
2024-02-28 11:20:47.890098 | > call 99 (1.184s wait)
2024-02-28 11:20:49.145549 | > call 100 (1.181s wait)
2024-02-28 11:20:50.363011 | > call 101 (1.139s wait)
2024-02-28 11:20:51.519140 | > call 102 (1.074s wait)
2024-02-28 11:20:52.659574 | > call 103 (1.061s wait)
2024-02-28 11:20:53.931658 | > call 104 (1.178s wait)
2024-02-28 11:20:55.031766 | > call 105 (1.005s wait)
2024-02-28 11:20:56.298917 | > call 106 (1.157s wait)
2024-02-28 11:20:57.463361 | > call 107 (1.081s wait)
2024-02-28 11:20:58.821233 | > call 108 (1.267s wait)
2024-02-28 11:21:00.047061 | > call 109 (1.141s wait)
2024-02-28 11:21:01.297979 | > call 110 (1.165s wait)
2024-02-28 11:21:02.589851 | > call 111 (1.214s wait)
2024-02-28 11:21:04.087837 | > call 112 (1.415s wait)
2024-02-28 11:21:05.349657 | > call 113 (1.174s wait)
2024-02-28 11:21:06.629838 | > call 114 (1.193s wait)
2024-02-28 11:21:07.950919 | > call 115 (1.240s wait)
2024-02-28 11:21:09.150362 | > call 116 (1.118s wait)
2024-02-28 11:21:10.373499 | > call 117 (1.131s wait)
2024-02-28 11:21:11.710353 | > call 118 (1.256s wait)
2024-02-28 11:21:12.962830 | > call 119 (1.173s wait)
2024-02-28 11:21:14.207794 | > call 120 (1.170s wait)
2024-02-28 11:21:15.229614 | > call 121 (0.951s wait)
2024-02-28 11:21:16.367163 | > call 122 (1.060s wait)
2024-02-28 11:21:17.555974 | > call 123 (1.117s wait)
2024-02-28 11:21:18.761174 | > call 124 (1.132s wait)
2024-02-28 11:21:19.913788 | > call 125 (1.079s wait)
2024-02-28 11:21:21.168244 | > call 126 (1.181s wait)
2024-02-28 11:21:22.406618 | > call 127 (1.156s wait)
2024-02-28 11:21:23.790084 | > call 128 (1.306s wait)
2024-02-28 11:21:25.049359 | > call 129 (1.189s wait)
2024-02-28 11:21:26.199248 | > call 130 (1.072s wait)
2024-02-28 11:21:27.390069 | > call 131 (1.109s wait)
2024-02-28 11:21:28.635477 | > call 132 (1.175s wait)
2024-02-28 11:21:29.934736 | > call 133 (1.222s wait)
2024-02-28 11:21:31.148315 | > call 134 (1.137s wait)
2024-02-28 11:21:32.338816 | > call 135 (1.113s wait)
2024-02-28 11:21:33.632919 | > call 136 (1.214s wait)
2024-02-28 11:21:34.886992 | > call 137 (1.177s wait)
2024-02-28 11:21:36.289769 | > call 138 (1.327s wait)
2024-02-28 11:21:37.425849 | > call 139 (1.052s wait)
2024-02-28 11:21:38.754571 | > call 140 (1.249s wait)
2024-02-28 11:21:40.092412 | > call 141 (1.259s wait)
2024-02-28 11:21:41.367306 | > call 142 (1.199s wait)
2024-02-28 11:21:42.360034 | > call 143 (0.922s wait)
2024-02-28 11:21:43.681712 | > call 144 (1.253s wait)
2024-02-28 11:21:44.856601 | > call 145 (1.089s wait)
2024-02-28 11:21:46.066201 | > call 146 (1.128s wait)
2024-02-28 11:21:47.164971 | > call 147 (1.009s wait)
2024-02-28 11:21:48.478734 | > call 148 (1.224s wait)
2024-02-28 11:21:49.620468 | > call 149 (1.066s wait)
2024-02-28 11:21:50.845499 | > call 150 (1.151s wait)
2024-02-28 11:21:52.047736 | > call 151 (1.128s wait)
2024-02-28 11:21:53.250063 | > call 152 (1.127s wait)
2024-02-28 11:21:54.573136 | > call 153 (1.249s wait)
2024-02-28 11:21:55.744426 | > call 154 (1.098s wait)
2024-02-28 11:21:57.102723 | > call 155 (1.281s wait)
2024-02-28 11:21:58.301944 | > call 156 (1.127s wait)
2024-02-28 11:21:59.538552 | > call 157 (1.164s wait)
2024-02-28 11:22:00.826669 | > call 158 (1.220s wait)
2024-02-28 11:22:02.234585 | > call 159 (1.341s wait)
2024-02-28 11:22:03.434828 | > call 160 (1.126s wait)
2024-02-28 11:22:04.683429 | > call 161 (1.181s wait)
2024-02-28 11:22:05.996149 | > call 162 (1.249s wait)
2024-02-28 11:22:07.103789 | > call 163 (1.043s wait)
2024-02-28 11:22:08.278642 | > call 164 (1.104s wait)
2024-02-28 11:22:09.526278 | > call 165 (1.182s wait)
2024-02-28 11:22:10.703132 | > call 166 (1.104s wait)
2024-02-28 11:22:12.028136 | > call 167 (1.253s wait)
2024-02-28 11:22:13.142286 | > call 168 (1.042s wait)
2024-02-28 11:22:14.447552 | > call 169 (1.234s wait)
2024-02-28 11:22:15.593693 | > call 170 (1.074s wait)
2024-02-28 11:22:16.879260 | > call 171 (1.211s wait)
2024-02-28 11:22:18.143740 | > call 172 (1.189s wait)
2024-02-28 11:22:19.220762 | > call 173 (0.989s wait)
2024-02-28 11:22:20.442555 | > call 174 (1.136s wait)
2024-02-28 11:22:21.611946 | > call 175 (1.086s wait)
2024-02-28 11:22:22.805330 | > call 176 (1.109s wait)
2024-02-28 11:22:24.146572 | > call 177 (1.257s wait)
2024-02-28 11:22:25.492430 | > call 178 (1.271s wait)
2024-02-28 11:22:26.723056 | > call 179 (1.155s wait)
2024-02-28 11:22:27.873095 | > call 180 (1.062s wait)
2024-02-28 11:22:29.077618 | > call 181 (1.120s wait)
2024-02-28 11:22:30.339459 | > call 182 (1.186s wait)
2024-02-28 11:22:31.544594 | > call 183 (1.122s wait)
2024-02-28 11:22:32.780040 | > call 184 (1.152s wait)
2024-02-28 11:22:33.946638 | > call 185 (1.090s wait)
2024-02-28 11:22:35.428173 | > call 186 (1.405s wait)
2024-02-28 11:22:36.687458 | > call 187 (1.184s wait)
2024-02-28 11:22:38.004775 | > call 188 (1.234s wait)
2024-02-28 11:22:39.307126 | > call 189 (1.221s wait)
2024-02-28 11:22:40.474058 | > call 190 (1.078s wait)
2024-02-28 11:22:41.803768 | > call 191 (1.254s wait)
2024-02-28 11:22:42.933069 | > call 192 (1.054s wait)
2024-02-28 11:22:44.324840 | > call 193 (1.316s wait)
2024-02-28 11:22:45.536567 | > call 194 (1.147s wait)
2024-02-28 11:22:46.719734 | > call 195 (1.116s wait)
2024-02-28 11:22:47.743688 | > call 196 (0.956s wait)
2024-02-28 11:22:48.944565 | > call 197 (1.131s wait)
2024-02-28 11:22:50.103783 | > call 198 (1.075s wait)
2024-02-28 11:22:51.251215 | > call 199 (1.060s wait)
2024-02-28 11:22:52.454648 | > call 200 (1.124s wait)
2024-02-28 11:22:53.793177 | > call 201 (1.258s wait)
2024-02-28 11:22:54.903377 | > call 202 (1.025s wait)
2024-02-28 11:22:56.087716 | > call 203 (1.106s wait)
2024-02-28 11:22:57.113916 | > call 204 (0.954s wait)
2024-02-28 11:22:58.350611 | > call 205 (1.158s wait)
2024-02-28 11:22:59.556372 | > call 206 (1.132s wait)
2024-02-28 11:23:00.741259 | > call 207 (1.111s wait)
2024-02-28 11:23:01.875637 | > call 208 (1.066s wait)
2024-02-28 11:23:02.860638 | > call 209 (0.917s wait)
2024-02-28 11:23:04.147332 | > call 210 (1.214s wait)
2024-02-28 11:23:05.360899 | > call 211 (1.144s wait)
2024-02-28 11:23:06.634759 | > call 212 (1.205s wait)
2024-02-28 11:23:07.978235 | > call 213 (1.272s wait)
2024-02-28 11:23:09.227195 | > call 214 (1.177s wait)
2024-02-28 11:23:10.333842 | > call 215 (1.039s wait)
2024-02-28 11:23:11.630861 | > call 216 (1.229s wait)
2024-02-28 11:23:12.966510 | > call 217 (1.270s wait)
2024-02-28 11:23:14.266983 | > call 218 (1.233s wait)
2024-02-28 11:23:15.515878 | > call 219 (1.182s wait)
2024-02-28 11:23:16.588320 | > call 220 (0.999s wait)
2024-02-28 11:23:17.810912 | > call 221 (1.151s wait)
2024-02-28 11:23:18.980969 | > call 222 (1.095s wait)
2024-02-28 11:23:20.364520 | > call 223 (1.311s wait)
2024-02-28 11:23:21.725300 | > call 224 (1.286s wait)
2024-02-28 11:23:22.916672 | > call 225 (1.122s wait)
2024-02-28 11:23:24.058519 | > call 226 (1.074s wait)
2024-02-28 11:23:25.320423 | > call 227 (1.196s wait)
2024-02-28 11:23:26.485886 | > call 228 (1.096s wait)
2024-02-28 11:23:27.831523 | > call 229 (1.278s wait)
2024-02-28 11:23:28.910240 | > call 230 (1.012s wait)
2024-02-28 11:23:30.234055 | > call 231 (1.254s wait)
2024-02-28 11:23:31.476002 | > call 232 (1.164s wait)
2024-02-28 11:23:32.704479 | > call 233 (1.151s wait)
2024-02-28 11:23:34.040744 | > call 234 (1.270s wait)
2024-02-28 11:23:35.320528 | > call 235 (1.213s wait)
2024-02-28 11:23:36.613658 | > call 236 (1.229s wait)
2024-02-28 11:23:37.812457 | > call 237 (1.135s wait)
2024-02-28 11:23:38.895205 | > call 238 (1.007s wait)
2024-02-28 11:23:40.044851 | > call 239 (1.077s wait)
2024-02-28 11:23:41.367864 | > call 240 (1.250s wait)
2024-02-28 11:23:42.714950 | > call 241 (1.274s wait)
2024-02-28 11:23:43.961869 | > call 242 (1.175s wait)
2024-02-28 11:23:45.020421 | > call 243 (0.989s wait)
2024-02-28 11:23:46.237313 | > call 244 (1.149s wait)
2024-02-28 11:23:47.363461 | > call 245 (1.042s wait)
2024-02-28 11:23:48.603668 | > call 246 (1.166s wait)
2024-02-28 11:23:49.676138 | > call 247 (1.004s wait)
2024-02-28 11:23:50.934597 | > call 248 (1.190s wait)
2024-02-28 11:23:52.255265 | > call 249 (1.242s wait)
2024-02-28 11:23:53.349875 | > call 250 (1.019s wait)
2024-02-28 11:23:54.567804 | > call 251 (1.141s wait)
2024-02-28 11:23:55.789505 | > call 252 (1.149s wait)
2024-02-28 11:23:57.039665 | > call 253 (1.171s wait)
2024-02-28 11:23:58.393044 | > call 254 (1.277s wait)
2024-02-28 11:23:59.710732 | > call 255 (1.236s wait)
2024-02-28 11:24:00.869262 | > call 256 (1.077s wait)
2024-02-28 11:24:02.256638 | > call 257 (1.307s wait)
2024-02-28 11:24:03.293509 | > call 258 (0.959s wait)
2024-02-28 11:24:04.676045 | > call 259 (1.301s wait)
2024-02-28 11:24:05.820667 | > call 260 (1.068s wait)
2024-02-28 11:24:06.990056 | > call 261 (1.090s wait)
2024-02-28 11:24:08.092146 | > call 262 (1.023s wait)
2024-02-28 11:24:09.516988 | > call 263 (1.347s wait)
2024-02-28 11:24:10.741634 | > call 264 (1.144s wait)
2024-02-28 11:24:12.162329 | > call 265 (1.346s wait)
2024-02-28 11:24:13.516096 | > call 266 (1.268s wait)
2024-02-28 11:24:14.650219 | > call 267 (1.046s wait)
2024-02-28 11:24:15.996535 | > call 268 (1.261s wait)
2024-02-28 11:24:17.073680 | > call 269 (0.991s wait)
2024-02-28 11:24:18.275222 | > call 270 (1.111s wait)
2024-02-28 11:24:19.333055 | > call 271 (0.988s wait)
2024-02-28 11:24:20.532823 | > call 272 (1.128s wait)
2024-02-28 11:24:21.786749 | > call 273 (1.185s wait)
2024-02-28 11:24:23.012277 | > call 274 (1.155s wait)
2024-02-28 11:24:24.300105 | > call 275 (1.215s wait)
2024-02-28 11:24:25.449516 | > call 276 (1.080s wait)
2024-02-28 11:24:26.662285 | > call 277 (1.137s wait)
2024-02-28 11:24:27.778765 | > call 278 (1.042s wait)
2024-02-28 11:24:28.934890 | > call 279 (1.086s wait)
2024-02-28 11:24:30.072602 | > call 280 (1.064s wait)
2024-02-28 11:24:31.339877 | > call 281 (1.197s wait)
2024-02-28 11:24:32.514501 | > call 282 (1.104s wait)
2024-02-28 11:24:33.699087 | > call 283 (1.115s wait)
2024-02-28 11:24:34.752410 | > call 284 (0.975s wait)
2024-02-28 11:24:36.017071 | > call 285 (1.193s wait)
2024-02-28 11:24:37.148402 | > call 286 (1.063s wait)
2024-02-28 11:24:38.423026 | > call 287 (1.206s wait)
2024-02-28 11:24:39.735715 | > call 288 (1.244s wait)
2024-02-28 11:24:40.851100 | > call 289 (1.046s wait)
2024-02-28 11:24:42.111327 | > call 290 (1.185s wait)
2024-02-28 11:24:43.404675 | > call 291 (1.214s wait)
2024-02-28 11:24:44.508087 | > call 292 (1.029s wait)
2024-02-28 11:24:45.682333 | > call 293 (1.092s wait)
2024-02-28 11:24:46.731426 | > call 294 (0.976s wait)
2024-02-28 11:24:48.114322 | > call 295 (1.305s wait)
2024-02-28 11:24:49.271791 | > call 296 (1.082s wait)
2024-02-28 11:24:50.462021 | > call 297 (1.117s wait)
2024-02-28 11:24:51.492939 | > call 298 (0.942s wait)
2024-02-28 11:24:52.786020 | > call 299 (1.204s wait)
2024-02-28 11:24:54.066676 | > call 300 (1.195s wait)
2024-02-28 11:24:55.338730 | > call 301 (1.201s wait)
2024-02-28 11:24:56.745679 | > call 302 (1.336s wait)
2024-02-28 11:24:58.047872 | > call 303 (1.231s wait)
2024-02-28 11:24:59.222933 | > call 304 (1.103s wait)
2024-02-28 11:25:00.484973 | > call 305 (1.185s wait)
2024-02-28 11:25:01.658336 | > call 306 (1.100s wait)
2024-02-28 11:25:02.820489 | > call 307 (1.090s wait)
2024-02-28 11:25:04.121125 | > call 308 (1.233s wait)
2024-02-28 11:25:05.253577 | > call 309 (1.071s wait)
2024-02-28 11:25:06.347376 | > call 310 (1.029s wait)
2024-02-28 11:25:07.543079 | > call 311 (1.135s wait)
2024-02-28 11:25:08.779146 | > call 312 (1.165s wait)
2024-02-28 11:25:09.966245 | > call 313 (1.118s wait)
2024-02-28 11:25:11.338932 | > call 314 (1.308s wait)
2024-02-28 11:25:12.384692 | > call 315 (0.980s wait)
2024-02-28 11:25:13.585312 | > call 316 (1.127s wait)
2024-02-28 11:25:14.759159 | > call 317 (1.107s wait)
2024-02-28 11:25:16.015814 | > call 318 (1.185s wait)
2024-02-28 11:25:17.216225 | > call 319 (1.131s wait)
2024-02-28 11:25:18.430366 | > call 320 (1.143s wait)
2024-02-28 11:25:19.828652 | > call 321 (1.330s wait)
2024-02-28 11:25:21.112361 | > call 322 (1.209s wait)
2024-02-28 11:25:22.363692 | > call 323 (1.181s wait)
2024-02-28 11:25:23.751233 | > call 324 (1.321s wait)
2024-02-28 11:25:25.027292 | > call 325 (1.206s wait)
2024-02-28 11:25:26.205355 | > call 326 (1.110s wait)
2024-02-28 11:25:27.469377 | > call 327 (1.184s wait)
2024-02-28 11:25:28.548604 | > call 328 (1.009s wait)
2024-02-28 11:25:29.795692 | > call 329 (1.177s wait)
2024-02-28 11:25:31.086201 | > call 330 (1.223s wait)
2024-02-28 11:25:32.302624 | > call 331 (1.150s wait)
2024-02-28 11:25:33.387006 | > call 332 (1.011s wait)
2024-02-28 11:25:34.637525 | > call 333 (1.178s wait)
2024-02-28 11:25:35.756336 | > call 334 (1.050s wait)
2024-02-28 11:25:36.909478 | > call 335 (1.081s wait)
2024-02-28 11:25:38.021442 | > call 336 (1.043s wait)
2024-02-28 11:25:39.358158 | > call 337 (1.261s wait)
2024-02-28 11:25:40.408344 | > call 338 (0.976s wait)
2024-02-28 11:25:41.675658 | > call 339 (1.197s wait)
2024-02-28 11:25:43.034166 | > call 340 (1.288s wait)
2024-02-28 11:25:44.355278 | > call 341 (1.245s wait)
2024-02-28 11:25:45.529922 | > call 342 (1.100s wait)
2024-02-28 11:25:46.742448 | > call 343 (1.143s wait)
2024-02-28 11:25:47.944856 | > call 344 (1.131s wait)
2024-02-28 11:25:49.150558 | > call 345 (1.138s wait)
2024-02-28 11:25:50.385086 | > call 346 (1.167s wait)
2024-02-28 11:25:51.536541 | > call 347 (1.083s wait)
2024-02-28 11:25:52.756493 | > call 348 (1.155s wait)
2024-02-28 11:25:54.057276 | > call 349 (1.229s wait)
2024-02-28 11:25:55.134841 | > call 350 (1.005s wait)
2024-02-28 11:25:56.431627 | > call 351 (1.225s wait)
2024-02-28 11:25:57.618494 | > call 352 (1.121s wait)
2024-02-28 11:25:58.762786 | > call 353 (1.076s wait)
2024-02-28 11:26:00.045558 | > call 354 (1.214s wait)
2024-02-28 11:26:01.374639 | > call 355 (1.266s wait)
2024-02-28 11:26:02.599226 | > call 356 (1.161s wait)
2024-02-28 11:26:04.004745 | > call 357 (1.335s wait)
2024-02-28 11:26:05.063209 | > call 358 (1.000s wait)
2024-02-28 11:26:06.215790 | > call 359 (1.092s wait)
2024-02-28 11:26:07.662563 | > call 360 (1.385s wait)
2024-02-28 11:26:08.775678 | > call 361 (1.049s wait)
2024-02-28 11:26:09.852183 | > call 362 (1.006s wait)
2024-02-28 11:26:10.971312 | > call 363 (1.055s wait)
2024-02-28 11:26:12.260561 | > call 364 (1.227s wait)
2024-02-28 11:26:13.444252 | > call 365 (1.120s wait)
2024-02-28 11:26:14.671079 | > call 366 (1.168s wait)
2024-02-28 11:26:15.949008 | > call 367 (1.217s wait)
2024-02-28 11:26:17.168874 | > call 368 (1.161s wait)
2024-02-28 11:26:18.351103 | > call 369 (1.119s wait)
2024-02-28 11:26:19.546984 | > call 370 (1.137s wait)
2024-02-28 11:26:20.565573 | > call 371 (0.955s wait)
2024-02-28 11:26:21.851674 | > call 372 (1.225s wait)
2024-02-28 11:26:23.016485 | > call 373 (1.101s wait)
2024-02-28 11:26:24.307895 | > call 374 (1.229s wait)
2024-02-28 11:26:25.463475 | > call 375 (1.099s wait)
2024-02-28 11:26:26.631017 | > call 376 (1.109s wait)
2024-02-28 11:26:27.583669 | > call 377 (0.885s wait)
2024-02-28 11:26:28.717643 | > call 378 (1.079s wait)
2024-02-28 11:26:30.018204 | > call 379 (1.243s wait)
2024-02-28 11:26:31.309887 | > call 380 (1.230s wait)
2024-02-28 11:26:32.317616 | > call 381 (0.945s wait)
2024-02-28 11:26:33.223633 | > call 382 (0.844s wait)
2024-02-28 11:26:34.548022 | > call 383 (1.265s wait)
2024-02-28 11:26:35.763372 | > call 384 (1.157s wait)
2024-02-28 11:26:37.117204 | > call 385 (1.295s wait)
2024-02-28 11:26:38.258521 | > call 386 (1.081s wait)
2024-02-28 11:26:39.457153 | > call 387 (1.139s wait)
2024-02-28 11:26:40.757823 | > call 388 (1.242s wait)
2024-02-28 11:26:42.280923 | > call 389 (1.465s wait)
2024-02-28 11:26:43.805274 | > call 390 (1.465s wait)
2024-02-28 11:26:45.141140 | > call 391 (1.277s wait)
2024-02-28 11:26:46.512862 | > call 392 (1.315s wait)
2024-02-28 11:26:47.837018 | > call 393 (1.268s wait)
2024-02-28 11:26:48.993041 | > call 394 (1.099s wait)
2024-02-28 11:26:50.424391 | > call 395 (1.368s wait)
2024-02-28 11:26:51.828213 | > call 396 (1.345s wait)
2024-02-28 11:26:53.101295 | > call 397 (1.213s wait)
2024-02-28 11:26:54.316956 | > call 398 (1.157s wait)
2024-02-28 11:26:55.668406 | > call 399 (1.291s wait)
2024-02-28 11:26:57.111568 | > call 400 (1.381s wait)
2024-02-28 11:26:58.315326 | > call 401 (1.146s wait)
2024-02-28 11:26:59.540947 | > call 402 (1.166s wait)
2024-02-28 11:27:00.699791 | > call 403 (1.100s wait)
2024-02-28 11:27:02.079799 | > call 404 (1.320s wait)
2024-02-28 11:27:03.450078 | > call 405 (1.313s wait)
2024-02-28 11:27:04.758642 | > call 406 (1.254s wait)
2024-02-28 11:27:06.096713 | > call 407 (1.280s wait)
2024-02-28 11:27:07.243386 | > call 408 (1.090s wait)
2024-02-28 11:27:08.506476 | > call 409 (1.207s wait)
2024-02-28 11:27:09.859129 | > call 410 (1.296s wait)
2024-02-28 11:27:11.131382 | > call 411 (1.216s wait)
2024-02-28 11:27:12.509260 | > call 412 (1.318s wait)
2024-02-28 11:27:13.674822 | > call 413 (1.106s wait)
2024-02-28 11:27:15.036653 | > call 414 (1.302s wait)
2024-02-28 11:27:16.339076 | > call 415 (1.243s wait)
2024-02-28 11:27:17.597621 | > call 416 (1.201s wait)
2024-02-28 11:27:19.030218 | > call 417 (1.374s wait)
2024-02-28 11:27:20.414461 | > call 418 (1.327s wait)
2024-02-28 11:27:21.887498 | > call 419 (1.418s wait)
2024-02-28 11:27:23.233214 | > call 420 (1.289s wait)
2024-02-28 11:27:24.580954 | > call 421 (1.289s wait)
2024-02-28 11:27:25.841326 | > call 422 (1.202s wait)
2024-02-28 11:27:26.958852 | > call 423 (1.050s wait)
2024-02-28 11:27:28.180061 | > call 424 (1.156s wait)
2024-02-28 11:27:29.614170 | > call 425 (1.376s wait)
2024-02-28 11:27:31.074924 | > call 426 (1.402s wait)
2024-02-28 11:27:32.281411 | > call 427 (1.138s wait)
2024-02-28 11:27:33.574441 | > call 428 (1.229s wait)
2024-02-28 11:27:34.904673 | > call 429 (1.272s wait)
2024-02-28 11:27:36.236602 | > call 430 (1.268s wait)
2024-02-28 11:27:37.642591 | > call 431 (1.346s wait)
2024-02-28 11:27:38.837587 | > call 432 (1.134s wait)
2024-02-28 11:27:40.341834 | > call 433 (1.443s wait)
2024-02-28 11:27:41.337721 | > call 434 (0.939s wait)
2024-02-28 11:27:42.569019 | > call 435 (1.173s wait)
2024-02-28 11:27:43.872215 | > call 436 (1.244s wait)
2024-02-28 11:27:45.497327 | > call 437 (1.564s wait)
2024-02-28 11:27:47.047224 | > call 438 (1.493s wait)
2024-02-28 11:27:48.460818 | > call 439 (1.355s wait)
2024-02-28 11:27:49.653621 | > call 440 (1.132s wait)
2024-02-28 11:27:51.192365 | > call 441 (1.481s wait)
2024-02-28 11:27:52.629468 | > call 442 (1.379s wait)
2024-02-28 11:27:54.037340 | > call 443 (1.350s wait)
2024-02-28 11:27:55.458345 | > call 444 (1.364s wait)
2024-02-28 11:27:56.982118 | > call 445 (1.466s wait)
2024-02-28 11:27:58.575345 | > call 446 (1.535s wait)
2024-02-28 11:28:00.028019 | > call 447 (1.395s wait)
2024-02-28 11:28:01.580272 | > call 448 (1.496s wait)
2024-02-28 11:28:03.156050 | > call 449 (1.517s wait)
2024-02-28 11:28:04.668304 | > call 450 (1.455s wait)
2024-02-28 11:28:06.046471 | > call 451 (1.320s wait)
2024-02-28 11:28:07.500751 | > call 452 (1.395s wait)
2024-02-28 11:28:08.864892 | > call 453 (1.308s wait)
2024-02-28 11:28:10.454975 | > call 454 (1.534s wait)
2024-02-28 11:28:11.905790 | > call 455 (1.394s wait)
2024-02-28 11:28:13.266744 | > call 456 (1.305s wait)
2024-02-28 11:28:14.506379 | > call 457 (1.184s wait)
2024-02-28 11:28:15.839565 | > call 458 (1.274s wait)
2024-02-28 11:28:17.332421 | > call 459 (1.434s wait)
2024-02-28 11:28:18.591970 | > call 460 (1.203s wait)
2024-02-28 11:28:20.043063 | > call 461 (1.394s wait)
2024-02-28 11:28:21.430919 | > call 462 (1.330s wait)
2024-02-28 11:28:22.878552 | > call 463 (1.391s wait)
2024-02-28 11:28:24.369217 | > call 464 (1.433s wait)
2024-02-28 11:28:25.855891 | > call 465 (1.413s wait)
2024-02-28 11:28:27.213898 | > call 466 (1.304s wait)
2024-02-28 11:28:28.587467 | > call 467 (1.320s wait)
2024-02-28 11:28:30.225071 | > call 468 (1.581s wait)
2024-02-28 11:28:31.575255 | > call 469 (1.279s wait)
2024-02-28 11:28:33.020251 | > call 470 (1.379s wait)
2024-02-28 11:28:34.451202 | > call 471 (1.374s wait)
2024-02-28 11:28:35.917260 | > call 472 (1.413s wait)
2024-02-28 11:28:37.312584 | > call 473 (1.340s wait)
2024-02-28 11:28:38.574306 | > call 474 (1.207s wait)
2024-02-28 11:28:39.985656 | > call 475 (1.357s wait)
2024-02-28 11:28:41.386219 | > call 476 (1.347s wait)
2024-02-28 11:28:42.901324 | > call 477 (1.461s wait)
2024-02-28 11:28:44.134788 | > call 478 (1.180s wait)
2024-02-28 11:28:45.437854 | > call 479 (1.248s wait)
2024-02-28 11:28:46.774008 | > call 480 (1.283s wait)
2024-02-28 11:28:48.150334 | > call 481 (1.322s wait)
2024-02-28 11:28:49.480376 | > call 482 (1.277s wait)
2024-02-28 11:28:50.914453 | > call 483 (1.382s wait)
2024-02-28 11:28:52.350557 | > call 484 (1.381s wait)
2024-02-28 11:28:53.681748 | > call 485 (1.279s wait)
2024-02-28 11:28:55.189247 | > call 486 (1.452s wait)
2024-02-28 11:28:56.645299 | > call 487 (1.401s wait)
2024-02-28 11:28:57.993012 | > call 488 (1.293s wait)
2024-02-28 11:28:59.417564 | > call 489 (1.373s wait)
2024-02-28 11:29:00.875954 | > call 490 (1.404s wait)
2024-02-28 11:29:02.189866 | > call 491 (1.257s wait)
2024-02-28 11:29:03.269432 | > call 492 (1.026s wait)
2024-02-28 11:29:04.713456 | > call 493 (1.390s wait)
2024-02-28 11:29:06.215548 | > call 494 (1.450s wait)
2024-02-28 11:29:07.599220 | > call 495 (1.330s wait)
2024-02-28 11:29:09.202224 | > call 496 (1.549s wait)
2024-02-28 11:29:10.638124 | > call 497 (1.383s wait)
2024-02-28 11:29:12.006997 | > call 498 (1.315s wait)
2024-02-28 11:29:13.484998 | > call 499 (1.423s wait)
2024-02-28 11:29:14.950975 | > call 500 (1.414s wait)
2024-02-28 11:29:16.481037 | > call 501 (1.475s wait)
2024-02-28 11:29:18.056760 | > call 502 (1.523s wait)
2024-02-28 11:29:19.663011 | > call 503 (1.553s wait)
2024-02-28 11:29:21.420239 | > call 504 (1.703s wait)
2024-02-28 11:29:22.659152 | > call 505 (1.184s wait)
2024-02-28 11:29:24.325443 | > call 506 (1.613s wait)
2024-02-28 11:29:25.867206 | > call 507 (1.488s wait)
2024-02-28 11:29:27.529784 | > call 508 (1.605s wait)
2024-02-28 11:29:29.020155 | > call 509 (1.434s wait)
2024-02-28 11:29:30.560687 | > call 510 (1.486s wait)
2024-02-28 11:29:32.152073 | > call 511 (1.538s wait)
2024-02-28 11:29:33.750953 | > call 512 (1.542s wait)
2024-02-28 11:29:35.203282 | > call 513 (1.394s wait)
2024-02-28 11:29:36.699450 | > call 514 (1.443s wait)
2024-02-28 11:29:38.115584 | > call 515 (1.364s wait)
2024-02-28 11:29:39.714699 | > call 516 (1.545s wait)
2024-02-28 11:29:41.352010 | > call 517 (1.583s wait)
2024-02-28 11:29:42.911499 | > call 518 (1.507s wait)
2024-02-28 11:29:44.567248 | > call 519 (1.603s wait)
2024-02-28 11:29:46.104203 | > call 520 (1.481s wait)
2024-02-28 11:29:47.498171 | > call 521 (1.341s wait)
2024-02-28 11:29:49.085698 | > call 522 (1.535s wait)
2024-02-28 11:29:50.562332 | > call 523 (1.422s wait)
2024-02-28 11:29:52.301236 | > call 524 (1.686s wait)
2024-02-28 11:29:53.759753 | > call 525 (1.405s wait)
2024-02-28 11:29:55.309420 | > call 526 (1.485s wait)
2024-02-28 11:29:56.902166 | > call 527 (1.538s wait)
2024-02-28 11:29:58.228865 | > call 528 (1.273s wait)
2024-02-28 11:29:59.661372 | > call 529 (1.379s wait)
2024-02-28 11:30:01.252547 | > call 530 (1.539s wait)
2024-02-28 11:30:02.638316 | > call 531 (1.332s wait)
2024-02-28 11:30:04.284929 | > call 532 (1.592s wait)
2024-02-28 11:30:05.722413 | > call 533 (1.385s wait)
2024-02-28 11:30:07.046957 | > call 534 (1.269s wait)
2024-02-28 11:30:08.733726 | > call 535 (1.631s wait)
2024-02-28 11:30:10.255450 | > call 536 (1.466s wait)
2024-02-28 11:30:11.687224 | > call 537 (1.378s wait)
2024-02-28 11:30:13.087982 | > call 538 (1.346s wait)
2024-02-28 11:30:14.614101 | > call 539 (1.467s wait)
2024-02-28 11:30:16.250077 | > call 540 (1.581s wait)
2024-02-28 11:30:17.645237 | > call 541 (1.340s wait)
2024-02-28 11:30:19.317464 | > call 542 (1.619s wait)
2024-02-28 11:30:20.865595 | > call 543 (1.495s wait)
2024-02-28 11:30:22.330312 | > call 544 (1.411s wait)
2024-02-28 11:30:24.016164 | > call 545 (1.632s wait)
2024-02-28 11:30:25.547659 | > call 546 (1.475s wait)
2024-02-28 11:30:27.041608 | > call 547 (1.439s wait)
2024-02-28 11:30:28.627908 | > call 548 (1.531s wait)
2024-02-28 11:30:30.141782 | > call 549 (1.460s wait)
2024-02-28 11:30:31.781253 | > call 550 (1.587s wait)
2024-02-28 11:30:33.373381 | > call 551 (1.540s wait)
2024-02-28 11:30:34.943336 | > call 552 (1.515s wait)
2024-02-28 11:30:36.309233 | > call 553 (1.312s wait)
2024-02-28 11:30:37.827016 | > call 554 (1.463s wait)
2024-02-28 11:30:39.309944 | > call 555 (1.427s wait)
2024-02-28 11:30:40.871567 | > call 556 (1.508s wait)
2024-02-28 11:30:42.406774 | > call 557 (1.482s wait)
2024-02-28 11:30:43.958148 | > call 558 (1.498s wait)
2024-02-28 11:30:45.485523 | > call 559 (1.474s wait)
2024-02-28 11:30:46.912287 | > call 560 (1.375s wait)
2024-02-28 11:30:48.366225 | > call 561 (1.401s wait)
2024-02-28 11:30:49.678750 | > call 562 (1.259s wait)
2024-02-28 11:30:51.395295 | > call 563 (1.663s wait)
2024-02-28 11:30:52.824842 | > call 564 (1.374s wait)
2024-02-28 11:30:54.147258 | > call 565 (1.270s wait)
2024-02-28 11:30:55.519730 | > call 566 (1.320s wait)
2024-02-28 11:30:56.817236 | > call 567 (1.246s wait)
2024-02-28 11:30:58.435090 | > call 568 (1.566s wait)
2024-02-28 11:30:59.797849 | > call 569 (1.311s wait)
2024-02-28 11:31:01.208308 | > call 570 (1.359s wait)
2024-02-28 11:31:02.727332 | > call 571 (1.465s wait)
2024-02-28 11:31:04.069959 | > call 572 (1.290s wait)
2024-02-28 11:31:05.733430 | > call 573 (1.611s wait)
2024-02-28 11:31:07.253962 | > call 574 (1.469s wait)
2024-02-28 11:31:08.900726 | > call 575 (1.595s wait)
2024-02-28 11:31:10.153447 | > call 576 (1.197s wait)
2024-02-28 11:31:11.754281 | > call 577 (1.549s wait)
2024-02-28 11:31:13.158428 | > call 578 (1.352s wait)
2024-02-28 11:31:14.600096 | > call 579 (1.385s wait)
2024-02-28 11:31:16.301000 | > call 580 (1.648s wait)
2024-02-28 11:31:17.758238 | > call 581 (1.405s wait)
2024-02-28 11:31:19.389760 | > call 582 (1.579s wait)
2024-02-28 11:31:21.076047 | > call 583 (1.633s wait)
2024-02-28 11:31:22.503498 | > call 584 (1.374s wait)
2024-02-28 11:31:24.075983 | > call 585 (1.519s wait)
2024-02-28 11:31:25.649792 | > call 586 (1.521s wait)
2024-02-28 11:31:27.273701 | > call 587 (1.570s wait)
2024-02-28 11:31:28.613484 | > call 588 (1.286s wait)
2024-02-28 11:31:30.135315 | > call 589 (1.466s wait)
2024-02-28 11:31:31.541688 | > call 590 (1.353s wait)
2024-02-28 11:31:32.991809 | > call 591 (1.390s wait)
2024-02-28 11:31:34.573361 | > call 592 (1.528s wait)
2024-02-28 11:31:35.696402 | > call 593 (1.071s wait)
2024-02-28 11:31:37.108723 | > call 594 (1.353s wait)
2024-02-28 11:31:38.576168 | > call 595 (1.413s wait)
2024-02-28 11:31:40.215400 | > call 596 (1.585s wait)
2024-02-28 11:31:41.515983 | > call 597 (1.244s wait)
2024-02-28 11:31:43.050687 | > call 598 (1.481s wait)
2024-02-28 11:31:44.589899 | > call 599 (1.486s wait)
2024-02-28 11:31:45.890959 | > call 600 (1.247s wait)
2024-02-28 11:31:47.460467 | > call 601 (1.511s wait)
2024-02-28 11:31:49.010448 | > call 602 (1.491s wait)
2024-02-28 11:31:50.479450 | > call 603 (1.410s wait)
2024-02-28 11:31:52.081845 | > call 604 (1.544s wait)
2024-02-28 11:31:53.637199 | > call 605 (1.485s wait)
2024-02-28 11:31:55.054928 | > call 606 (1.363s wait)
2024-02-28 11:31:56.600820 | > call 607 (1.491s wait)
2024-02-28 11:31:58.150471 | > call 608 (1.496s wait)
2024-02-28 11:31:59.612359 | > call 609 (1.406s wait)
2024-02-28 11:32:01.149023 | > call 610 (1.480s wait)
2024-02-28 11:32:02.786190 | > call 611 (1.577s wait)
2024-02-28 11:32:03.981060 | > call 612 (1.139s wait)
2024-02-28 11:32:05.356332 | > call 613 (1.315s wait)
2024-02-28 11:32:06.578119 | > call 614 (1.162s wait)
2024-02-28 11:32:08.002555 | > call 615 (1.365s wait)
2024-02-28 11:32:09.458113 | > call 616 (1.396s wait)
2024-02-28 11:32:10.939063 | > call 617 (1.418s wait)
2024-02-28 11:32:11.964523 | > call 618 (0.955s wait)
2024-02-28 11:32:13.147671 | > call 619 (1.114s wait)
2024-02-28 11:32:14.361852 | > call 620 (1.149s wait)
2024-02-28 11:32:15.811822 | > call 621 (1.389s wait)
2024-02-28 11:32:17.173763 | > call 622 (1.304s wait)
2024-02-28 11:32:18.547489 | > call 623 (1.308s wait)
2024-02-28 11:32:19.700707 | > call 624 (1.092s wait)
2024-02-28 11:32:21.085279 | > call 625 (1.325s wait)
2024-02-28 11:32:22.530990 | > call 626 (1.382s wait)
2024-02-28 11:32:23.774193 | > call 627 (1.174s wait)
2024-02-28 11:32:25.109570 | > call 628 (1.273s wait)
2024-02-28 11:32:26.549225 | > call 629 (1.379s wait)
2024-02-28 11:32:27.815715 | > call 630 (1.204s wait)
2024-02-28 11:32:29.074481 | > call 631 (1.201s wait)
2024-02-28 11:32:30.295350 | > call 632 (1.162s wait)
2024-02-28 11:32:31.647729 | > call 633 (1.289s wait)
2024-02-28 11:32:33.020339 | > call 634 (1.308s wait)
2024-02-28 11:32:34.465880 | > call 635 (1.386s wait)
2024-02-28 11:32:35.788854 | > call 636 (1.258s wait)
2024-02-28 11:32:36.873512 | > call 637 (1.027s wait)
2024-02-28 11:32:38.342257 | > call 638 (1.399s wait)
2024-02-28 11:32:39.806623 | > call 639 (1.399s wait)
2024-02-28 11:32:41.327250 | > call 640 (1.459s wait)
2024-02-28 11:32:42.936997 | > call 641 (1.550s wait)
2024-02-28 11:32:44.248609 | > call 642 (1.253s wait)
2024-02-28 11:32:45.879397 | > call 643 (1.564s wait)
2024-02-28 11:32:47.157862 | > call 644 (1.217s wait)
2024-02-28 11:32:48.798969 | > call 645 (1.582s wait)
2024-02-28 11:32:50.093021 | > call 646 (1.233s wait)
2024-02-28 11:32:51.684556 | > call 647 (1.531s wait)
2024-02-28 11:32:53.128890 | > call 648 (1.386s wait)
2024-02-28 11:32:54.643552 | > call 649 (1.462s wait)
2024-02-28 11:32:56.138820 | > call 650 (1.433s wait)
2024-02-28 11:32:57.352418 | > call 651 (1.162s wait)
2024-02-28 11:32:58.648053 | > call 652 (1.215s wait)
2024-02-28 11:32:59.244836 | > call 653 (0.523s wait)
2024-02-28 11:32:59.245414 | shutting down worker
2024-02-28 11:32:59.245616 | 
Total: 653 in 43.81s [user], 0.21s [system], 851.98s [elapsed]
