[1] "simData_i001"
[1] "simData_i002"
[1] "simData_i003"
[1] "simData_i001"
[1] "simData_i002"
[1] "simData_i003"
[1] "--- movementData subsampled"
44.855059 | > call 1 (0.119s wait)
2023-10-18 12:21:45.378694 | > call 2 (0.128s wait)
2023-10-18 12:21:45.745653 | > call 3 (0.315s wait)
2023-10-18 12:21:46.306067 | > call 4 (0.512s wait)
2023-10-18 12:21:46.913098 | > call 5 (0.556s wait)
2023-10-18 12:21:47.547102 | > call 6 (0.583s wait)
2023-10-18 12:21:48.023752 | > call 7 (0.427s wait)
2023-10-18 12:21:48.579548 | > call 8 (0.505s wait)
2023-10-18 12:21:49.123876 | > call 9 (0.494s wait)
2023-10-18 12:21:49.576607 | > call 10 (0.402s wait)
2023-10-18 12:21:50.142036 | > call 11 (0.516s wait)
2023-10-18 12:21:50.588815 | > call 12 (0.396s wait)
2023-10-18 12:21:51.073896 | > call 13 (0.413s wait)
2023-10-18 12:21:51.538740 | > call 14 (0.410s wait)
2023-10-18 12:21:52.042175 | > call 15 (0.439s wait)
2023-10-18 12:21:52.494865 | > call 16 (0.401s wait)
2023-10-18 12:21:53.037634 | > call 17 (0.490s wait)
2023-10-18 12:21:53.451843 | > call 18 (0.364s wait)
2023-10-18 12:21:53.812335 | > call 19 (0.309s wait)
2023-10-18 12:21:54.391252 | > call 20 (0.521s wait)
2023-10-18 12:21:54.934580 | > call 21 (0.491s wait)
2023-10-18 12:21:55.627312 | > call 22 (0.642s wait)
2023-10-18 12:21:56.122576 | > call 23 (0.446s wait)
2023-10-18 12:21:56.594875 | > call 24 (0.423s wait)
2023-10-18 12:21:57.147056 | > call 25 (0.501s wait)
2023-10-18 12:21:57.813592 | > call 26 (0.609s wait)
2023-10-18 12:21:58.291804 | > call 27 (0.427s wait)
2023-10-18 12:21:58.718417 | > call 28 (0.366s wait)
2023-10-18 12:21:59.369451 | > call 29 (0.601s wait)
2023-10-18 12:21:59.845809 | > call 30 (0.425s wait)
2023-10-18 12:22:00.401651 | > call 31 (0.496s wait)
2023-10-18 12:22:01.020390 | > call 32 (0.566s wait)
2023-10-18 12:22:01.517044 | > call 33 (0.426s wait)
2023-10-18 12:22:02.139570 | > call 34 (0.569s wait)
2023-10-18 12:22:02.623251 | > call 35 (0.425s wait)
2023-10-18 12:22:03.125924 | > call 36 (0.452s wait)
2023-10-18 12:22:03.640515 | > call 37 (0.462s wait)
2023-10-18 12:22:04.211708 | > call 38 (0.520s wait)
2023-10-18 12:22:04.740560 | > call 39 (0.479s wait)
2023-10-18 12:22:05.177372 | > call 40 (0.386s wait)
2023-10-18 12:22:05.683079 | > call 41 (0.457s wait)
2023-10-18 12:22:06.150779 | > call 42 (0.420s wait)
2023-10-18 12:22:06.722114 | > call 43 (0.522s wait)
2023-10-18 12:22:07.161739 | > call 44 (0.386s wait)
2023-10-18 12:22:07.646023 | > call 45 (0.434s wait)
2023-10-18 12:22:08.128941 | > call 46 (0.433s wait)
2023-10-18 12:22:08.656165 | > call 47 (0.475s wait)
2023-10-18 12:22:09.118305 | > call 48 (0.408s wait)
2023-10-18 12:22:09.581212 | > call 49 (0.406s wait)
2023-10-18 12:22:10.094177 | > call 50 (0.461s wait)
2023-10-18 12:22:10.617962 | > call 51 (0.474s wait)
2023-10-18 12:22:11.169362 | > call 52 (0.501s wait)
2023-10-18 12:22:11.734526 | > call 53 (0.515s wait)
2023-10-18 12:22:12.249566 | > call 54 (0.467s wait)
2023-10-18 12:22:12.725823 | > call 55 (0.425s wait)
2023-10-18 12:22:13.182243 | > call 56 (0.404s wait)
Loading required package: raster

Attaching package: ‘raster’

The following object is masked from ‘package:amt’:

    select

The following object is masked from ‘package:MASS’:

    select

The following object is masked from ‘package:dplyr’:

    select

2023-10-18 12:22:30.547117 | > call 57 (0.239s wait)
2023-10-18 12:22:38.493906 | > call 58 (0.362s wait)
2023-10-18 12:22:52.872478 | > call 59 (0.006s wait)
Error in w$poll() : Unexpected peer disconnect
