2024-02-28 11:18:47.657479 | Master: tcp://nd85ed30123f4:9234
2024-02-28 11:18:47.661182 | connecting to: tcp://nd85ed30123f4:9234
2024-02-28 11:18:48.070641 | > call 1 (0.361s wait)
2024-02-28 11:18:49.185292 | > call 2 (0.617s wait)
2024-02-28 11:18:50.509058 | > call 3 (1.240s wait)
2024-02-28 11:18:51.768973 | > call 4 (1.194s wait)
2024-02-28 11:18:52.994713 | > call 5 (1.159s wait)
2024-02-28 11:18:54.318236 | > call 6 (1.263s wait)
2024-02-28 11:18:55.391494 | > call 7 (1.015s wait)
2024-02-28 11:18:56.582682 | > call 8 (1.138s wait)
2024-02-28 11:18:57.758960 | > call 9 (1.106s wait)
2024-02-28 11:18:59.042115 | > call 10 (1.221s wait)
2024-02-28 11:19:00.200862 | > call 11 (1.105s wait)
2024-02-28 11:19:01.590268 | > call 12 (1.336s wait)
2024-02-28 11:19:02.860616 | > call 13 (1.217s wait)
2024-02-28 11:19:04.125192 | > call 14 (1.211s wait)
2024-02-28 11:19:05.318955 | > call 15 (1.139s wait)
2024-02-28 11:19:06.544526 | > call 16 (1.171s wait)
2024-02-28 11:19:07.705929 | > call 17 (1.107s wait)
2024-02-28 11:19:08.977469 | > call 18 (1.217s wait)
2024-02-28 11:19:10.229051 | > call 19 (1.197s wait)
2024-02-28 11:19:11.587613 | > call 20 (1.304s wait)
2024-02-28 11:19:12.841285 | > call 21 (1.195s wait)
2024-02-28 11:19:14.049717 | > call 22 (1.155s wait)
2024-02-28 11:19:15.515209 | > call 23 (1.411s wait)
2024-02-28 11:19:16.668367 | > call 24 (1.100s wait)
2024-02-28 11:19:18.009132 | > call 25 (1.287s wait)
2024-02-28 11:19:19.294421 | > call 26 (1.230s wait)
2024-02-28 11:19:20.462012 | > call 27 (1.114s wait)
2024-02-28 11:19:21.626271 | > call 28 (1.111s wait)
2024-02-28 11:19:22.814010 | > call 29 (1.124s wait)
2024-02-28 11:19:23.864455 | > call 30 (0.993s wait)
2024-02-28 11:19:25.005536 | > call 31 (1.087s wait)
2024-02-28 11:19:26.205946 | > call 32 (1.147s wait)
2024-02-28 11:19:27.328459 | > call 33 (1.065s wait)
2024-02-28 11:19:28.479180 | > call 34 (1.082s wait)
2024-02-28 11:19:29.576668 | > call 35 (1.045s wait)
2024-02-28 11:19:30.856044 | > call 36 (1.227s wait)
2024-02-28 11:19:32.165669 | > call 37 (1.235s wait)
2024-02-28 11:19:33.486230 | > call 38 (1.245s wait)
2024-02-28 11:19:34.738522 | > call 39 (1.173s wait)
2024-02-28 11:19:36.040013 | > call 40 (1.226s wait)
2024-02-28 11:19:37.180310 | > call 41 (1.067s wait)
2024-02-28 11:19:38.494288 | > call 42 (1.236s wait)
2024-02-28 11:19:39.829664 | > call 43 (1.262s wait)
2024-02-28 11:19:41.045883 | > call 44 (1.146s wait)
2024-02-28 11:19:42.366458 | > call 45 (1.252s wait)
2024-02-28 11:19:43.646887 | > call 46 (1.211s wait)
2024-02-28 11:19:44.945209 | > call 47 (1.225s wait)
2024-02-28 11:19:46.028748 | > call 48 (1.011s wait)
2024-02-28 11:19:47.311115 | > call 49 (1.207s wait)
2024-02-28 11:19:48.518325 | > call 50 (1.139s wait)
2024-02-28 11:19:49.736027 | > call 51 (1.141s wait)
2024-02-28 11:19:50.979280 | > call 52 (1.175s wait)
2024-02-28 11:19:52.203264 | > call 53 (1.150s wait)
2024-02-28 11:19:53.340309 | > call 54 (1.066s wait)
2024-02-28 11:19:54.616973 | > call 55 (1.207s wait)
2024-02-28 11:19:55.801592 | > call 56 (1.113s wait)
2024-02-28 11:19:57.126486 | > call 57 (1.249s wait)
2024-02-28 11:19:58.399329 | > call 58 (1.195s wait)
2024-02-28 11:19:59.403732 | > call 59 (0.933s wait)
2024-02-28 11:20:00.641397 | > call 60 (1.165s wait)
2024-02-28 11:20:01.730670 | > call 61 (1.015s wait)
2024-02-28 11:20:02.999430 | > call 62 (1.196s wait)
2024-02-28 11:20:04.234800 | > call 63 (1.164s wait)
2024-02-28 11:20:05.456043 | > call 64 (1.145s wait)
2024-02-28 11:20:06.599406 | > call 65 (1.072s wait)
2024-02-28 11:20:07.805652 | > call 66 (1.134s wait)
2024-02-28 11:20:08.990904 | > call 67 (1.106s wait)
2024-02-28 11:20:10.054052 | > call 68 (0.992s wait)
2024-02-28 11:20:11.019409 | > call 69 (0.883s wait)
2024-02-28 11:20:12.219201 | > call 70 (1.122s wait)
2024-02-28 11:20:13.549052 | > call 71 (1.255s wait)
2024-02-28 11:20:14.681594 | > call 72 (1.056s wait)
2024-02-28 11:20:15.899875 | > call 73 (1.146s wait)
2024-02-28 11:20:17.080577 | > call 74 (1.105s wait)
2024-02-28 11:20:18.219083 | > call 75 (1.066s wait)
2024-02-28 11:20:19.542808 | > call 76 (1.241s wait)
2024-02-28 11:20:20.733156 | > call 77 (1.118s wait)
2024-02-28 11:20:22.086128 | > call 78 (1.280s wait)
2024-02-28 11:20:23.202563 | > call 79 (1.041s wait)
2024-02-28 11:20:24.546793 | > call 80 (1.267s wait)
2024-02-28 11:20:25.824038 | > call 81 (1.194s wait)
2024-02-28 11:20:26.912847 | > call 82 (1.017s wait)
2024-02-28 11:20:28.332559 | > call 83 (1.346s wait)
2024-02-28 11:20:29.499333 | > call 84 (1.088s wait)
2024-02-28 11:20:30.509892 | > call 85 (0.932s wait)
2024-02-28 11:20:31.849087 | > call 86 (1.268s wait)
2024-02-28 11:20:32.985307 | > call 87 (1.064s wait)
2024-02-28 11:20:34.296189 | > call 88 (1.231s wait)
2024-02-28 11:20:35.553090 | > call 89 (1.184s wait)
2024-02-28 11:20:36.833626 | > call 90 (1.212s wait)
2024-02-28 11:20:37.925259 | > call 91 (1.014s wait)
2024-02-28 11:20:39.323127 | > call 92 (1.315s wait)
2024-02-28 11:20:40.515373 | > call 93 (1.109s wait)
2024-02-28 11:20:41.793785 | > call 94 (1.202s wait)
2024-02-28 11:20:43.091178 | > call 95 (1.220s wait)
2024-02-28 11:20:44.102991 | > call 96 (0.931s wait)
2024-02-28 11:20:45.301933 | > call 97 (1.116s wait)
2024-02-28 11:20:46.557636 | > call 98 (1.172s wait)
2024-02-28 11:20:47.817582 | > call 99 (1.172s wait)
2024-02-28 11:20:48.997396 | > call 100 (1.110s wait)
2024-02-28 11:20:50.238620 | > call 101 (1.165s wait)
2024-02-28 11:20:51.414282 | > call 102 (1.088s wait)
2024-02-28 11:20:52.535781 | > call 103 (1.035s wait)
2024-02-28 11:20:53.805467 | > call 104 (1.162s wait)
2024-02-28 11:20:54.965989 | > call 105 (1.066s wait)
2024-02-28 11:20:56.210976 | > call 106 (1.137s wait)
2024-02-28 11:20:57.387962 | > call 107 (1.088s wait)
2024-02-28 11:20:58.707881 | > call 108 (1.237s wait)
2024-02-28 11:20:59.968655 | > call 109 (1.178s wait)
2024-02-28 11:21:01.167085 | > call 110 (1.111s wait)
2024-02-28 11:21:02.502973 | > call 111 (1.248s wait)
2024-02-28 11:21:03.955776 | > call 112 (1.368s wait)
2024-02-28 11:21:05.279273 | > call 113 (1.236s wait)
2024-02-28 11:21:06.485530 | > call 114 (1.126s wait)
2024-02-28 11:21:07.811042 | > call 115 (1.241s wait)
2024-02-28 11:21:09.087881 | > call 116 (1.187s wait)
2024-02-28 11:21:10.235832 | > call 117 (1.065s wait)
2024-02-28 11:21:11.615227 | > call 118 (1.299s wait)
2024-02-28 11:21:12.841728 | > call 119 (1.140s wait)
2024-02-28 11:21:14.125368 | > call 120 (1.209s wait)
2024-02-28 11:21:15.165479 | > call 121 (0.961s wait)
2024-02-28 11:21:16.267329 | > call 122 (1.024s wait)
2024-02-28 11:21:17.417068 | > call 123 (1.076s wait)
2024-02-28 11:21:18.644513 | > call 124 (1.152s wait)
2024-02-28 11:21:19.766005 | > call 125 (1.045s wait)
2024-02-28 11:21:21.021159 | > call 126 (1.175s wait)
2024-02-28 11:21:22.258346 | > call 127 (1.165s wait)
2024-02-28 11:21:23.664490 | > call 128 (1.317s wait)
2024-02-28 11:21:24.949034 | > call 129 (1.215s wait)
2024-02-28 11:21:26.049963 | > call 130 (1.030s wait)
2024-02-28 11:21:27.299574 | > call 131 (1.174s wait)
2024-02-28 11:21:28.568489 | > call 132 (1.197s wait)
2024-02-28 11:21:29.827483 | > call 133 (1.185s wait)
2024-02-28 11:21:31.077265 | > call 134 (1.179s wait)
2024-02-28 11:21:32.197087 | > call 135 (1.046s wait)
2024-02-28 11:21:33.517222 | > call 136 (1.240s wait)
2024-02-28 11:21:34.823881 | > call 137 (1.233s wait)
2024-02-28 11:21:36.222147 | > call 138 (1.326s wait)
2024-02-28 11:21:37.324692 | > call 139 (1.017s wait)
2024-02-28 11:21:38.702074 | > call 140 (1.299s wait)
2024-02-28 11:21:39.943911 | > call 141 (1.170s wait)
2024-02-28 11:21:41.219116 | > call 142 (1.207s wait)
2024-02-28 11:21:42.281070 | > call 143 (0.990s wait)
2024-02-28 11:21:43.615360 | > call 144 (1.258s wait)
2024-02-28 11:21:44.728805 | > call 145 (1.041s wait)
2024-02-28 11:21:45.984279 | > call 146 (1.172s wait)
2024-02-28 11:21:47.100585 | > call 147 (1.031s wait)
2024-02-28 11:21:48.359423 | > call 148 (1.179s wait)
2024-02-28 11:21:49.489956 | > call 149 (1.064s wait)
2024-02-28 11:21:50.749713 | > call 150 (1.193s wait)
2024-02-28 11:21:51.966622 | > call 151 (1.146s wait)
2024-02-28 11:21:53.183159 | > call 152 (1.145s wait)
2024-02-28 11:21:54.486404 | > call 153 (1.227s wait)
2024-02-28 11:21:55.597981 | > call 154 (1.045s wait)
2024-02-28 11:21:56.983694 | > call 155 (1.318s wait)
2024-02-28 11:21:58.176784 | > call 156 (1.126s wait)
2024-02-28 11:21:59.440413 | > call 157 (1.187s wait)
2024-02-28 11:22:00.705099 | > call 158 (1.196s wait)
2024-02-28 11:22:02.178030 | > call 159 (1.404s wait)
2024-02-28 11:22:03.347362 | > call 160 (1.083s wait)
2024-02-28 11:22:04.584497 | > call 161 (1.164s wait)
2024-02-28 11:22:05.897727 | > call 162 (1.240s wait)
2024-02-28 11:22:07.046239 | > call 163 (1.077s wait)
2024-02-28 11:22:08.182621 | > call 164 (1.064s wait)
2024-02-28 11:22:09.441408 | > call 165 (1.180s wait)
2024-02-28 11:22:10.566519 | > call 166 (1.054s wait)
2024-02-28 11:22:11.921204 | > call 167 (1.284s wait)
2024-02-28 11:22:13.071617 | > call 168 (1.076s wait)
2024-02-28 11:22:14.332438 | > call 169 (1.191s wait)
2024-02-28 11:22:15.525305 | > call 170 (1.123s wait)
2024-02-28 11:22:16.821260 | > call 171 (1.225s wait)
2024-02-28 11:22:17.996807 | > call 172 (1.102s wait)
2024-02-28 11:22:19.099436 | > call 173 (1.029s wait)
2024-02-28 11:22:20.361675 | > call 174 (1.189s wait)
2024-02-28 11:22:21.464448 | > call 175 (1.007s wait)
2024-02-28 11:22:22.689725 | > call 176 (1.147s wait)
2024-02-28 11:22:24.036866 | > call 177 (1.273s wait)
2024-02-28 11:22:25.361905 | > call 178 (1.248s wait)
2024-02-28 11:22:26.643910 | > call 179 (1.206s wait)
2024-02-28 11:22:27.774238 | > call 180 (1.056s wait)
2024-02-28 11:22:28.990659 | > call 181 (1.140s wait)
2024-02-28 11:22:30.225926 | > call 182 (1.157s wait)
2024-02-28 11:22:31.452472 | > call 183 (1.143s wait)
2024-02-28 11:22:32.633996 | > call 184 (1.102s wait)
2024-02-28 11:22:33.830118 | > call 185 (1.113s wait)
2024-02-28 11:22:35.319241 | > call 186 (1.412s wait)
2024-02-28 11:22:36.606284 | > call 187 (1.207s wait)
2024-02-28 11:22:37.870051 | > call 188 (1.189s wait)
2024-02-28 11:22:39.220614 | > call 189 (1.274s wait)
2024-02-28 11:22:40.371651 | > call 190 (1.073s wait)
2024-02-28 11:22:41.653096 | > call 191 (1.202s wait)
2024-02-28 11:22:42.803189 | > call 192 (1.075s wait)
2024-02-28 11:22:44.191438 | > call 193 (1.314s wait)
2024-02-28 11:22:45.461976 | > call 194 (1.189s wait)
2024-02-28 11:22:46.592584 | > call 195 (1.051s wait)
2024-02-28 11:22:47.627984 | > call 196 (0.963s wait)
2024-02-28 11:22:48.807362 | > call 197 (1.099s wait)
2024-02-28 11:22:50.019508 | > call 198 (1.131s wait)
2024-02-28 11:22:51.136770 | > call 199 (1.044s wait)
2024-02-28 11:22:52.316291 | > call 200 (1.107s wait)
2024-02-28 11:22:53.642965 | > call 201 (1.244s wait)
2024-02-28 11:22:54.844376 | > call 202 (1.129s wait)
2024-02-28 11:22:55.983382 | > call 203 (1.067s wait)
2024-02-28 11:22:57.048897 | > call 204 (0.993s wait)
2024-02-28 11:22:58.293581 | > call 205 (1.176s wait)
2024-02-28 11:22:59.448586 | > call 206 (1.081s wait)
2024-02-28 11:23:00.662016 | > call 207 (1.146s wait)
2024-02-28 11:23:01.775889 | > call 208 (1.042s wait)
2024-02-28 11:23:02.776116 | > call 209 (0.930s wait)
2024-02-28 11:23:04.029145 | > call 210 (1.186s wait)
2024-02-28 11:23:05.291048 | > call 211 (1.192s wait)
2024-02-28 11:23:06.560541 | > call 212 (1.197s wait)
2024-02-28 11:23:07.889065 | > call 213 (1.260s wait)
2024-02-28 11:23:09.162024 | > call 214 (1.206s wait)
2024-02-28 11:23:10.197615 | > call 215 (0.968s wait)
2024-02-28 11:23:11.496867 | > call 216 (1.225s wait)
2024-02-28 11:23:12.841293 | > call 217 (1.271s wait)
2024-02-28 11:23:14.168738 | > call 218 (1.251s wait)
2024-02-28 11:23:15.381349 | > call 219 (1.139s wait)
2024-02-28 11:23:16.481960 | > call 220 (1.027s wait)
2024-02-28 11:23:17.756251 | > call 221 (1.197s wait)
2024-02-28 11:23:18.923310 | > call 222 (1.093s wait)
2024-02-28 11:23:20.256669 | > call 223 (1.266s wait)
2024-02-28 11:23:21.579370 | > call 224 (1.250s wait)
2024-02-28 11:23:22.815805 | > call 225 (1.168s wait)
2024-02-28 11:23:23.939807 | > call 226 (1.052s wait)
2024-02-28 11:23:25.191824 | > call 227 (1.180s wait)
2024-02-28 11:23:26.351650 | > call 228 (1.088s wait)
2024-02-28 11:23:27.730144 | > call 229 (1.302s wait)
2024-02-28 11:23:28.846917 | > call 230 (1.044s wait)
2024-02-28 11:23:30.157165 | > call 231 (1.236s wait)
2024-02-28 11:23:31.342020 | > call 232 (1.103s wait)
2024-02-28 11:23:32.561535 | > call 233 (1.133s wait)
2024-02-28 11:23:33.941082 | > call 234 (1.295s wait)
2024-02-28 11:23:35.202917 | > call 235 (1.184s wait)
2024-02-28 11:23:36.478077 | > call 236 (1.192s wait)
2024-02-28 11:23:37.746040 | > call 237 (1.188s wait)
2024-02-28 11:23:38.822242 | > call 238 (0.999s wait)
2024-02-28 11:23:39.964676 | > call 239 (1.066s wait)
2024-02-28 11:23:41.277375 | > call 240 (1.236s wait)
2024-02-28 11:23:42.573392 | > call 241 (1.225s wait)
2024-02-28 11:23:43.817166 | > call 242 (1.173s wait)
2024-02-28 11:23:44.899510 | > call 243 (1.007s wait)
2024-02-28 11:23:46.142536 | > call 244 (1.165s wait)
2024-02-28 11:23:47.265843 | > call 245 (1.039s wait)
2024-02-28 11:23:48.501873 | > call 246 (1.162s wait)
2024-02-28 11:23:49.604553 | > call 247 (1.020s wait)
2024-02-28 11:23:50.809376 | > call 248 (1.128s wait)
2024-02-28 11:23:52.142350 | > call 249 (1.261s wait)
2024-02-28 11:23:53.271089 | > call 250 (1.052s wait)
2024-02-28 11:23:54.474225 | > call 251 (1.125s wait)
2024-02-28 11:23:55.735786 | > call 252 (1.177s wait)
2024-02-28 11:23:56.953847 | > call 253 (1.140s wait)
2024-02-28 11:23:58.295680 | > call 254 (1.260s wait)
2024-02-28 11:23:59.604727 | > call 255 (1.234s wait)
2024-02-28 11:24:00.740008 | > call 256 (1.061s wait)
2024-02-28 11:24:02.129609 | > call 257 (1.310s wait)
2024-02-28 11:24:03.149182 | > call 258 (0.946s wait)
2024-02-28 11:24:04.579123 | > call 259 (1.355s wait)
2024-02-28 11:24:05.765596 | > call 260 (1.111s wait)
2024-02-28 11:24:06.929309 | > call 261 (1.088s wait)
2024-02-28 11:24:08.020737 | > call 262 (1.018s wait)
2024-02-28 11:24:09.391230 | > call 263 (1.285s wait)
2024-02-28 11:24:10.651247 | > call 264 (1.187s wait)
2024-02-28 11:24:12.107771 | > call 265 (1.380s wait)
2024-02-28 11:24:13.371197 | > call 266 (1.190s wait)
2024-02-28 11:24:14.558541 | > call 267 (1.110s wait)
2024-02-28 11:24:15.932157 | > call 268 (1.297s wait)
2024-02-28 11:24:17.011523 | > call 269 (1.009s wait)
2024-02-28 11:24:18.193469 | > call 270 (1.111s wait)
2024-02-28 11:24:19.199183 | > call 271 (0.934s wait)
2024-02-28 11:24:20.392453 | > call 272 (1.125s wait)
2024-02-28 11:24:21.643013 | > call 273 (1.175s wait)
2024-02-28 11:24:22.920844 | > call 274 (1.208s wait)
2024-02-28 11:24:24.177837 | > call 275 (1.188s wait)
2024-02-28 11:24:25.379292 | > call 276 (1.129s wait)
2024-02-28 11:24:26.531183 | > call 277 (1.084s wait)
2024-02-28 11:24:27.651564 | > call 278 (1.052s wait)
2024-02-28 11:24:28.881420 | > call 279 (1.161s wait)
2024-02-28 11:24:29.927473 | > call 280 (0.971s wait)
2024-02-28 11:24:31.230885 | > call 281 (1.232s wait)
2024-02-28 11:24:32.412454 | > call 282 (1.105s wait)
2024-02-28 11:24:33.623191 | > call 283 (1.137s wait)
2024-02-28 11:24:34.675509 | > call 284 (0.983s wait)
2024-02-28 11:24:35.869226 | > call 285 (1.115s wait)
2024-02-28 11:24:37.027834 | > call 286 (1.081s wait)
2024-02-28 11:24:38.322861 | > call 287 (1.213s wait)
2024-02-28 11:24:39.650910 | > call 288 (1.250s wait)
2024-02-28 11:24:40.787866 | > call 289 (1.057s wait)
2024-02-28 11:24:42.053977 | > call 290 (1.190s wait)
2024-02-28 11:24:43.328265 | > call 291 (1.195s wait)
2024-02-28 11:24:44.425028 | > call 292 (1.023s wait)
2024-02-28 11:24:45.534271 | > call 293 (1.030s wait)
2024-02-28 11:24:46.622803 | > call 294 (1.011s wait)
2024-02-28 11:24:47.986679 | > call 295 (1.287s wait)
2024-02-28 11:24:49.163134 | > call 296 (1.096s wait)
2024-02-28 11:24:50.393167 | > call 297 (1.142s wait)
2024-02-28 11:24:51.423337 | > call 298 (0.945s wait)
2024-02-28 11:24:52.732481 | > call 299 (1.220s wait)
2024-02-28 11:24:53.944469 | > call 300 (1.130s wait)
2024-02-28 11:24:55.237142 | > call 301 (1.212s wait)
2024-02-28 11:24:56.655787 | > call 302 (1.341s wait)
2024-02-28 11:24:57.915441 | > call 303 (1.180s wait)
2024-02-28 11:24:59.104754 | > call 304 (1.113s wait)
2024-02-28 11:25:00.423554 | > call 305 (1.243s wait)
2024-02-28 11:25:01.597831 | > call 306 (1.104s wait)
2024-02-28 11:25:02.750097 | > call 307 (1.080s wait)
2024-02-28 11:25:03.999695 | > call 308 (1.176s wait)
2024-02-28 11:25:05.197341 | > call 309 (1.123s wait)
2024-02-28 11:25:06.242004 | > call 310 (0.974s wait)
2024-02-28 11:25:07.488637 | > call 311 (1.172s wait)
2024-02-28 11:25:08.711628 | > call 312 (1.148s wait)
2024-02-28 11:25:09.854055 | > call 313 (1.065s wait)
2024-02-28 11:25:11.189757 | > call 314 (1.264s wait)
2024-02-28 11:25:12.322739 | > call 315 (1.057s wait)
2024-02-28 11:25:13.452792 | > call 316 (1.051s wait)
2024-02-28 11:25:14.671957 | > call 317 (1.146s wait)
2024-02-28 11:25:15.920978 | > call 318 (1.178s wait)
2024-02-28 11:25:17.090607 | > call 319 (1.100s wait)
2024-02-28 11:25:18.302768 | > call 320 (1.142s wait)
2024-02-28 11:25:19.682878 | > call 321 (1.307s wait)
2024-02-28 11:25:20.966430 | > call 322 (1.213s wait)
2024-02-28 11:25:22.240607 | > call 323 (1.197s wait)
2024-02-28 11:25:23.605410 | > call 324 (1.291s wait)
2024-02-28 11:25:24.896934 | > call 325 (1.215s wait)
2024-02-28 11:25:26.111700 | > call 326 (1.141s wait)
2024-02-28 11:25:27.319540 | > call 327 (1.138s wait)
2024-02-28 11:25:28.477047 | > call 328 (1.082s wait)
2024-02-28 11:25:29.700224 | > call 329 (1.153s wait)
2024-02-28 11:25:31.009891 | > call 330 (1.239s wait)
2024-02-28 11:25:32.157094 | > call 331 (1.075s wait)
2024-02-28 11:25:33.276007 | > call 332 (1.045s wait)
2024-02-28 11:25:34.567816 | > call 333 (1.223s wait)
2024-02-28 11:25:35.696640 | > call 334 (1.058s wait)
2024-02-28 11:25:36.821672 | > call 335 (1.058s wait)
2024-02-28 11:25:37.894527 | > call 336 (1.007s wait)
2024-02-28 11:25:39.220694 | > call 337 (1.261s wait)
2024-02-28 11:25:40.287330 | > call 338 (1.001s wait)
2024-02-28 11:25:41.528632 | > call 339 (1.177s wait)
2024-02-28 11:25:42.954156 | > call 340 (1.355s wait)
2024-02-28 11:25:44.238552 | > call 341 (1.218s wait)
2024-02-28 11:25:45.416265 | > call 342 (1.113s wait)
2024-02-28 11:25:46.626014 | > call 343 (1.144s wait)
2024-02-28 11:25:47.879585 | > call 344 (1.184s wait)
2024-02-28 11:25:49.058170 | > call 345 (1.110s wait)
2024-02-28 11:25:50.327242 | > call 346 (1.203s wait)
2024-02-28 11:25:51.409238 | > call 347 (1.013s wait)
2024-02-28 11:25:52.672420 | > call 348 (1.195s wait)
2024-02-28 11:25:53.947581 | > call 349 (1.211s wait)
2024-02-28 11:25:55.076992 | > call 350 (1.065s wait)
2024-02-28 11:25:56.307061 | > call 351 (1.165s wait)
2024-02-28 11:25:57.533705 | > call 352 (1.160s wait)
2024-02-28 11:25:58.686698 | > call 353 (1.087s wait)
2024-02-28 11:25:59.905228 | > call 354 (1.143s wait)
2024-02-28 11:26:01.263923 | > call 355 (1.293s wait)
2024-02-28 11:26:02.524659 | > call 356 (1.194s wait)
2024-02-28 11:26:03.916608 | > call 357 (1.324s wait)
2024-02-28 11:26:04.995638 | > call 358 (1.011s wait)
2024-02-28 11:26:06.143939 | > call 359 (1.082s wait)
2024-02-28 11:26:07.564076 | > call 360 (1.353s wait)
2024-02-28 11:26:08.651817 | > call 361 (1.016s wait)
2024-02-28 11:26:09.795531 | > call 362 (1.050s wait)
2024-02-28 11:26:10.889088 | > call 363 (1.033s wait)
2024-02-28 11:26:12.115499 | > call 364 (1.166s wait)
2024-02-28 11:26:13.305312 | > call 365 (1.126s wait)
2024-02-28 11:26:14.585079 | > call 366 (1.220s wait)
2024-02-28 11:26:15.819599 | > call 367 (1.175s wait)
2024-02-28 11:26:17.050372 | > call 368 (1.166s wait)
2024-02-28 11:26:18.215088 | > call 369 (1.105s wait)
2024-02-28 11:26:19.481100 | > call 370 (1.206s wait)
2024-02-28 11:26:20.485538 | > call 371 (0.945s wait)
2024-02-28 11:26:21.762220 | > call 372 (1.206s wait)
2024-02-28 11:26:22.957203 | > call 373 (1.130s wait)
2024-02-28 11:26:24.244060 | > call 374 (1.227s wait)
2024-02-28 11:26:25.360721 | > call 375 (1.059s wait)
2024-02-28 11:26:26.577081 | > call 376 (1.158s wait)
2024-02-28 11:26:27.517319 | > call 377 (0.877s wait)
2024-02-28 11:26:28.600354 | > call 378 (1.021s wait)
2024-02-28 11:26:29.906661 | > call 379 (1.245s wait)
2024-02-28 11:26:31.166067 | > call 380 (1.197s wait)
2024-02-28 11:26:32.259076 | > call 381 (1.031s wait)
2024-02-28 11:26:33.164490 | > call 382 (0.847s wait)
2024-02-28 11:26:34.465008 | > call 383 (1.236s wait)
2024-02-28 11:26:35.616083 | > call 384 (1.093s wait)
2024-02-28 11:26:37.053539 | > call 385 (1.379s wait)
2024-02-28 11:26:38.187415 | > call 386 (1.076s wait)
2024-02-28 11:26:39.311368 | > call 387 (1.063s wait)
2024-02-28 11:26:40.643352 | > call 388 (1.273s wait)
2024-02-28 11:26:42.201276 | > call 389 (1.497s wait)
2024-02-28 11:26:43.678907 | > call 390 (1.420s wait)
2024-02-28 11:26:45.044302 | > call 391 (1.306s wait)
2024-02-28 11:26:46.377438 | > call 392 (1.273s wait)
2024-02-28 11:26:47.712226 | > call 393 (1.274s wait)
2024-02-28 11:26:48.932377 | > call 394 (1.159s wait)
2024-02-28 11:26:50.282459 | > call 395 (1.293s wait)
2024-02-28 11:26:51.755913 | > call 396 (1.415s wait)
2024-02-28 11:26:53.015460 | > call 397 (1.203s wait)
2024-02-28 11:26:54.245004 | > call 398 (1.172s wait)
2024-02-28 11:26:55.541391 | > call 399 (1.239s wait)
2024-02-28 11:26:57.051417 | > call 400 (1.453s wait)
2024-02-28 11:26:58.256031 | > call 401 (1.147s wait)
2024-02-28 11:26:59.456812 | > call 402 (1.142s wait)
2024-02-28 11:27:00.594810 | > call 403 (1.080s wait)
2024-02-28 11:27:01.938088 | > call 404 (1.285s wait)
2024-02-28 11:27:03.355262 | > call 405 (1.361s wait)
2024-02-28 11:27:04.647160 | > call 406 (1.231s wait)
2024-02-28 11:27:05.953097 | > call 407 (1.249s wait)
2024-02-28 11:27:07.181889 | > call 408 (1.173s wait)
2024-02-28 11:27:08.409975 | > call 409 (1.174s wait)
2024-02-28 11:27:09.740787 | > call 410 (1.273s wait)
2024-02-28 11:27:11.024728 | > call 411 (1.227s wait)
2024-02-28 11:27:12.389132 | > call 412 (1.305s wait)
2024-02-28 11:27:13.548971 | > call 413 (1.098s wait)
2024-02-28 11:27:14.958312 | > call 414 (1.350s wait)
2024-02-28 11:27:16.265005 | > call 415 (1.253s wait)
2024-02-28 11:27:17.525210 | > call 416 (1.206s wait)
2024-02-28 11:27:18.912603 | > call 417 (1.328s wait)
2024-02-28 11:27:20.324895 | > call 418 (1.357s wait)
2024-02-28 11:27:21.753319 | > call 419 (1.372s wait)
2024-02-28 11:27:23.123045 | > call 420 (1.316s wait)
2024-02-28 11:27:24.431244 | > call 421 (1.250s wait)
2024-02-28 11:27:25.697150 | > call 422 (1.210s wait)
2024-02-28 11:27:26.896821 | > call 423 (1.141s wait)
2024-02-28 11:27:28.056722 | > call 424 (1.098s wait)
2024-02-28 11:27:29.561305 | > call 425 (1.445s wait)
2024-02-28 11:27:30.967041 | > call 426 (1.347s wait)
2024-02-28 11:27:32.161366 | > call 427 (1.134s wait)
2024-02-28 11:27:33.495378 | > call 428 (1.272s wait)
2024-02-28 11:27:34.816401 | > call 429 (1.263s wait)
2024-02-28 11:27:36.152361 | > call 430 (1.277s wait)
2024-02-28 11:27:37.532272 | > call 431 (1.320s wait)
2024-02-28 11:27:38.743004 | > call 432 (1.152s wait)
2024-02-28 11:27:40.239297 | > call 433 (1.435s wait)
2024-02-28 11:27:41.263699 | > call 434 (0.968s wait)
2024-02-28 11:27:42.505747 | > call 435 (1.170s wait)
2024-02-28 11:27:43.810761 | > call 436 (1.247s wait)
2024-02-28 11:27:45.367739 | > call 437 (1.500s wait)
2024-02-28 11:27:46.935149 | > call 438 (1.509s wait)
2024-02-28 11:27:48.360962 | > call 439 (1.369s wait)
2024-02-28 11:27:49.571223 | > call 440 (1.154s wait)
2024-02-28 11:27:51.049442 | > call 441 (1.421s wait)
2024-02-28 11:27:52.528552 | > call 442 (1.421s wait)
2024-02-28 11:27:53.980499 | > call 443 (1.395s wait)
2024-02-28 11:27:55.356391 | > call 444 (1.320s wait)
2024-02-28 11:27:56.836552 | > call 445 (1.424s wait)
2024-02-28 11:27:58.457971 | > call 446 (1.564s wait)
2024-02-28 11:27:59.955556 | > call 447 (1.437s wait)
2024-02-28 11:28:01.474272 | > call 448 (1.462s wait)
2024-02-28 11:28:03.016044 | > call 449 (1.487s wait)
2024-02-28 11:28:04.527581 | > call 450 (1.456s wait)
2024-02-28 11:28:05.969286 | > call 451 (1.381s wait)
2024-02-28 11:28:07.392151 | > call 452 (1.367s wait)
2024-02-28 11:28:08.807813 | > call 453 (1.359s wait)
2024-02-28 11:28:10.352824 | > call 454 (1.488s wait)
2024-02-28 11:28:11.815264 | > call 455 (1.406s wait)
2024-02-28 11:28:13.162230 | > call 456 (1.290s wait)
2024-02-28 11:28:14.388625 | > call 457 (1.168s wait)
2024-02-28 11:28:15.783605 | > call 458 (1.340s wait)
2024-02-28 11:28:17.212060 | > call 459 (1.370s wait)
2024-02-28 11:28:18.529217 | > call 460 (1.259s wait)
2024-02-28 11:28:19.937304 | > call 461 (1.351s wait)
2024-02-28 11:28:21.295997 | > call 462 (1.299s wait)
2024-02-28 11:28:22.802099 | > call 463 (1.448s wait)
2024-02-28 11:28:24.276419 | > call 464 (1.416s wait)
2024-02-28 11:28:25.782011 | > call 465 (1.437s wait)
2024-02-28 11:28:27.158967 | > call 466 (1.318s wait)
2024-02-28 11:28:28.451643 | > call 467 (1.237s wait)
2024-02-28 11:28:30.079501 | > call 468 (1.573s wait)
2024-02-28 11:28:31.465669 | > call 469 (1.326s wait)
2024-02-28 11:28:32.872087 | > call 470 (1.352s wait)
2024-02-28 11:28:34.307640 | > call 471 (1.380s wait)
2024-02-28 11:28:35.807020 | > call 472 (1.446s wait)
2024-02-28 11:28:37.168682 | > call 473 (1.308s wait)
2024-02-28 11:28:38.452975 | > call 474 (1.229s wait)
2024-02-28 11:28:39.922467 | > call 475 (1.417s wait)
2024-02-28 11:28:41.248914 | > call 476 (1.274s wait)
2024-02-28 11:28:42.800656 | > call 477 (1.499s wait)
2024-02-28 11:28:44.065246 | > call 478 (1.212s wait)
2024-02-28 11:28:45.382811 | > call 479 (1.263s wait)
2024-02-28 11:28:46.685649 | > call 480 (1.250s wait)
2024-02-28 11:28:48.060973 | > call 481 (1.322s wait)
2024-02-28 11:28:49.362272 | > call 482 (1.248s wait)
2024-02-28 11:28:50.801569 | > call 483 (1.387s wait)
2024-02-28 11:28:52.224746 | > call 484 (1.367s wait)
2024-02-28 11:28:53.621988 | > call 485 (1.344s wait)
2024-02-28 11:28:55.128179 | > call 486 (1.452s wait)
2024-02-28 11:28:56.516753 | > call 487 (1.332s wait)
2024-02-28 11:28:57.908115 | > call 488 (1.338s wait)
2024-02-28 11:28:59.334261 | > call 489 (1.373s wait)
2024-02-28 11:29:00.779756 | > call 490 (1.393s wait)
2024-02-28 11:29:02.129294 | > call 491 (1.292s wait)
2024-02-28 11:29:03.210944 | > call 492 (1.024s wait)
2024-02-28 11:29:04.599115 | > call 493 (1.327s wait)
2024-02-28 11:29:06.100229 | > call 494 (1.448s wait)
2024-02-28 11:29:07.455396 | > call 495 (1.302s wait)
2024-02-28 11:29:09.081690 | > call 496 (1.570s wait)
2024-02-28 11:29:10.570611 | > call 497 (1.436s wait)
2024-02-28 11:29:11.871362 | > call 498 (1.248s wait)
2024-02-28 11:29:13.372803 | > call 499 (1.450s wait)
2024-02-28 11:29:14.858248 | > call 500 (1.428s wait)
2024-02-28 11:29:16.356967 | > call 501 (1.444s wait)
2024-02-28 11:29:17.918283 | > call 502 (1.508s wait)
2024-02-28 11:29:19.601323 | > call 503 (1.631s wait)
2024-02-28 11:29:21.273004 | > call 504 (1.619s wait)
2024-02-28 11:29:22.551992 | > call 505 (1.227s wait)
2024-02-28 11:29:24.251431 | > call 506 (1.646s wait)
2024-02-28 11:29:25.734472 | > call 507 (1.422s wait)
2024-02-28 11:29:27.412814 | > call 508 (1.626s wait)
2024-02-28 11:29:28.885931 | > call 509 (1.420s wait)
2024-02-28 11:29:30.479861 | > call 510 (1.539s wait)
2024-02-28 11:29:32.054776 | > call 511 (1.523s wait)
2024-02-28 11:29:33.603206 | > call 512 (1.496s wait)
2024-02-28 11:29:35.122826 | > call 513 (1.466s wait)
2024-02-28 11:29:36.597713 | > call 514 (1.422s wait)
2024-02-28 11:29:38.010520 | > call 515 (1.360s wait)
2024-02-28 11:29:39.653984 | > call 516 (1.591s wait)
2024-02-28 11:29:41.204086 | > call 517 (1.497s wait)
2024-02-28 11:29:42.779865 | > call 518 (1.523s wait)
2024-02-28 11:29:44.474128 | > call 519 (1.641s wait)
2024-02-28 11:29:46.029855 | > call 520 (1.498s wait)
2024-02-28 11:29:47.396708 | > call 521 (1.314s wait)
2024-02-28 11:29:49.012927 | > call 522 (1.564s wait)
2024-02-28 11:29:50.496875 | > call 523 (1.431s wait)
2024-02-28 11:29:52.165424 | > call 524 (1.614s wait)
2024-02-28 11:29:53.654442 | > call 525 (1.435s wait)
2024-02-28 11:29:55.204760 | > call 526 (1.498s wait)
2024-02-28 11:29:56.825323 | > call 527 (1.567s wait)
2024-02-28 11:29:58.154595 | > call 528 (1.278s wait)
2024-02-28 11:29:59.582829 | > call 529 (1.375s wait)
2024-02-28 11:30:01.133137 | > call 530 (1.495s wait)
2024-02-28 11:30:02.566288 | > call 531 (1.377s wait)
2024-02-28 11:30:04.170110 | > call 532 (1.551s wait)
2024-02-28 11:30:05.622041 | > call 533 (1.395s wait)
2024-02-28 11:30:06.985148 | > call 534 (1.308s wait)
2024-02-28 11:30:08.585315 | > call 535 (1.547s wait)
2024-02-28 11:30:10.164813 | > call 536 (1.520s wait)
2024-02-28 11:30:11.604337 | > call 537 (1.385s wait)
2024-02-28 11:30:13.013275 | > call 538 (1.356s wait)
2024-02-28 11:30:14.524715 | > call 539 (1.459s wait)
2024-02-28 11:30:16.118424 | > call 540 (1.536s wait)
2024-02-28 11:30:17.527725 | > call 541 (1.357s wait)
2024-02-28 11:30:19.246995 | > call 542 (1.666s wait)
2024-02-28 11:30:20.717705 | > call 543 (1.416s wait)
2024-02-28 11:30:22.248732 | > call 544 (1.478s wait)
2024-02-28 11:30:23.958451 | > call 545 (1.655s wait)
2024-02-28 11:30:25.448839 | > call 546 (1.437s wait)
2024-02-28 11:30:26.898057 | > call 547 (1.390s wait)
2024-02-28 11:30:28.562739 | > call 548 (1.611s wait)
2024-02-28 11:30:30.087392 | > call 549 (1.470s wait)
2024-02-28 11:30:31.727741 | > call 550 (1.586s wait)
2024-02-28 11:30:33.290370 | > call 551 (1.509s wait)
2024-02-28 11:30:34.796115 | > call 552 (1.452s wait)
2024-02-28 11:30:36.247067 | > call 553 (1.395s wait)
2024-02-28 11:30:37.693265 | > call 554 (1.388s wait)
2024-02-28 11:30:39.199550 | > call 555 (1.453s wait)
2024-02-28 11:30:40.791047 | > call 556 (1.534s wait)
2024-02-28 11:30:42.298284 | > call 557 (1.454s wait)
2024-02-28 11:30:43.834548 | > call 558 (1.482s wait)
2024-02-28 11:30:45.394321 | > call 559 (1.504s wait)
2024-02-28 11:30:46.818422 | > call 560 (1.364s wait)
2024-02-28 11:30:48.255865 | > call 561 (1.383s wait)
2024-02-28 11:30:49.538105 | > call 562 (1.229s wait)
2024-02-28 11:30:51.305694 | > call 563 (1.714s wait)
2024-02-28 11:30:52.684295 | > call 564 (1.322s wait)
2024-02-28 11:30:54.053209 | > call 565 (1.315s wait)
2024-02-28 11:30:55.458210 | > call 566 (1.351s wait)
2024-02-28 11:30:56.709715 | > call 567 (1.197s wait)
2024-02-28 11:30:58.363410 | > call 568 (1.600s wait)
2024-02-28 11:30:59.703089 | > call 569 (1.285s wait)
2024-02-28 11:31:01.085619 | > call 570 (1.329s wait)
2024-02-28 11:31:02.639295 | > call 571 (1.500s wait)
2024-02-28 11:31:03.994809 | > call 572 (1.302s wait)
2024-02-28 11:31:05.586175 | > call 573 (1.539s wait)
2024-02-28 11:31:07.135320 | > call 574 (1.496s wait)
2024-02-28 11:31:08.752912 | > call 575 (1.563s wait)
2024-02-28 11:31:10.068602 | > call 576 (1.261s wait)
2024-02-28 11:31:11.680938 | > call 577 (1.558s wait)
2024-02-28 11:31:13.077006 | > call 578 (1.343s wait)
2024-02-28 11:31:14.548011 | > call 579 (1.419s wait)
2024-02-28 11:31:16.193062 | > call 580 (1.591s wait)
2024-02-28 11:31:17.648534 | > call 581 (1.401s wait)
2024-02-28 11:31:19.249777 | > call 582 (1.548s wait)
2024-02-28 11:31:20.988159 | > call 583 (1.685s wait)
2024-02-28 11:31:22.402917 | > call 584 (1.361s wait)
2024-02-28 11:31:23.976901 | > call 585 (1.521s wait)
2024-02-28 11:31:25.555552 | > call 586 (1.524s wait)
2024-02-28 11:31:27.149041 | > call 587 (1.539s wait)
2024-02-28 11:31:28.516626 | > call 588 (1.313s wait)
2024-02-28 11:31:30.056486 | > call 589 (1.485s wait)
2024-02-28 11:31:31.484896 | > call 590 (1.374s wait)
2024-02-28 11:31:32.847808 | > call 591 (1.305s wait)
2024-02-28 11:31:34.436754 | > call 592 (1.534s wait)
2024-02-28 11:31:35.643338 | > call 593 (1.154s wait)
2024-02-28 11:31:36.994972 | > call 594 (1.287s wait)
2024-02-28 11:31:38.442701 | > call 595 (1.394s wait)
2024-02-28 11:31:40.078663 | > call 596 (1.582s wait)
2024-02-28 11:31:41.462266 | > call 597 (1.326s wait)
2024-02-28 11:31:42.988412 | > call 598 (1.470s wait)
2024-02-28 11:31:44.502406 | > call 599 (1.456s wait)
2024-02-28 11:31:45.806681 | > call 600 (1.247s wait)
2024-02-28 11:31:47.365827 | > call 601 (1.499s wait)
2024-02-28 11:31:48.888228 | > call 602 (1.466s wait)
2024-02-28 11:31:50.409920 | > call 603 (1.467s wait)
2024-02-28 11:31:51.940507 | > call 604 (1.475s wait)
2024-02-28 11:31:53.511920 | > call 605 (1.516s wait)
2024-02-28 11:31:54.964808 | > call 606 (1.397s wait)
2024-02-28 11:31:56.467365 | > call 607 (1.444s wait)
2024-02-28 11:31:58.011522 | > call 608 (1.487s wait)
2024-02-28 11:31:59.520201 | > call 609 (1.450s wait)
2024-02-28 11:32:01.004176 | > call 610 (1.422s wait)
2024-02-28 11:32:02.683506 | > call 611 (1.619s wait)
2024-02-28 11:32:03.923503 | > call 612 (1.186s wait)
2024-02-28 11:32:05.286844 | > call 613 (1.296s wait)
2024-02-28 11:32:06.441456 | > call 614 (1.099s wait)
2024-02-28 11:32:07.950071 | > call 615 (1.452s wait)
2024-02-28 11:32:09.354747 | > call 616 (1.346s wait)
2024-02-28 11:32:10.801672 | > call 617 (1.381s wait)
2024-02-28 11:32:11.893261 | > call 618 (1.022s wait)
2024-02-28 11:32:13.064167 | > call 619 (1.106s wait)
2024-02-28 11:32:14.212124 | > call 620 (1.081s wait)
2024-02-28 11:32:15.691766 | > call 621 (1.405s wait)
2024-02-28 11:32:17.036987 | > call 622 (1.288s wait)
2024-02-28 11:32:18.442458 | > call 623 (1.344s wait)
2024-02-28 11:32:19.598222 | > call 624 (1.090s wait)
2024-02-28 11:32:20.964904 | > call 625 (1.302s wait)
2024-02-28 11:32:22.430096 | > call 626 (1.401s wait)
2024-02-28 11:32:23.650548 | > call 627 (1.151s wait)
2024-02-28 11:32:24.986296 | > call 628 (1.272s wait)
2024-02-28 11:32:26.399288 | > call 629 (1.352s wait)
2024-02-28 11:32:27.724831 | > call 630 (1.263s wait)
2024-02-28 11:32:28.963160 | > call 631 (1.177s wait)
2024-02-28 11:32:30.154012 | > call 632 (1.127s wait)
2024-02-28 11:32:31.508069 | > call 633 (1.293s wait)
2024-02-28 11:32:32.964617 | > call 634 (1.397s wait)
2024-02-28 11:32:34.365368 | > call 635 (1.340s wait)
2024-02-28 11:32:35.698801 | > call 636 (1.275s wait)
2024-02-28 11:32:36.803698 | > call 637 (1.028s wait)
2024-02-28 11:32:38.250632 | > call 638 (1.383s wait)
2024-02-28 11:32:39.695370 | > call 639 (1.382s wait)
2024-02-28 11:32:41.197101 | > call 640 (1.444s wait)
2024-02-28 11:32:42.807481 | > call 641 (1.549s wait)
2024-02-28 11:32:44.178134 | > call 642 (1.314s wait)
2024-02-28 11:32:45.806670 | > call 643 (1.560s wait)
2024-02-28 11:32:47.024210 | > call 644 (1.159s wait)
2024-02-28 11:32:48.686190 | > call 645 (1.598s wait)
2024-02-28 11:32:50.039033 | > call 646 (1.295s wait)
2024-02-28 11:32:51.540931 | > call 647 (1.447s wait)
2024-02-28 11:32:52.985926 | > call 648 (1.381s wait)
2024-02-28 11:32:54.562576 | > call 649 (1.524s wait)
2024-02-28 11:32:56.011988 | > call 650 (1.386s wait)
2024-02-28 11:32:57.296612 | > call 651 (1.234s wait)
2024-02-28 11:32:58.588402 | > call 652 (1.224s wait)
2024-02-28 11:32:59.244388 | > call 653 (0.585s wait)
2024-02-28 11:32:59.244896 | shutting down worker
2024-02-28 11:32:59.245067 | 
Total: 653 in 44.06s [user], 0.14s [system], 851.99s [elapsed]
