2024-02-28 11:18:47.692167 | Master: tcp://nd85ed30123f4:9234
2024-02-28 11:18:47.694919 | connecting to: tcp://nd85ed30123f4:9234
2024-02-28 11:18:48.266978 | > call 1 (0.531s wait)
2024-02-28 11:18:49.504152 | > call 2 (0.773s wait)
2024-02-28 11:18:50.851226 | > call 3 (1.281s wait)
2024-02-28 11:18:52.087984 | > call 4 (1.173s wait)
2024-02-28 11:18:53.261486 | > call 5 (1.091s wait)
2024-02-28 11:18:54.567309 | > call 6 (1.248s wait)
2024-02-28 11:18:55.750092 | > call 7 (1.126s wait)
2024-02-28 11:18:56.850358 | > call 8 (1.039s wait)
2024-02-28 11:18:58.143161 | > call 9 (1.230s wait)
2024-02-28 11:18:59.333610 | > call 10 (1.128s wait)
2024-02-28 11:19:00.506465 | > call 11 (1.117s wait)
2024-02-28 11:19:01.941283 | > call 12 (1.380s wait)
2024-02-28 11:19:03.135810 | > call 13 (1.131s wait)
2024-02-28 11:19:04.440988 | > call 14 (1.251s wait)
2024-02-28 11:19:05.564310 | > call 15 (1.064s wait)
2024-02-28 11:19:06.816713 | > call 16 (1.199s wait)
2024-02-28 11:19:07.959052 | > call 17 (1.088s wait)
2024-02-28 11:19:09.384310 | > call 18 (1.368s wait)
2024-02-28 11:19:10.587430 | > call 19 (1.145s wait)
2024-02-28 11:19:11.902560 | > call 20 (1.260s wait)
2024-02-28 11:19:13.046511 | > call 21 (1.081s wait)
2024-02-28 11:19:14.435388 | > call 22 (1.334s wait)
2024-02-28 11:19:15.850611 | > call 23 (1.357s wait)
2024-02-28 11:19:17.017315 | > call 24 (1.113s wait)
2024-02-28 11:19:18.323851 | > call 25 (1.253s wait)
2024-02-28 11:19:19.583560 | > call 26 (1.205s wait)
2024-02-28 11:19:20.706553 | > call 27 (1.068s wait)
2024-02-28 11:19:21.940149 | > call 28 (1.180s wait)
2024-02-28 11:19:23.102578 | > call 29 (1.096s wait)
2024-02-28 11:19:24.137409 | > call 30 (0.973s wait)
2024-02-28 11:19:25.279191 | > call 31 (1.087s wait)
2024-02-28 11:19:26.504788 | > call 32 (1.154s wait)
2024-02-28 11:19:27.561824 | > call 33 (0.998s wait)
2024-02-28 11:19:28.790460 | > call 34 (1.177s wait)
2024-02-28 11:19:29.848943 | > call 35 (1.005s wait)
2024-02-28 11:19:31.210729 | > call 36 (1.310s wait)
2024-02-28 11:19:32.531360 | > call 37 (1.238s wait)
2024-02-28 11:19:33.794974 | > call 38 (1.184s wait)
2024-02-28 11:19:35.071380 | > call 39 (1.198s wait)
2024-02-28 11:19:36.333829 | > call 40 (1.179s wait)
2024-02-28 11:19:37.450668 | > call 41 (1.036s wait)
2024-02-28 11:19:38.790162 | > call 42 (1.258s wait)
2024-02-28 11:19:40.138323 | > call 43 (1.273s wait)
2024-02-28 11:19:41.349234 | > call 44 (1.139s wait)
2024-02-28 11:19:42.641420 | > call 45 (1.215s wait)
2024-02-28 11:19:44.007182 | > call 46 (1.296s wait)
2024-02-28 11:19:45.281044 | > call 47 (1.202s wait)
2024-02-28 11:19:46.361318 | > call 48 (1.009s wait)
2024-02-28 11:19:47.581719 | > call 49 (1.149s wait)
2024-02-28 11:19:48.776727 | > call 50 (1.122s wait)
2024-02-28 11:19:49.989049 | > call 51 (1.140s wait)
2024-02-28 11:19:51.177316 | > call 52 (1.117s wait)
2024-02-28 11:19:52.511419 | > call 53 (1.250s wait)
2024-02-28 11:19:53.687958 | > call 54 (1.103s wait)
2024-02-28 11:19:54.896726 | > call 55 (1.138s wait)
2024-02-28 11:19:56.068373 | > call 56 (1.095s wait)
2024-02-28 11:19:57.435192 | > call 57 (1.288s wait)
2024-02-28 11:19:58.598888 | > call 58 (1.092s wait)
2024-02-28 11:19:59.689257 | > call 59 (1.015s wait)
2024-02-28 11:20:00.903082 | > call 60 (1.144s wait)
2024-02-28 11:20:02.031937 | > call 61 (1.047s wait)
2024-02-28 11:20:03.286934 | > call 62 (1.177s wait)
2024-02-28 11:20:04.537310 | > call 63 (1.177s wait)
2024-02-28 11:20:05.688844 | > call 64 (1.081s wait)
2024-02-28 11:20:06.936940 | > call 65 (1.177s wait)
2024-02-28 11:20:08.150068 | > call 66 (1.140s wait)
2024-02-28 11:20:09.298860 | > call 67 (1.076s wait)
2024-02-28 11:20:10.319669 | > call 68 (0.944s wait)
2024-02-28 11:20:11.212105 | > call 69 (0.810s wait)
2024-02-28 11:20:12.590441 | > call 70 (1.301s wait)
2024-02-28 11:20:13.788348 | > call 71 (1.122s wait)
2024-02-28 11:20:15.027193 | > call 72 (1.167s wait)
2024-02-28 11:20:16.163942 | > call 73 (1.063s wait)
2024-02-28 11:20:17.339573 | > call 74 (1.096s wait)
2024-02-28 11:20:18.489144 | > call 75 (1.075s wait)
2024-02-28 11:20:19.846870 | > call 76 (1.269s wait)
2024-02-28 11:20:21.034642 | > call 77 (1.116s wait)
2024-02-28 11:20:22.342389 | > call 78 (1.233s wait)
2024-02-28 11:20:23.528912 | > call 79 (1.103s wait)
2024-02-28 11:20:24.843139 | > call 80 (1.241s wait)
2024-02-28 11:20:26.071815 | > call 81 (1.155s wait)
2024-02-28 11:20:27.246235 | > call 82 (1.101s wait)
2024-02-28 11:20:28.673195 | > call 83 (1.344s wait)
2024-02-28 11:20:29.752799 | > call 84 (1.004s wait)
2024-02-28 11:20:30.792880 | > call 85 (0.956s wait)
2024-02-28 11:20:32.166926 | > call 86 (1.298s wait)
2024-02-28 11:20:33.371693 | > call 87 (1.116s wait)
2024-02-28 11:20:34.657674 | > call 88 (1.217s wait)
2024-02-28 11:20:35.899828 | > call 89 (1.169s wait)
2024-02-28 11:20:37.082782 | > call 90 (1.106s wait)
2024-02-28 11:20:38.275182 | > call 91 (1.099s wait)
2024-02-28 11:20:39.589598 | > call 92 (1.238s wait)
2024-02-28 11:20:40.814869 | > call 93 (1.145s wait)
2024-02-28 11:20:42.149465 | > call 94 (1.248s wait)
2024-02-28 11:20:43.348962 | > call 95 (1.108s wait)
2024-02-28 11:20:44.337445 | > call 96 (0.911s wait)
2024-02-28 11:20:45.569791 | > call 97 (1.150s wait)
2024-02-28 11:20:46.839022 | > call 98 (1.181s wait)
2024-02-28 11:20:48.111997 | > call 99 (1.192s wait)
2024-02-28 11:20:49.429755 | > call 100 (1.242s wait)
2024-02-28 11:20:50.535800 | > call 101 (1.022s wait)
2024-02-28 11:20:51.699035 | > call 102 (1.074s wait)
2024-02-28 11:20:52.879743 | > call 103 (1.092s wait)
2024-02-28 11:20:54.179925 | > call 104 (1.204s wait)
2024-02-28 11:20:55.246827 | > call 105 (0.968s wait)
2024-02-28 11:20:56.431924 | > call 106 (1.092s wait)
2024-02-28 11:20:57.652213 | > call 107 (1.132s wait)
2024-02-28 11:20:59.005437 | > call 108 (1.262s wait)
2024-02-28 11:21:00.260169 | > call 109 (1.168s wait)
2024-02-28 11:21:01.500858 | > call 110 (1.159s wait)
2024-02-28 11:21:02.882454 | > call 111 (1.301s wait)
2024-02-28 11:21:04.281014 | > call 112 (1.320s wait)
2024-02-28 11:21:05.523305 | > call 113 (1.158s wait)
2024-02-28 11:21:06.853095 | > call 114 (1.244s wait)
2024-02-28 11:21:08.171029 | > call 115 (1.242s wait)
2024-02-28 11:21:09.325593 | > call 116 (1.074s wait)
2024-02-28 11:21:10.601416 | > call 117 (1.196s wait)
2024-02-28 11:21:11.914691 | > call 118 (1.234s wait)
2024-02-28 11:21:13.204194 | > call 119 (1.209s wait)
2024-02-28 11:21:14.422060 | > call 120 (1.144s wait)
2024-02-28 11:21:15.389604 | > call 121 (0.893s wait)
2024-02-28 11:21:16.569937 | > call 122 (1.105s wait)
2024-02-28 11:21:17.766952 | > call 123 (1.125s wait)
2024-02-28 11:21:18.920980 | > call 124 (1.076s wait)
2024-02-28 11:21:20.114709 | > call 125 (1.110s wait)
2024-02-28 11:21:21.347690 | > call 126 (1.151s wait)
2024-02-28 11:21:22.641604 | > call 127 (1.209s wait)
2024-02-28 11:21:23.962547 | > call 128 (1.242s wait)
2024-02-28 11:21:25.287604 | > call 129 (1.241s wait)
2024-02-28 11:21:26.421928 | > call 130 (1.053s wait)
2024-02-28 11:21:27.623809 | > call 131 (1.125s wait)
2024-02-28 11:21:28.852489 | > call 132 (1.153s wait)
2024-02-28 11:21:30.174519 | > call 133 (1.242s wait)
2024-02-28 11:21:31.343958 | > call 134 (1.084s wait)
2024-02-28 11:21:32.535361 | > call 135 (1.117s wait)
2024-02-28 11:21:33.873734 | > call 136 (1.262s wait)
2024-02-28 11:21:35.116823 | > call 137 (1.165s wait)
2024-02-28 11:21:36.478593 | > call 138 (1.288s wait)
2024-02-28 11:21:37.667237 | > call 139 (1.114s wait)
2024-02-28 11:21:38.944442 | > call 140 (1.205s wait)
2024-02-28 11:21:40.333362 | > call 141 (1.317s wait)
2024-02-28 11:21:41.515402 | > call 142 (1.108s wait)
2024-02-28 11:21:42.626659 | > call 143 (1.039s wait)
2024-02-28 11:21:43.929619 | > call 144 (1.234s wait)
2024-02-28 11:21:45.057737 | > call 145 (1.049s wait)
2024-02-28 11:21:46.238166 | > call 146 (1.104s wait)
2024-02-28 11:21:47.431323 | > call 147 (1.099s wait)
2024-02-28 11:21:48.730292 | > call 148 (1.222s wait)
2024-02-28 11:21:49.779409 | > call 149 (0.976s wait)
2024-02-28 11:21:50.984588 | > call 150 (1.127s wait)
2024-02-28 11:21:52.249233 | > call 151 (1.196s wait)
2024-02-28 11:21:53.443778 | > call 152 (1.115s wait)
2024-02-28 11:21:54.722137 | > call 153 (1.209s wait)
2024-02-28 11:21:55.974897 | > call 154 (1.182s wait)
2024-02-28 11:21:57.334439 | > call 155 (1.288s wait)
2024-02-28 11:21:58.495627 | > call 156 (1.089s wait)
2024-02-28 11:21:59.726145 | > call 157 (1.160s wait)
2024-02-28 11:22:01.038016 | > call 158 (1.229s wait)
2024-02-28 11:22:02.456969 | > call 159 (1.345s wait)
2024-02-28 11:22:03.658656 | > call 160 (1.132s wait)
2024-02-28 11:22:04.933645 | > call 161 (1.203s wait)
2024-02-28 11:22:06.191533 | > call 162 (1.188s wait)
2024-02-28 11:22:07.245030 | > call 163 (0.975s wait)
2024-02-28 11:22:08.465680 | > call 164 (1.144s wait)
2024-02-28 11:22:09.696837 | > call 165 (1.164s wait)
2024-02-28 11:22:10.974215 | > call 166 (1.201s wait)
2024-02-28 11:22:12.244902 | > call 167 (1.202s wait)
2024-02-28 11:22:13.361255 | > call 168 (1.039s wait)
2024-02-28 11:22:14.683114 | > call 169 (1.253s wait)
2024-02-28 11:22:15.746592 | > call 170 (0.994s wait)
2024-02-28 11:22:17.013813 | > call 171 (1.200s wait)
2024-02-28 11:22:18.341120 | > call 172 (1.248s wait)
2024-02-28 11:22:19.449316 | > call 173 (1.031s wait)
2024-02-28 11:22:20.586844 | > call 174 (1.052s wait)
2024-02-28 11:22:21.803587 | > call 175 (1.128s wait)
2024-02-28 11:22:22.993210 | > call 176 (1.102s wait)
2024-02-28 11:22:24.387148 | > call 177 (1.304s wait)
2024-02-28 11:22:25.671679 | > call 178 (1.199s wait)
2024-02-28 11:22:26.910398 | > call 179 (1.153s wait)
2024-02-28 11:22:28.092223 | > call 180 (1.097s wait)
2024-02-28 11:22:29.308485 | > call 181 (1.131s wait)
2024-02-28 11:22:30.541229 | > call 182 (1.152s wait)
2024-02-28 11:22:31.800694 | > call 183 (1.177s wait)
2024-02-28 11:22:33.010787 | > call 184 (1.121s wait)
2024-02-28 11:22:34.178905 | > call 185 (1.087s wait)
2024-02-28 11:22:35.638181 | > call 186 (1.373s wait)
2024-02-28 11:22:36.880962 | > call 187 (1.162s wait)
2024-02-28 11:22:38.249103 | > call 188 (1.284s wait)
2024-02-28 11:22:39.501974 | > call 189 (1.155s wait)
2024-02-28 11:22:40.652620 | > call 190 (1.064s wait)
2024-02-28 11:22:42.036301 | > call 191 (1.302s wait)
2024-02-28 11:22:43.228546 | > call 192 (1.117s wait)
2024-02-28 11:22:44.488783 | > call 193 (1.187s wait)
2024-02-28 11:22:45.751961 | > call 194 (1.198s wait)
2024-02-28 11:22:46.846752 | > call 195 (1.029s wait)
2024-02-28 11:22:48.034548 | > call 196 (1.118s wait)
2024-02-28 11:22:49.100106 | > call 197 (0.990s wait)
2024-02-28 11:22:50.247511 | > call 198 (1.074s wait)
2024-02-28 11:22:51.434620 | > call 199 (1.121s wait)
2024-02-28 11:22:52.633242 | > call 200 (1.133s wait)
2024-02-28 11:22:53.994771 | > call 201 (1.296s wait)
2024-02-28 11:22:55.140712 | > call 202 (1.074s wait)
2024-02-28 11:22:56.235151 | > call 203 (1.023s wait)
2024-02-28 11:22:57.364451 | > call 204 (1.048s wait)
2024-02-28 11:22:58.532999 | > call 205 (1.098s wait)
2024-02-28 11:22:59.777519 | > call 206 (1.175s wait)
2024-02-28 11:23:00.916656 | > call 207 (1.067s wait)
2024-02-28 11:23:02.008679 | > call 208 (1.019s wait)
2024-02-28 11:23:03.022120 | > call 209 (0.938s wait)
2024-02-28 11:23:04.356092 | > call 210 (1.260s wait)
2024-02-28 11:23:05.618940 | > call 211 (1.192s wait)
2024-02-28 11:23:06.858483 | > call 212 (1.173s wait)
2024-02-28 11:23:08.174915 | > call 213 (1.245s wait)
2024-02-28 11:23:09.424334 | > call 214 (1.176s wait)
2024-02-28 11:23:10.564291 | > call 215 (1.072s wait)
2024-02-28 11:23:11.859694 | > call 216 (1.223s wait)
2024-02-28 11:23:13.156795 | > call 217 (1.231s wait)
2024-02-28 11:23:14.541109 | > call 218 (1.314s wait)
2024-02-28 11:23:15.730990 | > call 219 (1.123s wait)
2024-02-28 11:23:16.861351 | > call 220 (1.056s wait)
2024-02-28 11:23:17.979755 | > call 221 (1.049s wait)
2024-02-28 11:23:19.177104 | > call 222 (1.131s wait)
2024-02-28 11:23:20.592811 | > call 223 (1.347s wait)
2024-02-28 11:23:21.986327 | > call 224 (1.321s wait)
2024-02-28 11:23:23.131188 | > call 225 (1.075s wait)
2024-02-28 11:23:24.274755 | > call 226 (1.077s wait)
2024-02-28 11:23:25.454390 | > call 227 (1.112s wait)
2024-02-28 11:23:26.747708 | > call 228 (1.223s wait)
2024-02-28 11:23:27.980499 | > call 229 (1.165s wait)
2024-02-28 11:23:29.144685 | > call 230 (1.097s wait)
2024-02-28 11:23:30.374989 | > call 231 (1.164s wait)
2024-02-28 11:23:31.727900 | > call 232 (1.273s wait)
2024-02-28 11:23:32.880195 | > call 233 (1.079s wait)
2024-02-28 11:23:34.254871 | > call 234 (1.306s wait)
2024-02-28 11:23:35.538908 | > call 235 (1.214s wait)
2024-02-28 11:23:36.826167 | > call 236 (1.218s wait)
2024-02-28 11:23:37.946981 | > call 237 (1.052s wait)
2024-02-28 11:23:39.094445 | > call 238 (1.078s wait)
2024-02-28 11:23:40.244354 | > call 239 (1.079s wait)
2024-02-28 11:23:41.639396 | > call 240 (1.321s wait)
2024-02-28 11:23:42.927261 | > call 241 (1.221s wait)
2024-02-28 11:23:44.203947 | > call 242 (1.205s wait)
2024-02-28 11:23:45.242997 | > call 243 (0.971s wait)
2024-02-28 11:23:46.409068 | > call 244 (1.100s wait)
2024-02-28 11:23:47.590089 | > call 245 (1.102s wait)
2024-02-28 11:23:48.779687 | > call 246 (1.120s wait)
2024-02-28 11:23:49.850503 | > call 247 (1.001s wait)
2024-02-28 11:23:51.186848 | > call 248 (1.262s wait)
2024-02-28 11:23:52.372883 | > call 249 (1.110s wait)
2024-02-28 11:23:53.566002 | > call 250 (1.117s wait)
2024-02-28 11:23:54.770249 | > call 251 (1.132s wait)
2024-02-28 11:23:55.993972 | > call 252 (1.154s wait)
2024-02-28 11:23:57.285013 | > call 253 (1.218s wait)
2024-02-28 11:23:58.615531 | > call 254 (1.249s wait)
2024-02-28 11:23:59.908485 | > call 255 (1.202s wait)
2024-02-28 11:24:01.100559 | > call 256 (1.110s wait)
2024-02-28 11:24:02.407507 | > call 257 (1.223s wait)
2024-02-28 11:24:03.564812 | > call 258 (1.071s wait)
2024-02-28 11:24:04.891971 | > call 259 (1.250s wait)
2024-02-28 11:24:06.019844 | > call 260 (1.047s wait)
2024-02-28 11:24:07.244000 | > call 261 (1.146s wait)
2024-02-28 11:24:08.331940 | > call 262 (1.009s wait)
2024-02-28 11:24:09.731537 | > call 263 (1.320s wait)
2024-02-28 11:24:10.989285 | > call 264 (1.172s wait)
2024-02-28 11:24:12.364853 | > call 265 (1.298s wait)
2024-02-28 11:24:13.641414 | > call 266 (1.196s wait)
2024-02-28 11:24:14.849113 | > call 267 (1.121s wait)
2024-02-28 11:24:16.140885 | > call 268 (1.202s wait)
2024-02-28 11:24:17.222228 | > call 269 (0.996s wait)
2024-02-28 11:24:18.408835 | > call 270 (1.105s wait)
2024-02-28 11:24:19.518577 | > call 271 (1.024s wait)
2024-02-28 11:24:20.745750 | > call 272 (1.149s wait)
2024-02-28 11:24:21.997411 | > call 273 (1.179s wait)
2024-02-28 11:24:23.246334 | > call 274 (1.172s wait)
2024-02-28 11:24:24.572940 | > call 275 (1.248s wait)
2024-02-28 11:24:25.606924 | > call 276 (0.958s wait)
2024-02-28 11:24:26.875773 | > call 277 (1.195s wait)
2024-02-28 11:24:28.003934 | > call 278 (1.056s wait)
2024-02-28 11:24:29.083138 | > call 279 (1.007s wait)
2024-02-28 11:24:30.289858 | > call 280 (1.130s wait)
2024-02-28 11:24:31.513082 | > call 281 (1.151s wait)
2024-02-28 11:24:32.664436 | > call 282 (1.074s wait)
2024-02-28 11:24:33.940797 | > call 283 (1.200s wait)
2024-02-28 11:24:35.001627 | > call 284 (0.982s wait)
2024-02-28 11:24:36.153166 | > call 285 (1.071s wait)
2024-02-28 11:24:37.340602 | > call 286 (1.104s wait)
2024-02-28 11:24:38.650228 | > call 287 (1.236s wait)
2024-02-28 11:24:39.910060 | > call 288 (1.186s wait)
2024-02-28 11:24:41.094763 | > call 289 (1.108s wait)
2024-02-28 11:24:42.342186 | > call 290 (1.173s wait)
2024-02-28 11:24:43.580797 | > call 291 (1.163s wait)
2024-02-28 11:24:44.657517 | > call 292 (1.002s wait)
2024-02-28 11:24:45.808003 | > call 293 (1.070s wait)
2024-02-28 11:24:46.976470 | > call 294 (1.084s wait)
2024-02-28 11:24:48.304290 | > call 295 (1.257s wait)
2024-02-28 11:24:49.483257 | > call 296 (1.107s wait)
2024-02-28 11:24:50.615613 | > call 297 (1.051s wait)
2024-02-28 11:24:51.690979 | > call 298 (0.990s wait)
2024-02-28 11:24:52.971267 | > call 299 (1.198s wait)
2024-02-28 11:24:54.301578 | > call 300 (1.250s wait)
2024-02-28 11:24:55.566574 | > call 301 (1.191s wait)
2024-02-28 11:24:57.003146 | > call 302 (1.372s wait)
2024-02-28 11:24:58.275573 | > call 303 (1.204s wait)
2024-02-28 11:24:59.505725 | > call 304 (1.166s wait)
2024-02-28 11:25:00.622186 | > call 305 (1.047s wait)
2024-02-28 11:25:01.836418 | > call 306 (1.139s wait)
2024-02-28 11:25:03.069467 | > call 307 (1.158s wait)
2024-02-28 11:25:04.402402 | > call 308 (1.269s wait)
2024-02-28 11:25:05.406460 | > call 309 (0.938s wait)
2024-02-28 11:25:06.578151 | > call 310 (1.106s wait)
2024-02-28 11:25:07.765427 | > call 311 (1.118s wait)
2024-02-28 11:25:09.017137 | > call 312 (1.179s wait)
2024-02-28 11:25:10.151515 | > call 313 (1.061s wait)
2024-02-28 11:25:11.563597 | > call 314 (1.335s wait)
2024-02-28 11:25:12.639031 | > call 315 (1.008s wait)
2024-02-28 11:25:13.777902 | > call 316 (1.065s wait)
2024-02-28 11:25:14.911443 | > call 317 (1.065s wait)
2024-02-28 11:25:16.218559 | > call 318 (1.235s wait)
2024-02-28 11:25:17.440631 | > call 319 (1.150s wait)
2024-02-28 11:25:18.671569 | > call 320 (1.161s wait)
2024-02-28 11:25:20.117251 | > call 321 (1.376s wait)
2024-02-28 11:25:21.254518 | > call 322 (1.068s wait)
2024-02-28 11:25:22.614362 | > call 323 (1.287s wait)
2024-02-28 11:25:23.928484 | > call 324 (1.244s wait)
2024-02-28 11:25:25.174724 | > call 325 (1.182s wait)
2024-02-28 11:25:26.486013 | > call 326 (1.245s wait)
2024-02-28 11:25:27.624141 | > call 327 (1.072s wait)
2024-02-28 11:25:28.747682 | > call 328 (1.059s wait)
2024-02-28 11:25:30.087053 | > call 329 (1.273s wait)
2024-02-28 11:25:31.252142 | > call 330 (1.098s wait)
2024-02-28 11:25:32.463125 | > call 331 (1.144s wait)
2024-02-28 11:25:33.607472 | > call 332 (1.079s wait)
2024-02-28 11:25:34.867626 | > call 333 (1.190s wait)
2024-02-28 11:25:35.926162 | > call 334 (0.994s wait)
2024-02-28 11:25:37.142678 | > call 335 (1.153s wait)
2024-02-28 11:25:38.249276 | > call 336 (1.037s wait)
2024-02-28 11:25:39.547992 | > call 337 (1.229s wait)
2024-02-28 11:25:40.631592 | > call 338 (1.009s wait)
2024-02-28 11:25:41.900883 | > call 339 (1.206s wait)
2024-02-28 11:25:43.285866 | > call 340 (1.326s wait)
2024-02-28 11:25:44.560637 | > call 341 (1.211s wait)
2024-02-28 11:25:45.750060 | > call 342 (1.125s wait)
2024-02-28 11:25:46.984850 | > call 343 (1.176s wait)
2024-02-28 11:25:48.133941 | > call 344 (1.085s wait)
2024-02-28 11:25:49.426906 | > call 345 (1.222s wait)
2024-02-28 11:25:50.555306 | > call 346 (1.058s wait)
2024-02-28 11:25:51.706470 | > call 347 (1.075s wait)
2024-02-28 11:25:52.957366 | > call 348 (1.182s wait)
2024-02-28 11:25:54.242814 | > call 349 (1.218s wait)
2024-02-28 11:25:55.393971 | > call 350 (1.079s wait)
2024-02-28 11:25:56.692179 | > call 351 (1.229s wait)
2024-02-28 11:25:57.871082 | > call 352 (1.107s wait)
2024-02-28 11:25:59.051454 | > call 353 (1.112s wait)
2024-02-28 11:26:00.218749 | > call 354 (1.102s wait)
2024-02-28 11:26:01.576397 | > call 355 (1.284s wait)
2024-02-28 11:26:02.803631 | > call 356 (1.155s wait)
2024-02-28 11:26:04.204730 | > call 357 (1.320s wait)
2024-02-28 11:26:05.290176 | > call 358 (1.020s wait)
2024-02-28 11:26:06.452400 | > call 359 (1.096s wait)
2024-02-28 11:26:07.784347 | > call 360 (1.267s wait)
2024-02-28 11:26:08.927548 | > call 361 (1.071s wait)
2024-02-28 11:26:10.022155 | > call 362 (1.028s wait)
2024-02-28 11:26:11.146639 | > call 363 (1.058s wait)
2024-02-28 11:26:12.414052 | > call 364 (1.200s wait)
2024-02-28 11:26:13.609089 | > call 365 (1.130s wait)
2024-02-28 11:26:14.916891 | > call 366 (1.237s wait)
2024-02-28 11:26:16.170490 | > call 367 (1.188s wait)
2024-02-28 11:26:17.373377 | > call 368 (1.142s wait)
2024-02-28 11:26:18.553231 | > call 369 (1.116s wait)
2024-02-28 11:26:19.703254 | > call 370 (1.089s wait)
2024-02-28 11:26:20.782578 | > call 371 (1.019s wait)
2024-02-28 11:26:22.068275 | > call 372 (1.219s wait)
2024-02-28 11:26:23.254289 | > call 373 (1.113s wait)
2024-02-28 11:26:24.511244 | > call 374 (1.183s wait)
2024-02-28 11:26:25.671153 | > call 375 (1.103s wait)
2024-02-28 11:26:26.811536 | > call 376 (1.082s wait)
2024-02-28 11:26:27.801514 | > call 377 (0.931s wait)
2024-02-28 11:26:28.857761 | > call 378 (1.001s wait)
2024-02-28 11:26:30.222315 | > call 379 (1.302s wait)
2024-02-28 11:26:31.426639 | > call 380 (1.146s wait)
2024-02-28 11:26:32.502681 | > call 381 (1.003s wait)
2024-02-28 11:26:33.355888 | > call 382 (0.796s wait)
2024-02-28 11:26:34.743377 | > call 383 (1.329s wait)
2024-02-28 11:26:35.971159 | > call 384 (1.168s wait)
2024-02-28 11:26:37.265103 | > call 385 (1.235s wait)
2024-02-28 11:26:38.494962 | > call 386 (1.172s wait)
2024-02-28 11:26:39.685973 | > call 387 (1.134s wait)
2024-02-28 11:26:41.027411 | > call 388 (1.283s wait)
2024-02-28 11:26:42.425386 | > call 389 (1.339s wait)
2024-02-28 11:26:44.018890 | > call 390 (1.535s wait)
2024-02-28 11:26:45.337438 | > call 391 (1.260s wait)
2024-02-28 11:26:46.657133 | > call 392 (1.262s wait)
2024-02-28 11:26:48.022959 | > call 393 (1.305s wait)
2024-02-28 11:26:49.162708 | > call 394 (1.083s wait)
2024-02-28 11:26:50.646504 | > call 395 (1.423s wait)
2024-02-28 11:26:52.019970 | > call 396 (1.317s wait)
2024-02-28 11:26:53.306386 | > call 397 (1.228s wait)
2024-02-28 11:26:54.570104 | > call 398 (1.208s wait)
2024-02-28 11:26:55.823471 | > call 399 (1.194s wait)
2024-02-28 11:26:57.299703 | > call 400 (1.419s wait)
2024-02-28 11:26:58.539064 | > call 401 (1.183s wait)
2024-02-28 11:26:59.666387 | > call 402 (1.070s wait)
2024-02-28 11:27:00.913947 | > call 403 (1.190s wait)
2024-02-28 11:27:02.266903 | > call 404 (1.293s wait)
2024-02-28 11:27:03.684873 | > call 405 (1.360s wait)
2024-02-28 11:27:04.915275 | > call 406 (1.173s wait)
2024-02-28 11:27:06.215140 | > call 407 (1.240s wait)
2024-02-28 11:27:07.393886 | > call 408 (1.114s wait)
2024-02-28 11:27:08.692640 | > call 409 (1.241s wait)
2024-02-28 11:27:10.146985 | > call 410 (1.392s wait)
2024-02-28 11:27:11.334658 | > call 411 (1.129s wait)
2024-02-28 11:27:12.726263 | > call 412 (1.326s wait)
2024-02-28 11:27:13.883328 | > call 413 (1.095s wait)
2024-02-28 11:27:15.220962 | > call 414 (1.275s wait)
2024-02-28 11:27:16.512909 | > call 415 (1.236s wait)
2024-02-28 11:27:17.843616 | > call 416 (1.275s wait)
2024-02-28 11:27:19.272290 | > call 417 (1.374s wait)
2024-02-28 11:27:20.614428 | > call 418 (1.287s wait)
2024-02-28 11:27:22.137463 | > call 419 (1.467s wait)
2024-02-28 11:27:23.409374 | > call 420 (1.214s wait)
2024-02-28 11:27:24.755034 | > call 421 (1.285s wait)
2024-02-28 11:27:25.955763 | > call 422 (1.138s wait)
2024-02-28 11:27:27.160518 | > call 423 (1.140s wait)
2024-02-28 11:27:28.404599 | > call 424 (1.182s wait)
2024-02-28 11:27:29.781779 | > call 425 (1.323s wait)
2024-02-28 11:27:31.225389 | > call 426 (1.386s wait)
2024-02-28 11:27:32.402993 | > call 427 (1.117s wait)
2024-02-28 11:27:33.805857 | > call 428 (1.342s wait)
2024-02-28 11:27:35.141232 | > call 429 (1.280s wait)
2024-02-28 11:27:36.494368 | > call 430 (1.297s wait)
2024-02-28 11:27:37.891721 | > call 431 (1.343s wait)
2024-02-28 11:27:39.098053 | > call 432 (1.149s wait)
2024-02-28 11:27:40.520273 | > call 433 (1.361s wait)
2024-02-28 11:27:41.482281 | > call 434 (0.905s wait)
2024-02-28 11:27:42.784527 | > call 435 (1.243s wait)
2024-02-28 11:27:44.158520 | > call 436 (1.314s wait)
2024-02-28 11:27:45.686132 | > call 437 (1.471s wait)
2024-02-28 11:27:47.257655 | > call 438 (1.513s wait)
2024-02-28 11:27:48.618869 | > call 439 (1.305s wait)
2024-02-28 11:27:49.886496 | > call 440 (1.206s wait)
2024-02-28 11:27:51.392460 | > call 441 (1.450s wait)
2024-02-28 11:27:52.878355 | > call 442 (1.429s wait)
2024-02-28 11:27:54.241162 | > call 443 (1.307s wait)
2024-02-28 11:27:55.644330 | > call 444 (1.347s wait)
2024-02-28 11:27:57.279494 | > call 445 (1.578s wait)
2024-02-28 11:27:58.810379 | > call 446 (1.474s wait)
2024-02-28 11:28:00.268030 | > call 447 (1.401s wait)
2024-02-28 11:28:01.775820 | > call 448 (1.452s wait)
2024-02-28 11:28:03.320694 | > call 449 (1.489s wait)
2024-02-28 11:28:04.884530 | > call 450 (1.507s wait)
2024-02-28 11:28:06.283329 | > call 451 (1.342s wait)
2024-02-28 11:28:07.704771 | > call 452 (1.364s wait)
2024-02-28 11:28:09.100535 | > call 453 (1.339s wait)
2024-02-28 11:28:10.648448 | > call 454 (1.492s wait)
2024-02-28 11:28:12.129130 | > call 455 (1.424s wait)
2024-02-28 11:28:13.410537 | > call 456 (1.223s wait)
2024-02-28 11:28:14.674584 | > call 457 (1.205s wait)
2024-02-28 11:28:16.051089 | > call 458 (1.319s wait)
2024-02-28 11:28:17.536771 | > call 459 (1.428s wait)
2024-02-28 11:28:18.825406 | > call 460 (1.231s wait)
2024-02-28 11:28:20.275119 | > call 461 (1.391s wait)
2024-02-28 11:28:21.607939 | > call 462 (1.274s wait)
2024-02-28 11:28:23.117534 | > call 463 (1.448s wait)
2024-02-28 11:28:24.601498 | > call 464 (1.422s wait)
2024-02-28 11:28:26.021197 | > call 465 (1.359s wait)
2024-02-28 11:28:27.401375 | > call 466 (1.320s wait)
2024-02-28 11:28:28.764703 | > call 467 (1.305s wait)
2024-02-28 11:28:30.348694 | > call 468 (1.526s wait)
2024-02-28 11:28:31.743530 | > call 469 (1.323s wait)
2024-02-28 11:28:33.225313 | > call 470 (1.415s wait)
2024-02-28 11:28:34.680291 | > call 471 (1.397s wait)
2024-02-28 11:28:36.133273 | > call 472 (1.396s wait)
2024-02-28 11:28:37.528230 | > call 473 (1.336s wait)
2024-02-28 11:28:38.759847 | > call 474 (1.178s wait)
2024-02-28 11:28:40.165412 | > call 475 (1.352s wait)
2024-02-28 11:28:41.616256 | > call 476 (1.398s wait)
2024-02-28 11:28:43.097984 | > call 477 (1.427s wait)
2024-02-28 11:28:44.261434 | > call 478 (1.110s wait)
2024-02-28 11:28:45.591408 | > call 479 (1.276s wait)
2024-02-28 11:28:47.036686 | > call 480 (1.391s wait)
2024-02-28 11:28:48.401634 | > call 481 (1.310s wait)
2024-02-28 11:28:49.638101 | > call 482 (1.182s wait)
2024-02-28 11:28:51.157725 | > call 483 (1.468s wait)
2024-02-28 11:28:52.523729 | > call 484 (1.313s wait)
2024-02-28 11:28:53.928420 | > call 485 (1.350s wait)
2024-02-28 11:28:55.440318 | > call 486 (1.451s wait)
2024-02-28 11:28:56.900568 | > call 487 (1.406s wait)
2024-02-28 11:28:58.179099 | > call 488 (1.224s wait)
2024-02-28 11:28:59.625896 | > call 489 (1.394s wait)
2024-02-28 11:29:01.151399 | > call 490 (1.471s wait)
2024-02-28 11:29:02.365778 | > call 491 (1.162s wait)
2024-02-28 11:29:03.439260 | > call 492 (1.014s wait)
2024-02-28 11:29:04.869834 | > call 493 (1.375s wait)
2024-02-28 11:29:06.406911 | > call 494 (1.484s wait)
2024-02-28 11:29:07.806115 | > call 495 (1.346s wait)
2024-02-28 11:29:09.422133 | > call 496 (1.563s wait)
2024-02-28 11:29:10.851757 | > call 497 (1.378s wait)
2024-02-28 11:29:12.203673 | > call 498 (1.300s wait)
2024-02-28 11:29:13.693643 | > call 499 (1.434s wait)
2024-02-28 11:29:15.109426 | > call 500 (1.359s wait)
2024-02-28 11:29:16.740589 | > call 501 (1.578s wait)
2024-02-28 11:29:18.242975 | > call 502 (1.450s wait)
2024-02-28 11:29:19.904581 | > call 503 (1.608s wait)
2024-02-28 11:29:21.622640 | > call 504 (1.664s wait)
2024-02-28 11:29:22.832992 | > call 505 (1.158s wait)
2024-02-28 11:29:24.550877 | > call 506 (1.665s wait)
2024-02-28 11:29:26.065343 | > call 507 (1.462s wait)
2024-02-28 11:29:27.745880 | > call 508 (1.613s wait)
2024-02-28 11:29:29.286534 | > call 509 (1.482s wait)
2024-02-28 11:29:30.751922 | > call 510 (1.400s wait)
2024-02-28 11:29:32.387870 | > call 511 (1.580s wait)
2024-02-28 11:29:33.938724 | > call 512 (1.495s wait)
2024-02-28 11:29:35.370944 | > call 513 (1.377s wait)
2024-02-28 11:29:36.829096 | > call 514 (1.403s wait)
2024-02-28 11:29:38.291272 | > call 515 (1.407s wait)
2024-02-28 11:29:39.938668 | > call 516 (1.590s wait)
2024-02-28 11:29:41.550535 | > call 517 (1.555s wait)
2024-02-28 11:29:43.188461 | > call 518 (1.582s wait)
2024-02-28 11:29:44.767439 | > call 519 (1.519s wait)
2024-02-28 11:29:46.265958 | > call 520 (1.440s wait)
2024-02-28 11:29:47.667066 | > call 521 (1.344s wait)
2024-02-28 11:29:49.332324 | > call 522 (1.609s wait)
2024-02-28 11:29:50.766317 | > call 523 (1.378s wait)
2024-02-28 11:29:52.457442 | > call 524 (1.634s wait)
2024-02-28 11:29:53.886864 | > call 525 (1.372s wait)
2024-02-28 11:29:55.494200 | > call 526 (1.551s wait)
2024-02-28 11:29:57.083528 | > call 527 (1.533s wait)
2024-02-28 11:29:58.404012 | > call 528 (1.263s wait)
2024-02-28 11:29:59.933526 | > call 529 (1.472s wait)
2024-02-28 11:30:01.385263 | > call 530 (1.395s wait)
2024-02-28 11:30:02.833718 | > call 531 (1.394s wait)
2024-02-28 11:30:04.449774 | > call 532 (1.559s wait)
2024-02-28 11:30:05.883219 | > call 533 (1.378s wait)
2024-02-28 11:30:07.290202 | > call 534 (1.351s wait)
2024-02-28 11:30:08.923994 | > call 535 (1.576s wait)
2024-02-28 11:30:10.449763 | > call 536 (1.465s wait)
2024-02-28 11:30:11.920733 | > call 537 (1.416s wait)
2024-02-28 11:30:13.277930 | > call 538 (1.300s wait)
2024-02-28 11:30:14.814789 | > call 539 (1.480s wait)
2024-02-28 11:30:16.514989 | > call 540 (1.643s wait)
2024-02-28 11:30:17.939946 | > call 541 (1.370s wait)
2024-02-28 11:30:19.529889 | > call 542 (1.534s wait)
2024-02-28 11:30:21.114700 | > call 543 (1.529s wait)
2024-02-28 11:30:22.498873 | > call 544 (1.328s wait)
2024-02-28 11:30:24.254949 | > call 545 (1.701s wait)
2024-02-28 11:30:25.743081 | > call 546 (1.432s wait)
2024-02-28 11:30:27.327708 | > call 547 (1.529s wait)
2024-02-28 11:30:28.883123 | > call 548 (1.499s wait)
2024-02-28 11:30:30.387787 | > call 549 (1.449s wait)
2024-02-28 11:30:31.996966 | > call 550 (1.554s wait)
2024-02-28 11:30:33.547535 | > call 551 (1.495s wait)
2024-02-28 11:30:35.098243 | > call 552 (1.495s wait)
2024-02-28 11:30:36.511143 | > call 553 (1.357s wait)
2024-02-28 11:30:38.055308 | > call 554 (1.487s wait)
2024-02-28 11:30:39.480110 | > call 555 (1.369s wait)
2024-02-28 11:30:41.076856 | > call 556 (1.541s wait)
2024-02-28 11:30:42.563162 | > call 557 (1.430s wait)
2024-02-28 11:30:44.164915 | > call 558 (1.546s wait)
2024-02-28 11:30:45.696609 | > call 559 (1.475s wait)
2024-02-28 11:30:47.032306 | > call 560 (1.280s wait)
2024-02-28 11:30:48.609743 | > call 561 (1.522s wait)
2024-02-28 11:30:49.936704 | > call 562 (1.270s wait)
2024-02-28 11:30:51.530962 | > call 563 (1.533s wait)
2024-02-28 11:30:52.949130 | > call 564 (1.349s wait)
2024-02-28 11:30:54.285507 | > call 565 (1.282s wait)
2024-02-28 11:30:55.703959 | > call 566 (1.364s wait)
2024-02-28 11:30:57.021116 | > call 567 (1.262s wait)
2024-02-28 11:30:58.576575 | > call 568 (1.496s wait)
2024-02-28 11:30:59.960381 | > call 569 (1.327s wait)
2024-02-28 11:31:01.396034 | > call 570 (1.381s wait)
2024-02-28 11:31:02.860700 | > call 571 (1.408s wait)
2024-02-28 11:31:04.294211 | > call 572 (1.379s wait)
2024-02-28 11:31:05.952870 | > call 573 (1.600s wait)
2024-02-28 11:31:07.425724 | > call 574 (1.418s wait)
2024-02-28 11:31:09.147524 | > call 575 (1.661s wait)
2024-02-28 11:31:10.423057 | > call 576 (1.218s wait)
2024-02-28 11:31:11.939402 | > call 577 (1.460s wait)
2024-02-28 11:31:13.351977 | > call 578 (1.358s wait)
2024-02-28 11:31:14.787236 | > call 579 (1.379s wait)
2024-02-28 11:31:16.533495 | > call 580 (1.681s wait)
2024-02-28 11:31:17.948080 | > call 581 (1.356s wait)
2024-02-28 11:31:19.634994 | > call 582 (1.633s wait)
2024-02-28 11:31:21.238044 | > call 583 (1.550s wait)
2024-02-28 11:31:22.657115 | > call 584 (1.365s wait)
2024-02-28 11:31:24.364485 | > call 585 (1.650s wait)
2024-02-28 11:31:25.828249 | > call 586 (1.402s wait)
2024-02-28 11:31:27.449247 | > call 587 (1.567s wait)
2024-02-28 11:31:28.775460 | > call 588 (1.273s wait)
2024-02-28 11:31:30.261747 | > call 589 (1.433s wait)
2024-02-28 11:31:31.796492 | > call 590 (1.482s wait)
2024-02-28 11:31:33.154665 | > call 591 (1.303s wait)
2024-02-28 11:31:34.679156 | > call 592 (1.467s wait)
2024-02-28 11:31:35.824084 | > call 593 (1.092s wait)
2024-02-28 11:31:37.332069 | > call 594 (1.455s wait)
2024-02-28 11:31:38.832921 | > call 595 (1.446s wait)
2024-02-28 11:31:40.438286 | > call 596 (1.549s wait)
2024-02-28 11:31:41.739073 | > call 597 (1.243s wait)
2024-02-28 11:31:43.242547 | > call 598 (1.444s wait)
2024-02-28 11:31:44.771887 | > call 599 (1.472s wait)
2024-02-28 11:31:46.086228 | > call 600 (1.256s wait)
2024-02-28 11:31:47.649513 | > call 601 (1.503s wait)
2024-02-28 11:31:49.299155 | > call 602 (1.588s wait)
2024-02-28 11:31:50.650614 | > call 603 (1.295s wait)
2024-02-28 11:31:52.255348 | > call 604 (1.549s wait)
2024-02-28 11:31:53.827252 | > call 605 (1.513s wait)
2024-02-28 11:31:55.241203 | > call 606 (1.357s wait)
2024-02-28 11:31:56.814166 | > call 607 (1.519s wait)
2024-02-28 11:31:58.368070 | > call 608 (1.499s wait)
2024-02-28 11:31:59.762407 | > call 609 (1.341s wait)
2024-02-28 11:32:01.365153 | > call 610 (1.548s wait)
2024-02-28 11:32:03.037658 | > call 611 (1.606s wait)
2024-02-28 11:32:04.102041 | > call 612 (1.010s wait)
2024-02-28 11:32:04.671972 | > call 613 (0.508s wait)
2024-02-28 11:32:05.989542 | > call 614 (1.237s wait)
2024-02-28 11:32:07.254398 | > call 615 (1.195s wait)
2024-02-28 11:32:08.669353 | > call 616 (1.348s wait)
2024-02-28 11:32:10.075498 | > call 617 (1.328s wait)
2024-02-28 11:32:11.442502 | > call 618 (1.276s wait)
2024-02-28 11:32:12.423319 | > call 619 (0.902s wait)
2024-02-28 11:32:13.602522 | > call 620 (1.099s wait)
2024-02-28 11:32:15.018979 | > call 621 (1.340s wait)
2024-02-28 11:32:16.367632 | > call 622 (1.252s wait)
2024-02-28 11:32:17.736345 | > call 623 (1.276s wait)
2024-02-28 11:32:19.066364 | > call 624 (1.248s wait)
2024-02-28 11:32:20.454993 | > call 625 (1.288s wait)
2024-02-28 11:32:21.702327 | > call 626 (1.172s wait)
2024-02-28 11:32:23.069378 | > call 627 (1.295s wait)
2024-02-28 11:32:24.309597 | > call 628 (1.153s wait)
2024-02-28 11:32:25.711056 | > call 629 (1.328s wait)
2024-02-28 11:32:27.113585 | > call 630 (1.303s wait)
2024-02-28 11:32:28.513744 | > call 631 (1.317s wait)
2024-02-28 11:32:29.582691 | > call 632 (0.974s wait)
2024-02-28 11:32:30.864471 | > call 633 (1.192s wait)
2024-02-28 11:32:32.252882 | > call 634 (1.297s wait)
2024-02-28 11:32:33.730631 | > call 635 (1.397s wait)
2024-02-28 11:32:35.126488 | > call 636 (1.298s wait)
2024-02-28 11:32:36.473151 | > call 637 (1.233s wait)
2024-02-28 11:32:37.540352 | > call 638 (0.981s wait)
2024-02-28 11:32:39.123677 | > call 639 (1.490s wait)
2024-02-28 11:32:40.561611 | > call 640 (1.355s wait)
2024-02-28 11:32:42.293534 | > call 641 (1.646s wait)
2024-02-28 11:32:43.607710 | > call 642 (1.229s wait)
2024-02-28 11:32:45.175610 | > call 643 (1.480s wait)
2024-02-28 11:32:46.408252 | > call 644 (1.175s wait)
2024-02-28 11:32:48.017775 | > call 645 (1.515s wait)
2024-02-28 11:32:49.468573 | > call 646 (1.380s wait)
2024-02-28 11:32:50.966361 | > call 647 (1.412s wait)
2024-02-28 11:32:52.399018 | > call 648 (1.362s wait)
2024-02-28 11:32:53.988854 | > call 649 (1.496s wait)
2024-02-28 11:32:55.358910 | > call 650 (1.294s wait)
2024-02-28 11:32:56.963206 | > call 651 (1.523s wait)
2024-02-28 11:32:58.017060 | > call 652 (0.969s wait)
2024-02-28 11:32:59.242154 | > call 653 (1.154s wait)
2024-02-28 11:32:59.242570 | shutting down worker
2024-02-28 11:32:59.242729 | 
Total: 653 in 45.22s [user], 0.14s [system], 851.94s [elapsed]
