2024-02-28 11:18:47.596623 | Master: tcp://nd85ed30123f4:9234
2024-02-28 11:18:47.599693 | connecting to: tcp://nd85ed30123f4:9234
2024-02-28 11:18:47.739544 | > call 1 (0.087s wait)
2024-02-28 11:18:48.558808 | > call 2 (0.372s wait)
2024-02-28 11:18:49.837593 | > call 3 (1.203s wait)
2024-02-28 11:18:51.082121 | > call 4 (1.188s wait)
2024-02-28 11:18:52.448046 | > call 5 (1.304s wait)
2024-02-28 11:18:53.670249 | > call 6 (1.154s wait)
2024-02-28 11:18:54.891785 | > call 7 (1.144s wait)
2024-02-28 11:18:56.003334 | > call 8 (1.050s wait)
2024-02-28 11:18:57.139129 | > call 9 (1.078s wait)
2024-02-28 11:18:58.452155 | > call 10 (1.260s wait)
2024-02-28 11:18:59.691493 | > call 11 (1.174s wait)
2024-02-28 11:19:00.851508 | > call 12 (1.106s wait)
2024-02-28 11:19:02.251980 | > call 13 (1.338s wait)
2024-02-28 11:19:03.445128 | > call 14 (1.140s wait)
2024-02-28 11:19:04.706894 | > call 15 (1.202s wait)
2024-02-28 11:19:05.844769 | > call 16 (1.080s wait)
2024-02-28 11:19:07.086597 | > call 17 (1.182s wait)
2024-02-28 11:19:08.243618 | > call 18 (1.098s wait)
2024-02-28 11:19:09.624991 | > call 19 (1.323s wait)
2024-02-28 11:19:10.954287 | > call 20 (1.271s wait)
2024-02-28 11:19:12.255960 | > call 21 (1.244s wait)
2024-02-28 11:19:13.425050 | > call 22 (1.111s wait)
2024-02-28 11:19:14.785001 | > call 23 (1.300s wait)
2024-02-28 11:19:16.124714 | > call 24 (1.284s wait)
2024-02-28 11:19:17.395129 | > call 25 (1.213s wait)
2024-02-28 11:19:18.683535 | > call 26 (1.232s wait)
2024-02-28 11:19:19.848757 | > call 27 (1.105s wait)
2024-02-28 11:19:20.971424 | > call 28 (1.069s wait)
2024-02-28 11:19:22.238876 | > call 29 (1.212s wait)
2024-02-28 11:19:23.391010 | > call 30 (1.089s wait)
2024-02-28 11:19:24.408930 | > call 31 (0.964s wait)
2024-02-28 11:19:25.633925 | > call 32 (1.170s wait)
2024-02-28 11:19:26.673598 | > call 33 (0.975s wait)
2024-02-28 11:19:27.947432 | > call 34 (1.206s wait)
2024-02-28 11:19:29.039162 | > call 35 (1.031s wait)
2024-02-28 11:19:30.219220 | > call 36 (1.124s wait)
2024-02-28 11:19:31.591130 | > call 37 (1.318s wait)
2024-02-28 11:19:32.873619 | > call 38 (1.210s wait)
2024-02-28 11:19:34.051141 | > call 39 (1.105s wait)
2024-02-28 11:19:35.443258 | > call 40 (1.319s wait)
2024-02-28 11:19:36.593519 | > call 41 (1.070s wait)
2024-02-28 11:19:37.780432 | > call 42 (1.112s wait)
2024-02-28 11:19:39.171869 | > call 43 (1.318s wait)
2024-02-28 11:19:40.412891 | > call 44 (1.167s wait)
2024-02-28 11:19:41.719904 | > call 45 (1.234s wait)
2024-02-28 11:19:42.940841 | > call 46 (1.153s wait)
2024-02-28 11:19:44.302391 | > call 47 (1.288s wait)
2024-02-28 11:19:45.565878 | > call 48 (1.191s wait)
2024-02-28 11:19:46.667441 | > call 49 (1.034s wait)
2024-02-28 11:19:47.993673 | > call 50 (1.258s wait)
2024-02-28 11:19:49.073933 | > call 51 (1.011s wait)
2024-02-28 11:19:50.303239 | > call 52 (1.162s wait)
2024-02-28 11:19:51.484973 | > call 53 (1.108s wait)
2024-02-28 11:19:52.789100 | > call 54 (1.237s wait)
2024-02-28 11:19:53.954282 | > call 55 (1.095s wait)
2024-02-28 11:19:55.138793 | > call 56 (1.113s wait)
2024-02-28 11:19:56.437281 | > call 57 (1.221s wait)
2024-02-28 11:19:57.738022 | > call 58 (1.230s wait)
2024-02-28 11:19:58.835509 | > call 59 (1.028s wait)
2024-02-28 11:19:59.980968 | > call 60 (1.072s wait)
2024-02-28 11:20:01.109088 | > call 61 (1.052s wait)
2024-02-28 11:20:02.350980 | > call 62 (1.168s wait)
2024-02-28 11:20:03.620936 | > call 63 (1.201s wait)
2024-02-28 11:20:04.904583 | > call 64 (1.213s wait)
2024-02-28 11:20:05.971951 | > call 65 (0.997s wait)
2024-02-28 11:20:07.292240 | > call 66 (1.246s wait)
2024-02-28 11:20:08.385707 | > call 67 (1.021s wait)
2024-02-28 11:20:09.543569 | > call 68 (1.086s wait)
2024-02-28 11:20:10.628261 | > call 69 (1.007s wait)
2024-02-28 11:20:11.602751 | > call 70 (0.901s wait)
2024-02-28 11:20:12.874924 | > call 71 (1.202s wait)
2024-02-28 11:20:14.127811 | > call 72 (1.177s wait)
2024-02-28 11:20:15.281726 | > call 73 (1.081s wait)
2024-02-28 11:20:16.463229 | > call 74 (1.108s wait)
2024-02-28 11:20:17.635083 | > call 75 (1.102s wait)
2024-02-28 11:20:18.867493 | > call 76 (1.163s wait)
2024-02-28 11:20:20.167782 | > call 77 (1.214s wait)
2024-02-28 11:20:21.325753 | > call 78 (1.075s wait)
2024-02-28 11:20:22.637869 | > call 79 (1.239s wait)
2024-02-28 11:20:23.890855 | > call 80 (1.180s wait)
2024-02-28 11:20:25.123988 | > call 81 (1.158s wait)
2024-02-28 11:20:26.375875 | > call 82 (1.180s wait)
2024-02-28 11:20:27.599253 | > call 83 (1.149s wait)
2024-02-28 11:20:28.991858 | > call 84 (1.322s wait)
2024-02-28 11:20:29.978240 | > call 85 (0.909s wait)
2024-02-28 11:20:31.186754 | > call 86 (1.138s wait)
2024-02-28 11:20:32.523795 | > call 87 (1.261s wait)
2024-02-28 11:20:33.633936 | > call 88 (1.036s wait)
2024-02-28 11:20:34.957713 | > call 89 (1.251s wait)
2024-02-28 11:20:36.195799 | > call 90 (1.166s wait)
2024-02-28 11:20:37.325186 | > call 91 (1.045s wait)
2024-02-28 11:20:38.553195 | > call 92 (1.125s wait)
2024-02-28 11:20:39.900686 | > call 93 (1.263s wait)
2024-02-28 11:20:41.141580 | > call 94 (1.162s wait)
2024-02-28 11:20:42.481131 | > call 95 (1.258s wait)
2024-02-28 11:20:43.547072 | > call 96 (0.979s wait)
2024-02-28 11:20:44.661300 | > call 97 (1.023s wait)
2024-02-28 11:20:45.875166 | > call 98 (1.133s wait)
2024-02-28 11:20:47.126285 | > call 99 (1.170s wait)
2024-02-28 11:20:48.327659 | > call 100 (1.132s wait)
2024-02-28 11:20:49.725622 | > call 101 (1.317s wait)
2024-02-28 11:20:50.860123 | > call 102 (1.056s wait)
2024-02-28 11:20:52.023098 | > call 103 (1.082s wait)
2024-02-28 11:20:53.218291 | > call 104 (1.117s wait)
2024-02-28 11:20:54.386753 | > call 105 (1.070s wait)
2024-02-28 11:20:55.584209 | > call 106 (1.089s wait)
2024-02-28 11:20:56.701852 | > call 107 (1.022s wait)
2024-02-28 11:20:57.998736 | > call 108 (1.211s wait)
2024-02-28 11:20:59.358103 | > call 109 (1.278s wait)
2024-02-28 11:21:00.684184 | > call 110 (1.244s wait)
2024-02-28 11:21:01.853355 | > call 111 (1.088s wait)
2024-02-28 11:21:03.213718 | > call 112 (1.276s wait)
2024-02-28 11:21:04.601925 | > call 113 (1.305s wait)
2024-02-28 11:21:05.851725 | > call 114 (1.169s wait)
2024-02-28 11:21:07.169189 | > call 115 (1.230s wait)
2024-02-28 11:21:08.477398 | > call 116 (1.222s wait)
2024-02-28 11:21:09.666874 | > call 117 (1.105s wait)
2024-02-28 11:21:10.928731 | > call 118 (1.181s wait)
2024-02-28 11:21:12.254385 | > call 119 (1.238s wait)
2024-02-28 11:21:13.440409 | > call 120 (1.113s wait)
2024-02-28 11:21:14.672130 | > call 121 (1.151s wait)
2024-02-28 11:21:15.709080 | > call 122 (0.958s wait)
2024-02-28 11:21:16.882398 | > call 123 (1.102s wait)
2024-02-28 11:21:18.106732 | > call 124 (1.151s wait)
2024-02-28 11:21:19.220373 | > call 125 (1.036s wait)
2024-02-28 11:21:20.440207 | > call 126 (1.150s wait)
2024-02-28 11:21:21.569036 | > call 127 (1.050s wait)
2024-02-28 11:21:22.974443 | > call 128 (1.327s wait)
2024-02-28 11:21:24.301959 | > call 129 (1.257s wait)
2024-02-28 11:21:25.526304 | > call 130 (1.148s wait)
2024-02-28 11:21:26.783883 | > call 131 (1.181s wait)
2024-02-28 11:21:27.881509 | > call 132 (1.022s wait)
2024-02-28 11:21:29.150412 | > call 133 (1.196s wait)
2024-02-28 11:21:30.470776 | > call 134 (1.249s wait)
2024-02-28 11:21:31.607139 | > call 135 (1.067s wait)
2024-02-28 11:21:32.844809 | > call 136 (1.163s wait)
2024-02-28 11:21:34.115748 | > call 137 (1.196s wait)
2024-02-28 11:21:35.504133 | > call 138 (1.309s wait)
2024-02-28 11:21:36.803797 | > call 139 (1.223s wait)
2024-02-28 11:21:38.009161 | > call 140 (1.131s wait)
2024-02-28 11:21:39.305718 | > call 141 (1.224s wait)
2024-02-28 11:21:40.656548 | > call 142 (1.281s wait)
2024-02-28 11:21:41.770702 | > call 143 (1.045s wait)
2024-02-28 11:21:42.948949 | > call 144 (1.106s wait)
2024-02-28 11:21:44.163863 | > call 145 (1.138s wait)
2024-02-28 11:21:45.383940 | > call 146 (1.130s wait)
2024-02-28 11:21:46.512327 | > call 147 (1.043s wait)
2024-02-28 11:21:47.766979 | > call 148 (1.168s wait)
2024-02-28 11:21:48.988564 | > call 149 (1.145s wait)
2024-02-28 11:21:50.060317 | > call 150 (1.004s wait)
2024-02-28 11:21:51.380730 | > call 151 (1.251s wait)
2024-02-28 11:21:52.593643 | > call 152 (1.142s wait)
2024-02-28 11:21:53.775587 | > call 153 (1.113s wait)
2024-02-28 11:21:54.977267 | > call 154 (1.129s wait)
2024-02-28 11:21:56.336799 | > call 155 (1.292s wait)
2024-02-28 11:21:57.670787 | > call 156 (1.265s wait)
2024-02-28 11:21:58.847478 | > call 157 (1.103s wait)
2024-02-28 11:22:00.044318 | > call 158 (1.114s wait)
2024-02-28 11:22:01.440271 | > call 159 (1.327s wait)
2024-02-28 11:22:02.775882 | > call 160 (1.265s wait)
2024-02-28 11:22:03.956610 | > call 161 (1.110s wait)
2024-02-28 11:22:05.270298 | > call 162 (1.241s wait)
2024-02-28 11:22:06.457875 | > call 163 (1.115s wait)
2024-02-28 11:22:07.520634 | > call 164 (0.994s wait)
2024-02-28 11:22:08.807999 | > call 165 (1.217s wait)
2024-02-28 11:22:09.981180 | > call 166 (1.098s wait)
2024-02-28 11:22:11.298893 | > call 167 (1.244s wait)
2024-02-28 11:22:12.509529 | > call 168 (1.135s wait)
2024-02-28 11:22:13.741717 | > call 169 (1.158s wait)
2024-02-28 11:22:14.961805 | > call 170 (1.147s wait)
2024-02-28 11:22:16.100532 | > call 171 (1.064s wait)
2024-02-28 11:22:17.385150 | > call 172 (1.207s wait)
2024-02-28 11:22:18.571354 | > call 173 (1.112s wait)
2024-02-28 11:22:19.790323 | > call 174 (1.136s wait)
2024-02-28 11:22:20.837104 | > call 175 (0.966s wait)
2024-02-28 11:22:22.046100 | > call 176 (1.128s wait)
2024-02-28 11:22:23.332876 | > call 177 (1.207s wait)
2024-02-28 11:22:24.643569 | > call 178 (1.230s wait)
2024-02-28 11:22:26.021217 | > call 179 (1.297s wait)
2024-02-28 11:22:27.174144 | > call 180 (1.063s wait)
2024-02-28 11:22:28.422777 | > call 181 (1.159s wait)
2024-02-28 11:22:29.676771 | > call 182 (1.171s wait)
2024-02-28 11:22:30.793282 | > call 183 (1.036s wait)
2024-02-28 11:22:32.048622 | > call 184 (1.169s wait)
2024-02-28 11:22:33.262181 | > call 185 (1.130s wait)
2024-02-28 11:22:34.578204 | > call 186 (1.236s wait)
2024-02-28 11:22:36.028332 | > call 187 (1.371s wait)
2024-02-28 11:22:37.258524 | > call 188 (1.147s wait)
2024-02-28 11:22:38.500881 | > call 189 (1.162s wait)
2024-02-28 11:22:39.810331 | > call 190 (1.226s wait)
2024-02-28 11:22:40.925085 | > call 191 (1.033s wait)
2024-02-28 11:22:42.352771 | > call 192 (1.345s wait)
2024-02-28 11:22:43.604715 | > call 193 (1.172s wait)
2024-02-28 11:22:44.843561 | > call 194 (1.161s wait)
2024-02-28 11:22:46.035025 | > call 195 (1.108s wait)
2024-02-28 11:22:47.156985 | > call 196 (1.041s wait)
2024-02-28 11:22:48.306667 | > call 197 (1.071s wait)
2024-02-28 11:22:49.295069 | > call 198 (0.905s wait)
2024-02-28 11:22:50.570582 | > call 199 (1.194s wait)
2024-02-28 11:22:51.755156 | > call 200 (1.108s wait)
2024-02-28 11:22:52.933754 | > call 201 (1.107s wait)
2024-02-28 11:22:54.251283 | > call 202 (1.237s wait)
2024-02-28 11:22:55.434446 | > call 203 (1.104s wait)
2024-02-28 11:22:56.548800 | > call 204 (1.044s wait)
2024-02-28 11:22:57.671059 | > call 205 (1.053s wait)
2024-02-28 11:22:58.835911 | > call 206 (1.095s wait)
2024-02-28 11:23:00.155574 | > call 207 (1.248s wait)
2024-02-28 11:23:01.214692 | > call 208 (0.987s wait)
2024-02-28 11:23:02.297138 | > call 209 (1.012s wait)
2024-02-28 11:23:03.339722 | > call 210 (0.970s wait)
2024-02-28 11:23:04.745709 | > call 211 (1.333s wait)
2024-02-28 11:23:05.909051 | > call 212 (1.094s wait)
2024-02-28 11:23:07.219532 | > call 213 (1.241s wait)
2024-02-28 11:23:08.525247 | > call 214 (1.234s wait)
2024-02-28 11:23:09.710362 | > call 215 (1.115s wait)
2024-02-28 11:23:10.800639 | > call 216 (1.018s wait)
2024-02-28 11:23:12.185890 | > call 217 (1.313s wait)
2024-02-28 11:23:13.555500 | > call 218 (1.295s wait)
2024-02-28 11:23:14.800129 | > call 219 (1.174s wait)
2024-02-28 11:23:15.928797 | > call 220 (1.051s wait)
2024-02-28 11:23:17.115059 | > call 221 (1.115s wait)
2024-02-28 11:23:18.348005 | > call 222 (1.160s wait)
2024-02-28 11:23:19.561941 | > call 223 (1.143s wait)
2024-02-28 11:23:20.992374 | > call 224 (1.359s wait)
2024-02-28 11:23:22.182599 | > call 225 (1.121s wait)
2024-02-28 11:23:23.312449 | > call 226 (1.058s wait)
2024-02-28 11:23:24.551152 | > call 227 (1.161s wait)
2024-02-28 11:23:25.749335 | > call 228 (1.128s wait)
2024-02-28 11:23:27.057774 | > call 229 (1.239s wait)
2024-02-28 11:23:28.370386 | > call 230 (1.240s wait)
2024-02-28 11:23:29.533762 | > call 231 (1.087s wait)
2024-02-28 11:23:30.698141 | > call 232 (1.096s wait)
2024-02-28 11:23:32.020720 | > call 233 (1.248s wait)
2024-02-28 11:23:33.227897 | > call 234 (1.141s wait)
2024-02-28 11:23:34.579943 | > call 235 (1.281s wait)
2024-02-28 11:23:35.817946 | > call 236 (1.168s wait)
2024-02-28 11:23:37.101759 | > call 237 (1.214s wait)
2024-02-28 11:23:38.309012 | > call 238 (1.139s wait)
2024-02-28 11:23:39.395739 | > call 239 (1.012s wait)
2024-02-28 11:23:40.599693 | > call 240 (1.135s wait)
2024-02-28 11:23:41.956761 | > call 241 (1.290s wait)
2024-02-28 11:23:43.171468 | > call 242 (1.148s wait)
2024-02-28 11:23:44.433253 | > call 243 (1.194s wait)
2024-02-28 11:23:45.511289 | > call 244 (0.992s wait)
2024-02-28 11:23:46.708910 | > call 245 (1.122s wait)
2024-02-28 11:23:47.902023 | > call 246 (1.111s wait)
2024-02-28 11:23:49.005127 | > call 247 (1.036s wait)
2024-02-28 11:23:50.180275 | > call 248 (1.108s wait)
2024-02-28 11:23:51.447532 | > call 249 (1.195s wait)
2024-02-28 11:23:52.726791 | > call 250 (1.206s wait)
2024-02-28 11:23:53.870048 | > call 251 (1.069s wait)
2024-02-28 11:23:55.080521 | > call 252 (1.137s wait)
2024-02-28 11:23:56.308008 | > call 253 (1.150s wait)
2024-02-28 11:23:57.573156 | > call 254 (1.194s wait)
2024-02-28 11:23:58.904251 | > call 255 (1.259s wait)
2024-02-28 11:24:00.229425 | > call 256 (1.241s wait)
2024-02-28 11:24:01.391399 | > call 257 (1.084s wait)
2024-02-28 11:24:02.587842 | > call 258 (1.120s wait)
2024-02-28 11:24:03.855945 | > call 259 (1.184s wait)
2024-02-28 11:24:05.186694 | > call 260 (1.257s wait)
2024-02-28 11:24:06.335825 | > call 261 (1.076s wait)
2024-02-28 11:24:07.500820 | > call 262 (1.091s wait)
2024-02-28 11:24:08.651873 | > call 263 (1.066s wait)
2024-02-28 11:24:10.039864 | > call 264 (1.312s wait)
2024-02-28 11:24:11.381534 | > call 265 (1.269s wait)
2024-02-28 11:24:12.696202 | > call 266 (1.243s wait)
2024-02-28 11:24:13.942761 | > call 267 (1.170s wait)
2024-02-28 11:24:15.217559 | > call 268 (1.195s wait)
2024-02-28 11:24:16.383905 | > call 269 (1.091s wait)
2024-02-28 11:24:17.517867 | > call 270 (1.049s wait)
2024-02-28 11:24:18.764590 | > call 271 (1.165s wait)
2024-02-28 11:24:19.928629 | > call 272 (1.094s wait)
2024-02-28 11:24:21.041319 | > call 273 (1.038s wait)
2024-02-28 11:24:22.380239 | > call 274 (1.268s wait)
2024-02-28 11:24:23.558084 | > call 275 (1.102s wait)
2024-02-28 11:24:24.783967 | > call 276 (1.155s wait)
2024-02-28 11:24:25.938133 | > call 277 (1.079s wait)
2024-02-28 11:24:27.118485 | > call 278 (1.105s wait)
2024-02-28 11:24:28.303306 | > call 279 (1.109s wait)
2024-02-28 11:24:29.337258 | > call 280 (0.964s wait)
2024-02-28 11:24:30.652552 | > call 281 (1.244s wait)
2024-02-28 11:24:31.833761 | > call 282 (1.110s wait)
2024-02-28 11:24:33.015112 | > call 283 (1.113s wait)
2024-02-28 11:24:34.240961 | > call 284 (1.151s wait)
2024-02-28 11:24:35.294566 | > call 285 (0.985s wait)
2024-02-28 11:24:36.509590 | > call 286 (1.145s wait)
2024-02-28 11:24:37.716841 | > call 287 (1.136s wait)
2024-02-28 11:24:38.985284 | > call 288 (1.198s wait)
2024-02-28 11:24:40.224501 | > call 289 (1.165s wait)
2024-02-28 11:24:41.452209 | > call 290 (1.159s wait)
2024-02-28 11:24:42.645155 | > call 291 (1.121s wait)
2024-02-28 11:24:43.817599 | > call 292 (1.103s wait)
2024-02-28 11:24:44.957941 | > call 293 (1.066s wait)
2024-02-28 11:24:46.096500 | > call 294 (1.055s wait)
2024-02-28 11:24:47.329662 | > call 295 (1.156s wait)
2024-02-28 11:24:48.562245 | > call 296 (1.157s wait)
2024-02-28 11:24:49.786448 | > call 297 (1.141s wait)
2024-02-28 11:24:50.837459 | > call 298 (0.974s wait)
2024-02-28 11:24:52.057392 | > call 299 (1.141s wait)
2024-02-28 11:24:53.300211 | > call 300 (1.160s wait)
2024-02-28 11:24:54.634905 | > call 301 (1.250s wait)
2024-02-28 11:24:55.949309 | > call 302 (1.239s wait)
2024-02-28 11:24:57.338824 | > call 303 (1.316s wait)
2024-02-28 11:24:58.526223 | > call 304 (1.117s wait)
2024-02-28 11:24:59.832805 | > call 305 (1.231s wait)
2024-02-28 11:25:00.890076 | > call 306 (0.985s wait)
2024-02-28 11:25:02.167295 | > call 307 (1.208s wait)
2024-02-28 11:25:03.408967 | > call 308 (1.175s wait)
2024-02-28 11:25:04.676356 | > call 309 (1.200s wait)
2024-02-28 11:25:05.671073 | > call 310 (0.929s wait)
2024-02-28 11:25:06.861582 | > call 311 (1.130s wait)
2024-02-28 11:25:08.115187 | > call 312 (1.191s wait)
2024-02-28 11:25:09.348133 | > call 313 (1.172s wait)
2024-02-28 11:25:10.479186 | > call 314 (1.070s wait)
2024-02-28 11:25:11.835165 | > call 315 (1.285s wait)
2024-02-28 11:25:12.943798 | > call 316 (1.040s wait)
2024-02-28 11:25:14.126895 | > call 317 (1.112s wait)
2024-02-28 11:25:15.227574 | > call 318 (1.028s wait)
2024-02-28 11:25:16.467306 | > call 319 (1.168s wait)
2024-02-28 11:25:17.719962 | > call 320 (1.177s wait)
2024-02-28 11:25:19.007265 | > call 321 (1.219s wait)
2024-02-28 11:25:20.422067 | > call 322 (1.347s wait)
2024-02-28 11:25:21.611947 | > call 323 (1.123s wait)
2024-02-28 11:25:22.941219 | > call 324 (1.257s wait)
2024-02-28 11:25:24.328622 | > call 325 (1.320s wait)
2024-02-28 11:25:25.465138 | > call 326 (1.070s wait)
2024-02-28 11:25:26.778660 | > call 327 (1.247s wait)
2024-02-28 11:25:27.931330 | > call 328 (1.086s wait)
2024-02-28 11:25:29.066599 | > call 329 (1.062s wait)
2024-02-28 11:25:30.342954 | > call 330 (1.205s wait)
2024-02-28 11:25:31.558478 | > call 331 (1.142s wait)
2024-02-28 11:25:32.753765 | > call 332 (1.128s wait)
2024-02-28 11:25:33.979962 | > call 333 (1.152s wait)
2024-02-28 11:25:35.080374 | > call 334 (1.034s wait)
2024-02-28 11:25:36.189466 | > call 335 (1.036s wait)
2024-02-28 11:25:37.454590 | > call 336 (1.200s wait)
2024-02-28 11:25:38.487352 | > call 337 (0.970s wait)
2024-02-28 11:25:39.857281 | > call 338 (1.295s wait)
2024-02-28 11:25:40.909627 | > call 339 (0.984s wait)
2024-02-28 11:25:42.205468 | > call 340 (1.222s wait)
2024-02-28 11:25:43.575516 | > call 341 (1.301s wait)
2024-02-28 11:25:44.819911 | > call 342 (1.175s wait)
2024-02-28 11:25:46.061118 | > call 343 (1.173s wait)
2024-02-28 11:25:47.346328 | > call 344 (1.220s wait)
2024-02-28 11:25:48.438225 | > call 345 (1.028s wait)
2024-02-28 11:25:49.688391 | > call 346 (1.182s wait)
2024-02-28 11:25:50.900652 | > call 347 (1.144s wait)
2024-02-28 11:25:52.051618 | > call 348 (1.082s wait)
2024-02-28 11:25:53.179488 | > call 349 (1.060s wait)
2024-02-28 11:25:54.472721 | > call 350 (1.214s wait)
2024-02-28 11:25:55.742713 | > call 351 (1.199s wait)
2024-02-28 11:25:56.979837 | > call 352 (1.169s wait)
2024-02-28 11:25:58.178527 | > call 353 (1.133s wait)
2024-02-28 11:25:59.271806 | > call 354 (1.028s wait)
2024-02-28 11:26:00.492223 | > call 355 (1.153s wait)
2024-02-28 11:26:01.939464 | > call 356 (1.378s wait)
2024-02-28 11:26:03.135424 | > call 357 (1.129s wait)
2024-02-28 11:26:04.528484 | > call 358 (1.332s wait)
2024-02-28 11:26:05.549516 | > call 359 (0.962s wait)
2024-02-28 11:26:06.858425 | > call 360 (1.250s wait)
2024-02-28 11:26:08.030019 | > call 361 (1.109s wait)
2024-02-28 11:26:09.169457 | > call 362 (1.068s wait)
2024-02-28 11:26:10.303839 | > call 363 (1.066s wait)
2024-02-28 11:26:11.446444 | > call 364 (1.079s wait)
2024-02-28 11:26:12.797033 | > call 365 (1.286s wait)
2024-02-28 11:26:13.932517 | > call 366 (1.075s wait)
2024-02-28 11:26:15.163004 | > call 367 (1.167s wait)
2024-02-28 11:26:16.436888 | > call 368 (1.210s wait)
2024-02-28 11:26:17.684832 | > call 369 (1.186s wait)
2024-02-28 11:26:18.814096 | > call 370 (1.070s wait)
2024-02-28 11:26:19.898488 | > call 371 (1.020s wait)
2024-02-28 11:26:21.171090 | > call 372 (1.209s wait)
2024-02-28 11:26:22.439690 | > call 373 (1.191s wait)
2024-02-28 11:26:23.577603 | > call 374 (1.064s wait)
2024-02-28 11:26:24.841611 | > call 375 (1.205s wait)
2024-02-28 11:26:26.004528 | > call 376 (1.100s wait)
2024-02-28 11:26:27.006541 | > call 377 (0.942s wait)
2024-02-28 11:26:28.081443 | > call 378 (1.015s wait)
2024-02-28 11:26:29.173122 | > call 379 (1.032s wait)
2024-02-28 11:26:30.536065 | > call 380 (1.299s wait)
2024-02-28 11:26:31.682487 | > call 381 (1.083s wait)
2024-02-28 11:26:32.824965 | > call 382 (1.083s wait)
2024-02-28 11:26:33.835255 | > call 383 (0.947s wait)
2024-02-28 11:26:35.063239 | > call 384 (1.165s wait)
2024-02-28 11:26:36.373009 | > call 385 (1.247s wait)
2024-02-28 11:26:37.534045 | > call 386 (1.098s wait)
2024-02-28 11:26:38.795578 | > call 387 (1.198s wait)
2024-02-28 11:26:40.111056 | > call 388 (1.253s wait)
2024-02-28 11:26:41.503969 | > call 389 (1.329s wait)
2024-02-28 11:26:42.943615 | > call 390 (1.363s wait)
2024-02-28 11:26:44.379232 | > call 391 (1.370s wait)
2024-02-28 11:26:45.795954 | > call 392 (1.352s wait)
2024-02-28 11:26:47.087813 | > call 393 (1.229s wait)
2024-02-28 11:26:48.375777 | > call 394 (1.228s wait)
2024-02-28 11:26:49.536448 | > call 395 (1.096s wait)
2024-02-28 11:26:51.110366 | > call 396 (1.511s wait)
2024-02-28 11:26:52.466048 | > call 397 (1.292s wait)
2024-02-28 11:26:53.681024 | > call 398 (1.151s wait)
2024-02-28 11:26:54.913995 | > call 399 (1.171s wait)
2024-02-28 11:26:56.306975 | > call 400 (1.330s wait)
2024-02-28 11:26:57.748120 | > call 401 (1.377s wait)
2024-02-28 11:26:58.968299 | > call 402 (1.157s wait)
2024-02-28 11:27:00.027645 | > call 403 (0.993s wait)
2024-02-28 11:27:01.308983 | > call 404 (1.216s wait)
2024-02-28 11:27:02.672538 | > call 405 (1.293s wait)
2024-02-28 11:27:04.085478 | > call 406 (1.344s wait)
2024-02-28 11:27:05.319417 | > call 407 (1.168s wait)
2024-02-28 11:27:06.572354 | > call 408 (1.181s wait)
2024-02-28 11:27:07.768176 | > call 409 (1.129s wait)
2024-02-28 11:27:09.184354 | > call 410 (1.353s wait)
2024-02-28 11:27:10.456439 | > call 411 (1.206s wait)
2024-02-28 11:27:11.746902 | > call 412 (1.222s wait)
2024-02-28 11:27:13.026635 | > call 413 (1.207s wait)
2024-02-28 11:27:14.351741 | > call 414 (1.255s wait)
2024-02-28 11:27:15.627759 | > call 415 (1.208s wait)
2024-02-28 11:27:16.948606 | > call 416 (1.254s wait)
2024-02-28 11:27:18.261481 | > call 417 (1.244s wait)
2024-02-28 11:27:19.712951 | > call 418 (1.388s wait)
2024-02-28 11:27:21.055103 | > call 419 (1.279s wait)
2024-02-28 11:27:22.565530 | > call 420 (1.448s wait)
2024-02-28 11:27:23.840555 | > call 421 (1.211s wait)
2024-02-28 11:27:25.158183 | > call 422 (1.241s wait)
2024-02-28 11:27:26.323725 | > call 423 (1.088s wait)
2024-02-28 11:27:27.521999 | > call 424 (1.129s wait)
2024-02-28 11:27:28.905304 | > call 425 (1.319s wait)
2024-02-28 11:27:30.165852 | > call 426 (1.196s wait)
2024-02-28 11:27:31.601031 | > call 427 (1.374s wait)
2024-02-28 11:27:32.897816 | > call 428 (1.228s wait)
2024-02-28 11:27:34.196853 | > call 429 (1.231s wait)
2024-02-28 11:27:35.606810 | > call 430 (1.345s wait)
2024-02-28 11:27:36.951740 | > call 431 (1.283s wait)
2024-02-28 11:27:38.224649 | > call 432 (1.210s wait)
2024-02-28 11:27:39.570930 | > call 433 (1.278s wait)
2024-02-28 11:27:40.928308 | > call 434 (1.293s wait)
2024-02-28 11:27:41.948077 | > call 435 (0.950s wait)
2024-02-28 11:27:43.193096 | > call 436 (1.172s wait)
2024-02-28 11:27:44.717369 | > call 437 (1.455s wait)
2024-02-28 11:27:46.297939 | > call 438 (1.512s wait)
2024-02-28 11:27:47.702173 | > call 439 (1.332s wait)
2024-02-28 11:27:49.108944 | > call 440 (1.340s wait)
2024-02-28 11:27:50.373170 | > call 441 (1.197s wait)
2024-02-28 11:27:51.919775 | > call 442 (1.473s wait)
2024-02-28 11:27:53.326449 | > call 443 (1.339s wait)
2024-02-28 11:27:54.694517 | > call 444 (1.304s wait)
2024-02-28 11:27:56.162721 | > call 445 (1.401s wait)
2024-02-28 11:27:57.826782 | > call 446 (1.599s wait)
2024-02-28 11:27:59.263602 | > call 447 (1.357s wait)
2024-02-28 11:28:00.827239 | > call 448 (1.496s wait)
2024-02-28 11:28:02.332221 | > call 449 (1.428s wait)
2024-02-28 11:28:03.763505 | > call 450 (1.368s wait)
2024-02-28 11:28:05.302674 | > call 451 (1.475s wait)
2024-02-28 11:28:06.786751 | > call 452 (1.418s wait)
2024-02-28 11:28:08.216935 | > call 453 (1.347s wait)
2024-02-28 11:28:09.574787 | > call 454 (1.288s wait)
2024-02-28 11:28:11.163570 | > call 455 (1.523s wait)
2024-02-28 11:28:12.582032 | > call 456 (1.346s wait)
2024-02-28 11:28:13.795652 | > call 457 (1.146s wait)
2024-02-28 11:28:15.195226 | > call 458 (1.334s wait)
2024-02-28 11:28:16.574924 | > call 459 (1.306s wait)
2024-02-28 11:28:17.920833 | > call 460 (1.274s wait)
2024-02-28 11:28:19.312257 | > call 461 (1.328s wait)
2024-02-28 11:28:20.725753 | > call 462 (1.345s wait)
2024-02-28 11:28:22.136194 | > call 463 (1.342s wait)
2024-02-28 11:28:23.703187 | > call 464 (1.494s wait)
2024-02-28 11:28:25.132517 | > call 465 (1.332s wait)
2024-02-28 11:28:26.627636 | > call 466 (1.420s wait)
2024-02-28 11:28:27.912089 | > call 467 (1.203s wait)
2024-02-28 11:28:29.324411 | > call 468 (1.338s wait)
2024-02-28 11:28:30.832513 | > call 469 (1.437s wait)
2024-02-28 11:28:32.294174 | > call 470 (1.376s wait)
2024-02-28 11:28:33.749283 | > call 471 (1.387s wait)
2024-02-28 11:28:35.108231 | > call 472 (1.292s wait)
2024-02-28 11:28:36.615761 | > call 473 (1.443s wait)
2024-02-28 11:28:37.920018 | > call 474 (1.225s wait)
2024-02-28 11:28:39.276235 | > call 475 (1.285s wait)
2024-02-28 11:28:40.578926 | > call 476 (1.224s wait)
2024-02-28 11:28:42.140603 | > call 477 (1.491s wait)
2024-02-28 11:28:43.507752 | > call 478 (1.290s wait)
2024-02-28 11:28:44.822425 | > call 479 (1.247s wait)
2024-02-28 11:28:46.069257 | > call 480 (1.175s wait)
2024-02-28 11:28:47.567260 | > call 481 (1.429s wait)
2024-02-28 11:28:48.857352 | > call 482 (1.221s wait)
2024-02-28 11:28:50.156113 | > call 483 (1.223s wait)
2024-02-28 11:28:51.631412 | > call 484 (1.396s wait)
2024-02-28 11:28:53.027817 | > call 485 (1.318s wait)
2024-02-28 11:28:54.510049 | > call 486 (1.411s wait)
2024-02-28 11:28:55.970046 | > call 487 (1.376s wait)
2024-02-28 11:28:57.415220 | > call 488 (1.373s wait)
2024-02-28 11:28:58.730773 | > call 489 (1.245s wait)
2024-02-28 11:29:00.172469 | > call 490 (1.376s wait)
2024-02-28 11:29:01.578976 | > call 491 (1.334s wait)
2024-02-28 11:29:02.883805 | > call 492 (1.234s wait)
2024-02-28 11:29:03.991625 | > call 493 (1.027s wait)
2024-02-28 11:29:05.523922 | > call 494 (1.461s wait)
2024-02-28 11:29:06.876387 | > call 495 (1.282s wait)
2024-02-28 11:29:08.530592 | > call 496 (1.575s wait)
2024-02-28 11:29:10.062560 | > call 497 (1.461s wait)
2024-02-28 11:29:11.385849 | > call 498 (1.250s wait)
2024-02-28 11:29:12.897930 | > call 499 (1.431s wait)
2024-02-28 11:29:14.286160 | > call 500 (1.316s wait)
2024-02-28 11:29:15.785256 | > call 501 (1.435s wait)
2024-02-28 11:29:17.324712 | > call 502 (1.463s wait)
2024-02-28 11:29:18.887542 | > call 503 (1.489s wait)
2024-02-28 11:29:20.561734 | > call 504 (1.595s wait)
2024-02-28 11:29:22.097826 | > call 505 (1.474s wait)
2024-02-28 11:29:23.541825 | > call 506 (1.375s wait)
2024-02-28 11:29:25.190325 | > call 507 (1.587s wait)
2024-02-28 11:29:26.804322 | > call 508 (1.555s wait)
2024-02-28 11:29:28.355789 | > call 509 (1.493s wait)
2024-02-28 11:29:29.823396 | > call 510 (1.404s wait)
2024-02-28 11:29:31.418881 | > call 511 (1.528s wait)
2024-02-28 11:29:32.963932 | > call 512 (1.478s wait)
2024-02-28 11:29:34.569644 | > call 513 (1.532s wait)
2024-02-28 11:29:35.957396 | > call 514 (1.315s wait)
2024-02-28 11:29:37.415315 | > call 515 (1.392s wait)
2024-02-28 11:29:38.929359 | > call 516 (1.444s wait)
2024-02-28 11:29:40.566322 | > call 517 (1.571s wait)
2024-02-28 11:29:42.152319 | > call 518 (1.524s wait)
2024-02-28 11:29:43.896767 | > call 519 (1.677s wait)
2024-02-28 11:29:45.315242 | > call 520 (1.347s wait)
2024-02-28 11:29:46.895192 | > call 521 (1.503s wait)
2024-02-28 11:29:48.355440 | > call 522 (1.385s wait)
2024-02-28 11:29:49.849287 | > call 523 (1.424s wait)
2024-02-28 11:29:51.486231 | > call 524 (1.568s wait)
2024-02-28 11:29:53.083425 | > call 525 (1.531s wait)
2024-02-28 11:29:54.641083 | > call 526 (1.490s wait)
2024-02-28 11:29:56.159680 | > call 527 (1.458s wait)
2024-02-28 11:29:57.641717 | > call 528 (1.418s wait)
2024-02-28 11:29:59.040254 | > call 529 (1.327s wait)
2024-02-28 11:30:00.539559 | > call 530 (1.439s wait)
2024-02-28 11:30:01.935790 | > call 531 (1.327s wait)
2024-02-28 11:30:03.443253 | > call 532 (1.446s wait)
2024-02-28 11:30:05.076598 | > call 533 (1.570s wait)
2024-02-28 11:30:06.396365 | > call 534 (1.254s wait)
2024-02-28 11:30:07.971415 | > call 535 (1.507s wait)
2024-02-28 11:30:09.599360 | > call 536 (1.558s wait)
2024-02-28 11:30:10.981404 | > call 537 (1.313s wait)
2024-02-28 11:30:12.481458 | > call 538 (1.432s wait)
2024-02-28 11:30:13.920515 | > call 539 (1.364s wait)
2024-02-28 11:30:15.427959 | > call 540 (1.443s wait)
2024-02-28 11:30:17.029369 | > call 541 (1.535s wait)
2024-02-28 11:30:18.696782 | > call 542 (1.593s wait)
2024-02-28 11:30:20.118970 | > call 543 (1.354s wait)
2024-02-28 11:30:21.646777 | > call 544 (1.465s wait)
2024-02-28 11:30:23.275621 | > call 545 (1.563s wait)
2024-02-28 11:30:24.969529 | > call 546 (1.638s wait)
2024-02-28 11:30:26.300005 | > call 547 (1.265s wait)
2024-02-28 11:30:27.958811 | > call 548 (1.589s wait)
2024-02-28 11:30:29.457710 | > call 549 (1.438s wait)
2024-02-28 11:30:31.075411 | > call 550 (1.544s wait)
2024-02-28 11:30:32.660329 | > call 551 (1.529s wait)
2024-02-28 11:30:34.188444 | > call 552 (1.469s wait)
2024-02-28 11:30:35.665005 | > call 553 (1.417s wait)
2024-02-28 11:30:37.177021 | > call 554 (1.446s wait)
2024-02-28 11:30:38.604219 | > call 555 (1.357s wait)
2024-02-28 11:30:40.111546 | > call 556 (1.438s wait)
2024-02-28 11:30:41.645307 | > call 557 (1.466s wait)
2024-02-28 11:30:43.185158 | > call 558 (1.476s wait)
2024-02-28 11:30:44.765030 | > call 559 (1.507s wait)
2024-02-28 11:30:46.138100 | > call 560 (1.309s wait)
2024-02-28 11:30:47.600924 | > call 561 (1.397s wait)
2024-02-28 11:30:49.083638 | > call 562 (1.421s wait)
2024-02-28 11:30:50.636096 | > call 563 (1.478s wait)
2024-02-28 11:30:52.055490 | > call 564 (1.350s wait)
2024-02-28 11:30:53.557463 | > call 565 (1.443s wait)
2024-02-28 11:30:54.846451 | > call 566 (1.221s wait)
2024-02-28 11:30:56.238789 | > call 567 (1.319s wait)
2024-02-28 11:30:57.725848 | > call 568 (1.412s wait)
2024-02-28 11:30:59.113914 | > call 569 (1.324s wait)
2024-02-28 11:31:00.449115 | > call 570 (1.267s wait)
2024-02-28 11:31:02.015909 | > call 571 (1.491s wait)
2024-02-28 11:31:03.510106 | > call 572 (1.419s wait)
2024-02-28 11:31:04.935748 | > call 573 (1.357s wait)
2024-02-28 11:31:06.555065 | > call 574 (1.548s wait)
2024-02-28 11:31:08.018278 | > call 575 (1.396s wait)
2024-02-28 11:31:09.557592 | > call 576 (1.475s wait)
2024-02-28 11:31:11.018673 | > call 577 (1.394s wait)
2024-02-28 11:31:12.451986 | > call 578 (1.371s wait)
2024-02-28 11:31:14.059442 | > call 579 (1.524s wait)
2024-02-28 11:31:15.476922 | > call 580 (1.351s wait)
2024-02-28 11:31:17.074133 | > call 581 (1.532s wait)
2024-02-28 11:31:18.543420 | > call 582 (1.395s wait)
2024-02-28 11:31:20.239924 | > call 583 (1.624s wait)
2024-02-28 11:31:21.791002 | > call 584 (1.483s wait)
2024-02-28 11:31:23.402441 | > call 585 (1.525s wait)
2024-02-28 11:31:24.977767 | > call 586 (1.519s wait)
2024-02-28 11:31:26.518850 | > call 587 (1.477s wait)
2024-02-28 11:31:27.909923 | > call 588 (1.326s wait)
2024-02-28 11:31:29.419326 | > call 589 (1.446s wait)
2024-02-28 11:31:30.905619 | > call 590 (1.426s wait)
2024-02-28 11:31:32.345447 | > call 591 (1.372s wait)
2024-02-28 11:31:33.847141 | > call 592 (1.435s wait)
2024-02-28 11:31:35.318910 | > call 593 (1.404s wait)
2024-02-28 11:31:36.374289 | > call 594 (0.983s wait)
2024-02-28 11:31:37.912398 | > call 595 (1.471s wait)
2024-02-28 11:31:39.484277 | > call 596 (1.489s wait)
2024-02-28 11:31:40.946410 | > call 597 (1.396s wait)
2024-02-28 11:31:42.341424 | > call 598 (1.320s wait)
2024-02-28 11:31:43.817935 | > call 599 (1.407s wait)
2024-02-28 11:31:45.300059 | > call 600 (1.410s wait)
2024-02-28 11:31:46.678738 | > call 601 (1.309s wait)
2024-02-28 11:31:48.286580 | > call 602 (1.536s wait)
2024-02-28 11:31:49.807123 | > call 603 (1.456s wait)
2024-02-28 11:31:51.269847 | > call 604 (1.384s wait)
2024-02-28 11:31:52.836239 | > call 605 (1.497s wait)
2024-02-28 11:31:54.303145 | > call 606 (1.400s wait)
2024-02-28 11:31:55.919152 | > call 607 (1.549s wait)
2024-02-28 11:31:57.353742 | > call 608 (1.371s wait)
2024-02-28 11:31:59.017696 | > call 609 (1.593s wait)
2024-02-28 11:32:00.335265 | > call 610 (1.253s wait)
2024-02-28 11:32:02.056922 | > call 611 (1.657s wait)
2024-02-28 11:32:03.606923 | > call 612 (1.484s wait)
2024-02-28 11:32:36.368921 | > call 613 (0.558s wait)
2024-02-28 11:32:37.352058 | > call 614 (0.138s wait)
2024-02-28 11:32:38.826807 | > call 615 (1.079s wait)
2024-02-28 11:32:40.388325 | > call 616 (1.152s wait)
2024-02-28 11:32:42.016484 | > call 617 (1.225s wait)
2024-02-28 11:32:43.403407 | > call 618 (1.013s wait)
2024-02-28 11:32:44.821443 | > call 619 (0.998s wait)
2024-02-28 11:32:46.261323 | > call 620 (1.079s wait)
2024-02-28 11:32:47.708243 | > call 621 (1.033s wait)
2024-02-28 11:32:49.348991 | > call 622 (1.264s wait)
2024-02-28 11:32:50.613347 | > call 623 (0.857s wait)
2024-02-28 11:32:52.203445 | > call 624 (1.200s wait)
2024-02-28 11:32:53.689742 | > call 625 (1.070s wait)
2024-02-28 11:32:55.164126 | > call 626 (1.134s wait)
2024-02-28 11:32:56.704665 | > call 627 (1.133s wait)
2024-02-28 11:32:57.804229 | > call 628 (0.769s wait)
2024-02-28 11:32:59.150470 | > call 629 (0.980s wait)
Error in w$poll() : Unexpected peer disconnect
In addition: Warning message:
The `facets` argument of `facet_grid()` is deprecated as of ggplot2 2.2.0.
ℹ Please use the `rows` argument instead.
ℹ The deprecated feature was likely used in the bayesplot package.
  Please report the issue at <https://github.com/stan-dev/bayesplot/issues/>. 
