2024-02-28 11:18:47.573354 | Master: tcp://nd85ed30123f4:9234
2024-02-28 11:18:47.576800 | connecting to: tcp://nd85ed30123f4:9234
2024-02-28 11:18:47.958433 | > call 1 (0.333s wait)
2024-02-28 11:18:48.920300 | > call 2 (0.497s wait)
2024-02-28 11:18:50.272027 | > call 3 (1.295s wait)
2024-02-28 11:18:51.495868 | > call 4 (1.158s wait)
2024-02-28 11:18:52.795175 | > call 5 (1.238s wait)
2024-02-28 11:18:54.058758 | > call 6 (1.198s wait)
2024-02-28 11:18:55.250553 | > call 7 (1.116s wait)
2024-02-28 11:18:56.418440 | > call 8 (1.109s wait)
2024-02-28 11:18:57.506417 | > call 9 (1.025s wait)
2024-02-28 11:18:58.865543 | > call 10 (1.300s wait)
2024-02-28 11:18:59.992898 | > call 11 (1.073s wait)
2024-02-28 11:19:01.382897 | > call 12 (1.336s wait)
2024-02-28 11:19:02.671322 | > call 13 (1.235s wait)
2024-02-28 11:19:03.882212 | > call 14 (1.158s wait)
2024-02-28 11:19:05.158482 | > call 15 (1.219s wait)
2024-02-28 11:19:06.355214 | > call 16 (1.139s wait)
2024-02-28 11:19:07.509469 | > call 17 (1.099s wait)
2024-02-28 11:19:08.698981 | > call 18 (1.132s wait)
2024-02-28 11:19:10.023883 | > call 19 (1.265s wait)
2024-02-28 11:19:11.383956 | > call 20 (1.303s wait)
2024-02-28 11:19:12.574296 | > call 21 (1.125s wait)
2024-02-28 11:19:13.844939 | > call 22 (1.216s wait)
2024-02-28 11:19:15.302802 | > call 23 (1.403s wait)
2024-02-28 11:19:16.549277 | > call 24 (1.195s wait)
2024-02-28 11:19:17.776636 | > call 25 (1.175s wait)
2024-02-28 11:19:19.021819 | > call 26 (1.193s wait)
2024-02-28 11:19:20.299674 | > call 27 (1.226s wait)
2024-02-28 11:19:21.386615 | > call 28 (1.034s wait)
2024-02-28 11:19:22.612773 | > call 29 (1.175s wait)
2024-02-28 11:19:23.720126 | > call 30 (1.042s wait)
2024-02-28 11:19:24.810358 | > call 31 (1.038s wait)
2024-02-28 11:19:26.011807 | > call 32 (1.147s wait)
2024-02-28 11:19:27.141087 | > call 33 (1.058s wait)
2024-02-28 11:19:28.313641 | > call 34 (1.104s wait)
2024-02-28 11:19:29.327470 | > call 35 (0.962s wait)
2024-02-28 11:19:30.660636 | > call 36 (1.280s wait)
2024-02-28 11:19:31.937165 | > call 37 (1.204s wait)
2024-02-28 11:19:33.239941 | > call 38 (1.220s wait)
2024-02-28 11:19:34.456608 | > call 39 (1.128s wait)
2024-02-28 11:19:35.868285 | > call 40 (1.338s wait)
2024-02-28 11:19:36.977469 | > call 41 (1.031s wait)
2024-02-28 11:19:38.258951 | > call 42 (1.201s wait)
2024-02-28 11:19:39.614842 | > call 43 (1.285s wait)
2024-02-28 11:19:40.829334 | > call 44 (1.138s wait)
2024-02-28 11:19:42.122110 | > call 45 (1.225s wait)
2024-02-28 11:19:43.362159 | > call 46 (1.156s wait)
2024-02-28 11:19:44.710107 | > call 47 (1.277s wait)
2024-02-28 11:19:45.906666 | > call 48 (1.124s wait)
2024-02-28 11:19:47.057691 | > call 49 (1.082s wait)
2024-02-28 11:19:48.361567 | > call 50 (1.231s wait)
2024-02-28 11:19:49.508988 | > call 51 (1.079s wait)
2024-02-28 11:19:50.718427 | > call 52 (1.142s wait)
2024-02-28 11:19:51.939622 | > call 53 (1.146s wait)
2024-02-28 11:19:53.125823 | > call 54 (1.111s wait)
2024-02-28 11:19:54.403244 | > call 55 (1.206s wait)
2024-02-28 11:19:55.558088 | > call 56 (1.087s wait)
2024-02-28 11:19:56.866592 | > call 57 (1.236s wait)
2024-02-28 11:19:58.178339 | > call 58 (1.242s wait)
2024-02-28 11:19:59.238429 | > call 59 (0.986s wait)
2024-02-28 11:20:00.416940 | > call 60 (1.111s wait)
2024-02-28 11:20:01.547814 | > call 61 (1.061s wait)
2024-02-28 11:20:02.711799 | > call 62 (1.087s wait)
2024-02-28 11:20:04.048979 | > call 63 (1.266s wait)
2024-02-28 11:20:05.239903 | > call 64 (1.113s wait)
2024-02-28 11:20:06.401806 | > call 65 (1.094s wait)
2024-02-28 11:20:07.679658 | > call 66 (1.204s wait)
2024-02-28 11:20:08.781531 | > call 67 (1.034s wait)
2024-02-28 11:20:09.880062 | > call 68 (1.031s wait)
2024-02-28 11:20:10.867815 | > call 69 (0.919s wait)
2024-02-28 11:20:11.955278 | > call 70 (1.011s wait)
2024-02-28 11:20:13.320280 | > call 71 (1.288s wait)
2024-02-28 11:20:14.493344 | > call 72 (1.102s wait)
2024-02-28 11:20:15.758350 | > call 73 (1.196s wait)
2024-02-28 11:20:16.845737 | > call 74 (1.017s wait)
2024-02-28 11:20:18.021270 | > call 75 (1.105s wait)
2024-02-28 11:20:19.289506 | > call 76 (1.196s wait)
2024-02-28 11:20:20.537151 | > call 77 (1.176s wait)
2024-02-28 11:20:21.828844 | > call 78 (1.221s wait)
2024-02-28 11:20:23.061372 | > call 79 (1.163s wait)
2024-02-28 11:20:24.347741 | > call 80 (1.213s wait)
2024-02-28 11:20:25.533577 | > call 81 (1.108s wait)
2024-02-28 11:20:26.744830 | > call 82 (1.133s wait)
2024-02-28 11:20:28.189561 | > call 83 (1.363s wait)
2024-02-28 11:20:29.339534 | > call 84 (1.069s wait)
2024-02-28 11:20:30.354929 | > call 85 (0.941s wait)
2024-02-28 11:20:31.627658 | > call 86 (1.193s wait)
2024-02-28 11:20:32.857859 | > call 87 (1.159s wait)
2024-02-28 11:20:34.055893 | > call 88 (1.125s wait)
2024-02-28 11:20:35.323576 | > call 89 (1.195s wait)
2024-02-28 11:20:36.612628 | > call 90 (1.214s wait)
2024-02-28 11:20:37.727589 | > call 91 (1.038s wait)
2024-02-28 11:20:39.095671 | > call 92 (1.282s wait)
2024-02-28 11:20:40.321870 | > call 93 (1.148s wait)
2024-02-28 11:20:41.566076 | > call 94 (1.167s wait)
2024-02-28 11:20:42.942741 | > call 95 (1.298s wait)
2024-02-28 11:20:43.903138 | > call 96 (0.884s wait)
2024-02-28 11:20:45.145461 | > call 97 (1.155s wait)
2024-02-28 11:20:46.295815 | > call 98 (1.061s wait)
2024-02-28 11:20:47.542134 | > call 99 (1.164s wait)
2024-02-28 11:20:48.723616 | > call 100 (1.108s wait)
2024-02-28 11:20:50.109418 | > call 101 (1.314s wait)
2024-02-28 11:20:51.222122 | > call 102 (1.026s wait)
2024-02-28 11:20:52.428089 | > call 103 (1.123s wait)
2024-02-28 11:20:53.595410 | > call 104 (1.056s wait)
2024-02-28 11:20:54.761778 | > call 105 (1.072s wait)
2024-02-28 11:20:55.991881 | > call 106 (1.127s wait)
2024-02-28 11:20:57.136919 | > call 107 (1.041s wait)
2024-02-28 11:20:58.545183 | > call 108 (1.329s wait)
2024-02-28 11:20:59.802250 | > call 109 (1.170s wait)
2024-02-28 11:21:00.999257 | > call 110 (1.117s wait)
2024-02-28 11:21:02.265240 | > call 111 (1.182s wait)
2024-02-28 11:21:03.760932 | > call 112 (1.408s wait)
2024-02-28 11:21:05.054956 | > call 113 (1.214s wait)
2024-02-28 11:21:06.242208 | > call 114 (1.107s wait)
2024-02-28 11:21:07.594407 | > call 115 (1.271s wait)
2024-02-28 11:21:08.931665 | > call 116 (1.253s wait)
2024-02-28 11:21:09.996206 | > call 117 (0.978s wait)
2024-02-28 11:21:11.393444 | > call 118 (1.314s wait)
2024-02-28 11:21:12.609555 | > call 119 (1.131s wait)
2024-02-28 11:21:13.897449 | > call 120 (1.218s wait)
2024-02-28 11:21:15.038546 | > call 121 (1.071s wait)
2024-02-28 11:21:16.098643 | > call 122 (0.988s wait)
2024-02-28 11:21:17.256325 | > call 123 (1.076s wait)
2024-02-28 11:21:18.497852 | > call 124 (1.171s wait)
2024-02-28 11:21:19.597051 | > call 125 (1.023s wait)
2024-02-28 11:21:20.812248 | > call 126 (1.139s wait)
2024-02-28 11:21:22.087296 | > call 127 (1.205s wait)
2024-02-28 11:21:23.423874 | > call 128 (1.268s wait)
2024-02-28 11:21:24.710358 | > call 129 (1.216s wait)
2024-02-28 11:21:25.898497 | > call 130 (1.115s wait)
2024-02-28 11:21:27.131073 | > call 131 (1.161s wait)
2024-02-28 11:21:28.335240 | > call 132 (1.133s wait)
2024-02-28 11:21:29.640737 | > call 133 (1.231s wait)
2024-02-28 11:21:30.842827 | > call 134 (1.127s wait)
2024-02-28 11:21:31.946086 | > call 135 (1.023s wait)
2024-02-28 11:21:33.365053 | > call 136 (1.345s wait)
2024-02-28 11:21:34.547109 | > call 137 (1.112s wait)
2024-02-28 11:21:35.994372 | > call 138 (1.371s wait)
2024-02-28 11:21:37.173575 | > call 139 (1.109s wait)
2024-02-28 11:21:38.425570 | > call 140 (1.176s wait)
2024-02-28 11:21:39.736684 | > call 141 (1.240s wait)
2024-02-28 11:21:41.019572 | > call 142 (1.213s wait)
2024-02-28 11:21:42.099034 | > call 143 (1.006s wait)
2024-02-28 11:21:43.406748 | > call 144 (1.232s wait)
2024-02-28 11:21:44.544400 | > call 145 (1.061s wait)
2024-02-28 11:21:45.778394 | > call 146 (1.141s wait)
2024-02-28 11:21:46.956254 | > call 147 (1.094s wait)
2024-02-28 11:21:48.151170 | > call 148 (1.105s wait)
2024-02-28 11:21:49.300596 | > call 149 (1.076s wait)
2024-02-28 11:21:50.547927 | > call 150 (1.169s wait)
2024-02-28 11:21:51.751298 | > call 151 (1.131s wait)
2024-02-28 11:21:53.029436 | > call 152 (1.200s wait)
2024-02-28 11:21:54.220394 | > call 153 (1.126s wait)
2024-02-28 11:21:55.383445 | > call 154 (1.088s wait)
2024-02-28 11:21:56.735949 | > call 155 (1.287s wait)
2024-02-28 11:21:58.000402 | > call 156 (1.200s wait)
2024-02-28 11:21:59.289609 | > call 157 (1.221s wait)
2024-02-28 11:22:00.494112 | > call 158 (1.135s wait)
2024-02-28 11:22:01.997202 | > call 159 (1.440s wait)
2024-02-28 11:22:03.214234 | > call 160 (1.153s wait)
2024-02-28 11:22:04.354590 | > call 161 (1.073s wait)
2024-02-28 11:22:05.701765 | > call 162 (1.277s wait)
2024-02-28 11:22:06.809684 | > call 163 (1.027s wait)
2024-02-28 11:22:07.962025 | > call 164 (1.079s wait)
2024-02-28 11:22:09.254094 | > call 165 (1.218s wait)
2024-02-28 11:22:10.377366 | > call 166 (1.046s wait)
2024-02-28 11:22:11.710541 | > call 167 (1.256s wait)
2024-02-28 11:22:12.892439 | > call 168 (1.103s wait)
2024-02-28 11:22:14.065139 | > call 169 (1.100s wait)
2024-02-28 11:22:15.402872 | > call 170 (1.269s wait)
2024-02-28 11:22:16.556665 | > call 171 (1.089s wait)
2024-02-28 11:22:17.802454 | > call 172 (1.178s wait)
2024-02-28 11:22:18.929316 | > call 173 (1.062s wait)
2024-02-28 11:22:20.167202 | > call 174 (1.167s wait)
2024-02-28 11:22:21.286552 | > call 175 (1.047s wait)
2024-02-28 11:22:22.465141 | > call 176 (1.107s wait)
2024-02-28 11:22:23.843806 | > call 177 (1.303s wait)
2024-02-28 11:22:25.161252 | > call 178 (1.243s wait)
2024-02-28 11:22:26.460069 | > call 179 (1.224s wait)
2024-02-28 11:22:27.585295 | > call 180 (1.044s wait)
2024-02-28 11:22:28.749764 | > call 181 (1.092s wait)
2024-02-28 11:22:30.083892 | > call 182 (1.260s wait)
2024-02-28 11:22:31.261242 | > call 183 (1.103s wait)
2024-02-28 11:22:32.465286 | > call 184 (1.136s wait)
2024-02-28 11:22:33.664446 | > call 185 (1.123s wait)
2024-02-28 11:22:35.058742 | > call 186 (1.326s wait)
2024-02-28 11:22:36.393081 | > call 187 (1.265s wait)
2024-02-28 11:22:37.671349 | > call 188 (1.201s wait)
2024-02-28 11:22:39.055004 | > call 189 (1.316s wait)
2024-02-28 11:22:40.183596 | > call 190 (1.054s wait)
2024-02-28 11:22:41.432116 | > call 191 (1.162s wait)
2024-02-28 11:22:42.668081 | > call 192 (1.167s wait)
2024-02-28 11:22:43.946663 | > call 193 (1.208s wait)
2024-02-28 11:22:45.246398 | > call 194 (1.218s wait)
2024-02-28 11:22:46.359735 | > call 195 (1.032s wait)
2024-02-28 11:22:47.454771 | > call 196 (1.013s wait)
2024-02-28 11:22:48.685903 | > call 197 (1.149s wait)
2024-02-28 11:22:49.753134 | > call 198 (0.991s wait)
2024-02-28 11:22:50.996994 | > call 199 (1.171s wait)
2024-02-28 11:22:52.083137 | > call 200 (1.009s wait)
2024-02-28 11:22:53.371165 | > call 201 (1.211s wait)
2024-02-28 11:22:54.625093 | > call 202 (1.176s wait)
2024-02-28 11:22:55.833806 | > call 203 (1.135s wait)
2024-02-28 11:22:56.875531 | > call 204 (0.969s wait)
2024-02-28 11:22:58.055896 | > call 205 (1.105s wait)
2024-02-28 11:22:59.208991 | > call 206 (1.082s wait)
2024-02-28 11:23:00.446163 | > call 207 (1.171s wait)
2024-02-28 11:23:01.600885 | > call 208 (1.083s wait)
2024-02-28 11:23:02.541679 | > call 209 (0.866s wait)
2024-02-28 11:23:03.813429 | > call 210 (1.203s wait)
2024-02-28 11:23:05.139784 | > call 211 (1.259s wait)
2024-02-28 11:23:06.310141 | > call 212 (1.102s wait)
2024-02-28 11:23:07.670875 | > call 213 (1.294s wait)
2024-02-28 11:23:08.904901 | > call 214 (1.167s wait)
2024-02-28 11:23:10.056642 | > call 215 (1.083s wait)
2024-02-28 11:23:11.232696 | > call 216 (1.109s wait)
2024-02-28 11:23:12.587830 | > call 217 (1.287s wait)
2024-02-28 11:23:13.961356 | > call 218 (1.303s wait)
2024-02-28 11:23:15.215673 | > call 219 (1.185s wait)
2024-02-28 11:23:16.302164 | > call 220 (1.019s wait)
2024-02-28 11:23:17.551898 | > call 221 (1.183s wait)
2024-02-28 11:23:18.696767 | > call 222 (1.074s wait)
2024-02-28 11:23:20.053813 | > call 223 (1.290s wait)
2024-02-28 11:23:21.373530 | > call 224 (1.253s wait)
2024-02-28 11:23:22.645748 | > call 225 (1.205s wait)
2024-02-28 11:23:23.766689 | > call 226 (1.051s wait)
2024-02-28 11:23:24.974314 | > call 227 (1.141s wait)
2024-02-28 11:23:26.150429 | > call 228 (1.109s wait)
2024-02-28 11:23:27.446236 | > call 229 (1.219s wait)
2024-02-28 11:23:28.700607 | > call 230 (1.185s wait)
2024-02-28 11:23:29.896481 | > call 231 (1.128s wait)
2024-02-28 11:23:31.119045 | > call 232 (1.151s wait)
2024-02-28 11:23:32.343396 | > call 233 (1.151s wait)
2024-02-28 11:23:33.663413 | > call 234 (1.245s wait)
2024-02-28 11:23:34.974196 | > call 235 (1.241s wait)
2024-02-28 11:23:36.227680 | > call 236 (1.183s wait)
2024-02-28 11:23:37.546179 | > call 237 (1.253s wait)
2024-02-28 11:23:38.651245 | > call 238 (1.040s wait)
2024-02-28 11:23:39.725181 | > call 239 (0.994s wait)
2024-02-28 11:23:41.051568 | > call 240 (1.249s wait)
2024-02-28 11:23:42.353699 | > call 241 (1.231s wait)
2024-02-28 11:23:43.647138 | > call 242 (1.223s wait)
2024-02-28 11:23:44.752601 | > call 243 (1.034s wait)
2024-02-28 11:23:45.955395 | > call 244 (1.131s wait)
2024-02-28 11:23:47.072133 | > call 245 (1.044s wait)
2024-02-28 11:23:48.295586 | > call 246 (1.147s wait)
2024-02-28 11:23:49.408695 | > call 247 (1.040s wait)
2024-02-28 11:23:50.587853 | > call 248 (1.109s wait)
2024-02-28 11:23:51.894596 | > call 249 (1.236s wait)
2024-02-28 11:23:53.027080 | > call 250 (1.056s wait)
2024-02-28 11:23:54.284184 | > call 251 (1.180s wait)
2024-02-28 11:23:55.495498 | > call 252 (1.130s wait)
2024-02-28 11:23:56.776190 | > call 253 (1.203s wait)
2024-02-28 11:23:58.050439 | > call 254 (1.197s wait)
2024-02-28 11:23:59.363200 | > call 255 (1.239s wait)
2024-02-28 11:24:00.609080 | > call 256 (1.169s wait)
2024-02-28 11:24:01.902870 | > call 257 (1.214s wait)
2024-02-28 11:24:02.980032 | > call 258 (1.003s wait)
2024-02-28 11:24:04.340329 | > call 259 (1.281s wait)
2024-02-28 11:24:05.587077 | > call 260 (1.172s wait)
2024-02-28 11:24:06.679930 | > call 261 (1.020s wait)
2024-02-28 11:24:07.908239 | > call 262 (1.152s wait)
2024-02-28 11:24:09.140153 | > call 263 (1.155s wait)
2024-02-28 11:24:10.376976 | > call 264 (1.162s wait)
2024-02-28 11:24:11.875059 | > call 265 (1.421s wait)
2024-02-28 11:24:13.154133 | > call 266 (1.206s wait)
2024-02-28 11:24:14.406216 | > call 267 (1.178s wait)
2024-02-28 11:24:15.752367 | > call 268 (1.263s wait)
2024-02-28 11:24:16.784155 | > call 269 (0.959s wait)
2024-02-28 11:24:17.939193 | > call 270 (1.082s wait)
2024-02-28 11:24:19.046199 | > call 271 (1.029s wait)
2024-02-28 11:24:20.198802 | > call 272 (1.079s wait)
2024-02-28 11:24:21.406019 | > call 273 (1.131s wait)
2024-02-28 11:24:22.764685 | > call 274 (1.290s wait)
2024-02-28 11:24:23.997356 | > call 275 (1.165s wait)
2024-02-28 11:24:25.167697 | > call 276 (1.100s wait)
2024-02-28 11:24:26.321167 | > call 277 (1.085s wait)
2024-02-28 11:24:27.511587 | > call 278 (1.119s wait)
2024-02-28 11:24:28.725572 | > call 279 (1.139s wait)
2024-02-28 11:24:29.724835 | > call 280 (0.932s wait)
2024-02-28 11:24:31.034528 | > call 281 (1.235s wait)
2024-02-28 11:24:32.195305 | > call 282 (1.087s wait)
2024-02-28 11:24:33.409655 | > call 283 (1.143s wait)
2024-02-28 11:24:34.562036 | > call 284 (1.085s wait)
2024-02-28 11:24:35.681194 | > call 285 (1.041s wait)
2024-02-28 11:24:36.881094 | > call 286 (1.123s wait)
2024-02-28 11:24:38.145689 | > call 287 (1.187s wait)
2024-02-28 11:24:39.400040 | > call 288 (1.173s wait)
2024-02-28 11:24:40.580151 | > call 289 (1.097s wait)
2024-02-28 11:24:41.888987 | > call 290 (1.227s wait)
2024-02-28 11:24:43.077394 | > call 291 (1.115s wait)
2024-02-28 11:24:44.223870 | > call 292 (1.079s wait)
2024-02-28 11:24:45.318989 | > call 293 (1.027s wait)
2024-02-28 11:24:46.433834 | > call 294 (1.043s wait)
2024-02-28 11:24:47.803168 | > call 295 (1.296s wait)
2024-02-28 11:24:49.009688 | > call 296 (1.129s wait)
2024-02-28 11:24:50.233366 | > call 297 (1.142s wait)
2024-02-28 11:24:51.257391 | > call 298 (0.943s wait)
2024-02-28 11:24:52.483741 | > call 299 (1.138s wait)
2024-02-28 11:24:53.730360 | > call 300 (1.154s wait)
2024-02-28 11:24:55.004701 | > call 301 (1.196s wait)
2024-02-28 11:24:56.421773 | > call 302 (1.342s wait)
2024-02-28 11:24:57.673699 | > call 303 (1.178s wait)
2024-02-28 11:24:58.915174 | > call 304 (1.165s wait)
2024-02-28 11:25:00.230070 | > call 305 (1.241s wait)
2024-02-28 11:25:01.376467 | > call 306 (1.079s wait)
2024-02-28 11:25:02.571835 | > call 307 (1.127s wait)
2024-02-28 11:25:03.763364 | > call 308 (1.119s wait)
2024-02-28 11:25:05.013030 | > call 309 (1.180s wait)
2024-02-28 11:25:06.025079 | > call 310 (0.946s wait)
2024-02-28 11:25:07.216266 | > call 311 (1.120s wait)
2024-02-28 11:25:08.524472 | > call 312 (1.243s wait)
2024-02-28 11:25:09.684596 | > call 313 (1.095s wait)
2024-02-28 11:25:10.952950 | > call 314 (1.197s wait)
2024-02-28 11:25:12.183123 | > call 315 (1.165s wait)
2024-02-28 11:25:13.255742 | > call 316 (1.002s wait)
2024-02-28 11:25:14.522089 | > call 317 (1.197s wait)
2024-02-28 11:25:15.660266 | > call 318 (1.067s wait)
2024-02-28 11:25:16.855158 | > call 319 (1.129s wait)
2024-02-28 11:25:18.085323 | > call 320 (1.165s wait)
2024-02-28 11:25:19.462518 | > call 321 (1.311s wait)
2024-02-28 11:25:20.817596 | > call 322 (1.289s wait)
2024-02-28 11:25:22.050039 | > call 323 (1.168s wait)
2024-02-28 11:25:23.437738 | > call 324 (1.319s wait)
2024-02-28 11:25:24.710731 | > call 325 (1.208s wait)
2024-02-28 11:25:25.868139 | > call 326 (1.093s wait)
2024-02-28 11:25:27.191580 | > call 327 (1.258s wait)
2024-02-28 11:25:28.241385 | > call 328 (0.985s wait)
2024-02-28 11:25:29.505228 | > call 329 (1.198s wait)
2024-02-28 11:25:30.803500 | > call 330 (1.231s wait)
2024-02-28 11:25:31.948728 | > call 331 (1.077s wait)
2024-02-28 11:25:33.095053 | > call 332 (1.081s wait)
2024-02-28 11:25:34.311047 | > call 333 (1.152s wait)
2024-02-28 11:25:35.483017 | > call 334 (1.104s wait)
2024-02-28 11:25:36.619557 | > call 335 (1.071s wait)
2024-02-28 11:25:37.741995 | > call 336 (1.058s wait)
2024-02-28 11:25:38.962002 | > call 337 (1.152s wait)
2024-02-28 11:25:40.161897 | > call 338 (1.134s wait)
2024-02-28 11:25:41.354733 | > call 339 (1.126s wait)
2024-02-28 11:25:42.665295 | > call 340 (1.240s wait)
2024-02-28 11:25:44.035304 | > call 341 (1.299s wait)
2024-02-28 11:25:45.242061 | > call 342 (1.142s wait)
2024-02-28 11:25:46.408306 | > call 343 (1.095s wait)
2024-02-28 11:25:47.646628 | > call 344 (1.168s wait)
2024-02-28 11:25:48.798907 | > call 345 (1.081s wait)
2024-02-28 11:25:50.133698 | > call 346 (1.267s wait)
2024-02-28 11:25:51.252328 | > call 347 (1.050s wait)
2024-02-28 11:25:52.461684 | > call 348 (1.144s wait)
2024-02-28 11:25:53.695802 | > call 349 (1.170s wait)
2024-02-28 11:25:54.871292 | > call 350 (1.111s wait)
2024-02-28 11:25:56.175917 | > call 351 (1.239s wait)
2024-02-28 11:25:57.370019 | > call 352 (1.128s wait)
2024-02-28 11:25:58.573720 | > call 353 (1.137s wait)
2024-02-28 11:25:59.697032 | > call 354 (1.057s wait)
2024-02-28 11:26:01.003044 | > call 355 (1.240s wait)
2024-02-28 11:26:02.326798 | > call 356 (1.250s wait)
2024-02-28 11:26:03.634201 | > call 357 (1.240s wait)
2024-02-28 11:26:04.861023 | > call 358 (1.163s wait)
2024-02-28 11:26:05.902644 | > call 359 (0.976s wait)
2024-02-28 11:26:07.320889 | > call 360 (1.350s wait)
2024-02-28 11:26:08.427655 | > call 361 (1.034s wait)
2024-02-28 11:26:09.599131 | > call 362 (1.107s wait)
2024-02-28 11:26:10.759881 | > call 363 (1.100s wait)
2024-02-28 11:26:11.849391 | > call 364 (1.029s wait)
2024-02-28 11:26:13.146008 | > call 365 (1.234s wait)
2024-02-28 11:26:14.362076 | > call 366 (1.153s wait)
2024-02-28 11:26:15.618984 | > call 367 (1.199s wait)
2024-02-28 11:26:16.856832 | > call 368 (1.176s wait)
2024-02-28 11:26:18.019151 | > call 369 (1.102s wait)
2024-02-28 11:26:19.230070 | > call 370 (1.147s wait)
2024-02-28 11:26:20.264583 | > call 371 (0.975s wait)
2024-02-28 11:26:21.611050 | > call 372 (1.287s wait)
2024-02-28 11:26:22.783377 | > call 373 (1.111s wait)
2024-02-28 11:26:24.035854 | > call 374 (1.193s wait)
2024-02-28 11:26:25.170512 | > call 375 (1.077s wait)
2024-02-28 11:26:26.457785 | > call 376 (1.230s wait)
2024-02-28 11:26:27.350941 | > call 377 (0.836s wait)
2024-02-28 11:26:28.453757 | > call 378 (1.045s wait)
2024-02-28 11:26:29.682470 | > call 379 (1.170s wait)
2024-02-28 11:26:30.959779 | > call 380 (1.204s wait)
2024-02-28 11:26:32.051192 | > call 381 (1.029s wait)
2024-02-28 11:26:33.041081 | > call 382 (0.933s wait)
2024-02-28 11:26:34.272087 | > call 383 (1.167s wait)
2024-02-28 11:26:35.422354 | > call 384 (1.092s wait)
2024-02-28 11:26:36.786627 | > call 385 (1.307s wait)
2024-02-28 11:26:38.078189 | > call 386 (1.234s wait)
2024-02-28 11:26:39.132482 | > call 387 (0.997s wait)
2024-02-28 11:26:40.499479 | > call 388 (1.309s wait)
2024-02-28 11:26:41.968229 | > call 389 (1.411s wait)
2024-02-28 11:26:43.417382 | > call 390 (1.389s wait)
2024-02-28 11:26:44.768133 | > call 391 (1.294s wait)
2024-02-28 11:26:46.208752 | > call 392 (1.383s wait)
2024-02-28 11:26:47.553278 | > call 393 (1.285s wait)
2024-02-28 11:26:48.731745 | > call 394 (1.121s wait)
2024-02-28 11:26:50.087824 | > call 395 (1.298s wait)
2024-02-28 11:26:51.523762 | > call 396 (1.377s wait)
2024-02-28 11:26:52.850734 | > call 397 (1.269s wait)
2024-02-28 11:26:54.075518 | > call 398 (1.165s wait)
2024-02-28 11:26:55.278488 | > call 399 (1.145s wait)
2024-02-28 11:26:56.820005 | > call 400 (1.485s wait)
2024-02-28 11:26:58.056094 | > call 401 (1.178s wait)
2024-02-28 11:26:59.277208 | > call 402 (1.163s wait)
2024-02-28 11:27:00.423604 | > call 403 (1.089s wait)
2024-02-28 11:27:01.719412 | > call 404 (1.235s wait)
2024-02-28 11:27:03.106772 | > call 405 (1.331s wait)
2024-02-28 11:27:04.459543 | > call 406 (1.292s wait)
2024-02-28 11:27:05.744611 | > call 407 (1.227s wait)
2024-02-28 11:27:06.963858 | > call 408 (1.163s wait)
2024-02-28 11:27:08.255711 | > call 409 (1.236s wait)
2024-02-28 11:27:09.543347 | > call 410 (1.232s wait)
2024-02-28 11:27:10.815989 | > call 411 (1.216s wait)
2024-02-28 11:27:12.169335 | > call 412 (1.297s wait)
2024-02-28 11:27:13.309984 | > call 413 (1.077s wait)
2024-02-28 11:27:14.769864 | > call 414 (1.377s wait)
2024-02-28 11:27:16.075603 | > call 415 (1.250s wait)
2024-02-28 11:27:17.307385 | > call 416 (1.177s wait)
2024-02-28 11:27:18.728642 | > call 417 (1.362s wait)
2024-02-28 11:27:20.113002 | > call 418 (1.329s wait)
2024-02-28 11:27:21.541569 | > call 419 (1.371s wait)
2024-02-28 11:27:22.985793 | > call 420 (1.390s wait)
2024-02-28 11:27:24.226835 | > call 421 (1.184s wait)
2024-02-28 11:27:25.483894 | > call 422 (1.202s wait)
2024-02-28 11:27:26.615190 | > call 423 (1.069s wait)
2024-02-28 11:27:27.912924 | > call 424 (1.236s wait)
2024-02-28 11:27:29.316818 | > call 425 (1.348s wait)
2024-02-28 11:27:30.704031 | > call 426 (1.330s wait)
2024-02-28 11:27:32.009793 | > call 427 (1.247s wait)
2024-02-28 11:27:33.279602 | > call 428 (1.210s wait)
2024-02-28 11:27:34.596448 | > call 429 (1.259s wait)
2024-02-28 11:27:35.970767 | > call 430 (1.321s wait)
2024-02-28 11:27:37.274489 | > call 431 (1.247s wait)
2024-02-28 11:27:38.576762 | > call 432 (1.243s wait)
2024-02-28 11:27:39.987958 | > call 433 (1.340s wait)
2024-02-28 11:27:41.141572 | > call 434 (1.091s wait)
2024-02-28 11:27:42.279446 | > call 435 (1.068s wait)
2024-02-28 11:27:43.623970 | > call 436 (1.287s wait)
2024-02-28 11:27:45.170321 | > call 437 (1.488s wait)
2024-02-28 11:27:46.745145 | > call 438 (1.516s wait)
2024-02-28 11:27:48.160302 | > call 439 (1.353s wait)
2024-02-28 11:27:49.417535 | > call 440 (1.199s wait)
2024-02-28 11:27:50.789829 | > call 441 (1.314s wait)
2024-02-28 11:27:52.374912 | > call 442 (1.525s wait)
2024-02-28 11:27:53.754856 | > call 443 (1.320s wait)
2024-02-28 11:27:55.078818 | > call 444 (1.268s wait)
2024-02-28 11:27:56.601358 | > call 445 (1.466s wait)
2024-02-28 11:27:58.249373 | > call 446 (1.591s wait)
2024-02-28 11:27:59.707858 | > call 447 (1.401s wait)
2024-02-28 11:28:01.331844 | > call 448 (1.566s wait)
2024-02-28 11:28:02.799056 | > call 449 (1.409s wait)
2024-02-28 11:28:04.252567 | > call 450 (1.383s wait)
2024-02-28 11:28:05.700609 | > call 451 (1.390s wait)
2024-02-28 11:28:07.152864 | > call 452 (1.395s wait)
2024-02-28 11:28:08.550962 | > call 453 (1.341s wait)
2024-02-28 11:28:10.115616 | > call 454 (1.505s wait)
2024-02-28 11:28:11.554009 | > call 455 (1.377s wait)
2024-02-28 11:28:12.957651 | > call 456 (1.346s wait)
2024-02-28 11:28:14.195731 | > call 457 (1.178s wait)
2024-02-28 11:28:15.597742 | > call 458 (1.344s wait)
2024-02-28 11:28:17.024127 | > call 459 (1.367s wait)
2024-02-28 11:28:18.380003 | > call 460 (1.298s wait)
2024-02-28 11:28:19.701715 | > call 461 (1.263s wait)
2024-02-28 11:28:21.069727 | > call 462 (1.309s wait)
2024-02-28 11:28:22.579305 | > call 463 (1.451s wait)
2024-02-28 11:28:24.086002 | > call 464 (1.439s wait)
2024-02-28 11:28:25.589907 | > call 465 (1.445s wait)
2024-02-28 11:28:26.985570 | > call 466 (1.333s wait)
2024-02-28 11:28:28.199874 | > call 467 (1.157s wait)
2024-02-28 11:28:29.804256 | > call 468 (1.549s wait)
2024-02-28 11:28:31.184440 | > call 469 (1.322s wait)
2024-02-28 11:28:32.707706 | > call 470 (1.461s wait)
2024-02-28 11:28:34.130444 | > call 471 (1.368s wait)
2024-02-28 11:28:35.584876 | > call 472 (1.399s wait)
2024-02-28 11:28:36.971244 | > call 473 (1.328s wait)
2024-02-28 11:28:38.270367 | > call 474 (1.241s wait)
2024-02-28 11:28:39.699875 | > call 475 (1.377s wait)
2024-02-28 11:28:41.061189 | > call 476 (1.309s wait)
2024-02-28 11:28:42.612385 | > call 477 (1.497s wait)
2024-02-28 11:28:43.875146 | > call 478 (1.210s wait)
2024-02-28 11:28:45.170132 | > call 479 (1.241s wait)
2024-02-28 11:28:46.475198 | > call 480 (1.247s wait)
2024-02-28 11:28:47.895445 | > call 481 (1.366s wait)
2024-02-28 11:28:49.175107 | > call 482 (1.228s wait)
2024-02-28 11:28:50.589439 | > call 483 (1.362s wait)
2024-02-28 11:28:52.009050 | > call 484 (1.366s wait)
2024-02-28 11:28:53.442902 | > call 485 (1.381s wait)
2024-02-28 11:28:54.915585 | > call 486 (1.418s wait)
2024-02-28 11:28:56.310916 | > call 487 (1.333s wait)
2024-02-28 11:28:57.746425 | > call 488 (1.380s wait)
2024-02-28 11:28:59.215155 | > call 489 (1.416s wait)
2024-02-28 11:29:00.594026 | > call 490 (1.323s wait)
2024-02-28 11:29:01.925425 | > call 491 (1.271s wait)
2024-02-28 11:29:03.102887 | > call 492 (1.119s wait)
2024-02-28 11:29:04.388653 | > call 493 (1.224s wait)
2024-02-28 11:29:05.964228 | > call 494 (1.522s wait)
2024-02-28 11:29:07.213697 | > call 495 (1.196s wait)
2024-02-28 11:29:08.811066 | > call 496 (1.542s wait)
2024-02-28 11:29:10.376838 | > call 497 (1.512s wait)
2024-02-28 11:29:11.734643 | > call 498 (1.305s wait)
2024-02-28 11:29:13.170772 | > call 499 (1.384s wait)
2024-02-28 11:29:14.685163 | > call 500 (1.460s wait)
2024-02-28 11:29:16.142289 | > call 501 (1.402s wait)
2024-02-28 11:29:17.761443 | > call 502 (1.564s wait)
2024-02-28 11:29:19.381048 | > call 503 (1.566s wait)
2024-02-28 11:29:21.053629 | > call 504 (1.618s wait)
2024-02-28 11:29:22.402922 | > call 505 (1.297s wait)
2024-02-28 11:29:24.013188 | > call 506 (1.557s wait)
2024-02-28 11:29:25.536953 | > call 507 (1.468s wait)
2024-02-28 11:29:27.163576 | > call 508 (1.571s wait)
2024-02-28 11:29:28.694053 | > call 509 (1.477s wait)
2024-02-28 11:29:30.265703 | > call 510 (1.518s wait)
2024-02-28 11:29:31.795933 | > call 511 (1.477s wait)
2024-02-28 11:29:33.405992 | > call 512 (1.554s wait)
2024-02-28 11:29:34.950446 | > call 513 (1.488s wait)
2024-02-28 11:29:36.380575 | > call 514 (1.375s wait)
2024-02-28 11:29:37.853666 | > call 515 (1.419s wait)
2024-02-28 11:29:39.399787 | > call 516 (1.490s wait)
2024-02-28 11:29:40.968330 | > call 517 (1.513s wait)
2024-02-28 11:29:42.557377 | > call 518 (1.534s wait)
2024-02-28 11:29:44.259090 | > call 519 (1.649s wait)
2024-02-28 11:29:45.823953 | > call 520 (1.507s wait)
2024-02-28 11:29:47.246121 | > call 521 (1.369s wait)
2024-02-28 11:29:48.775087 | > call 522 (1.477s wait)
2024-02-28 11:29:50.252576 | > call 523 (1.422s wait)
2024-02-28 11:29:51.922453 | > call 524 (1.616s wait)
2024-02-28 11:29:53.460668 | > call 525 (1.486s wait)
2024-02-28 11:29:55.012544 | > call 526 (1.499s wait)
2024-02-28 11:29:56.579297 | > call 527 (1.514s wait)
2024-02-28 11:29:57.966758 | > call 528 (1.336s wait)
2024-02-28 11:29:59.441554 | > call 529 (1.420s wait)
2024-02-28 11:30:00.932458 | > call 530 (1.435s wait)
2024-02-28 11:30:02.425232 | > call 531 (1.436s wait)
2024-02-28 11:30:03.883531 | > call 532 (1.403s wait)
2024-02-28 11:30:05.497908 | > call 533 (1.561s wait)
2024-02-28 11:30:06.820085 | > call 534 (1.267s wait)
2024-02-28 11:30:08.388568 | > call 535 (1.513s wait)
2024-02-28 11:30:09.968736 | > call 536 (1.522s wait)
2024-02-28 11:30:11.395142 | > call 537 (1.373s wait)
2024-02-28 11:30:12.837517 | > call 538 (1.390s wait)
2024-02-28 11:30:14.250099 | > call 539 (1.355s wait)
2024-02-28 11:30:15.935227 | > call 540 (1.633s wait)
2024-02-28 11:30:17.398229 | > call 541 (1.408s wait)
2024-02-28 11:30:19.041787 | > call 542 (1.590s wait)
2024-02-28 11:30:20.451333 | > call 543 (1.350s wait)
2024-02-28 11:30:22.128484 | > call 544 (1.623s wait)
2024-02-28 11:30:23.742949 | > call 545 (1.559s wait)
2024-02-28 11:30:25.309605 | > call 546 (1.512s wait)
2024-02-28 11:30:26.752861 | > call 547 (1.390s wait)
2024-02-28 11:30:28.364577 | > call 548 (1.557s wait)
2024-02-28 11:30:29.940652 | > call 549 (1.522s wait)
2024-02-28 11:30:31.501448 | > call 550 (1.495s wait)
2024-02-28 11:30:33.086904 | > call 551 (1.532s wait)
2024-02-28 11:30:34.634767 | > call 552 (1.495s wait)
2024-02-28 11:30:36.028752 | > call 553 (1.338s wait)
2024-02-28 11:30:37.547423 | > call 554 (1.464s wait)
2024-02-28 11:30:38.985362 | > call 555 (1.384s wait)
2024-02-28 11:30:40.578491 | > call 556 (1.538s wait)
2024-02-28 11:30:42.092993 | > call 557 (1.461s wait)
2024-02-28 11:30:43.607893 | > call 558 (1.463s wait)
2024-02-28 11:30:45.222132 | > call 559 (1.561s wait)
2024-02-28 11:30:46.625265 | > call 560 (1.349s wait)
2024-02-28 11:30:47.977813 | > call 561 (1.297s wait)
2024-02-28 11:30:49.423424 | > call 562 (1.392s wait)
2024-02-28 11:30:51.044204 | > call 563 (1.568s wait)
2024-02-28 11:30:52.471360 | > call 564 (1.369s wait)
2024-02-28 11:30:53.918661 | > call 565 (1.393s wait)
2024-02-28 11:30:55.307817 | > call 566 (1.335s wait)
2024-02-28 11:30:56.522308 | > call 567 (1.161s wait)
2024-02-28 11:30:58.152503 | > call 568 (1.575s wait)
2024-02-28 11:30:59.543964 | > call 569 (1.338s wait)
2024-02-28 11:31:00.836652 | > call 570 (1.234s wait)
2024-02-28 11:31:02.412870 | > call 571 (1.525s wait)
2024-02-28 11:31:03.841274 | > call 572 (1.377s wait)
2024-02-28 11:31:05.388107 | > call 573 (1.493s wait)
2024-02-28 11:31:06.934255 | > call 574 (1.494s wait)
2024-02-28 11:31:08.533465 | > call 575 (1.546s wait)
2024-02-28 11:31:09.925321 | > call 576 (1.340s wait)
2024-02-28 11:31:11.513792 | > call 577 (1.538s wait)
2024-02-28 11:31:12.853595 | > call 578 (1.288s wait)
2024-02-28 11:31:14.412512 | > call 579 (1.506s wait)
2024-02-28 11:31:15.945186 | > call 580 (1.479s wait)
2024-02-28 11:31:17.400435 | > call 581 (1.401s wait)
2024-02-28 11:31:18.997447 | > call 582 (1.543s wait)
2024-02-28 11:31:20.709881 | > call 583 (1.658s wait)
2024-02-28 11:31:22.228807 | > call 584 (1.462s wait)
2024-02-28 11:31:23.760480 | > call 585 (1.472s wait)
2024-02-28 11:31:25.414922 | > call 586 (1.596s wait)
2024-02-28 11:31:26.902543 | > call 587 (1.427s wait)
2024-02-28 11:31:28.342281 | > call 588 (1.382s wait)
2024-02-28 11:31:29.850591 | > call 589 (1.456s wait)
2024-02-28 11:31:31.273945 | > call 590 (1.370s wait)
2024-02-28 11:31:32.715259 | > call 591 (1.386s wait)
2024-02-28 11:31:34.255039 | > call 592 (1.483s wait)
2024-02-28 11:31:35.531505 | > call 593 (1.224s wait)
2024-02-28 11:31:36.807921 | > call 594 (1.209s wait)
2024-02-28 11:31:38.280676 | > call 595 (1.414s wait)
2024-02-28 11:31:39.874793 | > call 596 (1.538s wait)
2024-02-28 11:31:41.298533 | > call 597 (1.362s wait)
2024-02-28 11:31:42.803811 | > call 598 (1.450s wait)
2024-02-28 11:31:44.287243 | > call 599 (1.427s wait)
2024-02-28 11:31:45.628569 | > call 600 (1.284s wait)
2024-02-28 11:31:47.165769 | > call 601 (1.480s wait)
2024-02-28 11:31:48.662320 | > call 602 (1.441s wait)
2024-02-28 11:31:50.208213 | > call 603 (1.488s wait)
2024-02-28 11:31:51.678702 | > call 604 (1.418s wait)
2024-02-28 11:31:53.273207 | > call 605 (1.538s wait)
2024-02-28 11:31:54.809771 | > call 606 (1.477s wait)
2024-02-28 11:31:56.240239 | > call 607 (1.374s wait)
2024-02-28 11:31:57.796105 | > call 608 (1.498s wait)
2024-02-28 11:31:59.341414 | > call 609 (1.486s wait)
2024-02-28 11:32:00.791445 | > call 610 (1.392s wait)
2024-02-28 11:32:02.475305 | > call 611 (1.627s wait)
2024-02-28 11:32:03.813442 | > call 612 (1.285s wait)
2024-02-28 11:32:05.048395 | > call 613 (1.167s wait)
2024-02-28 11:32:06.265402 | > call 614 (1.157s wait)
2024-02-28 11:32:07.759941 | > call 615 (1.422s wait)
2024-02-28 11:32:09.135931 | > call 616 (1.315s wait)
2024-02-28 11:32:10.540823 | > call 617 (1.341s wait)
2024-02-28 11:32:11.776713 | > call 618 (1.164s wait)
2024-02-28 11:32:12.841563 | > call 619 (0.987s wait)
2024-02-28 11:32:13.965983 | > call 620 (1.067s wait)
2024-02-28 11:32:15.422706 | > call 621 (1.395s wait)
2024-02-28 11:32:16.893522 | > call 622 (1.411s wait)
2024-02-28 11:32:18.209818 | > call 623 (1.226s wait)
2024-02-28 11:32:19.389605 | > call 624 (1.112s wait)
2024-02-28 11:32:20.825035 | > call 625 (1.339s wait)
2024-02-28 11:32:22.267782 | > call 626 (1.377s wait)
2024-02-28 11:32:23.477961 | > call 627 (1.145s wait)
2024-02-28 11:32:24.749734 | > call 628 (1.206s wait)
2024-02-28 11:32:26.133167 | > call 629 (1.326s wait)
2024-02-28 11:32:27.495565 | > call 630 (1.294s wait)
2024-02-28 11:32:28.852958 | > call 631 (1.296s wait)
2024-02-28 11:32:29.938338 | > call 632 (1.027s wait)
2024-02-28 11:32:31.311893 | > call 633 (1.288s wait)
2024-02-28 11:32:32.680369 | > call 634 (1.312s wait)
2024-02-28 11:32:34.117022 | > call 635 (1.379s wait)
2024-02-28 11:32:35.494146 | > call 636 (1.309s wait)
2024-02-28 11:32:36.687693 | > call 637 (1.134s wait)
2024-02-28 11:32:38.046412 | > call 638 (1.293s wait)
2024-02-28 11:32:39.510080 | > call 639 (1.401s wait)
2024-02-28 11:32:41.045962 | > call 640 (1.480s wait)
2024-02-28 11:32:42.657283 | > call 641 (1.545s wait)
2024-02-28 11:32:43.980302 | > call 642 (1.264s wait)
2024-02-28 11:32:45.623870 | > call 643 (1.578s wait)
2024-02-28 11:32:46.827782 | > call 644 (1.147s wait)
2024-02-28 11:32:48.479633 | > call 645 (1.594s wait)
2024-02-28 11:32:49.866715 | > call 646 (1.326s wait)
2024-02-28 11:32:51.401950 | > call 647 (1.470s wait)
2024-02-28 11:32:52.826236 | > call 648 (1.369s wait)
2024-02-28 11:32:54.319926 | > call 649 (1.432s wait)
2024-02-28 11:32:55.752251 | > call 650 (1.374s wait)
2024-02-28 11:32:57.183046 | > call 651 (1.376s wait)
2024-02-28 11:32:58.372390 | > call 652 (1.133s wait)
2024-02-28 11:32:59.243693 | > call 653 (0.812s wait)
2024-02-28 11:32:59.244225 | shutting down worker
2024-02-28 11:32:59.244385 | 
Total: 653 in 43.50s [user], 0.24s [system], 852.07s [elapsed]
