2024-02-28 11:18:47.518534 | Master: tcp://nd85ed30123f4:9234
2024-02-28 11:18:47.522309 | connecting to: tcp://nd85ed30123f4:9234
2024-02-28 11:18:47.634546 | > call 1 (0.053s wait)
2024-02-28 11:18:48.334118 | > call 2 (0.217s wait)
2024-02-28 11:18:49.609103 | > call 3 (1.198s wait)
2024-02-28 11:18:50.949225 | > call 4 (1.281s wait)
2024-02-28 11:18:52.185414 | > call 5 (1.173s wait)
2024-02-28 11:18:53.407931 | > call 6 (1.142s wait)
2024-02-28 11:18:54.681609 | > call 7 (1.213s wait)
2024-02-28 11:18:55.817383 | > call 8 (1.077s wait)
2024-02-28 11:18:56.948979 | > call 9 (1.076s wait)
2024-02-28 11:18:58.236961 | > call 10 (1.232s wait)
2024-02-28 11:18:59.396322 | > call 11 (1.106s wait)
2024-02-28 11:19:00.635389 | > call 12 (1.186s wait)
2024-02-28 11:19:02.061843 | > call 13 (1.372s wait)
2024-02-28 11:19:03.262492 | > call 14 (1.147s wait)
2024-02-28 11:19:04.495076 | > call 15 (1.178s wait)
2024-02-28 11:19:05.663729 | > call 16 (1.113s wait)
2024-02-28 11:19:06.899698 | > call 17 (1.181s wait)
2024-02-28 11:19:08.031621 | > call 18 (1.077s wait)
2024-02-28 11:19:09.453952 | > call 19 (1.366s wait)
2024-02-28 11:19:10.694229 | > call 20 (1.186s wait)
2024-02-28 11:19:12.032212 | > call 21 (1.282s wait)
2024-02-28 11:19:13.178987 | > call 22 (1.092s wait)
2024-02-28 11:19:14.523293 | > call 23 (1.291s wait)
2024-02-28 11:19:15.905093 | > call 24 (1.330s wait)
2024-02-28 11:19:17.130389 | > call 25 (1.172s wait)
2024-02-28 11:19:18.435929 | > call 26 (1.251s wait)
2024-02-28 11:19:19.645114 | > call 27 (1.156s wait)
2024-02-28 11:19:20.779849 | > call 28 (1.083s wait)
2024-02-28 11:19:22.006481 | > call 29 (1.175s wait)
2024-02-28 11:19:23.249207 | > call 30 (1.187s wait)
2024-02-28 11:19:24.235013 | > call 31 (0.932s wait)
2024-02-28 11:19:25.426931 | > call 32 (1.137s wait)
2024-02-28 11:19:26.563544 | > call 33 (1.060s wait)
2024-02-28 11:19:27.665192 | > call 34 (1.046s wait)
2024-02-28 11:19:28.888529 | > call 35 (1.169s wait)
2024-02-28 11:19:29.967166 | > call 36 (1.026s wait)
2024-02-28 11:19:31.324875 | > call 37 (1.303s wait)
2024-02-28 11:19:32.663366 | > call 38 (1.266s wait)
2024-02-28 11:19:33.860609 | > call 39 (1.125s wait)
2024-02-28 11:19:35.193258 | > call 40 (1.252s wait)
2024-02-28 11:19:36.396564 | > call 41 (1.132s wait)
2024-02-28 11:19:37.562978 | > call 42 (1.093s wait)
2024-02-28 11:19:38.886791 | > call 43 (1.254s wait)
2024-02-28 11:19:40.280291 | > call 44 (1.326s wait)
2024-02-28 11:19:41.496870 | > call 45 (1.143s wait)
2024-02-28 11:19:42.708858 | > call 46 (1.143s wait)
2024-02-28 11:19:44.085612 | > call 47 (1.303s wait)
2024-02-28 11:19:45.391539 | > call 48 (1.232s wait)
2024-02-28 11:19:46.428851 | > call 49 (0.965s wait)
2024-02-28 11:19:47.722101 | > call 50 (1.225s wait)
2024-02-28 11:19:48.845600 | > call 51 (1.056s wait)
2024-02-28 11:19:50.118002 | > call 52 (1.203s wait)
2024-02-28 11:19:51.276319 | > call 53 (1.082s wait)
2024-02-28 11:19:52.605297 | > call 54 (1.262s wait)
2024-02-28 11:19:53.818826 | > call 55 (1.145s wait)
2024-02-28 11:19:55.013530 | > call 56 (1.121s wait)
2024-02-28 11:19:56.214131 | > call 57 (1.133s wait)
2024-02-28 11:19:57.488016 | > call 58 (1.202s wait)
2024-02-28 11:19:58.677888 | > call 59 (1.116s wait)
2024-02-28 11:19:59.814981 | > call 60 (1.062s wait)
2024-02-28 11:20:00.955775 | > call 61 (1.066s wait)
2024-02-28 11:20:02.114961 | > call 62 (1.078s wait)
2024-02-28 11:20:03.422946 | > call 63 (1.231s wait)
2024-02-28 11:20:04.684691 | > call 64 (1.190s wait)
2024-02-28 11:20:05.776697 | > call 65 (1.015s wait)
2024-02-28 11:20:07.080795 | > call 66 (1.227s wait)
2024-02-28 11:20:08.216751 | > call 67 (1.058s wait)
2024-02-28 11:20:09.410761 | > call 68 (1.115s wait)
2024-02-28 11:20:10.409609 | > call 69 (0.927s wait)
2024-02-28 11:20:11.350745 | > call 70 (0.866s wait)
2024-02-28 11:20:12.693281 | > call 71 (1.271s wait)
2024-02-28 11:20:13.908150 | > call 72 (1.144s wait)
2024-02-28 11:20:15.105424 | > call 73 (1.124s wait)
2024-02-28 11:20:16.304432 | > call 74 (1.126s wait)
2024-02-28 11:20:17.433741 | > call 75 (1.056s wait)
2024-02-28 11:20:18.624082 | > call 76 (1.116s wait)
2024-02-28 11:20:19.913403 | > call 77 (1.201s wait)
2024-02-28 11:20:21.104238 | > call 78 (1.114s wait)
2024-02-28 11:20:22.440161 | > call 79 (1.261s wait)
2024-02-28 11:20:23.676736 | > call 80 (1.165s wait)
2024-02-28 11:20:24.980984 | > call 81 (1.226s wait)
2024-02-28 11:20:26.203778 | > call 82 (1.146s wait)
2024-02-28 11:20:27.373008 | > call 83 (1.089s wait)
2024-02-28 11:20:28.736560 | > call 84 (1.292s wait)
2024-02-28 11:20:29.810046 | > call 85 (0.995s wait)
2024-02-28 11:20:30.923247 | > call 86 (1.034s wait)
2024-02-28 11:20:32.278053 | > call 87 (1.282s wait)
2024-02-28 11:20:33.471716 | > call 88 (1.121s wait)
2024-02-28 11:20:34.744089 | > call 89 (1.190s wait)
2024-02-28 11:20:36.036281 | > call 90 (1.220s wait)
2024-02-28 11:20:37.191191 | > call 91 (1.083s wait)
2024-02-28 11:20:38.361364 | > call 92 (1.075s wait)
2024-02-28 11:20:39.690143 | > call 93 (1.252s wait)
2024-02-28 11:20:40.929167 | > call 94 (1.159s wait)
2024-02-28 11:20:42.240020 | > call 95 (1.236s wait)
2024-02-28 11:20:43.427079 | > call 96 (1.102s wait)
2024-02-28 11:20:44.409345 | > call 97 (0.896s wait)
2024-02-28 11:20:45.624187 | > call 98 (1.130s wait)
2024-02-28 11:20:46.910361 | > call 99 (1.202s wait)
2024-02-28 11:20:48.192981 | > call 100 (1.198s wait)
2024-02-28 11:20:49.544105 | > call 101 (1.276s wait)
2024-02-28 11:20:50.597423 | > call 102 (0.975s wait)
2024-02-28 11:20:51.820622 | > call 103 (1.135s wait)
2024-02-28 11:20:52.982897 | > call 104 (1.081s wait)
2024-02-28 11:20:54.237593 | > call 105 (1.164s wait)
2024-02-28 11:20:55.394374 | > call 106 (1.070s wait)
2024-02-28 11:20:56.498862 | > call 107 (1.021s wait)
2024-02-28 11:20:57.734146 | > call 108 (1.144s wait)
2024-02-28 11:20:59.153821 | > call 109 (1.334s wait)
2024-02-28 11:21:00.407468 | > call 110 (1.171s wait)
2024-02-28 11:21:01.589660 | > call 111 (1.103s wait)
2024-02-28 11:21:03.006144 | > call 112 (1.336s wait)
2024-02-28 11:21:04.396986 | > call 113 (1.308s wait)
2024-02-28 11:21:05.609891 | > call 114 (1.133s wait)
2024-02-28 11:21:06.952541 | > call 115 (1.260s wait)
2024-02-28 11:21:08.281404 | > call 116 (1.241s wait)
2024-02-28 11:21:09.407078 | > call 117 (1.041s wait)
2024-02-28 11:21:10.736305 | > call 118 (1.246s wait)
2024-02-28 11:21:12.060889 | > call 119 (1.243s wait)
2024-02-28 11:21:13.310859 | > call 120 (1.175s wait)
2024-02-28 11:21:14.529940 | > call 121 (1.149s wait)
2024-02-28 11:21:15.493687 | > call 122 (0.893s wait)
2024-02-28 11:21:16.664254 | > call 123 (1.100s wait)
2024-02-28 11:21:17.857863 | > call 124 (1.119s wait)
2024-02-28 11:21:19.053147 | > call 125 (1.123s wait)
2024-02-28 11:21:20.167043 | > call 126 (1.043s wait)
2024-02-28 11:21:21.414057 | > call 127 (1.171s wait)
2024-02-28 11:21:22.772173 | > call 128 (1.282s wait)
2024-02-28 11:21:24.097578 | > call 129 (1.255s wait)
2024-02-28 11:21:25.361388 | > call 130 (1.190s wait)
2024-02-28 11:21:26.545263 | > call 131 (1.107s wait)
2024-02-28 11:21:27.694751 | > call 132 (1.080s wait)
2024-02-28 11:21:28.967403 | > call 133 (1.193s wait)
2024-02-28 11:21:30.298763 | > call 134 (1.260s wait)
2024-02-28 11:21:31.402602 | > call 135 (1.030s wait)
2024-02-28 11:21:32.633642 | > call 136 (1.153s wait)
2024-02-28 11:21:33.942283 | > call 137 (1.234s wait)
2024-02-28 11:21:35.207828 | > call 138 (1.187s wait)
2024-02-28 11:21:36.592788 | > call 139 (1.307s wait)
2024-02-28 11:21:37.789087 | > call 140 (1.120s wait)
2024-02-28 11:21:39.009587 | > call 141 (1.147s wait)
2024-02-28 11:21:40.471965 | > call 142 (1.386s wait)
2024-02-28 11:21:41.592511 | > call 143 (1.051s wait)
2024-02-28 11:21:42.716587 | > call 144 (1.052s wait)
2024-02-28 11:21:44.049176 | > call 145 (1.260s wait)
2024-02-28 11:21:45.160209 | > call 146 (1.030s wait)
2024-02-28 11:21:46.291345 | > call 147 (1.052s wait)
2024-02-28 11:21:47.523391 | > call 148 (1.137s wait)
2024-02-28 11:21:48.789238 | > call 149 (1.191s wait)
2024-02-28 11:21:49.843588 | > call 150 (0.982s wait)
2024-02-28 11:21:51.115788 | > call 151 (1.199s wait)
2024-02-28 11:21:52.365335 | > call 152 (1.176s wait)
2024-02-28 11:21:53.499212 | > call 153 (1.065s wait)
2024-02-28 11:21:54.802115 | > call 154 (1.230s wait)
2024-02-28 11:21:56.096466 | > call 155 (1.226s wait)
2024-02-28 11:21:57.424949 | > call 156 (1.260s wait)
2024-02-28 11:21:58.635074 | > call 157 (1.143s wait)
2024-02-28 11:21:59.855787 | > call 158 (1.148s wait)
2024-02-28 11:22:01.183326 | > call 159 (1.254s wait)
2024-02-28 11:22:02.589999 | > call 160 (1.333s wait)
2024-02-28 11:22:03.785049 | > call 161 (1.123s wait)
2024-02-28 11:22:05.007390 | > call 162 (1.158s wait)
2024-02-28 11:22:06.244795 | > call 163 (1.168s wait)
2024-02-28 11:22:07.327742 | > call 164 (1.004s wait)
2024-02-28 11:22:08.606984 | > call 165 (1.212s wait)
2024-02-28 11:22:09.815604 | > call 166 (1.142s wait)
2024-02-28 11:22:11.100121 | > call 167 (1.220s wait)
2024-02-28 11:22:12.367620 | > call 168 (1.203s wait)
2024-02-28 11:22:13.458132 | > call 169 (1.019s wait)
2024-02-28 11:22:14.761679 | > call 170 (1.230s wait)
2024-02-28 11:22:15.882622 | > call 171 (1.050s wait)
2024-02-28 11:22:17.140053 | > call 172 (1.189s wait)
2024-02-28 11:22:18.426902 | > call 173 (1.223s wait)
2024-02-28 11:22:19.584638 | > call 174 (1.085s wait)
2024-02-28 11:22:20.644751 | > call 175 (0.988s wait)
2024-02-28 11:22:21.869006 | > call 176 (1.148s wait)
2024-02-28 11:22:23.122557 | > call 177 (1.169s wait)
2024-02-28 11:22:24.484294 | > call 178 (1.295s wait)
2024-02-28 11:22:25.818380 | > call 179 (1.260s wait)
2024-02-28 11:22:26.984791 | > call 180 (1.086s wait)
2024-02-28 11:22:28.149418 | > call 181 (1.086s wait)
2024-02-28 11:22:29.412441 | > call 182 (1.188s wait)
2024-02-28 11:22:30.662199 | > call 183 (1.174s wait)
2024-02-28 11:22:31.862406 | > call 184 (1.125s wait)
2024-02-28 11:22:33.097845 | > call 185 (1.158s wait)
2024-02-28 11:22:34.306255 | > call 186 (1.138s wait)
2024-02-28 11:22:35.736379 | > call 187 (1.351s wait)
2024-02-28 11:22:36.987579 | > call 188 (1.179s wait)
2024-02-28 11:22:38.321412 | > call 189 (1.265s wait)
2024-02-28 11:22:39.580039 | > call 190 (1.183s wait)
2024-02-28 11:22:40.722186 | > call 191 (1.068s wait)
2024-02-28 11:22:42.164844 | > call 192 (1.374s wait)
2024-02-28 11:22:43.371972 | > call 193 (1.129s wait)
2024-02-28 11:22:44.618744 | > call 194 (1.172s wait)
2024-02-28 11:22:45.900262 | > call 195 (1.204s wait)
2024-02-28 11:22:46.952865 | > call 196 (0.977s wait)
2024-02-28 11:22:48.162667 | > call 197 (1.134s wait)
2024-02-28 11:22:49.177084 | > call 198 (0.937s wait)
2024-02-28 11:22:50.390860 | > call 199 (1.133s wait)
2024-02-28 11:22:51.538738 | > call 200 (1.067s wait)
2024-02-28 11:22:52.736582 | > call 201 (1.125s wait)
2024-02-28 11:22:54.113233 | > call 202 (1.299s wait)
2024-02-28 11:22:55.262512 | > call 203 (1.079s wait)
2024-02-28 11:22:56.334854 | > call 204 (1.001s wait)
2024-02-28 11:22:57.491768 | > call 205 (1.088s wait)
2024-02-28 11:22:58.601906 | > call 206 (1.039s wait)
2024-02-28 11:22:59.927662 | > call 207 (1.257s wait)
2024-02-28 11:23:01.034952 | > call 208 (1.038s wait)
2024-02-28 11:23:02.067485 | > call 209 (0.963s wait)
2024-02-28 11:23:03.107555 | > call 210 (0.968s wait)
2024-02-28 11:23:04.497759 | > call 211 (1.321s wait)
2024-02-28 11:23:05.761345 | > call 212 (1.194s wait)
2024-02-28 11:23:06.986319 | > call 213 (1.153s wait)
2024-02-28 11:23:08.308798 | > call 214 (1.256s wait)
2024-02-28 11:23:09.568929 | > call 215 (1.192s wait)
2024-02-28 11:23:10.627196 | > call 216 (0.989s wait)
2024-02-28 11:23:12.007553 | > call 217 (1.304s wait)
2024-02-28 11:23:13.284481 | > call 218 (1.207s wait)
2024-02-28 11:23:14.634971 | > call 219 (1.273s wait)
2024-02-28 11:23:15.788853 | > call 220 (1.083s wait)
2024-02-28 11:23:16.934260 | > call 221 (1.074s wait)
2024-02-28 11:23:18.063199 | > call 222 (1.062s wait)
2024-02-28 11:23:19.301451 | > call 223 (1.169s wait)
2024-02-28 11:23:20.705615 | > call 224 (1.333s wait)
2024-02-28 11:23:22.042791 | > call 225 (1.270s wait)
2024-02-28 11:23:23.193443 | > call 226 (1.075s wait)
2024-02-28 11:23:24.378672 | > call 227 (1.111s wait)
2024-02-28 11:23:25.526969 | > call 228 (1.072s wait)
2024-02-28 11:23:26.851973 | > call 229 (1.254s wait)
2024-02-28 11:23:28.089483 | > call 230 (1.166s wait)
2024-02-28 11:23:29.269136 | > call 231 (1.111s wait)
2024-02-28 11:23:30.508775 | > call 232 (1.168s wait)
2024-02-28 11:23:31.833703 | > call 233 (1.249s wait)
2024-02-28 11:23:32.990679 | > call 234 (1.092s wait)
2024-02-28 11:23:34.366554 | > call 235 (1.302s wait)
2024-02-28 11:23:35.627412 | > call 236 (1.186s wait)
2024-02-28 11:23:36.895807 | > call 237 (1.196s wait)
2024-02-28 11:23:38.077780 | > call 238 (1.115s wait)
2024-02-28 11:23:39.193562 | > call 239 (1.046s wait)
2024-02-28 11:23:40.387980 | > call 240 (1.126s wait)
2024-02-28 11:23:41.767649 | > call 241 (1.312s wait)
2024-02-28 11:23:42.981660 | > call 242 (1.144s wait)
2024-02-28 11:23:44.273593 | > call 243 (1.221s wait)
2024-02-28 11:23:45.339624 | > call 244 (0.999s wait)
2024-02-28 11:23:46.545501 | > call 245 (1.132s wait)
2024-02-28 11:23:47.719882 | > call 246 (1.092s wait)
2024-02-28 11:23:48.838122 | > call 247 (1.051s wait)
2024-02-28 11:23:49.916319 | > call 248 (1.008s wait)
2024-02-28 11:23:51.305570 | > call 249 (1.319s wait)
2024-02-28 11:23:52.467900 | > call 250 (1.087s wait)
2024-02-28 11:23:53.655475 | > call 251 (1.109s wait)
2024-02-28 11:23:54.906498 | > call 252 (1.178s wait)
2024-02-28 11:23:56.108901 | > call 253 (1.124s wait)
2024-02-28 11:23:57.342004 | > call 254 (1.155s wait)
2024-02-28 11:23:58.742586 | > call 255 (1.303s wait)
2024-02-28 11:23:59.986845 | > call 256 (1.169s wait)
2024-02-28 11:24:01.247200 | > call 257 (1.183s wait)
2024-02-28 11:24:02.468569 | > call 258 (1.146s wait)
2024-02-28 11:24:03.676622 | > call 259 (1.118s wait)
2024-02-28 11:24:04.948467 | > call 260 (1.194s wait)
2024-02-28 11:24:06.161621 | > call 261 (1.133s wait)
2024-02-28 11:24:07.337059 | > call 262 (1.095s wait)
2024-02-28 11:24:08.399448 | > call 263 (0.987s wait)
2024-02-28 11:24:09.792444 | > call 264 (1.308s wait)
2024-02-28 11:24:11.105327 | > call 265 (1.231s wait)
2024-02-28 11:24:12.477618 | > call 266 (1.295s wait)
2024-02-28 11:24:13.749057 | > call 267 (1.191s wait)
2024-02-28 11:24:14.924050 | > call 268 (1.098s wait)
2024-02-28 11:24:16.222946 | > call 269 (1.218s wait)
2024-02-28 11:24:17.285697 | > call 270 (0.988s wait)
2024-02-28 11:24:18.500343 | > call 271 (1.139s wait)
2024-02-28 11:24:19.661459 | > call 272 (1.089s wait)
2024-02-28 11:24:20.870850 | > call 273 (1.141s wait)
2024-02-28 11:24:22.142695 | > call 274 (1.198s wait)
2024-02-28 11:24:23.378724 | > call 275 (1.164s wait)
2024-02-28 11:24:24.653089 | > call 276 (1.205s wait)
2024-02-28 11:24:25.682549 | > call 277 (0.959s wait)
2024-02-28 11:24:26.945635 | > call 278 (1.194s wait)
2024-02-28 11:24:28.108154 | > call 279 (1.095s wait)
2024-02-28 11:24:29.139910 | > call 280 (0.962s wait)
2024-02-28 11:24:30.439054 | > call 281 (1.221s wait)
2024-02-28 11:24:31.613874 | > call 282 (1.097s wait)
2024-02-28 11:24:32.811546 | > call 283 (1.130s wait)
2024-02-28 11:24:33.997878 | > call 284 (1.115s wait)
2024-02-28 11:24:35.107653 | > call 285 (1.035s wait)
2024-02-28 11:24:36.259669 | > call 286 (1.078s wait)
2024-02-28 11:24:37.441125 | > call 287 (1.109s wait)
2024-02-28 11:24:38.746627 | > call 288 (1.218s wait)
2024-02-28 11:24:40.053279 | > call 289 (1.233s wait)
2024-02-28 11:24:41.228798 | > call 290 (1.104s wait)
2024-02-28 11:24:42.418902 | > call 291 (1.118s wait)
2024-02-28 11:24:43.656435 | > call 292 (1.169s wait)
2024-02-28 11:24:44.731414 | > call 293 (1.003s wait)
2024-02-28 11:24:45.942190 | > call 294 (1.133s wait)
2024-02-28 11:24:47.087268 | > call 295 (1.077s wait)
2024-02-28 11:24:48.408056 | > call 296 (1.249s wait)
2024-02-28 11:24:49.597758 | > call 297 (1.121s wait)
2024-02-28 11:24:50.692165 | > call 298 (1.015s wait)
2024-02-28 11:24:51.810155 | > call 299 (1.026s wait)
2024-02-28 11:24:53.040112 | > call 300 (1.133s wait)
2024-02-28 11:24:54.419738 | > call 301 (1.303s wait)
2024-02-28 11:24:55.702460 | > call 302 (1.214s wait)
2024-02-28 11:24:57.124218 | > call 303 (1.351s wait)
2024-02-28 11:24:58.353332 | > call 304 (1.166s wait)
2024-02-28 11:24:59.590255 | > call 305 (1.170s wait)
2024-02-28 11:25:00.713754 | > call 306 (1.060s wait)
2024-02-28 11:25:01.937577 | > call 307 (1.153s wait)
2024-02-28 11:25:03.175079 | > call 308 (1.172s wait)
2024-02-28 11:25:04.473967 | > call 309 (1.230s wait)
2024-02-28 11:25:05.475849 | > call 310 (0.928s wait)
2024-02-28 11:25:06.719863 | > call 311 (1.179s wait)
2024-02-28 11:25:07.907941 | > call 312 (1.121s wait)
2024-02-28 11:25:09.138627 | > call 313 (1.164s wait)
2024-02-28 11:25:10.272877 | > call 314 (1.068s wait)
2024-02-28 11:25:11.635590 | > call 315 (1.298s wait)
2024-02-28 11:25:12.740543 | > call 316 (1.036s wait)
2024-02-28 11:25:13.868861 | > call 317 (1.061s wait)
2024-02-28 11:25:15.047824 | > call 318 (1.111s wait)
2024-02-28 11:25:16.282669 | > call 319 (1.170s wait)
2024-02-28 11:25:17.546200 | > call 320 (1.194s wait)
2024-02-28 11:25:18.761535 | > call 321 (1.149s wait)
2024-02-28 11:25:20.260424 | > call 322 (1.430s wait)
2024-02-28 11:25:21.332429 | > call 323 (1.002s wait)
2024-02-28 11:25:22.753847 | > call 324 (1.353s wait)
2024-02-28 11:25:24.052458 | > call 325 (1.233s wait)
2024-02-28 11:25:25.264424 | > call 326 (1.146s wait)
2024-02-28 11:25:26.549820 | > call 327 (1.219s wait)
2024-02-28 11:25:27.746888 | > call 328 (1.131s wait)
2024-02-28 11:25:28.818376 | > call 329 (1.004s wait)
2024-02-28 11:25:30.216956 | > call 330 (1.328s wait)
2024-02-28 11:25:31.329333 | > call 331 (1.048s wait)
2024-02-28 11:25:32.535162 | > call 332 (1.141s wait)
2024-02-28 11:25:33.701458 | > call 333 (1.092s wait)
2024-02-28 11:25:34.969233 | > call 334 (1.203s wait)
2024-02-28 11:25:35.993539 | > call 335 (0.959s wait)
2024-02-28 11:25:37.274650 | > call 336 (1.215s wait)
2024-02-28 11:25:38.304192 | > call 337 (0.966s wait)
2024-02-28 11:25:39.637231 | > call 338 (1.264s wait)
2024-02-28 11:25:40.764567 | > call 339 (1.062s wait)
2024-02-28 11:25:41.998588 | > call 340 (1.169s wait)
2024-02-28 11:25:43.363662 | > call 341 (1.297s wait)
2024-02-28 11:25:44.697672 | > call 342 (1.270s wait)
2024-02-28 11:25:45.851120 | > call 343 (1.088s wait)
2024-02-28 11:25:47.087517 | > call 344 (1.170s wait)
2024-02-28 11:25:48.213192 | > call 345 (1.061s wait)
2024-02-28 11:25:49.507163 | > call 346 (1.228s wait)
2024-02-28 11:25:50.696621 | > call 347 (1.125s wait)
2024-02-28 11:25:51.852329 | > call 348 (1.090s wait)
2024-02-28 11:25:53.028323 | > call 349 (1.109s wait)
2024-02-28 11:25:54.325585 | > call 350 (1.232s wait)
2024-02-28 11:25:55.484280 | > call 351 (1.091s wait)
2024-02-28 11:25:56.805202 | > call 352 (1.258s wait)
2024-02-28 11:25:57.955651 | > call 353 (1.086s wait)
2024-02-28 11:25:59.109792 | > call 354 (1.089s wait)
2024-02-28 11:26:00.316518 | > call 355 (1.136s wait)
2024-02-28 11:26:01.726252 | > call 356 (1.336s wait)
2024-02-28 11:26:02.914425 | > call 357 (1.113s wait)
2024-02-28 11:26:04.288433 | > call 358 (1.304s wait)
2024-02-28 11:26:05.390491 | > call 359 (1.038s wait)
2024-02-28 11:26:06.603715 | > call 360 (1.150s wait)
2024-02-28 11:26:07.850625 | > call 361 (1.174s wait)
2024-02-28 11:26:08.989201 | > call 362 (1.064s wait)
2024-02-28 11:26:10.084306 | > call 363 (1.027s wait)
2024-02-28 11:26:11.254715 | > call 364 (1.107s wait)
2024-02-28 11:26:12.517499 | > call 365 (1.204s wait)
2024-02-28 11:26:13.710942 | > call 366 (1.130s wait)
2024-02-28 11:26:14.974942 | > call 367 (1.205s wait)
2024-02-28 11:26:16.275070 | > call 368 (1.239s wait)
2024-02-28 11:26:17.464269 | > call 369 (1.130s wait)
2024-02-28 11:26:18.628491 | > call 370 (1.106s wait)
2024-02-28 11:26:19.782792 | > call 371 (1.094s wait)
2024-02-28 11:26:20.901347 | > call 372 (1.054s wait)
2024-02-28 11:26:22.216440 | > call 373 (1.245s wait)
2024-02-28 11:26:23.391044 | > call 374 (1.105s wait)
2024-02-28 11:26:24.625234 | > call 375 (1.176s wait)
2024-02-28 11:26:25.775849 | > call 376 (1.088s wait)
2024-02-28 11:26:26.871687 | > call 377 (1.035s wait)
2024-02-28 11:26:27.892077 | > call 378 (0.963s wait)
2024-02-28 11:26:28.943935 | > call 379 (0.992s wait)
2024-02-28 11:26:30.327589 | > call 380 (1.321s wait)
2024-02-28 11:26:31.489749 | > call 381 (1.099s wait)
2024-02-28 11:26:32.571309 | > call 382 (1.021s wait)
2024-02-28 11:26:33.492841 | > call 383 (0.862s wait)
2024-02-28 11:26:34.804558 | > call 384 (1.253s wait)
2024-02-28 11:26:36.104515 | > call 385 (1.244s wait)
2024-02-28 11:26:37.330499 | > call 386 (1.164s wait)
2024-02-28 11:26:38.603779 | > call 387 (1.214s wait)
2024-02-28 11:26:39.758284 | > call 388 (1.096s wait)
2024-02-28 11:26:41.148053 | > call 389 (1.330s wait)
2024-02-28 11:26:42.545962 | > call 390 (1.341s wait)
2024-02-28 11:26:44.079420 | > call 391 (1.472s wait)
2024-02-28 11:26:45.425898 | > call 392 (1.288s wait)
2024-02-28 11:26:46.712741 | > call 393 (1.230s wait)
2024-02-28 11:26:48.075575 | > call 394 (1.307s wait)
2024-02-28 11:26:49.248955 | > call 395 (1.114s wait)
2024-02-28 11:26:50.778598 | > call 396 (1.472s wait)
2024-02-28 11:26:52.159977 | > call 397 (1.317s wait)
2024-02-28 11:26:53.433334 | > call 398 (1.216s wait)
2024-02-28 11:26:54.628881 | > call 399 (1.138s wait)
2024-02-28 11:26:55.944231 | > call 400 (1.258s wait)
2024-02-28 11:26:57.436754 | > call 401 (1.435s wait)
2024-02-28 11:26:58.651633 | > call 402 (1.156s wait)
2024-02-28 11:26:59.752457 | > call 403 (1.042s wait)
2024-02-28 11:27:00.991615 | > call 404 (1.182s wait)
2024-02-28 11:27:02.324136 | > call 405 (1.276s wait)
2024-02-28 11:27:03.757041 | > call 406 (1.378s wait)
2024-02-28 11:27:05.002261 | > call 407 (1.187s wait)
2024-02-28 11:27:06.300692 | > call 408 (1.243s wait)
2024-02-28 11:27:07.476730 | > call 409 (1.120s wait)
2024-02-28 11:27:08.793458 | > call 410 (1.261s wait)
2024-02-28 11:27:10.219238 | > call 411 (1.371s wait)
2024-02-28 11:27:11.391576 | > call 412 (1.116s wait)
2024-02-28 11:27:12.781212 | > call 413 (1.320s wait)
2024-02-28 11:27:13.968025 | > call 414 (1.124s wait)
2024-02-28 11:27:15.288778 | > call 415 (1.250s wait)
2024-02-28 11:27:16.626539 | > call 416 (1.282s wait)
2024-02-28 11:27:17.967612 | > call 417 (1.286s wait)
2024-02-28 11:27:19.355906 | > call 418 (1.329s wait)
2024-02-28 11:27:20.726831 | > call 419 (1.314s wait)
2024-02-28 11:27:22.236758 | > call 420 (1.450s wait)
2024-02-28 11:27:23.552492 | > call 421 (1.261s wait)
2024-02-28 11:27:24.881591 | > call 422 (1.274s wait)
2024-02-28 11:27:26.075153 | > call 423 (1.134s wait)
2024-02-28 11:27:27.223832 | > call 424 (1.080s wait)
2024-02-28 11:27:28.545320 | > call 425 (1.265s wait)
2024-02-28 11:27:29.889306 | > call 426 (1.290s wait)
2024-02-28 11:27:31.315852 | > call 427 (1.370s wait)
2024-02-28 11:27:32.489359 | > call 428 (1.113s wait)
2024-02-28 11:27:33.920845 | > call 429 (1.372s wait)
2024-02-28 11:27:35.271453 | > call 430 (1.295s wait)
2024-02-28 11:27:36.561259 | > call 431 (1.230s wait)
2024-02-28 11:27:37.997480 | > call 432 (1.382s wait)
2024-02-28 11:27:39.232418 | > call 433 (1.177s wait)
2024-02-28 11:27:40.592533 | > call 434 (1.301s wait)
2024-02-28 11:27:41.561595 | > call 435 (0.911s wait)
2024-02-28 11:27:42.848453 | > call 436 (1.227s wait)
2024-02-28 11:27:44.300780 | > call 437 (1.392s wait)
2024-02-28 11:27:45.811145 | > call 438 (1.451s wait)
2024-02-28 11:27:47.359367 | > call 439 (1.490s wait)
2024-02-28 11:27:48.759350 | > call 440 (1.342s wait)
2024-02-28 11:27:50.010383 | > call 441 (1.195s wait)
2024-02-28 11:27:51.514502 | > call 442 (1.448s wait)
2024-02-28 11:27:52.960884 | > call 443 (1.387s wait)
2024-02-28 11:27:54.339549 | > call 444 (1.320s wait)
2024-02-28 11:27:55.782826 | > call 445 (1.384s wait)
2024-02-28 11:27:57.414140 | > call 446 (1.576s wait)
2024-02-28 11:27:58.876690 | > call 447 (1.401s wait)
2024-02-28 11:28:00.397967 | > call 448 (1.463s wait)
2024-02-28 11:28:01.872733 | > call 449 (1.418s wait)
2024-02-28 11:28:03.384540 | > call 450 (1.452s wait)
2024-02-28 11:28:04.962549 | > call 451 (1.516s wait)
2024-02-28 11:28:06.359133 | > call 452 (1.336s wait)
2024-02-28 11:28:07.783402 | > call 453 (1.367s wait)
2024-02-28 11:28:09.205604 | > call 454 (1.365s wait)
2024-02-28 11:28:10.733695 | > call 455 (1.469s wait)
2024-02-28 11:28:12.230378 | > call 456 (1.438s wait)
2024-02-28 11:28:13.481060 | > call 457 (1.194s wait)
2024-02-28 11:28:14.807517 | > call 458 (1.271s wait)
2024-02-28 11:28:16.147552 | > call 459 (1.281s wait)
2024-02-28 11:28:17.591633 | > call 460 (1.386s wait)
2024-02-28 11:28:18.944939 | > call 461 (1.295s wait)
2024-02-28 11:28:20.400032 | > call 462 (1.397s wait)
2024-02-28 11:28:21.689691 | > call 463 (1.233s wait)
2024-02-28 11:28:23.259425 | > call 464 (1.513s wait)
2024-02-28 11:28:24.725279 | > call 465 (1.404s wait)
2024-02-28 11:28:26.135462 | > call 466 (1.349s wait)
2024-02-28 11:28:27.499038 | > call 467 (1.306s wait)
2024-02-28 11:28:28.900572 | > call 468 (1.342s wait)
2024-02-28 11:28:30.408811 | > call 469 (1.452s wait)
2024-02-28 11:28:31.847974 | > call 470 (1.374s wait)
2024-02-28 11:28:33.304755 | > call 471 (1.397s wait)
2024-02-28 11:28:34.751227 | > call 472 (1.392s wait)
2024-02-28 11:28:36.187334 | > call 473 (1.383s wait)
2024-02-28 11:28:37.603198 | > call 474 (1.360s wait)
2024-02-28 11:28:38.831766 | > call 475 (1.175s wait)
2024-02-28 11:28:40.219823 | > call 476 (1.336s wait)
2024-02-28 11:28:41.684996 | > call 477 (1.413s wait)
2024-02-28 11:28:43.186630 | > call 478 (1.448s wait)
2024-02-28 11:28:44.326011 | > call 479 (1.085s wait)
2024-02-28 11:28:45.656791 | > call 480 (1.278s wait)
2024-02-28 11:28:47.136517 | > call 481 (1.427s wait)
2024-02-28 11:28:48.500327 | > call 482 (1.307s wait)
2024-02-28 11:28:49.741225 | > call 483 (1.189s wait)
2024-02-28 11:28:51.210995 | > call 484 (1.417s wait)
2024-02-28 11:28:52.672377 | > call 485 (1.408s wait)
2024-02-28 11:28:54.078364 | > call 486 (1.352s wait)
2024-02-28 11:28:55.580564 | > call 487 (1.444s wait)
2024-02-28 11:28:56.979765 | > call 488 (1.345s wait)
2024-02-28 11:28:58.281695 | > call 489 (1.248s wait)
2024-02-28 11:28:59.757045 | > call 490 (1.422s wait)
2024-02-28 11:29:01.212045 | > call 491 (1.401s wait)
2024-02-28 11:29:02.449232 | > call 492 (1.180s wait)
2024-02-28 11:29:03.560134 | > call 493 (1.047s wait)
2024-02-28 11:29:05.008421 | > call 494 (1.396s wait)
2024-02-28 11:29:06.476895 | > call 495 (1.411s wait)
2024-02-28 11:29:07.930780 | > call 496 (1.400s wait)
2024-02-28 11:29:09.569104 | > call 497 (1.586s wait)
2024-02-28 11:29:10.979893 | > call 498 (1.357s wait)
2024-02-28 11:29:12.326957 | > call 499 (1.292s wait)
2024-02-28 11:29:13.748536 | > call 500 (1.369s wait)
2024-02-28 11:29:15.207684 | > call 501 (1.404s wait)
2024-02-28 11:29:16.873142 | > call 502 (1.609s wait)
2024-02-28 11:29:18.383449 | > call 503 (1.456s wait)
2024-02-28 11:29:19.973511 | > call 504 (1.536s wait)
2024-02-28 11:29:21.694669 | > call 505 (1.668s wait)
2024-02-28 11:29:22.888735 | > call 506 (1.141s wait)
2024-02-28 11:29:24.637093 | > call 507 (1.694s wait)
2024-02-28 11:29:26.170481 | > call 508 (1.480s wait)
2024-02-28 11:29:27.807909 | > call 509 (1.584s wait)
2024-02-28 11:29:29.409979 | > call 510 (1.548s wait)
2024-02-28 11:29:30.895681 | > call 511 (1.432s wait)
2024-02-28 11:29:32.527019 | > call 512 (1.578s wait)
2024-02-28 11:29:34.029309 | > call 513 (1.448s wait)
2024-02-28 11:29:35.454960 | > call 514 (1.372s wait)
2024-02-28 11:29:36.915208 | > call 515 (1.407s wait)
2024-02-28 11:29:38.423925 | > call 516 (1.452s wait)
2024-02-28 11:29:40.037562 | > call 517 (1.560s wait)
2024-02-28 11:29:41.672780 | > call 518 (1.581s wait)
2024-02-28 11:29:43.339082 | > call 519 (1.610s wait)
2024-02-28 11:29:44.867228 | > call 520 (1.471s wait)
2024-02-28 11:29:46.350578 | > call 521 (1.430s wait)
2024-02-28 11:29:47.756157 | > call 522 (1.354s wait)
2024-02-28 11:29:49.446416 | > call 523 (1.638s wait)
2024-02-28 11:29:50.890158 | > call 524 (1.392s wait)
2024-02-28 11:29:52.556066 | > call 525 (1.611s wait)
2024-02-28 11:29:53.981247 | > call 526 (1.373s wait)
2024-02-28 11:29:55.559010 | > call 527 (1.524s wait)
2024-02-28 11:29:57.176966 | > call 528 (1.565s wait)
2024-02-28 11:29:58.554887 | > call 529 (1.322s wait)
2024-02-28 11:30:00.068098 | > call 530 (1.460s wait)
2024-02-28 11:30:01.498587 | > call 531 (1.376s wait)
2024-02-28 11:30:02.938512 | > call 532 (1.385s wait)
2024-02-28 11:30:04.556731 | > call 533 (1.563s wait)
2024-02-28 11:30:05.946216 | > call 534 (1.337s wait)
2024-02-28 11:30:07.384303 | > call 535 (1.380s wait)
2024-02-28 11:30:09.058999 | > call 536 (1.620s wait)
2024-02-28 11:30:10.595552 | > call 537 (1.479s wait)
2024-02-28 11:30:12.065713 | > call 538 (1.415s wait)
2024-02-28 11:30:13.353483 | > call 539 (1.235s wait)
2024-02-28 11:30:14.927977 | > call 540 (1.520s wait)
2024-02-28 11:30:16.600635 | > call 541 (1.619s wait)
2024-02-28 11:30:18.073556 | > call 542 (1.419s wait)
2024-02-28 11:30:19.597280 | > call 543 (1.471s wait)
2024-02-28 11:30:21.173277 | > call 544 (1.524s wait)
2024-02-28 11:30:22.641943 | > call 545 (1.416s wait)
2024-02-28 11:30:24.375815 | > call 546 (1.677s wait)
2024-02-28 11:30:25.880793 | > call 547 (1.448s wait)
2024-02-28 11:30:27.401849 | > call 548 (1.466s wait)
2024-02-28 11:30:29.020385 | > call 549 (1.566s wait)
2024-02-28 11:30:30.440065 | > call 550 (1.362s wait)
2024-02-28 11:30:32.112509 | > call 551 (1.619s wait)
2024-02-28 11:30:33.689863 | > call 552 (1.523s wait)
2024-02-28 11:30:35.153241 | > call 553 (1.410s wait)
2024-02-28 11:30:36.639706 | > call 554 (1.429s wait)
2024-02-28 11:30:38.116263 | > call 555 (1.424s wait)
2024-02-28 11:30:39.567060 | > call 556 (1.397s wait)
2024-02-28 11:30:41.185607 | > call 557 (1.560s wait)
2024-02-28 11:30:42.694728 | > call 558 (1.452s wait)
2024-02-28 11:30:44.285002 | > call 559 (1.533s wait)
2024-02-28 11:30:45.788877 | > call 560 (1.451s wait)
2024-02-28 11:30:47.134011 | > call 561 (1.288s wait)
2024-02-28 11:30:48.704335 | > call 562 (1.497s wait)
2024-02-28 11:30:50.084237 | > call 563 (1.326s wait)
2024-02-28 11:30:51.588535 | > call 564 (1.448s wait)
2024-02-28 11:30:53.052109 | > call 565 (1.401s wait)
2024-02-28 11:30:54.360181 | > call 566 (1.250s wait)
2024-02-28 11:30:55.823921 | > call 567 (1.406s wait)
2024-02-28 11:30:57.157632 | > call 568 (1.281s wait)
2024-02-28 11:30:58.711946 | > call 569 (1.501s wait)
2024-02-28 11:31:00.083423 | > call 570 (1.317s wait)
2024-02-28 11:31:01.480682 | > call 571 (1.339s wait)
2024-02-28 11:31:02.959714 | > call 572 (1.421s wait)
2024-02-28 11:31:04.384102 | > call 573 (1.369s wait)
2024-02-28 11:31:06.081884 | > call 574 (1.642s wait)
2024-02-28 11:31:07.519119 | > call 575 (1.379s wait)
2024-02-28 11:31:09.206530 | > call 576 (1.633s wait)
2024-02-28 11:31:10.481210 | > call 577 (1.211s wait)
2024-02-28 11:31:12.050955 | > call 578 (1.515s wait)
2024-02-28 11:31:13.492244 | > call 579 (1.387s wait)
2024-02-28 11:31:14.928006 | > call 580 (1.375s wait)
2024-02-28 11:31:16.628130 | > call 581 (1.641s wait)
2024-02-28 11:31:18.088061 | > call 582 (1.406s wait)
2024-02-28 11:31:19.749654 | > call 583 (1.610s wait)
2024-02-28 11:31:21.354072 | > call 584 (1.550s wait)
2024-02-28 11:31:22.805734 | > call 585 (1.399s wait)
2024-02-28 11:31:24.500982 | > call 586 (1.642s wait)
2024-02-28 11:31:25.930930 | > call 587 (1.375s wait)
2024-02-28 11:31:27.595091 | > call 588 (1.608s wait)
2024-02-28 11:31:28.880679 | > call 589 (1.233s wait)
2024-02-28 11:31:30.384685 | > call 590 (1.449s wait)
2024-02-28 11:31:31.852442 | > call 591 (1.407s wait)
2024-02-28 11:31:33.289770 | > call 592 (1.383s wait)
2024-02-28 11:31:34.794547 | > call 593 (1.449s wait)
2024-02-28 11:31:35.876444 | > call 594 (1.029s wait)
2024-02-28 11:31:37.457141 | > call 595 (1.526s wait)
2024-02-28 11:31:38.977427 | > call 596 (1.462s wait)
2024-02-28 11:31:40.503838 | > call 597 (1.466s wait)
2024-02-28 11:31:41.805459 | > call 598 (1.248s wait)
2024-02-28 11:31:43.380002 | > call 599 (1.520s wait)
2024-02-28 11:31:44.833436 | > call 600 (1.400s wait)
2024-02-28 11:31:46.202336 | > call 601 (1.315s wait)
2024-02-28 11:31:47.796875 | > call 602 (1.542s wait)
2024-02-28 11:31:49.353020 | > call 603 (1.502s wait)
2024-02-28 11:31:50.737008 | > call 604 (1.326s wait)
2024-02-28 11:31:52.319141 | > call 605 (1.526s wait)
2024-02-28 11:31:53.962469 | > call 606 (1.587s wait)
2024-02-28 11:31:55.385808 | > call 607 (1.369s wait)
2024-02-28 11:31:56.883971 | > call 608 (1.440s wait)
2024-02-28 11:31:58.477231 | > call 609 (1.536s wait)
2024-02-28 11:31:59.867601 | > call 610 (1.335s wait)
2024-02-28 11:32:01.459792 | > call 611 (1.537s wait)
2024-02-28 11:32:03.131690 | > call 612 (1.617s wait)
2024-02-28 11:32:04.161086 | > call 613 (0.975s wait)
2024-02-28 11:32:04.568342 | > call 614 (0.334s wait)
2024-02-28 11:32:05.911909 | > call 615 (1.272s wait)
2024-02-28 11:32:07.187991 | > call 616 (1.191s wait)
2024-02-28 11:32:08.539348 | > call 617 (1.277s wait)
2024-02-28 11:32:10.011418 | > call 618 (1.393s wait)
2024-02-28 11:32:11.372467 | > call 619 (1.278s wait)
2024-02-28 11:32:12.356858 | > call 620 (0.901s wait)
2024-02-28 11:32:13.498449 | > call 621 (1.069s wait)
2024-02-28 11:32:14.943848 | > call 622 (1.368s wait)
2024-02-28 11:32:16.222750 | > call 623 (1.197s wait)
2024-02-28 11:32:17.608148 | > call 624 (1.307s wait)
2024-02-28 11:32:19.001411 | > call 625 (1.313s wait)
2024-02-28 11:32:20.319676 | > call 626 (1.227s wait)
2024-02-28 11:32:21.592011 | > call 627 (1.184s wait)
2024-02-28 11:32:22.954198 | > call 628 (1.274s wait)
2024-02-28 11:32:24.235105 | > call 629 (1.208s wait)
2024-02-28 11:32:25.570537 | > call 630 (1.265s wait)
2024-02-28 11:32:27.016866 | > call 631 (1.371s wait)
2024-02-28 11:32:28.378212 | > call 632 (1.289s wait)
2024-02-28 11:32:29.518602 | > call 633 (1.039s wait)
2024-02-28 11:32:30.743708 | > call 634 (1.148s wait)
2024-02-28 11:32:32.171150 | > call 635 (1.350s wait)
2024-02-28 11:32:33.607261 | > call 636 (1.346s wait)
2024-02-28 11:32:34.979737 | > call 637 (1.283s wait)
2024-02-28 11:32:36.421016 | > call 638 (1.373s wait)
2024-02-28 11:32:37.477414 | > call 639 (0.981s wait)
2024-02-28 11:32:39.056700 | > call 640 (1.495s wait)
2024-02-28 11:32:40.464655 | > call 641 (1.339s wait)
2024-02-28 11:32:42.212626 | > call 642 (1.658s wait)
2024-02-28 11:32:43.505877 | > call 643 (1.221s wait)
2024-02-28 11:32:45.042634 | > call 644 (1.433s wait)
2024-02-28 11:32:46.330275 | > call 645 (1.218s wait)
2024-02-28 11:32:47.878832 | > call 646 (1.464s wait)
2024-02-28 11:32:49.407214 | > call 647 (1.455s wait)
2024-02-28 11:32:50.827457 | > call 648 (1.316s wait)
2024-02-28 11:32:52.340554 | > call 649 (1.437s wait)
2024-02-28 11:32:53.925700 | > call 650 (1.508s wait)
2024-02-28 11:32:55.287762 | > call 651 (1.288s wait)
2024-02-28 11:32:56.910910 | > call 652 (1.540s wait)
2024-02-28 11:32:57.869837 | > call 653 (0.892s wait)
2024-02-28 11:32:59.241910 | > call 654 (1.301s wait)
2024-02-28 11:32:59.242506 | shutting down worker
2024-02-28 11:32:59.242741 | 
Total: 654 in 44.22s [user], 0.17s [system], 852.09s [elapsed]
